gcc failed and fatal error: infiniband/verbs.h: No such file or directory

When building TensorFlow from source
ERROR: /home/rock/tensorflow/tensorflow/core/distributed_runtime/rdma/BUILD:81:1: C++ compilation of rule '//tensorflow/core/distributed_runtime/rdma:rdma' failed: gcc failed: error executing command /usr/bin/gcc -U_FORTIFY_SOURCE -fstack-protector -Wall -B/usr/bin -B/usr/bin -Wunused-but-set-parameter -Wno-free-nonheap-object -fno-omit-frame-pointer -g0 -O2 '-D_FORTIFY_SOURCE=1' -DNDEBUG ... (remaining 118 argument(s) skipped): com.google.devtools.build.lib.shell.BadExitStatusException: Process exited with status 1.
In file included from tensorflow/core/distributed_runtime/rdma/rdma.cc:10:0:
./tensorflow/core/distributed_runtime/rdma/rdma.h:8:30: fatal error: infiniband/verbs.h: No such file or directory
compilation terminated.
Target //tensorflow/tools/pip_package:build_pip_package failed to build
Use --verbose_failures to see the command lines of failed build steps.