pip installation failing on fedora

OS info:

uname -r
4.3.4-300.fc23.x86_64
cat /etc/redhat-release
Fedora release 23 (Twenty Three)

Python info:
python3-numpy-1.9.2-2.fc23.x86_64
python3-pip-7.1.0-1.fc23.noarch
python-pip-7.1.0-1.fc23.noarch
numpy-1.9.2-2.fc23.x86_64
python-2.7.10-8.fc23.x86_64
python3-3.4.3-5.fc23.x86_64
Error:
kmulvey@deepthought: ~ (master)> sudo pip install --upgrade https://storage.googleapis.com/tensorflow/linux/gpu/tensorflow-0.5.0-cp27-none-linux_x86_64.whl
Collecting tensorflow==0.5.0 from https://storage.googleapis.com/tensorflow/linux/gpu/tensorflow-0.5.0-cp27-none-linux_x86_64.whl
Using cached https://storage.googleapis.com/tensorflow/linux/gpu/tensorflow-0.5.0-cp27-none-linux_x86_64.whl
Requirement already up-to-date: six>=1.10.0 in /usr/lib/python2.7/site-packages (from tensorflow==0.5.0)
Collecting numpy>=1.9.2 (from tensorflow==0.5.0)
Using cached numpy-1.10.4.tar.gz
Installing collected packages: numpy, tensorflow
Found existing installation: numpy 1.9.2
DEPRECATION: Uninstalling a distutils installed project (numpy) has been deprecated and will be removed in a future version. This is due to the fact that uninstalling a distutils project will only partially uninstall the project.
Uninstalling numpy-1.9.2:
Successfully uninstalled numpy-1.9.2
Running setup.py install for numpy ... error
Complete output from command /usr/bin/python -u -c "import setuptools, tokenize;file='/tmp/pip-build-MVpgkh/numpy/setup.py';exec(compile(getattr(tokenize, 'open', open)(file).read().replace('\r\n', '\n'), file, 'exec'))" install --record /tmp/pip-Tz7Dc0-record/install-record.txt --single-version-externally-managed --compile:
Running from numpy source directory.
blas_opt_info:
blas_mkl_info:
libraries mkl,vml,guide not found in ['/usr/local/lib64', '/usr/local/lib', '/usr/lib64', '/usr/lib', '/usr/lib/']
NOT AVAILABLE
openblas_info:
  libraries openblas not found in ['/usr/local/lib64', '/usr/local/lib', '/usr/lib64', '/usr/lib', '/usr/lib/']
  NOT AVAILABLE

atlas_3_10_blas_threads_info:
Setting PTATLAS=ATLAS
  libraries tatlas not found in ['/usr/local/lib64', '/usr/local/lib', '/usr/lib64/atlas', '/usr/lib64/sse2', '/usr/lib64', '/usr/lib/sse2', '/usr/lib', '/usr/lib/sse2', '/usr/lib/']
  NOT AVAILABLE

atlas_3_10_blas_info:
  libraries satlas not found in ['/usr/local/lib64', '/usr/local/lib', '/usr/lib64/atlas', '/usr/lib64/sse2', '/usr/lib64', '/usr/lib/sse2', '/usr/lib', '/usr/lib/sse2', '/usr/lib/']
  NOT AVAILABLE

atlas_blas_threads_info:
Setting PTATLAS=ATLAS
  libraries ptf77blas,ptcblas,atlas not found in ['/usr/local/lib64', '/usr/local/lib', '/usr/lib64/atlas', '/usr/lib64/sse2', '/usr/lib64', '/usr/lib/sse2', '/usr/lib', '/usr/lib/sse2', '/usr/lib/']
  NOT AVAILABLE

atlas_blas_info:
  libraries f77blas,cblas,atlas not found in ['/usr/local/lib64', '/usr/local/lib', '/usr/lib64/atlas', '/usr/lib64/sse2', '/usr/lib64', '/usr/lib/sse2', '/usr/lib', '/usr/lib/sse2', '/usr/lib/']
  NOT AVAILABLE

/tmp/pip-build-MVpgkh/numpy/numpy/distutils/system_info.py:1651: UserWarning:
    Atlas (http://math-atlas.sourceforge.net/) libraries not found.
    Directories to search for the libraries can be specified in the
    numpy/distutils/site.cfg file (section [atlas]) or by setting
    the ATLAS environment variable.
  warnings.warn(AtlasNotFoundError.__doc__)
blas_info:
C compiler: cc

creating /tmp/tmpQWMe8s/tmp
creating /tmp/tmpQWMe8s/tmp/tmpQWMe8s
compile options: '-I/usr/local/include -I/usr/include -c'
cc: /tmp/tmpQWMe8s/source.c
/tmp/tmpQWMe8s/source.c:1:19: fatal error: cblas.h: No such file or directory
compilation terminated.
/tmp/tmpQWMe8s/source.c:1:19: fatal error: cblas.h: No such file or directory
compilation terminated.
/tmp/pip-build-MVpgkh/numpy/numpy/distutils/system_info.py:635: UserWarning: Specified path  is invalid.
  warnings.warn('Specified path %s is invalid.' % d)
  FOUND:
    libraries = ['blas']
    library_dirs = ['/usr/lib64']

  FOUND:
    libraries = ['blas']
    library_dirs = ['/usr/lib64']
    define_macros = [('NO_ATLAS_INFO', 1)]

/bin/sh: svnversion: command not found
non-existing path in 'numpy/distutils': 'site.cfg'
/bin/sh: svnversion: command not found
F2PY Version 2
lapack_opt_info:
openblas_lapack_info:
  libraries openblas not found in ['/usr/local/lib64', '/usr/local/lib', '/usr/lib64', '/usr/lib', '/usr/lib/']
  NOT AVAILABLE

lapack_mkl_info:
mkl_info:
  libraries mkl,vml,guide not found in ['/usr/local/lib64', '/usr/local/lib', '/usr/lib64', '/usr/lib', '/usr/lib/']
  NOT AVAILABLE

  NOT AVAILABLE

atlas_3_10_threads_info:
Setting PTATLAS=ATLAS
  libraries tatlas,tatlas not found in /usr/local/lib64
  libraries lapack_atlas not found in /usr/local/lib64
  libraries tatlas,tatlas not found in /usr/local/lib
  libraries lapack_atlas not found in /usr/local/lib
  libraries tatlas,tatlas not found in /usr/lib64/atlas
  libraries lapack_atlas not found in /usr/lib64/atlas
  libraries tatlas,tatlas not found in /usr/lib64/sse2
  libraries lapack_atlas not found in /usr/lib64/sse2
  libraries tatlas,tatlas not found in /usr/lib64
  libraries lapack_atlas not found in /usr/lib64
  libraries tatlas,tatlas not found in /usr/lib/sse2
  libraries lapack_atlas not found in /usr/lib/sse2
  libraries tatlas,tatlas not found in /usr/lib
  libraries lapack_atlas not found in /usr/lib
  libraries tatlas,tatlas not found in /usr/lib/sse2
  libraries lapack_atlas not found in /usr/lib/sse2
  libraries tatlas,tatlas not found in /usr/lib/
  libraries lapack_atlas not found in /usr/lib/
<class 'numpy.distutils.system_info.atlas_3_10_threads_info'>
  NOT AVAILABLE

atlas_3_10_info:
  libraries satlas,satlas not found in /usr/local/lib64
  libraries lapack_atlas not found in /usr/local/lib64
  libraries satlas,satlas not found in /usr/local/lib
  libraries lapack_atlas not found in /usr/local/lib
  libraries satlas,satlas not found in /usr/lib64/atlas
  libraries lapack_atlas not found in /usr/lib64/atlas
  libraries satlas,satlas not found in /usr/lib64/sse2
  libraries lapack_atlas not found in /usr/lib64/sse2
  libraries satlas,satlas not found in /usr/lib64
  libraries lapack_atlas not found in /usr/lib64
  libraries satlas,satlas not found in /usr/lib/sse2
  libraries lapack_atlas not found in /usr/lib/sse2
  libraries satlas,satlas not found in /usr/lib
  libraries lapack_atlas not found in /usr/lib
  libraries satlas,satlas not found in /usr/lib/sse2
  libraries lapack_atlas not found in /usr/lib/sse2
  libraries satlas,satlas not found in /usr/lib/
  libraries lapack_atlas not found in /usr/lib/
<class 'numpy.distutils.system_info.atlas_3_10_info'>
  NOT AVAILABLE

atlas_threads_info:
Setting PTATLAS=ATLAS
  libraries ptf77blas,ptcblas,atlas not found in /usr/local/lib64
  libraries lapack_atlas not found in /usr/local/lib64
  libraries ptf77blas,ptcblas,atlas not found in /usr/local/lib
  libraries lapack_atlas not found in /usr/local/lib
  libraries ptf77blas,ptcblas,atlas not found in /usr/lib64/atlas
  libraries lapack_atlas not found in /usr/lib64/atlas
  libraries ptf77blas,ptcblas,atlas not found in /usr/lib64/sse2
  libraries lapack_atlas not found in /usr/lib64/sse2
  libraries ptf77blas,ptcblas,atlas not found in /usr/lib64
  libraries lapack_atlas not found in /usr/lib64
  libraries ptf77blas,ptcblas,atlas not found in /usr/lib/sse2
  libraries lapack_atlas not found in /usr/lib/sse2
  libraries ptf77blas,ptcblas,atlas not found in /usr/lib
  libraries lapack_atlas not found in /usr/lib
  libraries ptf77blas,ptcblas,atlas not found in /usr/lib/sse2
  libraries lapack_atlas not found in /usr/lib/sse2
  libraries ptf77blas,ptcblas,atlas not found in /usr/lib/
  libraries lapack_atlas not found in /usr/lib/
<class 'numpy.distutils.system_info.atlas_threads_info'>
  NOT AVAILABLE

atlas_info:
  libraries f77blas,cblas,atlas not found in /usr/local/lib64
  libraries lapack_atlas not found in /usr/local/lib64
  libraries f77blas,cblas,atlas not found in /usr/local/lib
  libraries lapack_atlas not found in /usr/local/lib
  libraries f77blas,cblas,atlas not found in /usr/lib64/atlas
  libraries lapack_atlas not found in /usr/lib64/atlas
  libraries f77blas,cblas,atlas not found in /usr/lib64/sse2
  libraries lapack_atlas not found in /usr/lib64/sse2
  libraries f77blas,cblas,atlas not found in /usr/lib64
  libraries lapack_atlas not found in /usr/lib64
  libraries f77blas,cblas,atlas not found in /usr/lib/sse2
  libraries lapack_atlas not found in /usr/lib/sse2
  libraries f77blas,cblas,atlas not found in /usr/lib
  libraries lapack_atlas not found in /usr/lib
  libraries f77blas,cblas,atlas not found in /usr/lib/sse2
  libraries lapack_atlas not found in /usr/lib/sse2
  libraries f77blas,cblas,atlas not found in /usr/lib/
  libraries lapack_atlas not found in /usr/lib/
<class 'numpy.distutils.system_info.atlas_info'>
  NOT AVAILABLE

/tmp/pip-build-MVpgkh/numpy/numpy/distutils/system_info.py:1552: UserWarning:
    Atlas (http://math-atlas.sourceforge.net/) libraries not found.
    Directories to search for the libraries can be specified in the
    numpy/distutils/site.cfg file (section [atlas]) or by setting
    the ATLAS environment variable.
  warnings.warn(AtlasNotFoundError.__doc__)
lapack_info:
  FOUND:
    libraries = ['lapack']
    library_dirs = ['/usr/lib64']
    language = f77

  FOUND:
    libraries = ['lapack', 'blas']
    library_dirs = ['/usr/lib64']
    define_macros = [('NO_ATLAS_INFO', 1)]
    language = f77

/usr/lib64/python2.7/distutils/dist.py:267: UserWarning: Unknown distribution option: 'define_macros'
  warnings.warn(msg)
running install
running build
running config_cc
unifing config_cc, config, build_clib, build_ext, build commands --compiler options
running config_fc
unifing config_fc, config, build_clib, build_ext, build commands --fcompiler options
running build_src
build_src
building py_modules sources
creating build
creating build/src.linux-x86_64-2.7
creating build/src.linux-x86_64-2.7/numpy
creating build/src.linux-x86_64-2.7/numpy/distutils
building library "npymath" sources
customize Gnu95FCompiler
Found executable /usr/bin/gfortran
customize Gnu95FCompiler
customize Gnu95FCompiler using config
C compiler: gcc -pthread -fno-strict-aliasing -O2 -g -pipe -Wall -Werror=format-security -Wp,-D_FORTIFY_SOURCE=2 -fexceptions -fstack-protector-strong --param=ssp-buffer-size=4 -grecord-gcc-switches -specs=/usr/lib/rpm/redhat/redhat-hardened-cc1 -m64 -mtune=generic -D_GNU_SOURCE -fPIC -fwrapv -DNDEBUG -O2 -g -pipe -Wall -Werror=format-security -Wp,-D_FORTIFY_SOURCE=2 -fexceptions -fstack-protector-strong --param=ssp-buffer-size=4 -grecord-gcc-switches -specs=/usr/lib/rpm/redhat/redhat-hardened-cc1 -m64 -mtune=generic -D_GNU_SOURCE -fPIC -fwrapv -fPIC

compile options: '-Inumpy/core/src/private -Inumpy/core/src -Inumpy/core -Inumpy/core/src/npymath -Inumpy/core/src/multiarray -Inumpy/core/src/umath -Inumpy/core/src/npysort -I/usr/include/python2.7 -c'
gcc: _configtest.c
gcc: error: /usr/lib/rpm/redhat/redhat-hardened-cc1: No such file or directory
gcc: error: /usr/lib/rpm/redhat/redhat-hardened-cc1: No such file or directory
failure.
removing: _configtest.c _configtest.o
Traceback (most recent call last):
  File "<string>", line 1, in <module>
  File "/tmp/pip-build-MVpgkh/numpy/setup.py", line 263, in <module>
    setup_package()
  File "/tmp/pip-build-MVpgkh/numpy/setup.py", line 255, in setup_package
    setup(**metadata)
  File "/tmp/pip-build-MVpgkh/numpy/numpy/distutils/core.py", line 169, in setup
    return old_setup(**new_attr)
  File "/usr/lib64/python2.7/distutils/core.py", line 151, in setup
    dist.run_commands()
  File "/usr/lib64/python2.7/distutils/dist.py", line 953, in run_commands
    self.run_command(cmd)
  File "/usr/lib64/python2.7/distutils/dist.py", line 972, in run_command
    cmd_obj.run()
  File "/tmp/pip-build-MVpgkh/numpy/numpy/distutils/command/install.py", line 62, in run
    r = self.setuptools_run()
  File "/tmp/pip-build-MVpgkh/numpy/numpy/distutils/command/install.py", line 36, in setuptools_run
    return distutils_install.run(self)
  File "/usr/lib64/python2.7/distutils/command/install.py", line 563, in run
    self.run_command('build')
  File "/usr/lib64/python2.7/distutils/cmd.py", line 326, in run_command
    self.distribution.run_command(command)
  File "/usr/lib64/python2.7/distutils/dist.py", line 972, in run_command
    cmd_obj.run()
  File "/tmp/pip-build-MVpgkh/numpy/numpy/distutils/command/build.py", line 47, in run
    old_build.run(self)
  File "/usr/lib64/python2.7/distutils/command/build.py", line 127, in run
    self.run_command(cmd_name)
  File "/usr/lib64/python2.7/distutils/cmd.py", line 326, in run_command
    self.distribution.run_command(command)
  File "/usr/lib64/python2.7/distutils/dist.py", line 972, in run_command
    cmd_obj.run()
  File "/tmp/pip-build-MVpgkh/numpy/numpy/distutils/command/build_src.py", line 153, in run
    self.build_sources()
  File "/tmp/pip-build-MVpgkh/numpy/numpy/distutils/command/build_src.py", line 164, in build_sources
    self.build_library_sources(*libname_info)
  File "/tmp/pip-build-MVpgkh/numpy/numpy/distutils/command/build_src.py", line 299, in build_library_sources
    sources = self.generate_sources(sources, (lib_name, build_info))
  File "/tmp/pip-build-MVpgkh/numpy/numpy/distutils/command/build_src.py", line 386, in generate_sources
    source = func(extension, build_dir)
  File "numpy/core/setup.py", line 669, in get_mathlib_info
    raise RuntimeError("Broken toolchain: cannot link a simple C program")
RuntimeError: Broken toolchain: cannot link a simple C program

----------------------------------------

Rolling back uninstall of numpy
Command "/usr/bin/python -u -c "import setuptools, tokenize;file='/tmp/pip-build-MVpgkh/numpy/setup.py';exec(compile(getattr(tokenize, 'open', open)(file).read().replace('\r\n', '\n'), file, 'exec'))" install --record /tmp/pip-Tz7Dc0-record/install-record.txt --single-version-externally-managed --compile" failed with error code 1 in /tmp/pip-build-MVpgkh/numpy