ValueError: No attr named '_XlaCompile' in name: "Tile_1"ï¼Œplease help me

/usr/local/lib/python3.5/dist-packages/tensorflow/python/ops/gradients_impl.py:96: UserWarning: Converting sparse IndexedSlices to a dense Tensor of unknown shape. This may consume a large amount of memory.
"Converting sparse IndexedSlices to a dense Tensor of unknown shape. "
Traceback (most recent call last):
File "/usr/local/lib/python3.5/dist-packages/tensorflow/python/ops/gradients_impl.py", line 348, in _MaybeCompile
xla_compile = op.get_attr("_XlaCompile")
File "/usr/local/lib/python3.5/dist-packages/tensorflow/python/framework/ops.py", line 2003, in get_attr
raise ValueError("No attr named '" + name + "' in " + str(self._node_def))
ValueError: No attr named '_XlaCompile' in name: "Tile_1"
op: "Tile"
input: "Const_1"
input: "Tile_1/multiples"
attr {
key: "T"
value {
type: DT_FLOAT
}
}
attr {
key: "Tmultiples"
value {
type: DT_INT32
}
}
During handling of the above exception, another exception occurred:
Traceback (most recent call last):
File "/home/lx/PycharmProjects/chinese/img/model/tfDect_tiny.py", line 342, in 
tfd = TFDect(logdir=".")
File "/home/lx/PycharmProjects/chinese/img/model/tfDect_tiny.py", line 293, in init
global_step=self.global_step)
File "/usr/local/lib/python3.5/dist-packages/tensorflow/python/training/optimizer.py", line 343, in minimize
grad_loss=grad_loss)
File "/usr/local/lib/python3.5/dist-packages/tensorflow/python/training/optimizer.py", line 414, in compute_gradients
colocate_gradients_with_ops=colocate_gradients_with_ops)
File "/usr/local/lib/python3.5/dist-packages/tensorflow/python/ops/gradients_impl.py", line 581, in gradients
grad_scope, op, func_call, lambda: grad_fn(op, *out_grads))
File "/usr/local/lib/python3.5/dist-packages/tensorflow/python/ops/gradients_impl.py", line 353, in _MaybeCompile
return grad_fn()  # Exit early
File "/usr/local/lib/python3.5/dist-packages/tensorflow/python/ops/gradients_impl.py", line 581, in 
grad_scope, op, func_call, lambda: grad_fn(op, *out_grads))
File "/usr/local/lib/python3.5/dist-packages/tensorflow/python/ops/array_grad.py", line 523, in _TileGrad
assert isinstance(grad, ops.Tensor)
AssertionError