Test cases fail on AWS DeepLens device for Tensorflow v1.4

System information

Have I written custom code (as opposed to using a stock example script provided in TensorFlow): No
OS Platform and Distribution (e.g., Linux Ubuntu 16.04): Ubuntu 16.04.3 LTS
TensorFlow installed from (source or binary): source
TensorFlow version (use command below): v1.4.0-0-gd752244
Python version: 2.7.12
Bazel version (if compiling from source): 0.9.0
GCC/Compiler version (if compiling from source): 5.4.0
CUDA/cuDNN version: NA
GPU model and memory: NA
Exact command to reproduce:
TEST_TMPDIR=$BAZEL_OUTPUT_BASE bazel test --build_tests_only --config=mkl -c opt --verbose_failures --incompatible_load_argument_is_label=false --test_verbose_timeout_warnings //tensorflow/python/...

configuration output (".tf_configure.bazelrc" file):
build --action_env PYTHON_BIN_PATH="/usr/bin/python"
build --action_env PYTHON_LIB_PATH="/usr/local/lib/python2.7/dist-packages"
build --define PYTHON_BIN_PATH="/usr/bin/python"
build --define PYTHON_LIB_PATH="/usr/local/lib/python2.7/dist-packages"
build --force_python=py2
build --host_force_python=py2
build --python_path="/usr/bin/python"
test --force_python=py2
test --host_force_python=py2
test --define PYTHON_BIN_PATH="/usr/bin/python"
test --define PYTHON_LIB_PATH="/usr/local/lib/python2.7/dist-packages"
run --define PYTHON_BIN_PATH="/usr/bin/python"
run --define PYTHON_LIB_PATH="/usr/local/lib/python2.7/dist-packages"
build --define with_jemalloc=true
build:gcp --define with_gcp_support=true
build:hdfs --define with_hdfs_support=true
build:s3 --define with_s3_support=true
build:xla --define with_xla_support=true
build:gdr --define with_gdr_support=true
build:verbs --define with_verbs_support=true
build --action_env TF_NEED_OPENCL="0"
build --action_env TF_NEED_CUDA="0"
build --action_env TF_MKL_ROOT=$BUILD_DIR/tmp/intel/mklml_lnx_2018.0.20170425"
build --action_env TF_DOWNLOAD_MK=0
build:opt --cxxopt=-march=native --copt=-march=native
build:mkl --define using_mkl=true
build:mkl -c opt
build:mkl --copt="-DEIGEN_USE_VML"
build:monolithic --define framework_shared_object=false
build --define framework_shared_object=true
MKL related configuration:
build --action_env TF_MKL_ROOT=$BUILD_DIR/tmp/intel/mklml_lnx_2018.0.20170425"
build --action_env TF_DOWNLOAD_MKL=0
Describe the problem
We build Tensorflow v1.4 and install it in a AWS DeepLens device. The device is equipped with a Intel Atom Processor E3930. Then we run the unit test cases using the above command. 19 out of 456 tensorflow test cases fail on this platform.
The errors of each failing tests are shown below. Detailed logs can be found in the attachment.
kernel_tests:conv_ops_test: assert error: numbers match but shapes of the result do not match.
nn_fused_batchnorm_test.py: AssertionError: 0.1277604103088379 not less than 0.01
layers_normalization_test.py: assert error: numbers don't match but scaled.
checkpoint_utils_test.py: checkpoint too large: 28077 > 28000
item_test.py: AssertionError: Lists differ: ['Const', 'Const_1', 'add'] != ['Const_1', 'Const', 'add']
special_math_ops_test.py: shape mismatch for sum.
timeline_test.py: cpu usage not maximum ?
analyzer_cli_test.py: testEvalExpression
curses_ui_test.py: ui output format mismatch First differing element 2:'array([[ 1.,  1.,  1.,  1.,  1.],' 'array([[1., 1., 1., 1., 1.],'
session_debug_file_test.py: mutliple failures
session_debug_grpc_test: timeout 315 seconds
stepper_test
tensor_format_test: string mismatch
tensor_test: AssertionError: '[0 ..., 9]' not found in 'tf.Tensor([0 ... 9], shape=(10,), dtype=int32)'
feature_column_test: AssertionError: OpError not raised
model_analyzer_test:
run_metadata_test: AssertionError: u'DMT' != 'MatMul'
print_selective_registration_header_test: String mismatch
convolutional_recurrent_test: tolerance
Source code / logs
See attached:
fail.zip