[Build] Source build at HEAD generating XLA erros on Mac OS

System information

Have I written custom code (as opposed to using a stock example script provided in TensorFlow): No
OS Platform and Distribution (e.g., Linux Ubuntu 16.04): Mac OS High Sierra
TensorFlow installed from (source or binary): Source
TensorFlow version (use command below): HEAD@a770968
Python version: 3.6
Bazel version (if compiling from source): 0.9.0
GCC/Compiler version (if compiling from source): 9.0.0
CUDA/cuDNN version: N/A
GPU model and memory: N/A
Exact command to reproduce: Build procedures on doc optimized for native arch and XLA enabled.

Describe the problem
Building TensorFlow on Mac OS with XLA enabled and configuration given above optimized for native arch and CPU only yields the following errors:
ERROR: /Users/adriano/MachineLearning/tensorflow/tensorflow/compiler/xla/service/cpu/BUILD:522:1: C++ compilation of rule '//tensorflow/compiler/xla/service/cpu:runtime_fft' failed (Exit 1)
In file included from tensorflow/compiler/xla/service/cpu/runtime_fft.cc:21:
./tensorflow/compiler/xla/service/cpu/runtime_fft_impl.h:42:30: error: implicit instantiation of undefined template 'std::__1::array<long long, 3>'
  const std::array<int64, 3> fft_shape = {
                             ^
/Applications/Xcode.app/Contents/Developer/Toolchains/XcodeDefault.xctoolchain/usr/include/c++/v1/__tuple:222:64: note: template is declared here
template <class _Tp, size_t _Size> struct _LIBCPP_TEMPLATE_VIS array;
                                                               ^
In file included from tensorflow/compiler/xla/service/cpu/runtime_fft.cc:21:
./tensorflow/compiler/xla/service/cpu/runtime_fft_impl.h:65:30: error: implicit instantiation of undefined template 'std::__1::array<long long, 3>'
  const std::array<int64, 3> fft_shape = {
                             ^
/Applications/Xcode.app/Contents/Developer/Toolchains/XcodeDefault.xctoolchain/usr/include/c++/v1/__tuple:222:64: note: template is declared here
template <class _Tp, size_t _Size> struct _LIBCPP_TEMPLATE_VIS array;
                                                               ^
In file included from tensorflow/compiler/xla/service/cpu/runtime_fft.cc:21:
./tensorflow/compiler/xla/service/cpu/runtime_fft_impl.h:106:30: error: implicit instantiation of undefined template 'std::__1::array<long long, 3>'
  const std::array<int64, 3> fft_shape = {
                             ^
/Applications/Xcode.app/Contents/Developer/Toolchains/XcodeDefault.xctoolchain/usr/include/c++/v1/__tuple:222:64: note: template is declared here
template <class _Tp, size_t _Size> struct _LIBCPP_TEMPLATE_VIS array;
                                                               ^
3 errors generated.
Target //tensorflow/tools/pip_package:build_pip_package failed to build
Use --verbose_failures to see the command lines of failed build steps.
INFO: Elapsed time: 1997.286s, Critical Path: 88.18s
FAILED: Build did NOT complete successfully