Object Detection frozen graph issue

Training environment
System information

MAC OSX 10.13.2
Tensorflow 1.4-rc1 (GPU support)
Installation through source
Python 3.6 (Anaconda)
Bazel 0.8
CUDA 9/ cuDNN7
GPU 1080Ti

I have trained my own model for object detection. Extracted graph from checkpoint as well. This graph is working with the Mac GPU and CPU. It is also working with Raspberry PI but when I am trying to run it on AWS EC2 (Deep Learning AMI (Amazon Linux) and Deep Learning AMI (Ubuntu) both) instance. Built tensorflow 1.4-rc1 from source as well as installed using pip but it keep giving me following error:
---------------------------------------------------------------------------
InvalidArgumentError                      Traceback (most recent call last)
~/anaconda3/envs/tensorflow_p36/lib/python3.6/site-packages/tensorflow/python/client/session.py in _do_call(self, fn, *args)
   1322     try:
-> 1323       return fn(*args)
   1324     except errors.OpError as e:

~/anaconda3/envs/tensorflow_p36/lib/python3.6/site-packages/tensorflow/python/client/session.py in _run_fn(session, feed_dict, fetch_list, target_list, options, run_metadata)
   1301                                    feed_dict, fetch_list, target_list,
-> 1302                                    status, run_metadata)
   1303 

~/anaconda3/envs/tensorflow_p36/lib/python3.6/site-packages/tensorflow/python/framework/errors_impl.py in __exit__(self, type_arg, value_arg, traceback_arg)
    472             compat.as_text(c_api.TF_Message(self.status.status)),
--> 473             c_api.TF_GetCode(self.status.status))
    474     # Delete the underlying status object from memory otherwise it stays alive

InvalidArgumentError: NodeDef mentions attr 'T' not in Op<name=Where; signature=input:bool -> index:int64>; NodeDef: Postprocessor/BatchMultiClassNonMaxSuppression/map/while/MultiClassNonMaxSuppression/FilterGreaterThan/Where = Where[T=DT_BOOL, _device="/job:localhost/replica:0/task:0/device:CPU:0"](Postprocessor/BatchMultiClassNonMaxSuppression/map/while/MultiClassNonMaxSuppression/FilterGreaterThan/Greater). (Check whether your GraphDef-interpreting binary is up to date with your GraphDef-generating binary.).
	 [[Node: Postprocessor/BatchMultiClassNonMaxSuppression/map/while/MultiClassNonMaxSuppression/FilterGreaterThan/Where = Where[T=DT_BOOL, _device="/job:localhost/replica:0/task:0/device:CPU:0"](Postprocessor/BatchMultiClassNonMaxSuppression/map/while/MultiClassNonMaxSuppression/FilterGreaterThan/Greater)]]

During handling of the above exception, another exception occurred:

InvalidArgumentError                      Traceback (most recent call last)
<ipython-input-25-7493eea60222> in <module>()
     20       (boxes, scores, classes, num) = sess.run(
     21           [detection_boxes, detection_scores, detection_classes, num_detections],
---> 22           feed_dict={image_tensor: image_np_expanded})
     23       # Visualization of the results of a detection.
     24       vis_util.visualize_boxes_and_labels_on_image_array(

~/anaconda3/envs/tensorflow_p36/lib/python3.6/site-packages/tensorflow/python/client/session.py in run(self, fetches, feed_dict, options, run_metadata)
    887     try:
    888       result = self._run(None, fetches, feed_dict, options_ptr,
--> 889                          run_metadata_ptr)
    890       if run_metadata:
    891         proto_data = tf_session.TF_GetBuffer(run_metadata_ptr)

~/anaconda3/envs/tensorflow_p36/lib/python3.6/site-packages/tensorflow/python/client/session.py in _run(self, handle, fetches, feed_dict, options, run_metadata)
   1118     if final_fetches or final_targets or (handle and feed_dict_tensor):
   1119       results = self._do_run(handle, final_targets, final_fetches,
-> 1120                              feed_dict_tensor, options, run_metadata)
   1121     else:
   1122       results = []

~/anaconda3/envs/tensorflow_p36/lib/python3.6/site-packages/tensorflow/python/client/session.py in _do_run(self, handle, target_list, fetch_list, feed_dict, options, run_metadata)
   1315     if handle is None:
   1316       return self._do_call(_run_fn, self._session, feeds, fetches, targets,
-> 1317                            options, run_metadata)
   1318     else:
   1319       return self._do_call(_prun_fn, self._session, handle, feeds, fetches)

~/anaconda3/envs/tensorflow_p36/lib/python3.6/site-packages/tensorflow/python/client/session.py in _do_call(self, fn, *args)
   1334         except KeyError:
   1335           pass
-> 1336       raise type(e)(node_def, op, message)
   1337 
   1338   def _extend_graph(self):

InvalidArgumentError: NodeDef mentions attr 'T' not in Op<name=Where; signature=input:bool -> index:int64>; NodeDef: Postprocessor/BatchMultiClassNonMaxSuppression/map/while/MultiClassNonMaxSuppression/FilterGreaterThan/Where = Where[T=DT_BOOL, _device="/job:localhost/replica:0/task:0/device:CPU:0"](Postprocessor/BatchMultiClassNonMaxSuppression/map/while/MultiClassNonMaxSuppression/FilterGreaterThan/Greater). (Check whether your GraphDef-interpreting binary is up to date with your GraphDef-generating binary.).
	 [[Node: Postprocessor/BatchMultiClassNonMaxSuppression/map/while/MultiClassNonMaxSuppression/FilterGreaterThan/Where = Where[T=DT_BOOL, _device="/job:localhost/replica:0/task:0/device:CPU:0"](Postprocessor/BatchMultiClassNonMaxSuppression/map/while/MultiClassNonMaxSuppression/FilterGreaterThan/Greater)]]

Caused by op 'Postprocessor/BatchMultiClassNonMaxSuppression/map/while/MultiClassNonMaxSuppression/FilterGreaterThan/Where', defined at:
  File "/home/ubuntu/anaconda3/envs/tensorflow_p36/lib/python3.6/runpy.py", line 193, in _run_module_as_main
    "__main__", mod_spec)
  File "/home/ubuntu/anaconda3/envs/tensorflow_p36/lib/python3.6/runpy.py", line 85, in _run_code
    exec(code, run_globals)
  File "/home/ubuntu/anaconda3/envs/tensorflow_p36/lib/python3.6/site-packages/ipykernel/__main__.py", line 3, in <module>
    app.launch_new_instance()
  File "/home/ubuntu/anaconda3/envs/tensorflow_p36/lib/python3.6/site-packages/traitlets/config/application.py", line 658, in launch_instance
    app.start()
  File "/home/ubuntu/anaconda3/envs/tensorflow_p36/lib/python3.6/site-packages/ipykernel/kernelapp.py", line 478, in start
    self.io_loop.start()
  File "/home/ubuntu/anaconda3/envs/tensorflow_p36/lib/python3.6/site-packages/zmq/eventloop/ioloop.py", line 177, in start
    super(ZMQIOLoop, self).start()
  File "/home/ubuntu/anaconda3/envs/tensorflow_p36/lib/python3.6/site-packages/tornado/ioloop.py", line 888, in start
    handler_func(fd_obj, events)
  File "/home/ubuntu/anaconda3/envs/tensorflow_p36/lib/python3.6/site-packages/tornado/stack_context.py", line 277, in null_wrapper
    return fn(*args, **kwargs)
  File "/home/ubuntu/anaconda3/envs/tensorflow_p36/lib/python3.6/site-packages/zmq/eventloop/zmqstream.py", line 440, in _handle_events
    self._handle_recv()
  File "/home/ubuntu/anaconda3/envs/tensorflow_p36/lib/python3.6/site-packages/zmq/eventloop/zmqstream.py", line 472, in _handle_recv
    self._run_callback(callback, msg)
  File "/home/ubuntu/anaconda3/envs/tensorflow_p36/lib/python3.6/site-packages/zmq/eventloop/zmqstream.py", line 414, in _run_callback
    callback(*args, **kwargs)
  File "/home/ubuntu/anaconda3/envs/tensorflow_p36/lib/python3.6/site-packages/tornado/stack_context.py", line 277, in null_wrapper
    return fn(*args, **kwargs)
  File "/home/ubuntu/anaconda3/envs/tensorflow_p36/lib/python3.6/site-packages/ipykernel/kernelbase.py", line 281, in dispatcher
    return self.dispatch_shell(stream, msg)
  File "/home/ubuntu/anaconda3/envs/tensorflow_p36/lib/python3.6/site-packages/ipykernel/kernelbase.py", line 232, in dispatch_shell
    handler(stream, idents, msg)
  File "/home/ubuntu/anaconda3/envs/tensorflow_p36/lib/python3.6/site-packages/ipykernel/kernelbase.py", line 397, in execute_request
    user_expressions, allow_stdin)
  File "/home/ubuntu/anaconda3/envs/tensorflow_p36/lib/python3.6/site-packages/ipykernel/ipkernel.py", line 208, in do_execute
    res = shell.run_cell(code, store_history=store_history, silent=silent)
  File "/home/ubuntu/anaconda3/envs/tensorflow_p36/lib/python3.6/site-packages/ipykernel/zmqshell.py", line 533, in run_cell
    return super(ZMQInteractiveShell, self).run_cell(*args, **kwargs)
  File "/home/ubuntu/anaconda3/envs/tensorflow_p36/lib/python3.6/site-packages/IPython/core/interactiveshell.py", line 2728, in run_cell
    interactivity=interactivity, compiler=compiler, result=result)
  File "/home/ubuntu/anaconda3/envs/tensorflow_p36/lib/python3.6/site-packages/IPython/core/interactiveshell.py", line 2850, in run_ast_nodes
    if self.run_code(code, result):
  File "/home/ubuntu/anaconda3/envs/tensorflow_p36/lib/python3.6/site-packages/IPython/core/interactiveshell.py", line 2910, in run_code
    exec(code_obj, self.user_global_ns, self.user_ns)
  File "<ipython-input-21-0d8b8f2357e8>", line 7, in <module>
    tf.import_graph_def(od_graph_def, name='')
  File "/home/ubuntu/anaconda3/envs/tensorflow_p36/lib/python3.6/site-packages/tensorflow/python/framework/importer.py", line 313, in import_graph_def
    op_def=op_def)
  File "/home/ubuntu/anaconda3/envs/tensorflow_p36/lib/python3.6/site-packages/tensorflow/python/framework/ops.py", line 2956, in create_op
    op_def=op_def)
  File "/home/ubuntu/anaconda3/envs/tensorflow_p36/lib/python3.6/site-packages/tensorflow/python/framework/ops.py", line 1470, in __init__
    self._traceback = self._graph._extract_stack()  # pylint: disable=protected-access

InvalidArgumentError (see above for traceback): NodeDef mentions attr 'T' not in Op<name=Where; signature=input:bool -> index:int64>; NodeDef: Postprocessor/BatchMultiClassNonMaxSuppression/map/while/MultiClassNonMaxSuppression/FilterGreaterThan/Where = Where[T=DT_BOOL, _device="/job:localhost/replica:0/task:0/device:CPU:0"](Postprocessor/BatchMultiClassNonMaxSuppression/map/while/MultiClassNonMaxSuppression/FilterGreaterThan/Greater). (Check whether your GraphDef-interpreting binary is up to date with your GraphDef-generating binary.).
	 [[Node: Postprocessor/BatchMultiClassNonMaxSuppression/map/while/MultiClassNonMaxSuppression/FilterGreaterThan/Where = Where[T=DT_BOOL, _device="/job:localhost/replica:0/task:0/device:CPU:0"](Postprocessor/BatchMultiClassNonMaxSuppression/map/while/MultiClassNonMaxSuppression/FilterGreaterThan/Greater)]]

When I am extracting frozen graph on EC2 instance from the same previous checkpoint it gives me much lower accuracy than my MAC and raspberryPI