Compile fails with 'DSO missing from command line'

ERROR: /sw/tensorflow/tensorflow/tools/proto_text/BUILD:31:1: Linking of rule '//tensorflow/tools/proto_text:gen_proto_text_functions' failed: crosstool_wrapper_driver_is_not_gcc failed: error executing command third_party/gpus/crosstool/clang/bin/crosstool_wrapper_driver_is_not_gcc -o bazel-out/host/bin/tensorflow/tools/proto_text/gen_proto_text_functions ... (remaining 26 argument(s) skipped): com.google.devtools.build.lib.shell.BadExitStatusException: Process exited with status 1.
/usr/bin/ld: bazel-out/host/bin/tensorflow/core/liblib_internal.a(numbers.o): undefined reference to symbol 'ceil@@GLIBC_2.2.5'
//lib/x86_64-linux-gnu/libm.so.6: error adding symbols: DSO missing from command line
collect2: error: ld returned 1 exit status
Target //tensorflow/cc:tutorials_example_trainer failed to build
Use --verbose_failures to see the command lines of failed build steps.
INFO: Elapsed time: 123.174s, Critical Path: 86.34s


Environment info
Operating System:
Linux ghost 4.4.0-24-generic #43-Ubuntu SMP Wed Jun 8 19:27:37 UTC 2016 x86_64 x86_64 x86_64 GNU/Linux
Installed version of CUDA and cuDNN:
Using 8.0
(output of ls -l /path/to/cuda/lib/libcud*):
https://gist.github.com/delip/6a85c0750a216a8e5340dd29606860f2
If installed from sources, provide the commit hash:
commit 214ba59
Steps to reproduce
Follow usual compile steps

./configure
bazel build -c opt --verbose_failures --config=cuda //tensorflow/cc:tutorials_example_trainer

What have you tried?

bazel clean, rebuild
Fresh clone + build

Logs or other output that would be helpful
logs with --verbose_failures
ERROR: /sw/tensorflow/tensorflow/tools/proto_text/BUILD:31:1: Linking of rule '//tensorflow/tools/proto_text:gen_proto_text_functions' failed: crosstool_wrapper_driver_is_not_gcc failed: error executing command 
  (cd /home/delip/.cache/bazel/_bazel_delip/197c8f9456af837dca196cbcaf2ed97a/tensorflow && \
  exec env - \
  third_party/gpus/crosstool/clang/bin/crosstool_wrapper_driver_is_not_gcc -o bazel-out/host/bin/tensorflow/tools/proto_text/gen_proto_text_functions bazel-out/host/bin/tensorflow/tools/proto_text/_objs/gen_proto_text_functions/tensorflow/tools/proto_text/gen_proto_text_functions.o bazel-out/host/bin/tensorflow/tools/proto_text/libgen_proto_text_functions_lib.a bazel-out/host/bin/tensorflow/core/liblib_internal.a bazel-out/host/bin/external/farmhash_archive/libfarmhash.a bazel-out/host/bin/external/jpeg_archive/libjpeg.a bazel-out/host/bin/external/png_archive/libpng.a bazel-out/host/bin/external/highwayhash/libsip_hash.a bazel-out/host/bin/external/re2/libre2.a bazel-out/host/bin/tensorflow/core/libprotos_all_cc.a bazel-out/host/bin/external/protobuf/libprotobuf.a bazel-out/host/bin/external/protobuf/libprotobuf_lite.a bazel-out/host/bin/external/zlib_archive/libzlib.a -ldl -lz -pthread -lpthread -lstdc++ -B/usr/bin/ -pie -Wl,-z,relro,-z,now -no-canonical-prefixes -pass-exit-codes '-Wl,--build-id=md5' '-Wl,--hash-style=gnu' -Wl,-S -Wl,--gc-sections): com.google.devtools.build.lib.shell.BadExitStatusException: Process exited with status 1.
/usr/bin/ld: bazel-out/host/bin/tensorflow/core/liblib_internal.a(numbers.o): undefined reference to symbol 'ceil@@GLIBC_2.2.5'
//lib/x86_64-linux-gnu/libm.so.6: error adding symbols: DSO missing from command line
collect2: error: ld returned 1 exit status
Target //tensorflow/cc:tutorials_example_trainer failed to build
INFO: Elapsed time: 0.856s, Critical Path: 0.13s