problem building

I'm having trouble building tensorflow from git.
$ bazel build -c opt --config=cuda //tensorflow/cc:tutorials_example_trainer --verbose_failures
INFO: Found 1 target...
ERROR: /home/nmrp3/devel/oss/tensorflow/google/protobuf/BUILD:64:1: C++ compilation of rule '//google/protobuf:protobuf' failed: crosstool_wrapper_driver_is_not_gcc failed: error executing command 
  (cd /home/nmrp3/.cache/bazel/_bazel_nmrp3/af5448b32eaac46105d430d1e2c5b789/tensorflow && \
  exec env - \
    PATH=/home/nmrp3/bin:/usr/local/sbin:/usr/local/bin:/usr/sbin:/usr/bin:/sbin:/bin:/usr/games:/usr/local/games:/usr/lib/jvm/java-8-oracle/bin:/usr/lib/jvm/java-8-oracle/db/bin:/usr/lib/jvm/java-8-oracle/jre/bin \
  third_party/gpus/crosstool/clang/bin/crosstool_wrapper_driver_is_not_gcc -U_FORTIFY_SOURCE '-D_FORTIFY_SOURCE=1' -fstack-protector -fPIE -Wall -Wunused-but-set-parameter -Wno-free-nonheap-object -fno-omit-frame-pointer -g0 -O2 -DNDEBUG -ffunction-sections -fdata-sections '-std=c++11' -iquote . -iquote bazel-out/local_linux-opt/genfiles -iquote external/bazel_tools -iquote bazel-out/local_linux-opt/genfiles/external/bazel_tools -isystem google/protobuf/src -isystem bazel-out/local_linux-opt/genfiles/google/protobuf/src -isystem external/bazel_tools/tools/cpp/gcc3 -DHAVE_PTHREAD -Wall -Wwrite-strings -Woverloaded-virtual -Wno-sign-compare '-Wno-error=unused-function' -no-canonical-prefixes -Wno-builtin-macro-redefined '-D__DATE__="redacted"' '-D__TIMESTAMP__="redacted"' '-D__TIME__="redacted"' -fno-canonical-system-headers '-frandom-seed=bazel-out/local_linux-opt/bin/google/protobuf/_objs/protobuf/google/protobuf/src/google/protobuf/descriptor.o' -MD -MF bazel-out/local_linux-opt/bin/google/protobuf/_objs/protobuf/google/protobuf/src/google/protobuf/descriptor.d -c google/protobuf/src/google/protobuf/descriptor.cc -o bazel-out/local_linux-opt/bin/google/protobuf/_objs/protobuf/google/protobuf/src/google/protobuf/descriptor.o): com.google.devtools.build.lib.shell.BadExitStatusException: Process exited with status 127: crosstool_wrapper_driver_is_not_gcc failed: error executing command 
  (cd /home/nmrp3/.cache/bazel/_bazel_nmrp3/af5448b32eaac46105d430d1e2c5b789/tensorflow && \
  exec env - \
    PATH=/home/nmrp3/bin:/usr/local/sbin:/usr/local/bin:/usr/sbin:/usr/bin:/sbin:/bin:/usr/games:/usr/local/games:/usr/lib/jvm/java-8-oracle/bin:/usr/lib/jvm/java-8-oracle/db/bin:/usr/lib/jvm/java-8-oracle/jre/bin \
  third_party/gpus/crosstool/clang/bin/crosstool_wrapper_driver_is_not_gcc -U_FORTIFY_SOURCE '-D_FORTIFY_SOURCE=1' -fstack-protector -fPIE -Wall -Wunused-but-set-parameter -Wno-free-nonheap-object -fno-omit-frame-pointer -g0 -O2 -DNDEBUG -ffunction-sections -fdata-sections '-std=c++11' -iquote . -iquote bazel-out/local_linux-opt/genfiles -iquote external/bazel_tools -iquote bazel-out/local_linux-opt/genfiles/external/bazel_tools -isystem google/protobuf/src -isystem bazel-out/local_linux-opt/genfiles/google/protobuf/src -isystem external/bazel_tools/tools/cpp/gcc3 -DHAVE_PTHREAD -Wall -Wwrite-strings -Woverloaded-virtual -Wno-sign-compare '-Wno-error=unused-function' -no-canonical-prefixes -Wno-builtin-macro-redefined '-D__DATE__="redacted"' '-D__TIMESTAMP__="redacted"' '-D__TIME__="redacted"' -fno-canonical-system-headers '-frandom-seed=bazel-out/local_linux-opt/bin/google/protobuf/_objs/protobuf/google/protobuf/src/google/protobuf/descriptor.o' -MD -MF bazel-out/local_linux-opt/bin/google/protobuf/_objs/protobuf/google/protobuf/src/google/protobuf/descriptor.d -c google/protobuf/src/google/protobuf/descriptor.cc -o bazel-out/local_linux-opt/bin/google/protobuf/_objs/protobuf/google/protobuf/src/google/protobuf/descriptor.o): com.google.devtools.build.lib.shell.BadExitStatusException: Process exited with status 127.                                                
: No such file or directory                                                                                                                               
Target //tensorflow/cc:tutorials_example_trainer failed to build                                                                                          
INFO: Elapsed time: 0.405s, Critical Path: 0.17s    

My system is unbuntu
$ uname -a                                                                                                            
Linux taiwaif 4.2.0-27-generic #32-Ubuntu SMP Fri Jan 22 04:49:08 UTC 2016 x86_64 x86_64 x86_64 GNU/Linux

I checked the source out of github today, and am on branch MASTER.