Build break on locale Windows

Please go to Stack Overflow for help and support:
https://stackoverflow.com/questions/tagged/tensorflow
If you open a GitHub issue, here is our policy:

It must be a bug or a feature request.
The form below must be filled out.
It shouldn't be a TensorBoard issue. Those go here.

Here's why we have that policy: TensorFlow developers respond to issues. We want to focus on work that benefits the whole community, e.g., fixing bugs and adding features. Support only helps individuals. GitHub also notifies thousands of people when issues are filed. We want them to see you communicating an interesting problem, rather than being redirected to Stack Overflow.

System information


Have I written custom code (as opposed to using a stock example script provided in TensorFlow): No


OS Platform and Distribution (e.g., Linux Ubuntu 16.04): Windows 10 1703


TensorFlow installed from (source or binary): source


TensorFlow version (use command below): d752244 1.4.0


Python version: 3.6


Bazel version (if compiling from source): cmake 3.9.6


GCC/Compiler version (if compiling from source): msvc 1900


CUDA/cuDNN version: cuda 8.0.61 / cudnn 6.0


GPU model and memory: 1080ti 11GiB


Exact command to reproduce:
cmake .. -A x64 -DCMAKE_BUILD_TYPE=Release ^
-DSWIG_EXECUTABLE=C:\Users\User\swigwin-3.0.10\swig.exe ^
-DPYTHON_EXECUTABLE=C:\Users\User\Anaconda3\python.exe ^
-DPYTHON_LIBRARIES=C:\Users\User\Anaconda3\python36.lib ^
-Dtensorflow_ENABLE_GPU=ON ^
-DCUDNN_HOME="C:\Program Files\NVIDIA GPU Computing Toolkit\CUDA\v8.0" ^
-Dtensorflow_WIN_CPU_SIMD_OPTIONS=/arch:AVX2


You can collect some of this information using our environment capture script:
https://github.com/tensorflow/tensorflow/tree/master/tools/tf_env_collect.sh
You can obtain the TensorFlow version with
python -c "import tensorflow as tf; print(tf.GIT_VERSION, tf.VERSION)"
Describe the problem
Because msvc use locale code page to open source file, build fail on re2's test if use locale Windows.
Already create a PR on upstream, google/re2#163
Please help,
Thanks.
Source code / logs
C:\Users\User\tensorflow\tensorflow\contrib\cmake\build\re2\src\re2\re2\testing\re2_test.cc(1281): error C2001: 常數中包含新行字元 [C:\Users\User\tensorflow\tensorflow\contrib\cmake\build\re2\src\re2\re2_test.vcxproj] [C:\Users\User\tensorflow\tensorflow\contrib\cmake\build\re2.vcxproj]
C:\Users\User\tensorflow\tensorflow\contrib\cmake\build\re2\src\re2\re2\testing\re2_test.cc(1282): error C2064: 詞彙不等於使用 1 引數的函式 [C:\Users\User\tensorflow\tensorflow\contrib\cmake\build\re2\src\re2\re2_test.vcxproj] [C:\Users\User\tensorflow\tensorflow\contrib\cmake\build\re2.vcxproj]
C:\Users\User\tensorflow\tensorflow\contrib\cmake\build\re2\src\re2\re2\testing\re2_test.cc(1284): error C2001: 常數中包含新行字元 [C:\Users\User\tensorflow\tensorflow\contrib\cmake\build\re2\src\re2\re2_test.vcxproj] [C:\Users\User\tensorflow\tensorflow\contrib\cmake\build\re2.vcxproj]
C:\Users\User\tensorflow\tensorflow\contrib\cmake\build\re2\src\re2\re2\testing\re2_test.cc(1285): error C2064: 詞彙不等於使用 1 引數的函式 [C:\Users\User\tensorflow\tensorflow\contrib\cmake\build\re2\src\re2\re2_test.vcxproj] [C:\Users\User\tensorflow\tensorflow\contrib\cmake\build\re2.vcxproj]
C:\Users\User\tensorflow\tensorflow\contrib\cmake\build\re2\src\re2\re2\testing\re2_test.cc(1287): error C2001: 常數中包含新行字元 [C:\Users\User\tensorflow\tensorflow\contrib\cmake\build\re2\src\re2\re2_test.vcxproj] [C:\Users\User\tensorflow\tensorflow\contrib\cmake\build\re2.vcxproj]
C:\Users\User\tensorflow\tensorflow\contrib\cmake\build\re2\src\re2\re2\testing\re2_test.cc(1288): error C2064: 詞彙不等於使用 1 引數的函式 [C:\Users\User\tensorflow\tensorflow\contrib\cmake\build\re2\src\re2\re2_test.vcxproj] [C:\Users\User\tensorflow\tensorflow\contrib\cmake\build\re2.vcxproj]
C:\Users\User\tensorflow\tensorflow\contrib\cmake\build\re2\src\re2\re2\testing\re2_test.cc(1296): error C2059: 語法錯誤: ';' [C:\Users\User\tensorflow\tensorflow\contrib\cmake\build\re2\src\re2\re2_test.vcxproj] [C:\Users\User\tensorflow\tensorflow\contrib\cmake\build\re2.vcxproj]
C:\Users\User\tensorflow\tensorflow\contrib\cmake\build\re2\src\re2\re2\testing\re2_test.cc(1298): error C2070: 're2::ErrorTest []': sizeof 運算元不合法，必須是運算式或類型名稱 [C:\Users\User\tensorflow\tensorflow\contrib\cmake\build\re2\src\re2\re2_test.vcxproj] [C:\Users\User\tensorflow\tensorflow\contrib\cmake\build\re2.vcxproj]
C:\Users\User\tensorflow\tensorflow\contrib\cmake\build\re2\src\re2\re2\testing\re2_test.cc(1365): error C2001: 常數中包含新行字元 [C:\Users\User\tensorflow\tensorflow\contrib\cmake\build\re2\src\re2\re2_test.vcxproj] [C:\Users\User\tensorflow\tensorflow\contrib\cmake\build\re2.vcxproj]
C:\Users\User\tensorflow\tensorflow\contrib\cmake\build\re2\src\re2\re2\testing\re2_test.cc(1366): error C2146: 語法錯誤: 遺漏 ';' (在識別項 'string' 之前) [C:\Users\User\tensorflow\tensorflow\contrib\cmake\build\re2\src\re2\re2_test.vcxproj] [C:\Users\User\tensorflow\tensorflow\contrib\cmake\build\re2.vcxproj]
C:\Users\User\tensorflow\tensorflow\contrib\cmake\build\re2\src\re2\re2\testing\re2_test.cc(1375): error C2001: 常數中包含新行字元 [C:\Users\User\tensorflow\tensorflow\contrib\cmake\build\re2\src\re2\re2_test.vcxproj] [C:\Users\User\tensorflow\tensorflow\contrib\cmake\build\re2.vcxproj]
C:\Users\User\tensorflow\tensorflow\contrib\cmake\build\re2\src\re2\re2\testing\re2_test.cc(1376): error C2001: 常數中包含新行字元 [C:\Users\User\tensorflow\tensorflow\contrib\cmake\build\re2\src\re2\re2_test.vcxproj] [C:\Users\User\tensorflow\tensorflow\contrib\cmake\build\re2.vcxproj]
C:\Users\User\tensorflow\tensorflow\contrib\cmake\build\re2\src\re2\re2\testing\re2_test.cc(1377): error C2001: 常數中包含新行字元 [C:\Users\User\tensorflow\tensorflow\contrib\cmake\build\re2\src\re2\re2_test.vcxproj] [C:\Users\User\tensorflow\tensorflow\contrib\cmake\build\re2.vcxproj]
C:\Users\User\tensorflow\tensorflow\contrib\cmake\build\re2\src\re2\re2\testing\re2_test.cc(1378): error C2001: 常數中包含新行字元 [C:\Users\User\tensorflow\tensorflow\contrib\cmake\build\re2\src\re2\re2_test.vcxproj] [C:\Users\User\tensorflow\tensorflow\contrib\cmake\build\re2.vcxproj]
C:\Users\User\tensorflow\tensorflow\contrib\cmake\build\re2\src\re2\re2\testing\re2_test.cc(1379): error C2001: 常數中包含新行字元 [C:\Users\User\tensorflow\tensorflow\contrib\cmake\build\re2\src\re2\re2_test.vcxproj] [C:\Users\User\tensorflow\tensorflow\contrib\cmake\build\re2.vcxproj]
C:\Users\User\tensorflow\tensorflow\contrib\cmake\build\re2\src\re2\re2\testing\re2_test.cc(1380): error C2001: 常數中包含新行字元 [C:\Users\User\tensorflow\tensorflow\contrib\cmake\build\re2\src\re2\re2_test.vcxproj] [C:\Users\User\tensorflow\tensorflow\contrib\cmake\build\re2.vcxproj]
C:\Users\User\tensorflow\tensorflow\contrib\cmake\build\re2\src\re2\re2\testing\re2_test.cc(1382): error C2001: 常數中包含新行字元 [C:\Users\User\tensorflow\tensorflow\contrib\cmake\build\re2\src\re2\re2_test.vcxproj] [C:\Users\User\tensorflow\tensorflow\contrib\cmake\build\re2.vcxproj]
C:\Users\User\tensorflow\tensorflow\contrib\cmake\build\re2\src\re2\re2\testing\re2_test.cc(1383): error C2001: 常數中包含新行字元 [C:\Users\User\tensorflow\tensorflow\contrib\cmake\build\re2\src\re2\re2_test.vcxproj] [C:\Users\User\tensorflow\tensorflow\contrib\cmake\build\re2.vcxproj]
C:\Users\User\tensorflow\tensorflow\contrib\cmake\build\re2\src\re2\re2\testing\re2_test.cc(1384): error C2001: 常數中包含新行字元 [C:\Users\User\tensorflow\tensorflow\contrib\cmake\build\re2\src\re2\re2_test.vcxproj] [C:\Users\User\tensorflow\tensorflow\contrib\cmake\build\re2.vcxproj]
C:\Users\User\tensorflow\tensorflow\contrib\cmake\build\re2\src\re2\re2\testing\re2_test.cc(1385): error C2001: 常數中包含新行字元 [C:\Users\User\tensorflow\tensorflow\contrib\cmake\build\re2\src\re2\re2_test.vcxproj] [C:\Users\User\tensorflow\tensorflow\contrib\cmake\build\re2.vcxproj]
C:\Users\User\tensorflow\tensorflow\contrib\cmake\build\re2\src\re2\re2\testing\re2_test.cc(1386): error C2001: 常數中包含新行字元 [C:\Users\User\tensorflow\tensorflow\contrib\cmake\build\re2\src\re2\re2_test.vcxproj] [C:\Users\User\tensorflow\tensorflow\contrib\cmake\build\re2.vcxproj]
C:\Users\User\tensorflow\tensorflow\contrib\cmake\build\re2\src\re2\re2\testing\re2_test.cc(1387): error C2001: 常數中包含新行字元 [C:\Users\User\tensorflow\tensorflow\contrib\cmake\build\re2\src\re2\re2_test.vcxproj] [C:\Users\User\tensorflow\tensorflow\contrib\cmake\build\re2.vcxproj]
C:\Users\User\tensorflow\tensorflow\contrib\cmake\build\re2\src\re2\re2\testing\re2_test.cc(1389): error C2001: 常數中包含新行字元 [C:\Users\User\tensorflow\tensorflow\contrib\cmake\build\re2\src\re2\re2_test.vcxproj] [C:\Users\User\tensorflow\tensorflow\contrib\cmake\build\re2.vcxproj]
C:\Users\User\tensorflow\tensorflow\contrib\cmake\build\re2\src\re2\re2\testing\re2_test.cc(1390): error C2001: 常數中包含新行字元 [C:\Users\User\tensorflow\tensorflow\contrib\cmake\build\re2\src\re2\re2_test.vcxproj] [C:\Users\User\tensorflow\tensorflow\contrib\cmake\build\re2.vcxproj]
C:\Users\User\tensorflow\tensorflow\contrib\cmake\build\re2\src\re2\re2\testing\re2_test.cc(1391): error C2001: 常數中包含新行字元 [C:\Users\User\tensorflow\tensorflow\contrib\cmake\build\re2\src\re2\re2_test.vcxproj] [C:\Users\User\tensorflow\tensorflow\contrib\cmake\build\re2.vcxproj]
C:\Users\User\tensorflow\tensorflow\contrib\cmake\build\re2\src\re2\re2\testing\re2_test.cc(1392): error C2001: 常數中包含新行字元 [C:\Users\User\tensorflow\tensorflow\contrib\cmake\build\re2\src\re2\re2_test.vcxproj] [C:\Users\User\tensorflow\tensorflow\contrib\cmake\build\re2.vcxproj]
C:\Users\User\tensorflow\tensorflow\contrib\cmake\build\re2\src\re2\re2\testing\re2_test.cc(1393): error C2001: 常數中包含新行字元 [C:\Users\User\tensorflow\tensorflow\contrib\cmake\build\re2\src\re2\re2_test.vcxproj] [C:\Users\User\tensorflow\tensorflow\contrib\cmake\build\re2.vcxproj]
C:\Users\User\tensorflow\tensorflow\contrib\cmake\build\re2\src\re2\re2\testing\re2_test.cc(1394): error C2001: 常數中包含新行字元 [C:\Users\User\tensorflow\tensorflow\contrib\cmake\build\re2\src\re2\re2_test.vcxproj] [C:\Users\User\tensorflow\tensorflow\contrib\cmake\build\re2.vcxproj]
C:\Users\User\tensorflow\tensorflow\contrib\cmake\build\re2\src\re2\re2\testing\re2_test.cc(1416): error C2001: 常數中包含新行字元 [C:\Users\User\tensorflow\tensorflow\contrib\cmake\build\re2\src\re2\re2_test.vcxproj] [C:\Users\User\tensorflow\tensorflow\contrib\cmake\build\re2.vcxproj]
C:\Users\User\tensorflow\tensorflow\contrib\cmake\build\re2\src\re2\re2\testing\re2_test.cc(1417): error C2001: 常數中包含新行字元 [C:\Users\User\tensorflow\tensorflow\contrib\cmake\build\re2\src\re2\re2_test.vcxproj] [C:\Users\User\tensorflow\tensorflow\contrib\cmake\build\re2.vcxproj]
C:\Users\User\tensorflow\tensorflow\contrib\cmake\build\re2\src\re2\re2\testing\re2_test.cc(1418): error C2001: 常數中包含新行字元 [C:\Users\User\tensorflow\tensorflow\contrib\cmake\build\re2\src\re2\re2_test.vcxproj] [C:\Users\User\tensorflow\tensorflow\contrib\cmake\build\re2.vcxproj]
C:\Users\User\tensorflow\tensorflow\contrib\cmake\build\re2\src\re2\re2\testing\re2_test.cc(1630): error C2001: 常數中包含新行字元 [C:\Users\User\tensorflow\tensorflow\contrib\cmake\build\re2\src\re2\re2_test.vcxproj] [C:\Users\User\tensorflow\tensorflow\contrib\cmake\build\re2.vcxproj]
C:\Users\User\tensorflow\tensorflow\contrib\cmake\build\re2\src\re2\re2\testing\re2_test.cc(1631): error C2001: 常數中包含新行字元 [C:\Users\User\tensorflow\tensorflow\contrib\cmake\build\re2\src\re2\re2_test.vcxproj] [C:\Users\User\tensorflow\tensorflow\contrib\cmake\build\re2.vcxproj]
C:\Users\User\tensorflow\tensorflow\contrib\cmake\build\re2\src\re2\re2\testing\re2_test.cc(1375): fatal error C1057: 巨集展開中未預期的檔案結尾 [C:\Users\User\tensorflow\tensorflow\contrib\cmake\build\re2\src\re2\re2_test.vcxproj] [C:\Users\User\tensorflow\tensorflow\contrib\cmake\build\re2.vcxproj]

C:\Users\User\tensorflow\tensorflow\contrib\cmake\build\re2\src\re2\re2\testing\search_test.cc(244): error C2001: 常數中包含新行字元 [C:\Users\User\tensorflow\tensorflow\contrib\cmake\build\re2\src\re2\search_test.vcxproj] [C:\Users\User\tensorflow\tensorflow\contrib\cmake\build\re2.vcxproj]
C:\Users\User\tensorflow\tensorflow\contrib\cmake\build\re2\src\re2\re2\testing\search_test.cc(245): error C2001: 常數中包含新行字元 [C:\Users\User\tensorflow\tensorflow\contrib\cmake\build\re2\src\re2\search_test.vcxproj] [C:\Users\User\tensorflow\tensorflow\contrib\cmake\build\re2.vcxproj]
C:\Users\User\tensorflow\tensorflow\contrib\cmake\build\re2\src\re2\re2\testing\search_test.cc(246): error C2001: 常數中包含新行字元 [C:\Users\User\tensorflow\tensorflow\contrib\cmake\build\re2\src\re2\search_test.vcxproj] [C:\Users\User\tensorflow\tensorflow\contrib\cmake\build\re2.vcxproj]
C:\Users\User\tensorflow\tensorflow\contrib\cmake\build\re2\src\re2\re2\testing\search_test.cc(247): error C2001: 常數中包含新行字元 [C:\Users\User\tensorflow\tensorflow\contrib\cmake\build\re2\src\re2\search_test.vcxproj] [C:\Users\User\tensorflow\tensorflow\contrib\cmake\build\re2.vcxproj]
C:\Users\User\tensorflow\tensorflow\contrib\cmake\build\re2\src\re2\re2\testing\search_test.cc(248): error C2001: 常數中包含新行字元 [C:\Users\User\tensorflow\tensorflow\contrib\cmake\build\re2\src\re2\search_test.vcxproj] [C:\Users\User\tensorflow\tensorflow\contrib\cmake\build\re2.vcxproj]
C:\Users\User\tensorflow\tensorflow\contrib\cmake\build\re2\src\re2\re2\testing\search_test.cc(249): error C2001: 常數中包含新行字元 [C:\Users\User\tensorflow\tensorflow\contrib\cmake\build\re2\src\re2\search_test.vcxproj] [C:\Users\User\tensorflow\tensorflow\contrib\cmake\build\re2.vcxproj]
C:\Users\User\tensorflow\tensorflow\contrib\cmake\build\re2\src\re2\re2\testing\search_test.cc(250): error C2001: 常數中包含新行字元 [C:\Users\User\tensorflow\tensorflow\contrib\cmake\build\re2\src\re2\search_test.vcxproj] [C:\Users\User\tensorflow\tensorflow\contrib\cmake\build\re2.vcxproj]
C:\Users\User\tensorflow\tensorflow\contrib\cmake\build\re2\src\re2\re2\testing\search_test.cc(252): error C2064: 詞彙不等於使用 1 引數的函式 [C:\Users\User\tensorflow\tensorflow\contrib\cmake\build\re2\src\re2\search_test.vcxproj] [C:\Users\User\tensorflow\tensorflow\contrib\cmake\build\re2.vcxproj]
C:\Users\User\tensorflow\tensorflow\contrib\cmake\build\re2\src\re2\re2\testing\search_test.cc(311): error C2064: 詞彙不等於使用 1 引數的函式 [C:\Users\User\tensorflow\tensorflow\contrib\cmake\build\re2\src\re2\search_test.vcxproj] [C:\Users\User\tensorflow\tensorflow\contrib\cmake\build\re2.vcxproj]
C:\Users\User\tensorflow\tensorflow\contrib\cmake\build\re2\src\re2\re2\testing\search_test.cc(311): error C2059: 語法錯誤: ';' [C:\Users\User\tensorflow\tensorflow\contrib\cmake\build\re2\src\re2\search_test.vcxproj] [C:\Users\User\tensorflow\tensorflow\contrib\cmake\build\re2.vcxproj]
C:\Users\User\tensorflow\tensorflow\contrib\cmake\build\re2\src\re2\re2\testing\search_test.cc(315): error C2070: 're2::RegexpTest []': sizeof 運算元不合法，必須是運算式或類型名稱 [C:\Users\User\tensorflow\tensorflow\contrib\cmake\build\re2\src\re2\search_test.vcxproj] [C:\Users\User\tensorflow\tensorflow\contrib\cmake\build\re2.vcxproj]