Test failure on Mac: //tensorflow/python:directory_watcher_test

The following Python unit test fails on Mac: //tensorflow/python:directory_watcher_test
Below is the log with detailed error info:
..F...F...
======================================================================
FAIL: testFinishesLoadingFileWhenSwitchingToNewFile (__main__.DirectoryWatcherTest)
----------------------------------------------------------------------
Traceback (most recent call last):
  File "/Users/jenkins/workspace/experimental-cais-tensorflow-mac-python27-copt_pip_install-test/pip_install_tests/directory_watcher_test.py", line 102, in testFinishesLoadingFileWhenSwitchingToNewFile
    self.assertWatcherYields(['b', 'c'])
  File "/Users/jenkins/workspace/experimental-cais-tensorflow-mac-python27-copt_pip_install-test/pip_install_tests/directory_watcher_test.py", line 63, in assertWatcherYields
    self.assertEqual(list(self._watcher.Load()), values)
AssertionError: Lists differ: ['c'] != ['b', 'c']

First differing element 0:
c
b

Second list contains 1 additional elements.
First extra element 1:
c

- ['c']
+ ['b', 'c']

======================================================================
FAIL: testMultipleWrites (__main__.DirectoryWatcherTest)
----------------------------------------------------------------------
Traceback (most recent call last):
  File "/Users/jenkins/workspace/experimental-cais-tensorflow-mac-python27-copt_pip_install-test/pip_install_tests/directory_watcher_test.py", line 82, in testMultipleWrites
    self.assertWatcherYields(['x', 'y', 'z'])
  File "/Users/jenkins/workspace/experimental-cais-tensorflow-mac-python27-copt_pip_install-test/pip_install_tests/directory_watcher_test.py", line 63, in assertWatcherYields
    self.assertEqual(list(self._watcher.Load()), values)
AssertionError: Lists differ: [] != ['x', 'y', 'z']

Second list contains 3 additional elements.
First extra element 0:
x

- []
+ ['x', 'y', 'z']

----------------------------------------------------------------------
Ran 10 tests in 0.051s

FAILED (failures=2)