Bazel can't build protobuf

The errors of  bazel build -c opt //tensorflow/tools/pip_package:build_pip_package are always some header files of protobuf are not found. Related to
google/protobuf#925. I was wondering why nobody reported this yesterday.
INFO: Found 1 target...
INFO: From Compiling google/protobuf/src/google/protobuf/compiler/code_generator.cc [for host]:
google/protobuf/src/google/protobuf/compiler/code_generator.cc:39:43: fatal error: google/protobuf/stubs/strutil.h: No such file or directory
 #include <google/protobuf/stubs/strutil.h>
                                           ^
compilation terminated.
ERROR: /home/user/Codes/DeepLearning/tensorflow/google/protobuf/BUILD:166:1: C++ compilation of rule '//google/protobuf:protoc_lib' failed: gcc failed: error executing command /usr/bin/gcc -U_FORTIFY_SOURCE '-D_FORTIFY_SOURCE=1' -fstack-protector -Wall -Wunused-but-set-parameter -Wno-free-nonheap-object -fno-omit-frame-pointer -g0 -O2 -DNDEBUG -ffunction-sections ... (remaining 32 argument(s) skipped).
Target //tensorflow/tools/pip_package:build_pip_package failed to build
Use --verbose_failures to see the command lines of failed build steps.
INFO: Elapsed time: 1.205s, Critical Path: 0.88s