Exploration of cmake on Ubuntu: /tensorflow/stream_executor/gcuda.h

NOTE: Only file GitHub issues for bugs and feature requests.  All other topics will be closed.
Environment info
Operating System: Ubuntu14.04
Installed version of CUDA and cuDNN: 8.0/5.1.5
(please attach the output of ls -l /path/to/cuda/lib/libcud*):
If installed from source, provide

The commit hash (git rev-parse HEAD)
f870373

I'm exploring TensorFlow build with cmake on Ubuntu14.04
While trying building, I'm stuck with the following error.
It seems to me ..

device_functions.h header is not included?
add/remove definitions such as -D__NVCC__?
tf_stream_executor.cmake file looks incomplete. what do I need to add to the file?

> In file included from /home/ubuntu/workspace/tensorflow/tensorflow/stream_executor/gcuda.cc:16:0:
> /home/ubuntu/workspace/tensorflow/tensorflow/stream_executor/gcuda.h:234:1: error: ‘__forceinline__’ does not name a type
>  __forceinline__ __device__ clock_t __gcuda_nvcc_clock() { return clock(); }
>  ^
> /home/ubuntu/workspace/tensorflow/tensorflow/stream_executor/gcuda.h:235:1: error: ‘__forceinline__’ does not name a type
>  __forceinline__ __device__ int __gcuda_nvcc__clz(int x) {
>  ^
> /home/ubuntu/workspace/tensorflow/tensorflow/stream_executor/gcuda.h:238:1: error: ‘__forceinline__’ does not name a type
>  __forceinline__ __device__ int __gcuda_nvcc__clzll(long long int x) {
>  ^
> /home/ubuntu/workspace/tensorflow/tensorflow/stream_executor/gcuda.h:241:1: error: ‘__forceinline__’ does not name a type
>  __forceinline__ __device__ float __gcuda_nvcc__fdividef(float a, float b) {
>  ^
> /home/ubuntu/workspace/tensorflow/tensorflow/stream_executor/gcuda.h:244:1: error: ‘__forceinline__’ does not name a type
>  __forceinline__ __device__ int __gcuda_nvcc__ffsll(long long int x) { // NOLINT
>  ^
> /home/ubuntu/workspace/tensorflow/tensorflow/stream_executor/gcuda.h:247:1: error: ‘__forceinline__’ does not name a type
>  __forceinline__ __device__ int __gcuda_nvcc__popc(unsigned int x) {
>  ^
> /home/ubuntu/workspace/tensorflow/tensorflow/stream_executor/gcuda.h:250:1: error: ‘__forceinline__’ does not name a type
>  __forceinline__ __device__ float __gcuda_nvcc__powf(float a, float b) {
>  ^
> /home/ubuntu/workspace/tensorflow/tensorflow/stream_executor/gcuda.h:253:1: error: ‘__forceinline__’ does not name a type
>  __forceinline__ __device__ void __gcuda_nvcc__sincosf(
>  ^
> /home/ubuntu/workspace/tensorflow/tensorflow/stream_executor/gcuda.h:257:1: error: ‘__forceinline__’ does not name a type
>  __forceinline__ __device__ unsigned int __gcuda_nvcc__umulhi(
>  ^
> /home/ubuntu/workspace/tensorflow/tensorflow/stream_executor/gcuda.h:263:1: error: ‘__forceinline__’ does not name a type
>  __forceinline__ __device__ unsigned int __gcuda_nvcc__ballot(int x) {
>  ^
> /home/ubuntu/workspace/tensorflow/tensorflow/stream_executor/gcuda.h:274:9: error: ‘::abs’ has not been declared
>  using ::abs;
>          ^
> /home/ubuntu/workspace/tensorflow/tensorflow/stream_executor/gcuda.h:275:9: error: ‘::atomicAdd’ has not been declared
>  using ::atomicAdd;
>          ^
> /home/ubuntu/workspace/tensorflow/tensorflow/stream_executor/gcuda.h:276:9: error: ‘::atomicCAS’ has not been declared
>  using ::atomicCAS;
>          ^
> /home/ubuntu/workspace/tensorflow/tensorflow/stream_executor/gcuda.h:277:9: error: ‘::ceil’ has not been declared
>  using ::ceil;
>          ^
> /home/ubuntu/workspace/tensorflow/tensorflow/stream_executor/gcuda.h:278:9: error: ‘::ceilf’ has not been declared
>  using ::ceilf;
>          ^
> /home/ubuntu/workspace/tensorflow/tensorflow/stream_executor/gcuda.h:279:9: error: ‘::cos’ has not been declared
>  using ::cos;
>          ^
> /home/ubuntu/workspace/tensorflow/tensorflow/stream_executor/gcuda.h:280:9: error: ‘::cosf’ has not been declared
>  using ::cosf;
>          ^
> /home/ubuntu/workspace/tensorflow/tensorflow/stream_executor/gcuda.h:281:9: error: ‘::erfcinv’ has not been declared
>  using ::erfcinv;
>          ^
> /home/ubuntu/workspace/tensorflow/tensorflow/stream_executor/gcuda.h:282:9: error: ‘::erfcinvf’ has not been declared
>  using ::erfcinvf;
>          ^
> /home/ubuntu/workspace/tensorflow/tensorflow/stream_executor/gcuda.h:283:9: error: ‘::exp’ has not been declared
>  using ::exp;
>          ^
> /home/ubuntu/workspace/tensorflow/tensorflow/stream_executor/gcuda.h:284:9: error: ‘::expf’ has not been declared
>  using ::expf;
>          ^
> /home/ubuntu/workspace/tensorflow/tensorflow/stream_executor/gcuda.h:285:9: error: ‘::fabs’ has not been declared
>  using ::fabs;
>          ^
> /home/ubuntu/workspace/tensorflow/tensorflow/stream_executor/gcuda.h:286:9: error: ‘::fabsf’ has not been declared
>  using ::fabsf;
>          ^
> /home/ubuntu/workspace/tensorflow/tensorflow/stream_executor/gcuda.h:287:9: error: ‘::floor’ has not been declared
>  using ::floor;
>          ^
> /home/ubuntu/workspace/tensorflow/tensorflow/stream_executor/gcuda.h:288:9: error: ‘::floorf’ has not been declared
>  using ::floorf;
>          ^
> /home/ubuntu/workspace/tensorflow/tensorflow/stream_executor/gcuda.h:289:9: error: ‘::fabs’ has not been declared
>  using ::fabs;
>          ^
> /home/ubuntu/workspace/tensorflow/tensorflow/stream_executor/gcuda.h:290:9: error: ‘::fabsf’ has not been declared
>  using ::fabsf;
>          ^
> /home/ubuntu/workspace/tensorflow/tensorflow/stream_executor/gcuda.h:291:9: error: ‘::fma’ has not been declared
>  using ::fma;
>          ^
> /home/ubuntu/workspace/tensorflow/tensorflow/stream_executor/gcuda.h:292:9: error: ‘::fmaf’ has not been declared
>  using ::fmaf;
>          ^
> /home/ubuntu/workspace/tensorflow/tensorflow/stream_executor/gcuda.h:293:9: error: ‘::fmax’ has not been declared
>  using ::fmax;
>          ^
> /home/ubuntu/workspace/tensorflow/tensorflow/stream_executor/gcuda.h:294:9: error: ‘::fmaxf’ has not been declared
>  using ::fmaxf;
>          ^
> /home/ubuntu/workspace/tensorflow/tensorflow/stream_executor/gcuda.h:295:9: error: ‘::fmin’ has not been declared
>  using ::fmin;
>          ^
> /home/ubuntu/workspace/tensorflow/tensorflow/stream_executor/gcuda.h:296:9: error: ‘::fminf’ has not been declared
>  using ::fminf;
>          ^
> /home/ubuntu/workspace/tensorflow/tensorflow/stream_executor/gcuda.h:297:9: error: ‘::log’ has not been declared
>  using ::log;
>          ^
> /home/ubuntu/workspace/tensorflow/tensorflow/stream_executor/gcuda.h:298:9: error: ‘::log1p’ has not been declared
>  using ::log1p;
>          ^
> /home/ubuntu/workspace/tensorflow/tensorflow/stream_executor/gcuda.h:299:9: error: ‘::log1pf’ has not been declared
>  using ::log1pf;
>          ^
> /home/ubuntu/workspace/tensorflow/tensorflow/stream_executor/gcuda.h:300:9: error: ‘::logf’ has not been declared
>  using ::logf;
>          ^
> /home/ubuntu/workspace/tensorflow/tensorflow/stream_executor/gcuda.h:301:9: error: ‘::max’ has not been declared
>  using ::max;
>          ^
> /home/ubuntu/workspace/tensorflow/tensorflow/stream_executor/gcuda.h:302:9: error: ‘::min’ has not been declared
>  using ::min;
>          ^
> /home/ubuntu/workspace/tensorflow/tensorflow/stream_executor/gcuda.h:303:9: error: ‘::powf’ has not been declared
>  using ::powf;
>          ^
> /home/ubuntu/workspace/tensorflow/tensorflow/stream_executor/gcuda.h:305:9: error: ‘::sin’ has not been declared
>  using ::sin;
>          ^
> /home/ubuntu/workspace/tensorflow/tensorflow/stream_executor/gcuda.h:306:9: error: ‘::sinf’ has not been declared
>  using ::sinf;
>          ^
> /home/ubuntu/workspace/tensorflow/tensorflow/stream_executor/gcuda.h:307:9: error: ‘::sincos’ has not been declared
>  using ::sincos;
>          ^
> /home/ubuntu/workspace/tensorflow/tensorflow/stream_executor/gcuda.h:308:9: error: ‘::sincosf’ has not been declared
>  using ::sincosf;
>          ^
> /home/ubuntu/workspace/tensorflow/tensorflow/stream_executor/gcuda.h:309:9: error: ‘::sincospi’ has not been declared
>  using ::sincospi;
>          ^
> /home/ubuntu/workspace/tensorflow/tensorflow/stream_executor/gcuda.h:310:9: error: ‘::sincospif’ has not been declared
>  using ::sincospif;
>          ^
> /home/ubuntu/workspace/tensorflow/tensorflow/stream_executor/gcuda.h:311:9: error: ‘::sqrt’ has not been declared
>  using ::sqrt;
>          ^
> /home/ubuntu/workspace/tensorflow/tensorflow/stream_executor/gcuda.h:312:9: error: ‘::sqrtf’ has not been declared
>  using ::sqrtf;
>          ^
> /home/ubuntu/workspace/tensorflow/tensorflow/stream_executor/gcuda.h:313:9: error: ‘::tanh’ has not been declared
>  using ::tanh;
>          ^
> /home/ubuntu/workspace/tensorflow/tensorflow/stream_executor/gcuda.h:314:9: error: ‘::trunc’ has not been declared
>  using ::trunc;
>          ^
> /home/ubuntu/workspace/tensorflow/tensorflow/stream_executor/gcuda.h:315:9: error: ‘::truncf’ has not been declared
>  using ::truncf;
>          ^
> /home/ubuntu/workspace/tensorflow/tensorflow/stream_executor/gcuda.h:316:9: error: ‘::trunc’ has not been declared
>  using ::trunc;
>          ^
> /home/ubuntu/workspace/tensorflow/tensorflow/stream_executor/gcuda.h:326:1: error: ‘__forceinline__’ does not name a type
>  __forceinline__ __host__ __device__ float rsqrtf(float x) {
>  ^
> /home/ubuntu/workspace/tensorflow/tensorflow/stream_executor/gcuda.h:329:1: error: ‘__forceinline__’ does not name a type
>  __forceinline__ __host__ __device__ double rsqrt(double x) {
>  ^
> /home/ubuntu/workspace/tensorflow/tensorflow/stream_executor/gcuda.h:334:1: error: ‘__forceinline__’ does not name a type
>  __forceinline__ __device__ int clock() { return __gcuda_nvcc_clock(); }
>  ^
> /home/ubuntu/workspace/tensorflow/tensorflow/stream_executor/gcuda.h:336:1: error: ‘__forceinline__’ does not name a type
>  __forceinline__ __device__ int __clz(int x) {
>  ^
> /home/ubuntu/workspace/tensorflow/tensorflow/stream_executor/gcuda.h:340:1: error: ‘__forceinline__’ does not name a type
>  __forceinline__ __device__ int __clz(long long int x) {
>  ^
> /home/ubuntu/workspace/tensorflow/tensorflow/stream_executor/gcuda.h:344:1: error: ‘__forceinline__’ does not name a type
>  __forceinline__ __device__ float __fdividef(float a, float b) {
>  ^
> /home/ubuntu/workspace/tensorflow/tensorflow/stream_executor/gcuda.h:348:1: error: ‘__forceinline__’ does not name a type
>  __forceinline__ __device__ int __ffsll(long long int x) { // NOLINT
>  ^
> /home/ubuntu/workspace/tensorflow/tensorflow/stream_executor/gcuda.h:352:1: error: ‘__forceinline__’ does not name a type
>  __forceinline__ __device__ int __popc(unsigned int x) {
>  ^
> /home/ubuntu/workspace/tensorflow/tensorflow/stream_executor/gcuda.h:356:1: error: ‘__forceinline__’ does not name a type
>  __forceinline__ __device__ float __powf(float a, float b) {
>  ^
> /home/ubuntu/workspace/tensorflow/tensorflow/stream_executor/gcuda.h:360:1: error: ‘__forceinline__’ does not name a type
>  __forceinline__ __device__ void __sincosf(float x, float *sptr, float *cptr) {
>  ^
> /home/ubuntu/workspace/tensorflow/tensorflow/stream_executor/gcuda.h:364:1: error: ‘__forceinline__’ does not name a type
>  __forceinline__ __device__ unsigned int __umulhi(unsigned int x,
>  ^
> /home/ubuntu/workspace/tensorflow/tensorflow/stream_executor/gcuda.h:378:1: error: ‘__forceinline__’ does not name a type
>  __forceinline__ __device__ unsigned int __ballot(int x) {
>  ^
> /home/ubuntu/workspace/tensorflow/tensorflow/stream_executor/gcuda.h:384:9: error: ‘::__shfl’ has not been declared
>  using ::__shfl;
>          ^
> /home/ubuntu/workspace/tensorflow/tensorflow/stream_executor/gcuda.h:385:9: error: ‘::__shfl_down’ has not been declared
>  using ::__shfl_down;
>          ^
> /home/ubuntu/workspace/tensorflow/tensorflow/stream_executor/gcuda.h:386:9: error: ‘::__shfl_up’ has not been declared
>  using ::__shfl_up;
>          ^
> /home/ubuntu/workspace/tensorflow/tensorflow/stream_executor/gcuda.h:387:9: error: ‘::__shfl_xor’ has not been declared
>  using ::__shfl_xor;
>          ^
> /home/ubuntu/workspace/tensorflow/tensorflow/stream_executor/gcuda.h:391:9: error: ‘::__ldg’ has not been declared
>  using ::__ldg;
>          ^
> /home/ubuntu/workspace/tensorflow/tensorflow/stream_executor/gcuda.h:402:8: error: ‘__device__’ does not name a type
>  inline __device__ int isfinite(float x) {
>         ^
> /home/ubuntu/workspace/tensorflow/tensorflow/stream_executor/gcuda.h:405:8: error: ‘__device__’ does not name a type
>  inline __device__ int isfinite(double x) {
>         ^
> /home/ubuntu/workspace/tensorflow/tensorflow/stream_executor/gcuda.h:408:8: error: ‘__device__’ does not name a type
>  inline __device__ int isfinite(long double x) {
>         ^
> /home/ubuntu/workspace/tensorflow/tensorflow/stream_executor/gcuda.cc:23:1: error: ‘map’ in namespace ‘std’ does not name a type
>  std::map<void *, KernelCacheConfig> &GetGcudaccStubToCacheConfigMap() {
>  ^
> /home/ubuntu/workspace/tensorflow/tensorflow/stream_executor/gcuda.cc:29:5: error: ‘StreamExecutor’ was not declared in this scope
>      StreamExecutor *stream_exec) {
>      ^
> /home/ubuntu/workspace/tensorflow/tensorflow/stream_executor/gcuda.cc:29:21: error: ‘stream_exec’ was not declared in this scope
>      StreamExecutor *stream_exec) {
>                      ^
> /home/ubuntu/workspace/tensorflow/tensorflow/stream_executor/gcuda.cc:29:34: error: expected ‘,’ or ‘;’ before ‘{’ token
>      StreamExecutor *stream_exec) {
>                                   ^
> /home/ubuntu/workspace/tensorflow/tensorflow/stream_executor/gcuda.cc:102:1: error: expected ‘}’ at end of input
>  }  // namespace perftools
>  ^
> /home/ubuntu/workspace/tensorflow/tensorflow/stream_executor/gcuda.cc:102:1: error: expected ‘}’ at end of input
> make[2]: *** [CMakeFiles/tf_stream_executor.dir/home/ubuntu/workspace/tensorflow/tensorflow/stream_executor/gcuda.cc.o] Error 1
> make[1]: *** [CMakeFiles/tf_stream_executor.dir/all] Error 2
> make: *** [all] Error 2