Building from source with Python3.6 raises `java.lang.RuntimeException`

Please go to Stack Overflow for help and support:
https://stackoverflow.com/questions/tagged/tensorflow
If you open a GitHub issue, here is our policy:

It must be a bug, a feature request, or a significant problem with documentation (for small docs fixes please send a PR instead).
The form below must be filled out.
It shouldn't be a TensorBoard issue. Those go here.

Here's why we have that policy: TensorFlow developers respond to issues. We want to focus on work that benefits the whole community, e.g., fixing bugs and adding features. Support only helps individuals. GitHub also notifies thousands of people when issues are filed. We want them to see you communicating an interesting problem, rather than being redirected to Stack Overflow.

System information

Have I written custom code (as opposed to using a stock example script provided in TensorFlow): no
OS Platform and Distribution (e.g., Linux Ubuntu 16.04): Ubuntu 16.04
TensorFlow installed from (source or binary): Source
TensorFlow version (use command below):  master branch, commit d0f5bc1
Python version: Python 3.6
Bazel version (if compiling from source):

Build label: 0.13.0
Build target: bazel-out/k8-opt/bin/src/main/java/com/google/devtools/build/lib/bazel/BazelServer_deploy.jar
Build time: Mon Oct 18 21:33:40 +50297 (1525078013620)
Build timestamp: 1525078013620
Build timestamp as int: 1525078013620

GCC/Compiler version (if compiling from source):

gcc (Ubuntu 5.4.0-6ubuntu1~16.04.9) 5.4.0 20160609

CUDA/cuDNN version:

CUDA 9.0 / cuDNN 7.0

GPU model and memory:

GeForce GTX TITAN X 12 Gb

Exact command to reproduce:

bazel build --config=opt --config=cuda //tensorflow/tools/pip_package:build_pip_package
You can collect some of this information using our environment capture script:
https://github.com/tensorflow/tensorflow/tree/master/tools/tf_env_collect.sh
You can obtain the TensorFlow version with
python -c "import tensorflow as tf; print(tf.GIT_VERSION, tf.VERSION)"
Describe the problem
Describe the problem clearly here. Be sure to convey here why it's a bug in TensorFlow or a feature request.
In ./configure I use the default settings for everything except I use /usr/bin/python3.6 and CUDA.
~/tensorflow master* ⇣ ethanbro@rldl2
❯ bazel build --config=opt --config=cuda //tensorflow/tools/pip_package:build_pip_package

This raises the following error:
Starting local Bazel server and connecting to it...
..............
WARNING: The following configs were expanded more than once: [cuda]. For repeatable flags, repeats are counted twice and may lead to unexpected behavior.
WARNING: /home/ethanbro/.cache/bazel/_bazel_ethanbro/5e4124942ab73951559485c7924c6c9e/external/protobuf_archive/WORKSPACE:1: Workspace name in /home/ethanbro/.cache/bazel/_bazel_ethanbro/5e4124942ab73951559485c7924c6c9e/external/protobuf_archive/WORKSPACE (@com_google_protobuf) does not match the name given in the repository's definition (@protobuf_archive); this will cause a build error in future versions
Unhandled exception thrown during build; message: Unrecoverable error while evaluating node 'PACKAGE:tensorflow/core/kernels' (requested by nodes '//tensorflow:libtensorflow_framework.so com.google.devtools.build.lib.skyframe.BuildConfigurationValue$Key@216e49db true (673307310)', '//tensorflow:libtensorflow_framework.so com.google.devtools.build.lib.skyframe.BuildConfigurationValue$Key@6511864 false (1063568825)', '//tensorflow/core/grappler/clusters:single_machine com.google.devtools.build.lib.skyframe.BuildConfigurationValue$Key@216e49db true (1846558957)', '//tensorflow/core/grappler/costs:measuring_cost_estimator com.google.devtools.build.lib.skyframe.BuildConfigurationValue$Key@216e49db true (1957631410)')
INFO: Elapsed time: 3.346s
INFO: 0 processes.
FAILED: Build did NOT complete successfully (130 packages loaded)
    currently loading: tensorflow/core ... (2 packages)
java.lang.RuntimeException: Unrecoverable error while evaluating node 'PACKAGE:tensorflow/core/kernels' (requested by nodes '//tensorflow:libtensorflow_framework.so com.google.devtools.build.lib.skyframe.BuildConfigurationValue$Key@216e49db true (673307310)', '//tensorflow:libtensorflow_framework.so com.google.devtools.build.lib.skyframe.BuildConfigurationValue$Key@6511864 false (1063568825)', '//tensorflow/core/grappler/clusters:single_machine com.google.devtools.build.lib.skyframe.BuildConfigurationValue$Key@216e49db true (1846558957)', '//tensorflow/core/grappler/costs:measuring_cost_estimator com.google.devtools.build.lib.skyframe.BuildConfigurationValue$Key@216e49db true (1957631410)')
	at com.google.devtools.build.skyframe.AbstractParallelEvaluator$Evaluate.run(AbstractParallelEvaluator.java:424)
	at com.google.devtools.build.lib.concurrent.AbstractQueueVisitor$WrappedRunnable.run(AbstractQueueVisitor.java:355)
	at java.util.concurrent.ThreadPoolExecutor.runWorker(ThreadPoolExecutor.java:1149)
	at java.util.concurrent.ThreadPoolExecutor$Worker.run(ThreadPoolExecutor.java:624)
	at java.lang.Thread.run(Thread.java:748)
Caused by: java.lang.IllegalArgumentException: Invalid EvalException:
java.lang.InterruptedException
	at com.google.common.util.concurrent.AbstractFuture.get(AbstractFuture.java:485)
	at com.google.common.util.concurrent.AbstractFuture$TrustedFuture.get(AbstractFuture.java:85)
	at com.google.common.util.concurrent.ForwardingFuture.get(ForwardingFuture.java:62)
	at com.google.devtools.build.lib.vfs.UnixGlob$GlobFuture.get(UnixGlob.java:444)
	at com.google.devtools.build.lib.vfs.UnixGlob$GlobFuture.get(UnixGlob.java:432)
	at com.google.devtools.build.lib.packages.GlobCache.fromFuture(GlobCache.java:219)
	at com.google.devtools.build.lib.packages.GlobCache.getGlobUnsorted(GlobCache.java:161)
	at com.google.devtools.build.lib.packages.GlobCache.globUnsorted(GlobCache.java:248)
	at com.google.devtools.build.lib.packages.PackageFactory$LegacyGlobber.fetch(PackageFactory.java:305)
	at com.google.devtools.build.lib.skyframe.PackageFunction$SkyframeHybridGlobber$HybridToken.resolve(PackageFunction.java:1080)
	at com.google.devtools.build.lib.skyframe.PackageFunction$SkyframeHybridGlobber$HybridToken.access$600(PackageFunction.java:1046)
	at com.google.devtools.build.lib.skyframe.PackageFunction$SkyframeHybridGlobber.fetch(PackageFunction.java:1003)
	at com.google.devtools.build.lib.packages.PackageFactory.callGlob(PackageFactory.java:569)
	at com.google.devtools.build.lib.packages.SkylarkNativeModule.glob(SkylarkNativeModule.java:92)
	at sun.reflect.GeneratedMethodAccessor99.invoke(Unknown Source)
	at sun.reflect.DelegatingMethodAccessorImpl.invoke(DelegatingMethodAccessorImpl.java:43)
	at java.lang.reflect.Method.invoke(Method.java:498)
	at com.google.devtools.build.lib.syntax.FuncallExpression.callMethod(FuncallExpression.java:360)
	at com.google.devtools.build.lib.syntax.BuiltinCallable.call(BuiltinCallable.java:130)
	at com.google.devtools.build.lib.syntax.BaseFunction.callWithArgArray(BaseFunction.java:462)
	at com.google.devtools.build.lib.syntax.BaseFunction.call(BaseFunction.java:440)
	at com.google.devtools.build.lib.syntax.FuncallExpression.invokeObjectMethod(FuncallExpression.java:719)
	at com.google.devtools.build.lib.syntax.FuncallExpression.invokeObjectMethod(FuncallExpression.java:839)
	at com.google.devtools.build.lib.syntax.FuncallExpression.doEval(FuncallExpression.java:823)
	at com.google.devtools.build.lib.syntax.Expression.eval(Expression.java:69)
	at com.google.devtools.build.lib.syntax.BinaryOperatorExpression.doEval(BinaryOperatorExpression.java:251)
	at com.google.devtools.build.lib.syntax.Expression.eval(Expression.java:69)
	at com.google.devtools.build.lib.syntax.Eval.execAssignment(Eval.java:50)
	at com.google.devtools.build.lib.syntax.Eval.execDispatch(Eval.java:171)
	at com.google.devtools.build.lib.syntax.Eval.exec(Eval.java:162)
	at com.google.devtools.build.lib.syntax.Eval.execStatements(Eval.java:210)
	at com.google.devtools.build.lib.syntax.Eval.execIfBranch(Eval.java:62)
	at com.google.devtools.build.lib.syntax.Eval.execDispatch(Eval.java:177)
	at com.google.devtools.build.lib.syntax.Eval.exec(Eval.java:162)
	at com.google.devtools.build.lib.syntax.Eval.execIf(Eval.java:119)
	at com.google.devtools.build.lib.syntax.Eval.execDispatch(Eval.java:193)
	at com.google.devtools.build.lib.syntax.Eval.exec(Eval.java:162)
	at com.google.devtools.build.lib.syntax.UserDefinedFunction.call(UserDefinedFunction.java:91)
	at com.google.devtools.build.lib.syntax.BaseFunction.callWithArgArray(BaseFunction.java:462)
	at com.google.devtools.build.lib.syntax.BaseFunction.call(BaseFunction.java:440)
	at com.google.devtools.build.lib.syntax.FuncallExpression.callFunction(FuncallExpression.java:854)
	at com.google.devtools.build.lib.syntax.FuncallExpression.doEval(FuncallExpression.java:826)
	at com.google.devtools.build.lib.syntax.Expression.eval(Expression.java:69)
	at com.google.devtools.build.lib.syntax.Eval.execDispatch(Eval.java:180)
	at com.google.devtools.build.lib.syntax.Eval.exec(Eval.java:162)
	at com.google.devtools.build.lib.syntax.BuildFileAST.execTopLevelStatement(BuildFileAST.java:225)
	at com.google.devtools.build.lib.syntax.BuildFileAST.exec(BuildFileAST.java:198)
	at com.google.devtools.build.lib.packages.PackageFactory.evaluateBuildFile(PackageFactory.java:1659)
	at com.google.devtools.build.lib.packages.PackageFactory.createPackageFromAst(PackageFactory.java:1298)
	at com.google.devtools.build.lib.skyframe.PackageFunction.loadPackage(PackageFunction.java:1234)
	at com.google.devtools.build.lib.skyframe.PackageFunction.compute(PackageFunction.java:476)
	at com.google.devtools.build.skyframe.AbstractParallelEvaluator$Evaluate.run(AbstractParallelEvaluator.java:347)
	at com.google.devtools.build.lib.concurrent.AbstractQueueVisitor$WrappedRunnable.run(AbstractQueueVisitor.java:355)
	at java.util.concurrent.ThreadPoolExecutor.runWorker(ThreadPoolExecutor.java:1149)
	at java.util.concurrent.ThreadPoolExecutor$Worker.run(ThreadPoolExecutor.java:624)
	at java.lang.Thread.run(Thread.java:748)

	at com.google.devtools.build.lib.syntax.EvalException.<init>(EvalException.java:112)
	at com.google.devtools.build.lib.syntax.EvalException$EvalExceptionWithJavaCause.<init>(EvalException.java:209)
	at com.google.devtools.build.lib.syntax.EvalException$EvalExceptionWithJavaCause.<init>(EvalException.java:217)
	at com.google.devtools.build.lib.syntax.FuncallExpression.callMethod(FuncallExpression.java:393)
	at com.google.devtools.build.lib.syntax.BuiltinCallable.call(BuiltinCallable.java:130)
	at com.google.devtools.build.lib.syntax.BaseFunction.callWithArgArray(BaseFunction.java:462)
	at com.google.devtools.build.lib.syntax.BaseFunction.call(BaseFunction.java:440)
	at com.google.devtools.build.lib.syntax.FuncallExpression.invokeObjectMethod(FuncallExpression.java:719)
	at com.google.devtools.build.lib.syntax.FuncallExpression.invokeObjectMethod(FuncallExpression.java:839)
	at com.google.devtools.build.lib.syntax.FuncallExpression.doEval(FuncallExpression.java:823)
	at com.google.devtools.build.lib.syntax.Expression.eval(Expression.java:69)
	at com.google.devtools.build.lib.syntax.BinaryOperatorExpression.doEval(BinaryOperatorExpression.java:251)
	at com.google.devtools.build.lib.syntax.Expression.eval(Expression.java:69)
	at com.google.devtools.build.lib.syntax.Eval.execAssignment(Eval.java:50)
	at com.google.devtools.build.lib.syntax.Eval.execDispatch(Eval.java:171)
	at com.google.devtools.build.lib.syntax.Eval.exec(Eval.java:162)
	at com.google.devtools.build.lib.syntax.Eval.execStatements(Eval.java:210)
	at com.google.devtools.build.lib.syntax.Eval.execIfBranch(Eval.java:62)
	at com.google.devtools.build.lib.syntax.Eval.execDispatch(Eval.java:177)
	at com.google.devtools.build.lib.syntax.Eval.exec(Eval.java:162)
	at com.google.devtools.build.lib.syntax.Eval.execIf(Eval.java:119)
	at com.google.devtools.build.lib.syntax.Eval.execDispatch(Eval.java:193)
	at com.google.devtools.build.lib.syntax.Eval.exec(Eval.java:162)
	at com.google.devtools.build.lib.syntax.UserDefinedFunction.call(UserDefinedFunction.java:91)
	at com.google.devtools.build.lib.syntax.BaseFunction.callWithArgArray(BaseFunction.java:462)
	at com.google.devtools.build.lib.syntax.BaseFunction.call(BaseFunction.java:440)
	at com.google.devtools.build.lib.syntax.FuncallExpression.callFunction(FuncallExpression.java:854)
	at com.google.devtools.build.lib.syntax.FuncallExpression.doEval(FuncallExpression.java:826)
	at com.google.devtools.build.lib.syntax.Expression.eval(Expression.java:69)
	at com.google.devtools.build.lib.syntax.Eval.execDispatch(Eval.java:180)
	at com.google.devtools.build.lib.syntax.Eval.exec(Eval.java:162)
	at com.google.devtools.build.lib.syntax.BuildFileAST.execTopLevelStatement(BuildFileAST.java:225)
	at com.google.devtools.build.lib.syntax.BuildFileAST.exec(BuildFileAST.java:198)
	at com.google.devtools.build.lib.packages.PackageFactory.evaluateBuildFile(PackageFactory.java:1659)
	at com.google.devtools.build.lib.packages.PackageFactory.createPackageFromAst(PackageFactory.java:1298)
	at com.google.devtools.build.lib.skyframe.PackageFunction.loadPackage(PackageFunction.java:1234)
	at com.google.devtools.build.lib.skyframe.PackageFunction.compute(PackageFunction.java:476)
	at com.google.devtools.build.skyframe.AbstractParallelEvaluator$Evaluate.run(AbstractParallelEvaluator.java:347)
	... 4 more
java.lang.RuntimeException: Unrecoverable error while evaluating node 'PACKAGE:tensorflow/core/kernels' (requested by nodes '//tensorflow:libtensorflow_framework.so com.google.devtools.build.lib.skyframe.BuildConfigurationValue$Key@216e49db true (673307310)', '//tensorflow:libtensorflow_framework.so com.google.devtools.build.lib.skyframe.BuildConfigurationValue$Key@6511864 false (1063568825)', '//tensorflow/core/grappler/clusters:single_machine com.google.devtools.build.lib.skyframe.BuildConfigurationValue$Key@216e49db true (1846558957)', '//tensorflow/core/grappler/costs:measuring_cost_estimator com.google.devtools.build.lib.skyframe.BuildConfigurationValue$Key@216e49db true (1957631410)')
	at com.google.devtools.build.skyframe.AbstractParallelEvaluator$Evaluate.run(AbstractParallelEvaluator.java:424)
	at com.google.devtools.build.lib.concurrent.AbstractQueueVisitor$WrappedRunnable.run(AbstractQueueVisitor.java:355)
	at java.util.concurrent.ThreadPoolExecutor.runWorker(ThreadPoolExecutor.java:1149)
	at java.util.concurrent.ThreadPoolExecutor$Worker.run(ThreadPoolExecutor.java:624)
	at java.lang.Thread.run(Thread.java:748)
Caused by: java.lang.IllegalArgumentException: Invalid EvalException:
java.lang.InterruptedException
	at com.google.common.util.concurrent.AbstractFuture.get(AbstractFuture.java:485)
	at com.google.common.util.concurrent.AbstractFuture$TrustedFuture.get(AbstractFuture.java:85)
	at com.google.common.util.concurrent.ForwardingFuture.get(ForwardingFuture.java:62)
	at com.google.devtools.build.lib.vfs.UnixGlob$GlobFuture.get(UnixGlob.java:444)
	at com.google.devtools.build.lib.vfs.UnixGlob$GlobFuture.get(UnixGlob.java:432)
	at com.google.devtools.build.lib.packages.GlobCache.fromFuture(GlobCache.java:219)
	at com.google.devtools.build.lib.packages.GlobCache.getGlobUnsorted(GlobCache.java:161)
	at com.google.devtools.build.lib.packages.GlobCache.globUnsorted(GlobCache.java:248)
	at com.google.devtools.build.lib.packages.PackageFactory$LegacyGlobber.fetch(PackageFactory.java:305)
	at com.google.devtools.build.lib.skyframe.PackageFunction$SkyframeHybridGlobber$HybridToken.resolve(PackageFunction.java:1080)
	at com.google.devtools.build.lib.skyframe.PackageFunction$SkyframeHybridGlobber$HybridToken.access$600(PackageFunction.java:1046)
	at com.google.devtools.build.lib.skyframe.PackageFunction$SkyframeHybridGlobber.fetch(PackageFunction.java:1003)
	at com.google.devtools.build.lib.packages.PackageFactory.callGlob(PackageFactory.java:569)
	at com.google.devtools.build.lib.packages.SkylarkNativeModule.glob(SkylarkNativeModule.java:92)
	at sun.reflect.GeneratedMethodAccessor99.invoke(Unknown Source)
	at sun.reflect.DelegatingMethodAccessorImpl.invoke(DelegatingMethodAccessorImpl.java:43)
	at java.lang.reflect.Method.invoke(Method.java:498)
	at com.google.devtools.build.lib.syntax.FuncallExpression.callMethod(FuncallExpression.java:360)
	at com.google.devtools.build.lib.syntax.BuiltinCallable.call(BuiltinCallable.java:130)
	at com.google.devtools.build.lib.syntax.BaseFunction.callWithArgArray(BaseFunction.java:462)
	at com.google.devtools.build.lib.syntax.BaseFunction.call(BaseFunction.java:440)
	at com.google.devtools.build.lib.syntax.FuncallExpression.invokeObjectMethod(FuncallExpression.java:719)
	at com.google.devtools.build.lib.syntax.FuncallExpression.invokeObjectMethod(FuncallExpression.java:839)
	at com.google.devtools.build.lib.syntax.FuncallExpression.doEval(FuncallExpression.java:823)
	at com.google.devtools.build.lib.syntax.Expression.eval(Expression.java:69)
	at com.google.devtools.build.lib.syntax.BinaryOperatorExpression.doEval(BinaryOperatorExpression.java:251)
	at com.google.devtools.build.lib.syntax.Expression.eval(Expression.java:69)
	at com.google.devtools.build.lib.syntax.Eval.execAssignment(Eval.java:50)
	at com.google.devtools.build.lib.syntax.Eval.execDispatch(Eval.java:171)
	at com.google.devtools.build.lib.syntax.Eval.exec(Eval.java:162)
	at com.google.devtools.build.lib.syntax.Eval.execStatements(Eval.java:210)
	at com.google.devtools.build.lib.syntax.Eval.execIfBranch(Eval.java:62)
	at com.google.devtools.build.lib.syntax.Eval.execDispatch(Eval.java:177)
	at com.google.devtools.build.lib.syntax.Eval.exec(Eval.java:162)
	at com.google.devtools.build.lib.syntax.Eval.execIf(Eval.java:119)
	at com.google.devtools.build.lib.syntax.Eval.execDispatch(Eval.java:193)
	at com.google.devtools.build.lib.syntax.Eval.exec(Eval.java:162)
	at com.google.devtools.build.lib.syntax.UserDefinedFunction.call(UserDefinedFunction.java:91)
	at com.google.devtools.build.lib.syntax.BaseFunction.callWithArgArray(BaseFunction.java:462)
	at com.google.devtools.build.lib.syntax.BaseFunction.call(BaseFunction.java:440)
	at com.google.devtools.build.lib.syntax.FuncallExpression.callFunction(FuncallExpression.java:854)
	at com.google.devtools.build.lib.syntax.FuncallExpression.doEval(FuncallExpression.java:826)
	at com.google.devtools.build.lib.syntax.Expression.eval(Expression.java:69)
	at com.google.devtools.build.lib.syntax.Eval.execDispatch(Eval.java:180)
	at com.google.devtools.build.lib.syntax.Eval.exec(Eval.java:162)
	at com.google.devtools.build.lib.syntax.BuildFileAST.execTopLevelStatement(BuildFileAST.java:225)
	at com.google.devtools.build.lib.syntax.BuildFileAST.exec(BuildFileAST.java:198)
	at com.google.devtools.build.lib.packages.PackageFactory.evaluateBuildFile(PackageFactory.java:1659)
	at com.google.devtools.build.lib.packages.PackageFactory.createPackageFromAst(PackageFactory.java:1298)
	at com.google.devtools.build.lib.skyframe.PackageFunction.loadPackage(PackageFunction.java:1234)
	at com.google.devtools.build.lib.skyframe.PackageFunction.compute(PackageFunction.java:476)
	at com.google.devtools.build.skyframe.AbstractParallelEvaluator$Evaluate.run(AbstractParallelEvaluator.java:347)
	at com.google.devtools.build.lib.concurrent.AbstractQueueVisitor$WrappedRunnable.run(AbstractQueueVisitor.java:355)
	at java.util.concurrent.ThreadPoolExecutor.runWorker(ThreadPoolExecutor.java:1149)
	at java.util.concurrent.ThreadPoolExecutor$Worker.run(ThreadPoolExecutor.java:624)
	at java.lang.Thread.run(Thread.java:748)

	at com.google.devtools.build.lib.syntax.EvalException.<init>(EvalException.java:112)
	at com.google.devtools.build.lib.syntax.EvalException$EvalExceptionWithJavaCause.<init>(EvalException.java:209)
	at com.google.devtools.build.lib.syntax.EvalException$EvalExceptionWithJavaCause.<init>(EvalException.java:217)
	at com.google.devtools.build.lib.syntax.FuncallExpression.callMethod(FuncallExpression.java:393)
	at com.google.devtools.build.lib.syntax.BuiltinCallable.call(BuiltinCallable.java:130)
	at com.google.devtools.build.lib.syntax.BaseFunction.callWithArgArray(BaseFunction.java:462)
	at com.google.devtools.build.lib.syntax.BaseFunction.call(BaseFunction.java:440)
	at com.google.devtools.build.lib.syntax.FuncallExpression.invokeObjectMethod(FuncallExpression.java:719)
	at com.google.devtools.build.lib.syntax.FuncallExpression.invokeObjectMethod(FuncallExpression.java:839)
	at com.google.devtools.build.lib.syntax.FuncallExpression.doEval(FuncallExpression.java:823)
	at com.google.devtools.build.lib.syntax.Expression.eval(Expression.java:69)
	at com.google.devtools.build.lib.syntax.BinaryOperatorExpression.doEval(BinaryOperatorExpression.java:251)
	at com.google.devtools.build.lib.syntax.Expression.eval(Expression.java:69)
	at com.google.devtools.build.lib.syntax.Eval.execAssignment(Eval.java:50)
	at com.google.devtools.build.lib.syntax.Eval.execDispatch(Eval.java:171)
	at com.google.devtools.build.lib.syntax.Eval.exec(Eval.java:162)
	at com.google.devtools.build.lib.syntax.Eval.execStatements(Eval.java:210)
	at com.google.devtools.build.lib.syntax.Eval.execIfBranch(Eval.java:62)
	at com.google.devtools.build.lib.syntax.Eval.execDispatch(Eval.java:177)
	at com.google.devtools.build.lib.syntax.Eval.exec(Eval.java:162)
	at com.google.devtools.build.lib.syntax.Eval.execIf(Eval.java:119)
	at com.google.devtools.build.lib.syntax.Eval.execDispatch(Eval.java:193)
	at com.google.devtools.build.lib.syntax.Eval.exec(Eval.java:162)
	at com.google.devtools.build.lib.syntax.UserDefinedFunction.call(UserDefinedFunction.java:91)
	at com.google.devtools.build.lib.syntax.BaseFunction.callWithArgArray(BaseFunction.java:462)
	at com.google.devtools.build.lib.syntax.BaseFunction.call(BaseFunction.java:440)
	at com.google.devtools.build.lib.syntax.FuncallExpression.callFunction(FuncallExpression.java:854)
	at com.google.devtools.build.lib.syntax.FuncallExpression.doEval(FuncallExpression.java:826)
	at com.google.devtools.build.lib.syntax.Expression.eval(Expression.java:69)
	at com.google.devtools.build.lib.syntax.Eval.execDispatch(Eval.java:180)
	at com.google.devtools.build.lib.syntax.Eval.exec(Eval.java:162)
	at com.google.devtools.build.lib.syntax.BuildFileAST.execTopLevelStatement(BuildFileAST.java:225)
	at com.google.devtools.build.lib.syntax.BuildFileAST.exec(BuildFileAST.java:198)
	at com.google.devtools.build.lib.packages.PackageFactory.evaluateBuildFile(PackageFactory.java:1659)
	at com.google.devtools.build.lib.packages.PackageFactory.createPackageFromAst(PackageFactory.java:1298)
	at com.google.devtools.build.lib.skyframe.PackageFunction.loadPackage(PackageFunction.java:1234)
	at com.google.devtools.build.lib.skyframe.PackageFunction.compute(PackageFunction.java:476)
	at com.google.devtools.build.skyframe.AbstractParallelEvaluator$Evaluate.run(AbstractParallelEvaluator.java:347)
	... 4 more

Source code / logs
Include any logs or source code that would be helpful to diagnose the problem. If including tracebacks, please include the full traceback. Large logs and files should be attached. Try to provide a reproducible test case that is the bare minimum necessary to generate the problem.
Here is the .tf_configure.bazelrc:
build --action_env PYTHON_BIN_PATH="/usr/bin/python3.6"
build --action_env PYTHON_LIB_PATH="/usr/local/lib/python3.6/dist-packages"
build --python_path="/usr/bin/python3.6"
build --define with_jemalloc=true
build:gcp --define with_gcp_support=true
build:hdfs --define with_hdfs_support=true
build --define with_s3_support=true
build --define with_kafka_support=true
build:xla --define with_xla_support=true
build:gdr --define with_gdr_support=true
build:verbs --define with_verbs_support=true
build --action_env TF_NEED_OPENCL_SYCL="0"
build --action_env TF_NEED_CUDA="1"
build --action_env CUDA_TOOLKIT_PATH="/usr/local/cuda"
build --action_env TF_CUDA_VERSION="9.0"
build --action_env CUDNN_INSTALL_PATH="/usr/lib/x86_64-linux-gnu"
build --action_env TF_CUDNN_VERSION="7"
build --action_env TF_NCCL_VERSION="1"
build --action_env TF_CUDA_COMPUTE_CAPABILITIES="6.1"
build --action_env LD_LIBRARY_PATH="/home/ethanbro/.mujoco/mjpro150/bin:/usr/local/cuda-9.0/lib64:"
build --action_env TF_CUDA_CLANG="0"
build --action_env GCC_HOST_COMPILER_PATH="/usr/bin/gcc"
build --config=cuda
test --config=cuda
build --define grpc_no_ares=true
build:opt --copt=-march=native
build:opt --host_copt=-march=native
build:opt --define with_default_optimizations=true
build --copt=-DGEMMLOWP_ALLOW_SLOW_SCALAR_FALLBACK
build --host_copt=-DGEMMLOWP_ALLOW_SLOW_SCALAR_FALLBACK

Here is the content of tf_env.txt:

== cat /etc/issue ===============================================
Linux rldl2 4.4.0-122-generic #146-Ubuntu SMP Mon Apr 23 15:34:04 UTC 2018 x86_64 x86_64 x86_64 GNU/Linux

== are we in docker =============================================
No

== compiler =====================================================
c++ (Ubuntu 5.4.0-6ubuntu1~16.04.9) 5.4.0 20160609
Copyright (C) 2015 Free Software Foundation, Inc.
This is free software; see the source for copying conditions.  There is NO
warranty; not even for MERCHANTABILITY or FITNESS FOR A PARTICULAR PURPOSE.


== uname -a =====================================================
Linux rldl2 4.4.0-122-generic #146-Ubuntu SMP Mon Apr 23 15:34:04 UTC 2018 x86_64 x86_64 x86_64 GNU/Linux

== check pips ===================================================
numpy                              1.13.3                
protobuf                           3.4.0                 
tensorflow-tensorboard             0.1.8                 

== check for virtualenv =========================================
False

== tensorflow import ============================================
Traceback (most recent call last):
  File "<string>", line 1, in <module>
  File "tensorflow/__init__.py", line 24, in <module>
    from tensorflow.python import pywrap_tensorflow  # pylint: disable=unused-import
  File "tensorflow/python/__init__.py", line 49, in <module>
    from tensorflow.python import pywrap_tensorflow
  File "tensorflow/python/pywrap_tensorflow.py", line 25, in <module>
    from tensorflow.python.platform import self_check
ImportError: No module named platform

== env ==========================================================
LD_LIBRARY_PATH /home/ethanbro/.mujoco/mjpro150/bin:/usr/local/cuda-9.0/lib64:
DYLD_LIBRARY_PATH is unset

== nvidia-smi ===================================================
Tue May  1 23:26:41 2018       
+-----------------------------------------------------------------------------+
| NVIDIA-SMI 384.111                Driver Version: 384.111                   |
|-------------------------------+----------------------+----------------------+
| GPU  Name        Persistence-M| Bus-Id        Disp.A | Volatile Uncorr. ECC |
| Fan  Temp  Perf  Pwr:Usage/Cap|         Memory-Usage | GPU-Util  Compute M. |
|===============================+======================+======================|
|   0  GeForce GTX TIT...  Off  | 00000000:02:00.0 Off |                  N/A |
| 22%   22C    P8    14W / 250W |     12MiB / 12207MiB |      0%      Default |
+-------------------------------+----------------------+----------------------+
|   1  GeForce GTX TIT...  Off  | 00000000:03:00.0 Off |                  N/A |
| 22%   23C    P8    15W / 250W |     11MiB / 12207MiB |      0%      Default |
+-------------------------------+----------------------+----------------------+
|   2  GeForce GTX TIT...  Off  | 00000000:82:00.0 Off |                  N/A |
| 22%   22C    P8    15W / 250W |     11MiB / 12207MiB |      0%      Default |
+-------------------------------+----------------------+----------------------+
|   3  GeForce GTX TIT...  Off  | 00000000:83:00.0 Off |                  N/A |
| 22%   22C    P8    15W / 250W |     11MiB / 12207MiB |      0%      Default |
+-------------------------------+----------------------+----------------------+
                                                                               
+-----------------------------------------------------------------------------+
| Processes:                                                       GPU Memory |
|  GPU       PID   Type   Process name                             Usage      |
|=============================================================================|
|    0      1585      G   /usr/lib/xorg/Xorg                            11MiB |
|    1      1585      G   /usr/lib/xorg/Xorg                            10MiB |
|    2      1585      G   /usr/lib/xorg/Xorg                            10MiB |
|    3      1585      G   /usr/lib/xorg/Xorg                            10MiB |
+-----------------------------------------------------------------------------+

== cuda libs  ===================================================
/usr/local/cuda-9.0/doc/man/man7/libcudart.7
/usr/local/cuda-9.0/doc/man/man7/libcudart.so.7
/usr/local/cuda-9.0/targets/x86_64-linux/lib/libcudart_static.a
/usr/local/cuda-9.0/targets/x86_64-linux/lib/libcudart.so.9.0.176
/usr/local/MATLAB/R2015a/bin/glnxa64/libcudart.so.6.5.14