Missing files and errors during Windows C++ Visual studio build

System information

Have I written custom code (as opposed to using a stock example script provided in TensorFlow): No
OS Platform and Distribution (e.g., Linux Ubuntu 16.04): Windows 10
TensorFlow installed from (source or binary): Source
TensorFlow version (use command below): 1.4
Python version:  3.5
Bazel version (if compiling from source): N/A
GCC/Compiler version (if compiling from source): Cmake 3.10.2, swigwin 3.0.12, Visual studio 2017, but toolset 2015 v140
CUDA/cuDNN version: N/A, trying to build cpu version
GPU model and memory: N/A
Exact command to reproduce:

1. Cmake build:
C:\tensorflow\tensorflow\contrib\cmake\build>cmake .. -A x64 -DCMAKE_BUILD_TYPE=Release ^
More? -DSWIG_EXECUTABLE=C:\swigwin-3.0.12\swig.exe ^
More? -DPYTHON_EXECUTABLE=C:\Users\User\Anaconda3\python.exe  ^
More? -DPYTHON_LIBRARIES=C:\Users\User\Anaconda3\libs\python35.lib

2. Visual studio 2017:
For each project I set in properties:

target platform version: 10.0.16299.0 -> 8.1
platform toolset: Visual studio 2017 (v141) -> Visual studio 2015 (v140)

Then in Configuration Manager I select Release in Active Resolution Configuration.
Describe the problem
I want to use Tensorflow in my Windows C++ application. Therefore I'm trying to build in Visual studio on a Windows system.
However during the build I receive multiple errors, e.g. missing files and multiple projects cannot be built.
Source code / logs
Multiple times I receive this missing file error:
...
C:\tensorflow\tensorflow/core/common_runtime/device.h(37): fatal error C1083: Cannot open include file: 'tensorflow/core/framework/device_attributes.pb_text.h': No such file or directory (compiling source file C:\tensorflow\tensorflow\core\kernels\captured_function.cc)
...

Failed project builds:
79>LINK : fatal error LNK1181: cannot open input file 'C:\tensorflow\tensorflow\contrib\cmake\build\tf_cc_op_gen_main.dir\Release\cc_op_gen.obj'
79>Done building project "stateless_random_ops_gen_cc.vcxproj" -- FAILED.
80>------ Build started: Project: state_ops_gen_cc, Configuration: Release x64 ------
80>Building Custom Rule C:/tensorflow/tensorflow/contrib/cmake/CMakeLists.txt
80>CMake does not need to re-run because C:/tensorflow/tensorflow/contrib/cmake/build/CMakeFiles/generate.stamp is up-to-date.
80>LINK : fatal error LNK1181: cannot open input file 'C:\tensorflow\tensorflow\contrib\cmake\build\tf_cc_op_gen_main.dir\Release\cc_op_gen.obj'
80>Done building project "state_ops_gen_cc.vcxproj" -- FAILED.
81>------ Build started: Project: bitwise_ops_gen_cc, Configuration: Release x64 ------
81>Building Custom Rule C:/tensorflow/tensorflow/contrib/cmake/CMakeLists.txt
81>CMake does not need to re-run because C:/tensorflow/tensorflow/contrib/cmake/build/CMakeFiles/generate.stamp is up-to-date.
81>LINK : fatal error LNK1181: cannot open input file 'C:\tensorflow\tensorflow\contrib\cmake\build\tf_cc_op_gen_main.dir\Release\cc_op_gen.obj'
81>Done building project "bitwise_ops_gen_cc.vcxproj" -- FAILED.
82>------ Build started: Project: candidate_sampling_ops_gen_cc, Configuration: Release x64 ------
82>Building Custom Rule C:/tensorflow/tensorflow/contrib/cmake/CMakeLists.txt
82>CMake does not need to re-run because C:/tensorflow/tensorflow/contrib/cmake/build/CMakeFiles/generate.stamp is up-to-date.
82>LINK : fatal error LNK1181: cannot open input file 'C:\tensorflow\tensorflow\contrib\cmake\build\tf_cc_op_gen_main.dir\Release\cc_op_gen.obj'
82>Done building project "candidate_sampling_ops_gen_cc.vcxproj" -- FAILED.
83>------ Build started: Project: checkpoint_ops_gen_cc, Configuration: Release x64 ------
83>Building Custom Rule C:/tensorflow/tensorflow/contrib/cmake/CMakeLists.txt
83>CMake does not need to re-run because C:/tensorflow/tensorflow/contrib/cmake/build/CMakeFiles/generate.stamp is up-to-date.
83>LINK : fatal error LNK1181: cannot open input file 'C:\tensorflow\tensorflow\contrib\cmake\build\tf_cc_op_gen_main.dir\Release\cc_op_gen.obj'
83>Done building project "checkpoint_ops_gen_cc.vcxproj" -- FAILED.
84>------ Build started: Project: spectral_ops_gen_cc, Configuration: Release x64 ------
84>Building Custom Rule C:/tensorflow/tensorflow/contrib/cmake/CMakeLists.txt
77>tf_array_ops.vcxproj -> C:\tensorflow\tensorflow\contrib\cmake\build\tf_array_ops.dir\Release\tf_array_ops.lib
85>------ Build started: Project: array_ops_gen_cc, Configuration: Release x64 ------
84>CMake does not need to re-run because C:/tensorflow/tensorflow/contrib/cmake/build/CMakeFiles/generate.stamp is up-to-date.
85>Building Custom Rule C:/tensorflow/tensorflow/contrib/cmake/CMakeLists.txt
84>LINK : fatal error LNK1181: cannot open input file 'C:\tensorflow\tensorflow\contrib\cmake\build\tf_cc_op_gen_main.dir\Release\cc_op_gen.obj'
84>Done building project "spectral_ops_gen_cc.vcxproj" -- FAILED.
86>------ Build started: Project: io_ops_gen_cc, Configuration: Release x64 ------
85>CMake does not need to re-run because C:/tensorflow/tensorflow/contrib/cmake/build/CMakeFiles/generate.stamp is up-to-date.
85>LINK : fatal error LNK1181: cannot open input file 'C:\tensorflow\tensorflow\contrib\cmake\build\tf_cc_op_gen_main.dir\Release\cc_op_gen.obj'
86>Building Custom Rule C:/tensorflow/tensorflow/contrib/cmake/CMakeLists.txt
85>Done building project "array_ops_gen_cc.vcxproj" -- FAILED.
87>------ Build started: Project: set_ops_gen_cc, Configuration: Release x64 ------
86>CMake does not need to re-run because C:/tensorflow/tensorflow/contrib/cmake/build/CMakeFiles/generate.stamp is up-to-date.
86>LINK : fatal error LNK1181: cannot open input file 'C:\tensorflow\tensorflow\contrib\cmake\build\tf_cc_op_gen_main.dir\Release\cc_op_gen.obj'
86>Done building project "io_ops_gen_cc.vcxproj" -- FAILED.
88>------ Build started: Project: linalg_ops_gen_cc, Configuration: Release x64 ------
87>Building Custom Rule C:/tensorflow/tensorflow/contrib/cmake/CMakeLists.txt
88>Building Custom Rule C:/tensorflow/tensorflow/contrib/cmake/CMakeLists.txt
87>CMake does not need to re-run because C:/tensorflow/tensorflow/contrib/cmake/build/CMakeFiles/generate.stamp is up-to-date.
88>CMake does not need to re-run because C:/tensorflow/tensorflow/contrib/cmake/build/CMakeFiles/generate.stamp is up-to-date.
88>LINK : fatal error LNK1181: cannot open input file 'C:\tensorflow\tensorflow\contrib\cmake\build\tf_cc_op_gen_main.dir\Release\cc_op_gen.obj'
88>Done building project "linalg_ops_gen_cc.vcxproj" -- FAILED.
89>------ Build started: Project: resource_variable_ops_gen_cc, Configuration: Release x64 ------
87>LINK : fatal error LNK1181: cannot open input file 'C:\tensorflow\tensorflow\contrib\cmake\build\tf_cc_op_gen_main.dir\Release\cc_op_gen.obj'
87>Done building project "set_ops_gen_cc.vcxproj" -- FAILED.
90>------ Build started: Project: math_ops_gen_cc, Configuration: Release x64 ------
89>Building Custom Rule C:/tensorflow/tensorflow/contrib/cmake/CMakeLists.txt
89>CMake does not need to re-run because C:/tensorflow/tensorflow/contrib/cmake/build/CMakeFiles/generate.stamp is up-to-date.
89>LINK : fatal error LNK1181: cannot open input file 'C:\tensorflow\tensorflow\contrib\cmake\build\tf_cc_op_gen_main.dir\Release\cc_op_gen.obj'
89>Done building project "resource_variable_ops_gen_cc.vcxproj" -- FAILED.
91>------ Build started: Project: logging_ops_gen_cc, Configuration: Release x64 ------
90>Building Custom Rule C:/tensorflow/tensorflow/contrib/cmake/CMakeLists.txt
90>CMake does not need to re-run because C:/tensorflow/tensorflow/contrib/cmake/build/CMakeFiles/generate.stamp is up-to-date.
90>LINK : fatal error LNK1181: cannot open input file 'C:\tensorflow\tensorflow\contrib\cmake\build\tf_cc_op_gen_main.dir\Release\cc_op_gen.obj'
90>Done building project "math_ops_gen_cc.vcxproj" -- FAILED.
92>------ Build started: Project: random_ops_gen_cc, Configuration: Release x64 ------
91>Building Custom Rule C:/tensorflow/tensorflow/contrib/cmake/CMakeLists.txt
91>CMake does not need to re-run because C:/tensorflow/tensorflow/contrib/cmake/build/CMakeFiles/generate.stamp is up-to-date.
91>LINK : fatal error LNK1181: cannot open input file 'C:\tensorflow\tensorflow\contrib\cmake\build\tf_cc_op_gen_main.dir\Release\cc_op_gen.obj'
91>Done building project "logging_ops_gen_cc.vcxproj" -- FAILED.
93>------ Build started: Project: lookup_ops_gen_cc, Configuration: Release x64 ------
92>Building Custom Rule C:/tensorflow/tensorflow/contrib/cmake/CMakeLists.txt
93>Building Custom Rule C:/tensorflow/tensorflow/contrib/cmake/CMakeLists.txt
92>CMake does not need to re-run because C:/tensorflow/tensorflow/contrib/cmake/build/CMakeFiles/generate.stamp is up-to-date.
93>CMake does not need to re-run because C:/tensorflow/tensorflow/contrib/cmake/build/CMakeFiles/generate.stamp is up-to-date.
93>LINK : fatal error LNK1181: cannot open input file 'C:\tensorflow\tensorflow\contrib\cmake\build\tf_cc_op_gen_main.dir\Release\cc_op_gen.obj'
93>Done building project "lookup_ops_gen_cc.vcxproj" -- FAILED.
94>------ Build started: Project: sdca_ops_gen_cc, Configuration: Release x64 ------
94>Building Custom Rule C:/tensorflow/tensorflow/contrib/cmake/CMakeLists.txt
92>LINK : fatal error LNK1181: cannot open input file 'C:\tensorflow\tensorflow\contrib\cmake\build\tf_cc_op_gen_main.dir\Release\cc_op_gen.obj'
92>Done building project "random_ops_gen_cc.vcxproj" -- FAILED.
95>------ Build started: Project: image_ops_gen_cc, Configuration: Release x64 ------
94>CMake does not need to re-run because C:/tensorflow/tensorflow/contrib/cmake/build/CMakeFiles/generate.stamp is up-to-date.
95>Building Custom Rule C:/tensorflow/tensorflow/contrib/cmake/CMakeLists.txt
94>LINK : fatal error LNK1181: cannot open input file 'C:\tensorflow\tensorflow\contrib\cmake\build\tf_cc_op_gen_main.dir\Release\cc_op_gen.obj'
94>Done building project "sdca_ops_gen_cc.vcxproj" -- FAILED.
96>------ Build started: Project: nn_ops_gen_cc, Configuration: Release x64 ------
95>CMake does not need to re-run because C:/tensorflow/tensorflow/contrib/cmake/build/CMakeFiles/generate.stamp is up-to-date.
95>LINK : fatal error LNK1181: cannot open input file 'C:\tensorflow\tensorflow\contrib\cmake\build\tf_cc_op_gen_main.dir\Release\cc_op_gen.obj'
95>Done building project "image_ops_gen_cc.vcxproj" -- FAILED.
97>------ Build started: Project: remote_fused_graph_ops_gen_cc, Configuration: Release x64 ------
96>Building Custom Rule C:/tensorflow/tensorflow/contrib/cmake/CMakeLists.txt
96>CMake does not need to re-run because C:/tensorflow/tensorflow/contrib/cmake/build/CMakeFiles/generate.stamp is up-to-date.
96>LINK : fatal error LNK1181: cannot open input file 'C:\tensorflow\tensorflow\contrib\cmake\build\tf_cc_op_gen_main.dir\Release\cc_op_gen.obj'
96>Done building project "nn_ops_gen_cc.vcxproj" -- FAILED.
98>------ Build started: Project: no_op_gen_cc, Configuration: Release x64 ------
97>Building Custom Rule C:/tensorflow/tensorflow/contrib/cmake/CMakeLists.txt
98>Building Custom Rule C:/tensorflow/tensorflow/contrib/cmake/CMakeLists.txt
97>CMake does not need to re-run because C:/tensorflow/tensorflow/contrib/cmake/build/CMakeFiles/generate.stamp is up-to-date.
98>CMake does not need to re-run because C:/tensorflow/tensorflow/contrib/cmake/build/CMakeFiles/generate.stamp is up-to-date.
98>LINK : fatal error LNK1181: cannot open input file 'C:\tensorflow\tensorflow\contrib\cmake\build\tf_cc_op_gen_main.dir\Release\cc_op_gen.obj'
98>Done building project "no_op_gen_cc.vcxproj" -- FAILED.
99>------ Build started: Project: control_flow_ops_gen_cc, Configuration: Release x64 ------
99>Building Custom Rule C:/tensorflow/tensorflow/contrib/cmake/CMakeLists.txt
97>LINK : fatal error LNK1181: cannot open input file 'C:\tensorflow\tensorflow\contrib\cmake\build\tf_cc_op_gen_main.dir\Release\cc_op_gen.obj'
97>Done building project "remote_fused_graph_ops_gen_cc.vcxproj" -- FAILED.
100>------ Build started: Project: parsing_ops_gen_cc, Configuration: Release x64 ------
99>CMake does not need to re-run because C:/tensorflow/tensorflow/contrib/cmake/build/CMakeFiles/generate.stamp is up-to-date.
99>LINK : fatal error LNK1181: cannot open input file 'C:\tensorflow\tensorflow\contrib\cmake\build\tf_cc_op_gen_main.dir\Release\cc_op_gen.obj'
99>Done building project "control_flow_ops_gen_cc.vcxproj" -- FAILED.
101>------ Build started: Project: ctc_ops_gen_cc, Configuration: Release x64 ------
100>Building Custom Rule C:/tensorflow/tensorflow/contrib/cmake/CMakeLists.txt
101>Building Custom Rule C:/tensorflow/tensorflow/contrib/cmake/CMakeLists.txt
100>CMake does not need to re-run because C:/tensorflow/tensorflow/contrib/cmake/build/CMakeFiles/generate.stamp is up-to-date.
101>CMake does not need to re-run because C:/tensorflow/tensorflow/contrib/cmake/build/CMakeFiles/generate.stamp is up-to-date.
101>LINK : fatal error LNK1181: cannot open input file 'C:\tensorflow\tensorflow\contrib\cmake\build\tf_cc_op_gen_main.dir\Release\cc_op_gen.obj'
101>Done building project "ctc_ops_gen_cc.vcxproj" -- FAILED.
102>------ Build started: Project: script_ops_gen_cc, Configuration: Release x64 ------
102>Building Custom Rule C:/tensorflow/tensorflow/contrib/cmake/CMakeLists.txt
100>LINK : fatal error LNK1181: cannot open input file 'C:\tensorflow\tensorflow\contrib\cmake\build\tf_cc_op_gen_main.dir\Release\cc_op_gen.obj'
100>Done building project "parsing_ops_gen_cc.vcxproj" -- FAILED.
103>------ Build started: Project: data_flow_ops_gen_cc, Configuration: Release x64 ------
102>CMake does not need to re-run because C:/tensorflow/tensorflow/contrib/cmake/build/CMakeFiles/generate.stamp is up-to-date.
102>LINK : fatal error LNK1181: cannot open input file 'C:\tensorflow\tensorflow\contrib\cmake\build\tf_cc_op_gen_main.dir\Release\cc_op_gen.obj'
102>Done building project "script_ops_gen_cc.vcxproj" -- FAILED.
104>------ Build started: Project: dataset_ops_gen_cc, Configuration: Release x64 ------
103>Building Custom Rule C:/tensorflow/tensorflow/contrib/cmake/CMakeLists.txt
103>CMake does not need to re-run because C:/tensorflow/tensorflow/contrib/cmake/build/CMakeFiles/generate.stamp is up-to-date.
103>LINK : fatal error LNK1181: cannot open input file 'C:\tensorflow\tensorflow\contrib\cmake\build\tf_cc_op_gen_main.dir\Release\cc_op_gen.obj'
103>Done building project "data_flow_ops_gen_cc.vcxproj" -- FAILED.
105>------ Build started: Project: sparse_ops_gen_cc, Configuration: Release x64 ------
104>Building Custom Rule C:/tensorflow/tensorflow/contrib/cmake/CMakeLists.txt
105>Building Custom Rule C:/tensorflow/tensorflow/contrib/cmake/CMakeLists.txt
104>CMake does not need to re-run because C:/tensorflow/tensorflow/contrib/cmake/build/CMakeFiles/generate.stamp is up-to-date.
105>CMake does not need to re-run because C:/tensorflow/tensorflow/contrib/cmake/build/CMakeFiles/generate.stamp is up-to-date.
105>LINK : fatal error LNK1181: cannot open input file 'C:\tensorflow\tensorflow\contrib\cmake\build\tf_cc_op_gen_main.dir\Release\cc_op_gen.obj'
105>Done building project "sparse_ops_gen_cc.vcxproj" -- FAILED.
106>------ Build started: Project: functional_ops_gen_cc, Configuration: Release x64 ------
104>LINK : fatal error LNK1181: cannot open input file 'C:\tensorflow\tensorflow\contrib\cmake\build\tf_cc_op_gen_main.dir\Release\cc_op_gen.obj'
104>Done building project "dataset_ops_gen_cc.vcxproj" -- FAILED.
107>------ Build started: Project: string_ops_gen_cc, Configuration: Release x64 ------
106>Building Custom Rule C:/tensorflow/tensorflow/contrib/cmake/CMakeLists.txt
106>CMake does not need to re-run because C:/tensorflow/tensorflow/contrib/cmake/build/CMakeFiles/generate.stamp is up-to-date.
106>LINK : fatal error LNK1181: cannot open input file 'C:\tensorflow\tensorflow\contrib\cmake\build\tf_cc_op_gen_main.dir\Release\cc_op_gen.obj'
106>Done building project "functional_ops_gen_cc.vcxproj" -- FAILED.
108>------ Build started: Project: sendrecv_ops_gen_cc, Configuration: Release x64 ------
107>Building Custom Rule C:/tensorflow/tensorflow/contrib/cmake/CMakeLists.txt
108>Building Custom Rule C:/tensorflow/tensorflow/contrib/cmake/CMakeLists.txt
107>CMake does not need to re-run because C:/tensorflow/tensorflow/contrib/cmake/build/CMakeFiles/generate.stamp is up-to-date.
108>CMake does not need to re-run because C:/tensorflow/tensorflow/contrib/cmake/build/CMakeFiles/generate.stamp is up-to-date.
108>LINK : fatal error LNK1181: cannot open input file 'C:\tensorflow\tensorflow\contrib\cmake\build\tf_cc_op_gen_main.dir\Release\cc_op_gen.obj'
108>Done building project "sendrecv_ops_gen_cc.vcxproj" -- FAILED.
109>------ Build started: Project: training_ops_gen_cc, Configuration: Release x64 ------
107>LINK : fatal error LNK1181: cannot open input file 'C:\tensorflow\tensorflow\contrib\cmake\build\tf_cc_op_gen_main.dir\Release\cc_op_gen.obj'
107>Done building project "string_ops_gen_cc.vcxproj" -- FAILED.
110>------ Build started: Project: user_ops_gen_cc, Configuration: Release x64 ------
109>Building Custom Rule C:/tensorflow/tensorflow/contrib/cmake/CMakeLists.txt
109>CMake does not need to re-run because C:/tensorflow/tensorflow/contrib/cmake/build/CMakeFiles/generate.stamp is up-to-date.
109>LINK : fatal error LNK1181: cannot open input file 'C:\tensorflow\tensorflow\contrib\cmake\build\tf_cc_op_gen_main.dir\Release\cc_op_gen.obj'
109>Done building project "training_ops_gen_cc.vcxproj" -- FAILED.
111>------ Build started: Project: tf_core_cpu, Configuration: Release x64 ------
110>Building Custom Rule C:/tensorflow/tensorflow/contrib/cmake/CMakeLists.txt
111>Building Custom Rule C:/tensorflow/tensorflow/contrib/cmake/CMakeLists.txt
110>CMake does not need to re-run because C:/tensorflow/tensorflow/contrib/cmake/build/CMakeFiles/generate.stamp is up-to-date.
111>CMake does not need to re-run because C:/tensorflow/tensorflow/contrib/cmake/build/CMakeFiles/generate.stamp is up-to-date.
111>loader.cc
110>LINK : fatal error LNK1181: cannot open input file 'C:\tensorflow\tensorflow\contrib\cmake\build\tf_cc_op_gen_main.dir\Release\cc_op_gen.obj'
...

152>------ Build started: Project: contrib_tensor_forest_stats_ops_gen_python, Configuration: Release x64 ------
121>padded_batch_dataset_op.cc
121>padding_fifo_queue.cc
121>padding_fifo_queue_op.cc
152>Building Custom Rule C:/tensorflow/tensorflow/contrib/cmake/CMakeLists.txt
152>CMake does not need to re-run because C:/tensorflow/tensorflow/contrib/cmake/build/CMakeFiles/generate.stamp is up-to-date.
121>parallel_map_dataset_op.cc
152>LINK : fatal error LNK1181: cannot open input file 'C:\tensorflow\tensorflow\contrib\cmake\build\tf_python_op_gen_main.dir\Release\python_eager_op_gen.obj'
152>Done building project "contrib_tensor_forest_stats_ops_gen_python.vcxproj" -- FAILED.
153>------ Build started: Project: contrib_text_skip_gram_ops_gen_python, Configuration: Release x64 ------
121>parameterized_truncated_normal_op.cc
121>parse_tensor_op.cc
121>C:\tensorflow\tensorflow/core/common_runtime/device.h(37): fatal error C1083: Cannot open include file: 'tensorflow/core/framework/device_attributes.pb_text.h': No such file or directory (compiling source file C:\tensorflow\tensorflow\core\kernels\parallel_map_dataset_op.cc)
121>pooling_ops_3d.cc
121>pooling_ops_common.cc
121>population_count_op.cc
121>C:\tensorflow\tensorflow/core/common_runtime/device.h(37): fatal error C1083: Cannot open include file: 'tensorflow/core/framework/device_attributes.pb_text.h': No such file or directory (compiling source file C:\tensorflow\tensorflow\core\kernels\pooling_ops_common.cc)
121>prefetch_dataset_op.cc
153>Building Custom Rule C:/tensorflow/tensorflow/contrib/cmake/CMakeLists.txt
153>CMake does not need to re-run because C:/tensorflow/tensorflow/contrib/cmake/build/CMakeFiles/generate.stamp is up-to-date.
153>LINK : fatal error LNK1181: cannot open input file 'C:\tensorflow\tensorflow\contrib\cmake\build\tf_python_op_gen_main.dir\Release\python_eager_op_gen.obj'
121>priority_queue.cc
153>Done building project "contrib_text_skip_gram_ops_gen_python.vcxproj" -- FAILED.
154>------ Build started: Project: control_flow_ops_gen_python, Configuration: Release x64 ------
121>priority_queue_op.cc
154>Building Custom Rule C:/tensorflow/tensorflow/contrib/cmake/CMakeLists.txt
121>qr_op_complex128.cc
121>qr_op_complex64.cc
121>qr_op_double.cc
154>CMake does not need to re-run because C:/tensorflow/tensorflow/contrib/cmake/build/CMakeFiles/generate.stamp is up-to-date.
154>LINK : fatal error LNK1181: cannot open input file 'C:\tensorflow\tensorflow\contrib\cmake\build\tf_python_op_gen_main.dir\Release\python_eager_op_gen.obj'
154>Done building project "control_flow_ops_gen_python.vcxproj" -- FAILED.
155>------ Build started: Project: ctc_ops_gen_python, Configuration: Release x64 ------
121>qr_op_float.cc
155>Building Custom Rule C:/tensorflow/tensorflow/contrib/cmake/CMakeLists.txt
155>CMake does not need to re-run because C:/tensorflow/tensorflow/contrib/cmake/build/CMakeFiles/generate.stamp is up-to-date.
155>LINK : fatal error LNK1181: cannot open input file 'C:\tensorflow\tensorflow\contrib\cmake\build\tf_python_op_gen_main.dir\Release\python_eager_op_gen.obj'
155>Done building project "ctc_ops_gen_python.vcxproj" -- FAILED.

150>C:\tensorflow\tensorflow/core/common_runtime/device.h(37): fatal error C1083: Cannot open include file: 'tensorflow/core/framework/device_attributes.pb_text.h': No such file or directory
150>Done building project "tf_core_direct_session.vcxproj" -- FAILED.
151>------ Build started: Project: tf_contrib_tensor_forest_stats_ops, Configuration: Release x64 ------
121>mirror_pad_op_cpu_impl_3.cc
121>mirror_pad_op_cpu_impl_4.cc
121>mirror_pad_op_cpu_impl_5.cc
121>mkl_aggregate_ops.cc
121>mkl_avgpooling_op.cc
121>mkl_concat_op.cc
121>mkl_conv_grad_bias_ops.cc
121>mkl_conv_grad_filter_ops.cc
121>mkl_conv_grad_input_ops.cc
121>mkl_conv_ops.cc
121>mkl_cwise_ops_common.cc
121>mkl_fused_batch_norm_op.cc
121>mkl_identity_op.cc
121>mkl_input_conversion_op.cc
121>mkl_lrn_op.cc
121>mkl_matmul_op.cc
121>mkl_maxpooling_op.cc
121>mkl_pooling_ops_common.cc
121>mkl_relu_op.cc
121>mkl_reshape_op.cc
121>mkl_transpose_op.cc
121>multinomial_op.cc
121>no_op.cc
121>non_max_suppression_op.cc
121>one_hot_op.cc
121>ops_util.cc
121>pack_op.cc
121>pad_op.cc
152>------ Build started: Project: contrib_tensor_forest_stats_ops_gen_python, Configuration: Release x64 ------
121>padded_batch_dataset_op.cc
121>padding_fifo_queue.cc
121>padding_fifo_queue_op.cc
152>Building Custom Rule C:/tensorflow/tensorflow/contrib/cmake/CMakeLists.txt
152>CMake does not need to re-run because C:/tensorflow/tensorflow/contrib/cmake/build/CMakeFiles/generate.stamp is up-to-date.
121>parallel_map_dataset_op.cc
152>LINK : fatal error LNK1181: cannot open input file 'C:\tensorflow\tensorflow\contrib\cmake\build\tf_python_op_gen_main.dir\Release\python_eager_op_gen.obj'
152>Done building project "contrib_tensor_forest_stats_ops_gen_python.vcxproj" -- FAILED.
153>------ Build started: Project: contrib_text_skip_gram_ops_gen_python, Configuration: Release x64 ------
121>parameterized_truncated_normal_op.cc
121>parse_tensor_op.cc
121>C:\tensorflow\tensorflow/core/common_runtime/device.h(37): fatal error C1083: Cannot open include file: 'tensorflow/core/framework/device_attributes.pb_text.h': No such file or directory (compiling source file C:\tensorflow\tensorflow\core\kernels\parallel_map_dataset_op.cc)
121>pooling_ops_3d.cc
121>pooling_ops_common.cc
121>population_count_op.cc
121>C:\tensorflow\tensorflow/core/common_runtime/device.h(37): fatal error C1083: Cannot open include file: 'tensorflow/core/framework/device_attributes.pb_text.h': No such file or directory (compiling source file C:\tensorflow\tensorflow\core\kernels\pooling_ops_common.cc)
121>prefetch_dataset_op.cc
153>Building Custom Rule C:/tensorflow/tensorflow/contrib/cmake/CMakeLists.txt
153>CMake does not need to re-run because C:/tensorflow/tensorflow/contrib/cmake/build/CMakeFiles/generate.stamp is up-to-date.
153>LINK : fatal error LNK1181: cannot open input file 'C:\tensorflow\tensorflow\contrib\cmake\build\tf_python_op_gen_main.dir\Release\python_eager_op_gen.obj'
121>priority_queue.cc
153>Done building project "contrib_text_skip_gram_ops_gen_python.vcxproj" -- FAILED.
154>------ Build started: Project: control_flow_ops_gen_python, Configuration: Release x64 ------
121>priority_queue_op.cc
154>Building Custom Rule C:/tensorflow/tensorflow/contrib/cmake/CMakeLists.txt
121>qr_op_complex128.cc
121>qr_op_complex64.cc
121>qr_op_double.cc
154>CMake does not need to re-run because C:/tensorflow/tensorflow/contrib/cmake/build/CMakeFiles/generate.stamp is up-to-date.
154>LINK : fatal error LNK1181: cannot open input file 'C:\tensorflow\tensorflow\contrib\cmake\build\tf_python_op_gen_main.dir\Release\python_eager_op_gen.obj'
154>Done building project "control_flow_ops_gen_python.vcxproj" -- FAILED.
155>------ Build started: Project: ctc_ops_gen_python, Configuration: Release x64 ------
121>qr_op_float.cc
155>Building Custom Rule C:/tensorflow/tensorflow/contrib/cmake/CMakeLists.txt
155>CMake does not need to re-run because C:/tensorflow/tensorflow/contrib/cmake/build/CMakeFiles/generate.stamp is up-to-date.
155>LINK : fatal error LNK1181: cannot open input file 'C:\tensorflow\tensorflow\contrib\cmake\build\tf_python_op_gen_main.dir\Release\python_eager_op_gen.obj'
155>Done building project "ctc_ops_gen_python.vcxproj" -- FAILED.
156>------ Build started: Project: data_flow_ops_gen_python, Configuration: Release x64 ------
121>queue_base.cc
121>queue_ops.cc
121>random_crop_op.cc
121>random_op.cc
121>random_poisson_op.cc
121>random_shuffle_op.cc
157>------ Build started: Project: dataset_ops_gen_python, Configuration: Release x64 ------
121>random_shuffle_queue_op.cc
157>Building Custom Rule C:/tensorflow/tensorflow/contrib/cmake/CMakeLists.txt
121>range_dataset_op.cc
157>CMake does not need to re-run because C:/tensorflow/tensorflow/contrib/cmake/build/CMakeFiles/generate.stamp is up-to-date.
121>range_sampler.cc
121>reader_dataset_ops.cc
121>reader_ops.cc
157>LINK : fatal error LNK1181: cannot open input file 'C:\tensorflow\tensorflow\contrib\cmake\build\tf_python_op_gen_main.dir\Release\python_eager_op_gen.obj'
157>Done building project "dataset_ops_gen_python.vcxproj" -- FAILED.
158>------ Build started: Project: debug_ops_gen_python, Configuration: Release x64 ------
121>record_input_op.cc
121>record_yielder.cc
121>reduce_join_op.cc
121>reduction_ops_all.cc
121>reduction_ops_any.cc
121>reduction_ops_common.cc
121>reduction_ops_max.cc
158>Building Custom Rule C:/tensorflow/tensorflow/contrib/cmake/CMakeLists.txt
158>CMake does not need to re-run because C:/tensorflow/tensorflow/contrib/cmake/build/CMakeFiles/generate.stamp is up-to-date.
121>reduction_ops_mean.cc
158>LINK : fatal error LNK1181: cannot open input file 'C:\tensorflow\tensorflow\contrib\cmake\build\tf_python_op_gen_main.dir\Release\python_eager_op_gen.obj'
158>Done building project "debug_ops_gen_python.vcxproj" -- FAILED.
159>------ Build started: Project: functional_ops_gen_python, Configuration: Release x64 ------
121>reduction_ops_min.cc
121>reduction_ops_prod.cc
121>reduction_ops_sum.cc
159>Building Custom Rule C:/tensorflow/tensorflow/contrib/cmake/CMakeLists.txt
159>CMake does not need to re-run because C:/tensorflow/tensorflow/contrib/cmake/build/CMakeFiles/generate.stamp is up-to-date.
159>LINK : fatal error LNK1181: cannot open input file 'C:\tensorflow\tensorflow\contrib\cmake\build\tf_python_op_gen_main.dir\Release\python_eager_op_gen.obj'
159>Done building project "functional_ops_gen_python.vcxproj" -- FAILED.
160>------ Build started: Project: image_ops_gen_python, Configuration: Release x64 ------
160>Building Custom Rule C:/tensorflow/tensorflow/contrib/cmake/CMakeLists.txt
160>CMake does not need to re-run because C:/tensorflow/tensorflow/contrib/cmake/build/CMakeFiles/generate.stamp is up-to-date.
160>LINK : fatal error LNK1181: cannot open input file 'C:\tensorflow\tensorflow\contrib\cmake\build\tf_python_op_gen_main.dir\Release\python_eager_op_gen.obj'
160>Done building project "image_ops_gen_python.vcxproj" -- FAILED.
161>------ Build started: Project: io_ops_gen_python, Configuration: Release x64 ------
121>relu_op.cc
121>remote_fused_graph_execute_op.cc
161>Building Custom Rule C:/tensorflow/tensorflow/contrib/cmake/CMakeLists.txt
161>CMake does not need to re-run because C:/tensorflow/tensorflow/contrib/cmake/build/CMakeFiles/generate.stamp is up-to-date.
121>remote_fused_graph_execute_utils.cc
121>C:\tensorflow\tensorflow\core\kernels\remote_fused_graph_execute_op.cc(74): warning C4373: 'tensorflow::RemoteFusedGraphExecuteOp::Compute': virtual function overrides 'tensorflow::OpKernel::Compute', previous versions of the compiler did not override when parameters only differed by const/volatile qualifiers
121>C:\tensorflow\tensorflow/core/framework/op_kernel.h(102): note: see declaration of 'tensorflow::OpKernel::Compute'
121>repeat_dataset_op.cc
121>reshape_op.cc
161>LINK : fatal error LNK1181: cannot open input file 'C:\tensorflow\tensorflow\contrib\cmake\build\tf_python_op_gen_main.dir\Release\python_eager_op_gen.obj'
161>Done building project "io_ops_gen_python.vcxproj" -- FAILED.
162>------ Build started: Project: linalg_ops_gen_python, Configuration: Release x64 ------
121>resize_area_op.cc
121>C:\tensorflow\tensorflow/core/common_runtime/device.h(37): fatal error C1083: Cannot open include file: 'tensorflow/core/framework/device_attributes.pb_text.h': No such file or directory (compiling source file C:\tensorflow\tensorflow\core\kernels\remote_fused_graph_execute_utils.cc)
121>resize_bicubic_op.cc
121>resize_bilinear_op.cc
121>resize_nearest_neighbor_op.cc
121>resource_variable_ops.cc
121>restore_op.cc
121>reverse_op.cc
121>reverse_sequence_op.cc
121>C:\tensorflow\tensorflow/core/util/tensor_slice_writer.h(36): fatal error C1083: Cannot open include file: 'tensorflow/core/util/saved_tensor_slice.pb_text.h': No such file or directory (compiling source file C:\tensorflow\tensorflow\core\kernels\restore_op.cc)
121>sample_distorted_bounding_box_op.cc
121>save_op.cc
121>save_restore_tensor.cc
163>------ Build started: Project: logging_ops_gen_python, Configuration: Release x64 ------
163>Building Custom Rule C:/tensorflow/tensorflow/contrib/cmake/CMakeLists.txt
121>C:\tensorflow\tensorflow/core/util/tensor_slice_writer.h(36): fatal error C1083: Cannot open include file: 'tensorflow/core/util/saved_tensor_slice.pb_text.h': No such file or directory (compiling source file C:\tensorflow\tensorflow\core\kernels\save_op.cc)
121>save_restore_v2_ops.cc
163>CMake does not need to re-run because C:/tensorflow/tensorflow/contrib/cmake/build/CMakeFiles/generate.stamp is up-to-date.
121>C:\tensorflow\tensorflow/core/util/tensor_slice_writer.h(36): fatal error C1083: Cannot open include file: 'tensorflow/core/util/saved_tensor_slice.pb_text.h': No such file or directory (compiling source file C:\tensorflow\tensorflow\core\kernels\save_restore_tensor.cc)
121>scan_ops.cc
163>LINK : fatal error LNK1181: cannot open input file 'C:\tensorflow\tensorflow\contrib\cmake\build\tf_python_op_gen_main.dir\Release\python_eager_op_gen.obj'
163>Done building project "logging_ops_gen_python.vcxproj" -- FAILED.
164>------ Build started: Project: lookup_ops_gen_python, Configuration: Release x64 ------
121>C:\tensorflow\tensorflow/core/util/tensor_slice_writer.h(36): fatal error C1083: Cannot open include file: 'tensorflow/core/util/saved_tensor_slice.pb_text.h': No such file or directory (compiling source file C:\tensorflow\tensorflow\core\kernels\save_restore_v2_ops.cc)
121>scatter_functor.cc
121>scatter_nd_op.cc
164>Building Custom Rule C:/tensorflow/tensorflow/contrib/cmake/CMakeLists.txt
164>CMake does not need to re-run because C:/tensorflow/tensorflow/contrib/cmake/build/CMakeFiles/generate.stamp is up-to-date.
121>scatter_nd_op_cpu_impl_0.cc
121>scatter_nd_op_cpu_impl_1.cc
164>LINK : fatal error LNK1181: cannot open input file 'C:\tensorflow\tensorflow\contrib\cmake\build\tf_python_op_gen_main.dir\Release\python_eager_op_gen.obj'
164>Done building project "lookup_ops_gen_python.vcxproj" -- FAILED.
165>------ Build started: Project: math_ops_gen_python, Configuration: Release x64 ------
121>scatter_nd_op_cpu_impl_2.cc
121>scatter_nd_op_cpu_impl_3.cc
121>scatter_nd_op_cpu_impl_4.cc
121>scatter_nd_op_cpu_impl_5.cc
121>scatter_op.cc
166>------ Build started: Project: nn_ops_gen_python, Configuration: Release x64 ------
121>sdca_internal.cc
121>sdca_ops.cc
121>segment_reduction_ops.cc
121>self_adjoint_eig_op.cc
121>self_adjoint_eig_v2_op_complex128.cc
166>Building Custom Rule C:/tensorflow/tensorflow/contrib/cmake/CMakeLists.txt
166>CMake does not need to re-run because C:/tensorflow/tensorflow/contrib/cmake/build/CMakeFiles/generate.stamp is up-to-date.
121>self_adjoint_eig_v2_op_complex64.cc
166>LINK : fatal error LNK1181: cannot open input file 'C:\tensorflow\tensorflow\contrib\cmake\build\tf_python_op_gen_main.dir\Release\python_eager_op_gen.obj'
121>self_adjoint_eig_v2_op_double.cc
166>Done building project "nn_ops_gen_python.vcxproj" -- FAILED.
167>------ Build started: Project: parsing_ops_gen_python, Configuration: Release x64 ------
167>Building Custom Rule C:/tensorflow/tensorflow/contrib/cmake/CMakeLists.txt
167>CMake does not need to re-run because C:/tensorflow/tensorflow/contrib/cmake/build/CMakeFiles/generate.stamp is up-to-date.
121>self_adjoint_eig_v2_op_float.cc
121>self_adjoint_eig_v2_op_gpu.cc
121>sendrecv_ops.cc
121>sequence_ops.cc
121>serialize_sparse_op.cc
167>LINK : fatal error LNK1181: cannot open input file 'C:\tensorflow\tensorflow\contrib\cmake\build\tf_python_op_gen_main.dir\Release\python_eager_op_gen.obj'
167>Done building project "parsing_ops_gen_python.vcxproj" -- FAILED.
168>------ Build started: Project: random_ops_gen_python, Configuration: Release x64 ------
121>session_ops.cc
121>set_kernels.cc
121>C:\tensorflow\tensorflow/core/common_runtime/device.h(37): fatal error C1083: Cannot open include file: 'tensorflow/core/framework/device_attributes.pb_text.h': No such file or directory (compiling source file C:\tensorflow\tensorflow\core\kernels\session_ops.cc)
121>shape_ops.cc
121>shuffle_dataset_op.cc
121>skip_dataset_op.cc
168>Building Custom Rule C:/tensorflow/tensorflow/contrib/cmake/CMakeLists.txt
168>CMake does not need to re-run because C:/tensorflow/tensorflow/contrib/cmake/build/CMakeFiles/generate.stamp is up-to-date.
121>slice_op.cc
121>slice_op_cpu_impl_1.cc
121>slice_op_cpu_impl_2.cc
121>slice_op_cpu_impl_3.cc
121>slice_op_cpu_impl_4.cc
121>slice_op_cpu_impl_5.cc
168>LINK : fatal error LNK1181: cannot open input file 'C:\tensorflow\tensorflow\contrib\cmake\build\tf_python_op_gen_main.dir\Release\python_eager_op_gen.obj'
168>Done building project "random_ops_gen_python.vcxproj" -- FAILED.
169>------ Build started: Project: remote_fused_graph_ops_gen_python, Configuration: Release x64 ------
169>Building Custom Rule C:/tensorflow/tensorflow/contrib/cmake/CMakeLists.txt
169>CMake does not need to re-run because C:/tensorflow/tensorflow/contrib/cmake/build/CMakeFiles/generate.stamp is up-to-date.
121>slice_op_cpu_impl_6.cc
121>slice_op_cpu_impl_7.cc
121>sloppy_interleave_dataset_op.cc
121>softmax_op.cc
169>LINK : fatal error LNK1181: cannot open input file 'C:\tensorflow\tensorflow\contrib\cmake\build\tf_python_op_gen_main.dir\Release\python_eager_op_gen.obj'
169>Done building project "remote_fused_graph_ops_gen_python.vcxproj" -- FAILED.
170>------ Build started: Project: resource_variable_ops_gen_python, Configuration: Release x64 ------
121>C:\tensorflow\tensorflow/core/common_runtime/device.h(37): fatal error C1083: Cannot open include file: 'tensorflow/core/framework/device_attributes.pb_text.h': No such file or directory (compiling source file C:\tensorflow\tensorflow\core\kernels\sloppy_interleave_dataset_op.cc)
121>softplus_op.cc
121>softsign_op.cc
121>spacetobatch_functor.cc
170>Building Custom Rule C:/tensorflow/tensorflow/contrib/cmake/CMakeLists.txt
121>spacetobatch_op.cc
170>CMake does not need to re-run because C:/tensorflow/tensorflow/contrib/cmake/build/CMakeFiles/generate.stamp is up-to-date.
170>LINK : fatal error LNK1181: cannot open input file 'C:\tensorflow\tensorflow\contrib\cmake\build\tf_python_op_gen_main.dir\Release\python_eager_op_gen.obj'
170>Done building project "resource_variable_ops_gen_python.vcxproj" -- FAILED.
171>------ Build started: Project: script_ops_gen_python, Configuration: Release x64 ------
121>C:\tensorflow\tensorflow\core\kernels\spacetobatch_op.cc(196): warning C4002: too many actual parameters for macro 'TF_SPACETOBATCH_BLOCK_DIMS_CASE'
121>spacetodepth_op.cc
121>sparse_add_grad_op.cc
121>sparse_add_op.cc
121>sparse_concat_op.cc
171>Building Custom Rule C:/tensorflow/tensorflow/contrib/cmake/CMakeLists.txt
171>CMake does not need to re-run because C:/tensorflow/tensorflow/contrib/cmake/build/CMakeFiles/generate.stamp is up-to-date.
121>sparse_conditional_accumulator_op.cc
121>sparse_cross_op.cc
171>LINK : fatal error LNK1181: cannot open input file 'C:\tensorflow\tensorflow\contrib\cmake\build\tf_python_op_gen_main.dir\Release\python_eager_op_gen.obj'
171>Done building project "script_ops_gen_python.vcxproj" -- FAILED.
172>------ Build started: Project: sdca_ops_gen_python, Configuration: Release x64 ------
121>sparse_dense_binary_op_shared.cc
172>Building Custom Rule C:/tensorflow/tensorflow/contrib/cmake/CMakeLists.txt
121>sparse_fill_empty_rows_op.cc
172>CMake does not need to re-run because C:/tensorflow/tensorflow/contrib/cmake/build/CMakeFiles/generate.stamp is up-to-date.
121>sparse_matmul_op.cc
121>C:\tensorflow\tensorflow/core/common_runtime/device.h(37): fatal error C1083: Cannot open include file: 'tensorflow/core/framework/device_attributes.pb_text.h': No such file or directory (compiling source file C:\tensorflow\tensorflow\core\kernels\sparse_matmul_op.cc)
121>sparse_reduce_op.cc
121>sparse_reorder_op.cc
172>LINK : fatal error LNK1181: cannot open input file 'C:\tensorflow\tensorflow\contrib\cmake\build\tf_python_op_gen_main.dir\Release\python_eager_op_gen.obj'
121>sparse_reshape_op.cc
172>Done building project "sdca_ops_gen_python.vcxproj" -- FAILED.
173>------ Build started: Project: contrib_image_ops_gen_python, Configuration: Release x64 ------
173>Building Custom Rule C:/tensorflow/tensorflow/contrib/cmake/CMakeLists.txt
121>sparse_slice_op.cc
173>CMake does not need to re-run because C:/tensorflow/tensorflow/contrib/cmake/build/CMakeFiles/generate.stamp is up-to-date.
121>sparse_softmax_op.cc
121>sparse_sparse_binary_op_shared.cc
173>LINK : fatal error LNK1181: cannot open input file 'C:\tensorflow\tensorflow\contrib\cmake\build\tf_python_op_gen_main.dir\Release\python_eager_op_gen.obj'
173>Done building project "contrib_image_ops_gen_python.vcxproj" -- FAILED.
174>------ Build started: Project: set_ops_gen_python, Configuration: Release x64 ------
121>sparse_split_op.cc
121>sparse_tensor_dense_add_op.cc
174>Building Custom Rule C:/tensorflow/tensorflow/contrib/cmake/CMakeLists.txt
174>CMake does not need to re-run because C:/tensorflow/tensorflow/contrib/cmake/build/CMakeFiles/generate.stamp is up-to-date.
121>sparse_tensor_dense_matmul_op.cc
121>sparse_tensor_slice_dataset_op.cc
174>LINK : fatal error LNK1181: cannot open input file 'C:\tensorflow\tensorflow\contrib\cmake\build\tf_python_op_gen_main.dir\Release\python_eager_op_gen.obj'
174>Done building project "set_ops_gen_python.vcxproj" -- FAILED.
175>------ Build started: Project: sparse_ops_gen_python, Configuration: Release x64 ------
121>sparse_tensors_map_ops.cc
121>sparse_to_dense_op.cc
121>sparse_xent_op.cc
175>Building Custom Rule C:/tensorflow/tensorflow/contrib/cmake/CMakeLists.txt
121>spectrogram.cc
121>spectrogram_op.cc
121>split_lib_cpu.cc
175>CMake does not need to re-run because C:/tensorflow/tensorflow/contrib/cmake/build/CMakeFiles/generate.stamp is up-to-date.
175>LINK : fatal error LNK1181: cannot open input file 'C:\tensorflow\tensorflow\contrib\cmake\build\tf_python_op_gen_main.dir\Release\python_eager_op_gen.obj'
175>Done building project "sparse_ops_gen_python.vcxproj" -- FAILED.
121>split_op.cc
176>------ Build started: Project: spectral_ops_gen_python, Configuration: Release x64 ------
121>split_v_op.cc
121>driver_manager.cc
176>Building Custom Rule C:/tensorflow/tensorflow/contrib/cmake/CMakeLists.txt
176>CMake does not need to re-run because C:/tensorflow/tensorflow/contrib/cmake/build/CMakeFiles/generate.stamp is up-to-date.
121>sqlite_query_connection.cc
176>LINK : fatal error LNK1181: cannot open input file 'C:\tensorflow\tensorflow\contrib\cmake\build\tf_python_op_gen_main.dir\Release\python_eager_op_gen.obj'
176>Done building project "spectral_ops_gen_python.vcxproj" -- FAILED.
177>------ Build started: Project: state_ops_gen_python, Configuration: Release x64 ------
121>sql_dataset_ops.cc
121>stack_ops.cc
177>Building Custom Rule C:/tensorflow/tensorflow/contrib/cmake/CMakeLists.txt
121>stage_op.cc
121>stateless_random_ops.cc
177>CMake does not need to re-run because C:/tensorflow/tensorflow/contrib/cmake/build/CMakeFiles/generate.stamp is up-to-date.
121>C:\tensorflow\tensorflow/core/common_runtime/device.h(37): fatal error C1083: Cannot open include file: 'tensorflow/core/framework/device_attributes.pb_text.h': No such file or directory (compiling source file C:\tensorflow\tensorflow\core\kernels\stack_ops.cc)
121>strided_slice_op.cc
121>strided_slice_op_define_grad.cc
121>strided_slice_op_inst_0.cc
177>LINK : fatal error LNK1181: cannot open input file 'C:\tensorflow\tensorflow\contrib\cmake\build\tf_python_op_gen_main.dir\Release\python_eager_op_gen.obj'
121>strided_slice_op_inst_1.cc
177>Done building project "state_ops_gen_python.vcxproj" -- FAILED.
178>------ Build started: Project: stateless_random_ops_gen_python, Configuration: Release x64 ------
121>strided_slice_op_inst_2.cc
178>Building Custom Rule C:/tensorflow/tensorflow/contrib/cmake/CMakeLists.txt
178>CMake does not need to re-run because C:/tensorflow/tensorflow/contrib/cmake/build/CMakeFiles/generate.stamp is up-to-date.
121>strided_slice_op_inst_3.cc
178>LINK : fatal error LNK1181: cannot open input file 'C:\tensorflow\tensorflow\contrib\cmake\build\tf_python_op_gen_main.dir\Release\python_eager_op_gen.obj'
178>Done building project "stateless_random_ops_gen_python.vcxproj" -- FAILED.
179>------ Build started: Project: array_ops_gen_python, Configuration: Release x64 ------
179>Building Custom Rule C:/tensorflow/tensorflow/contrib/cmake/CMakeLists.txt
179>CMake does not need to re-run because C:/tensorflow/tensorflow/contrib/cmake/build/CMakeFiles/generate.stamp is up-to-date.
179>LINK : fatal error LNK1181: cannot open input file 'C:\tensorflow\tensorflow\contrib\cmake\build\tf_python_op_gen_main.dir\Release\python_eager_op_gen.obj'
179>Done building project "array_ops_gen_python.vcxproj" -- FAILED.
180>------ Build started: Project: string_ops_gen_python, Configuration: Release x64 ------
180>Building Custom Rule C:/tensorflow/tensorflow/contrib/cmake/CMakeLists.txt
180>CMake does not need to re-run because C:/tensorflow/tensorflow/contrib/cmake/build/CMakeFiles/generate.stamp is up-to-date.
121>strided_slice_op_inst_4.cc
180>LINK : fatal error LNK1181: cannot open input file 'C:\tensorflow\tensorflow\contrib\cmake\build\tf_python_op_gen_main.dir\Release\python_eager_op_gen.obj'
180>Done building project "string_ops_gen_python.vcxproj" -- FAILED.
181>------ Build started: Project: bitwise_ops_gen_python, Configuration: Release x64 ------
181>Building Custom Rule C:/tensorflow/tensorflow/contrib/cmake/CMakeLists.txt
181>CMake does not need to re-run because C:/tensorflow/tensorflow/contrib/cmake/build/CMakeFiles/generate.stamp is up-to-date.
181>LINK : fatal error LNK1181: cannot open input file 'C:\tensorflow\tensorflow\contrib\cmake\build\tf_python_op_gen_main.dir\Release\python_eager_op_gen.obj'
181>Done building project "bitwise_ops_gen_python.vcxproj" -- FAILED.
182>------ Build started: Project: candidate_sampling_ops_gen_python, Configuration: Release x64 ------
121>strided_slice_op_inst_5.cc
182>Building Custom Rule C:/tensorflow/tensorflow/contrib/cmake/CMakeLists.txt
182>CMake does not need to re-run because C:/tensorflow/tensorflow/contrib/cmake/build/CMakeFiles/generate.stamp is up-to-date.
182>LINK : fatal error LNK1181: cannot open input file 'C:\tensorflow\tensorflow\contrib\cmake\build\tf_python_op_gen_main.dir\Release\python_eager_op_gen.obj'
182>Done building project "candidate_sampling_ops_gen_python.vcxproj" -- FAILED.
183>------ Build started: Project: checkpoint_ops_gen_python, Configuration: Release x64 ------
121>strided_slice_op_inst_6.cc
121>strided_slice_op_inst_7.cc
121>string_join_op.cc
183>Building Custom Rule C:/tensorflow/tensorflow/contrib/cmake/CMakeLists.txt
183>CMake does not need to re-run because C:/tensorflow/tensorflow/contrib/cmake/build/CMakeFiles/generate.stamp is up-to-date.
183>LINK : fatal error LNK1181: cannot open input file 'C:\tensorflow\tensorflow\contrib\cmake\build\tf_python_op_gen_main.dir\Release\python_eager_op_gen.obj'
183>Done building project "checkpoint_ops_gen_python.vcxproj" -- FAILED.
121>string_split_op.cc
121>string_to_hash_bucket_op.cc
121>string_to_number_op.cc
121>substr_op.cc
121>summary_audio_op.cc
121>summary_image_op.cc
121>summary_interface.cc
184>------ Build started: Project: contrib_bigquery_reader_ops_gen_python, Configuration: Release x64 ------
121>summary_kernels.cc
121>summary_op.cc
121>summary_tensor_op.cc
121>svd_op_complex128.cc
121>svd_op_complex64.cc
121>svd_op_double.cc
184>Building Custom Rule C:/tensorflow/tensorflow/contrib/cmake/CMakeLists.txt
184>CMake does not need to re-run because C:/tensorflow/tensorflow/contrib/cmake/build/CMakeFiles/generate.stamp is up-to-date.
121>svd_op_float.cc
184>LINK : fatal error LNK1181: cannot open input file 'C:\tensorflow\tensorflow\contrib\cmake\build\tf_python_op_gen_main.dir\Release\python_eager_op_gen.obj'
121>take_dataset_op.cc
184>Done building project "contrib_bigquery_reader_ops_gen_python.vcxproj" -- FAILED.
185>------ Build started: Project: contrib_boosted_trees_model_ops_gen_python, Configuration: Release x64 ------
121>tensor_array.cc
185>Building Custom Rule C:/tensorflow/tensorflow/contrib/cmake/CMakeLists.txt
121>tensor_array_ops.cc
185>CMake does not need to re-run because C:/tensorflow/tensorflow/contrib/cmake/build/CMakeFiles/generate.stamp is up-to-date.
121>tensor_dataset_op.cc
185>LINK : fatal error LNK1181: cannot open input file 'C:\tensorflow\tensorflow\contrib\cmake\build\tf_python_op_gen_main.dir\Release\python_eager_op_gen.obj'
185>Done building project "contrib_boosted_trees_model_ops_gen_python.vcxproj" -- FAILED.
186>------ Build started: Project: contrib_boosted_trees_prediction_ops_gen_python, Configuration: Release x64 ------
186>Building Custom Rule C:/tensorflow/tensorflow/contrib/cmake/CMakeLists.txt
186>CMake does not need to re-run because C:/tensorflow/tensorflow/contrib/cmake/build/CMakeFiles/generate.stamp is up-to-date.
121>tensor_slice_dataset_op.cc
186>LINK : fatal error LNK1181: cannot open input file 'C:\tensorflow\tensorflow\contrib\cmake\build\tf_python_op_gen_main.dir\Release\python_eager_op_gen.obj'
186>Done building project "contrib_boosted_trees_prediction_ops_gen_python.vcxproj" -- FAILED.
187>------ Build started: Project: contrib_boosted_trees_quantiles_ops_gen_python, Configuration: Release x64 ------
187>Building Custom Rule C:/tensorflow/tensorflow/contrib/cmake/CMakeLists.txt
121>text_line_reader_op.cc
187>CMake does not need to re-run because C:/tensorflow/tensorflow/contrib/cmake/build/CMakeFiles/generate.stamp is up-to-date.
121>tf_record_reader_op.cc
187>LINK : fatal error LNK1181: cannot open input file 'C:\tensorflow\tensorflow\contrib\cmake\build\tf_python_op_gen_main.dir\Release\python_eager_op_gen.obj'
187>Done building project "contrib_boosted_trees_quantiles_ops_gen_python.vcxproj" -- FAILED.
188>------ Build started: Project: contrib_boosted_trees_split_handler_ops_gen_python, Configuration: Release x64 ------
188>Building Custom Rule C:/tensorflow/tensorflow/contrib/cmake/CMakeLists.txt
188>CMake does not need to re-run because C:/tensorflow/tensorflow/contrib/cmake/build/CMakeFiles/generate.stamp is up-to-date.
121>tile_functor_cpu.cc
121>tile_ops.cc
188>LINK : fatal error LNK1181: cannot open input file 'C:\tensorflow\tensorflow\contrib\cmake\build\tf_python_op_gen_main.dir\Release\python_eager_op_gen.obj'
188>Done building project "contrib_boosted_trees_split_handler_ops_gen_python.vcxproj" -- FAILED.
189>------ Build started: Project: contrib_boosted_trees_stats_accumulator_ops_gen_python, Configuration: Release x64 ------
121>tile_ops_cpu_impl_1.cc
189>Building Custom Rule C:/tensorflow/tensorflow/contrib/cmake/CMakeLists.txt
189>CMake does not need to re-run because C:/tensorflow/tensorflow/contrib/cmake/build/CMakeFiles/generate.stamp is up-to-date.
189>LINK : fatal error LNK1181: cannot open input file 'C:\tensorflow\tensorflow\contrib\cmake\build\tf_python_op_gen_main.dir\Release\python_eager_op_gen.obj'
189>Done building project "contrib_boosted_trees_stats_accumulator_ops_gen_python.vcxproj" -- FAILED.
190>------ Build started: Project: contrib_boosted_trees_training_ops_gen_python, Configuration: Release x64 ------
190>Building Custom Rule C:/tensorflow/tensorflow/contrib/cmake/CMakeLists.txt
190>CMake does not need to re-run because C:/tensorflow/tensorflow/contrib/cmake/build/CMakeFiles/generate.stamp is up-to-date.
190>LINK : fatal error LNK1181: cannot open input file 'C:\tensorflow\tensorflow\contrib\cmake\build\tf_python_op_gen_main.dir\Release\python_eager_op_gen.obj'
121>tile_ops_cpu_impl_2.cc
190>Done building project "contrib_boosted_trees_training_ops_gen_python.vcxproj" -- FAILED.
191>------ Build started: Project: contrib_cudnn_rnn_ops_gen_python, Configuration: Release x64 ------
121>c:\tensorflow\tensorflow\contrib\cmake\build\external\eigen_archive\eigen\src/Core/products/GeneralMatrixVector.h(131): fatal error C1060: compiler is out of heap space (compiling source file C:\tensorflow\tensorflow\core\kernels\svd_op_complex128.cc)
121>tile_ops_cpu_impl_3.cc
121>tile_ops_cpu_impl_4.cc
121>tile_ops_cpu_impl_5.cc
191>Building Custom Rule C:/tensorflow/tensorflow/contrib/cmake/CMakeLists.txt
191>CMake does not need to re-run because C:/tensorflow/tensorflow/contrib/cmake/build/CMakeFiles/generate.stamp is up-to-date.
191>LINK : fatal error LNK1181: cannot open input file 'C:\tensorflow\tensorflow\contrib\cmake\build\tf_python_op_gen_main.dir\Release\python_eager_op_gen.obj'
191>Done building project "contrib_cudnn_rnn_ops_gen_python.vcxproj" -- FAILED.
192>------ Build started: Project: contrib_factorization_clustering_ops_gen_python, Configuration: Release x64 ------
121>tile_ops_cpu_impl_6.cc
121>tile_ops_cpu_impl_7.cc
121>topk_op.cc
121>training_op_helpers.cc
192>Building Custom Rule C:/tensorflow/tensorflow/contrib/cmake/CMakeLists.txt
192>CMake does not need to re-run because C:/tensorflow/tensorflow/contrib/cmake/build/CMakeFiles/generate.stamp is up-to-date.
121>transpose_functor_cpu.cc
121>transpose_op.cc
121>unique_op.cc
192>LINK : fatal error LNK1181: cannot open input file 'C:\tensorflow\tensorflow\contrib\cmake\build\tf_python_op_gen_main.dir\Release\python_eager_op_gen.obj'
192>Done building project "contrib_factorization_clustering_ops_gen_python.vcxproj" -- FAILED.
193>------ Build started: Project: contrib_factorization_factorization_ops_gen_python, Configuration: Release x64 ------
121>unpack_op.cc
121>warn_about_ints.cc
121>where_op.cc
121>whole_file_read_ops.cc
193>Building Custom Rule C:/tensorflow/tensorflow/contrib/cmake/CMakeLists.txt
193>CMake does not need to re-run because C:/tensorflow/tensorflow/contrib/cmake/build/CMakeFiles/generate.stamp is up-to-date.
121>window_dataset.cc
121>word2vec_kernels.cc
121>xent_op.cc
121>xsmm_conv2d.cc
121>zip_dataset_op.cc
121>batch_features.cc
121>dropout_utils.cc
121>examples_iterable.cc
193>LINK : fatal error LNK1181: cannot open input file 'C:\tensorflow\tensorflow\contrib\cmake\build\tf_python_op_gen_main.dir\Release\python_eager_op_gen.obj'
193>Done building project "contrib_factorization_factorization_ops_gen_python.vcxproj" -- FAILED.
194>------ Build started: Project: contrib_framework_variable_ops_gen_python, Configuration: Release x64 ------
121>parallel_for.cc
121>sparse_column_iterable.cc
121>tensor_utils.cc
121>example_partitioner.cc
121>bias-feature-column-handler.cc
121>categorical-feature-column-handler.cc
121>dense-quantized-feature-column-handler.cc
194>Building Custom Rule C:/tensorflow/tensorflow/contrib/cmake/CMakeLists.txt
194>CMake does not need to re-run because C:/tensorflow/tensorflow/contrib/cmake/build/CMakeFiles/generate.stamp is up-to-date.
121>sparse-quantized-feature-column-handler.cc
121>multiple_additive_trees.cc
121>decision_tree.cc
121>masked_matmul_ops.cc
194>LINK : fatal error LNK1181: cannot open input file 'C:\tensorflow\tensorflow\contrib\cmake\build\tf_python_op_gen_main.dir\Release\python_eager_op_gen.obj'
194>Done building project "contrib_framework_variable_ops_gen_python.vcxproj" -- FAILED.
195>------ Build started: Project: contrib_image_distort_image_ops_gen_python, Configuration: Release x64 ------
121>wals_solver_ops.cc
121>factorization_ops.cc
196>------ Build started: Project: contrib_image_sirds_ops_gen_python, Configuration: Release x64 ------
121>zero_initializer_op.cc
196>Building Custom Rule C:/tensorflow/tensorflow/contrib/cmake/CMakeLists.txt
196>CMake does not need to re-run because C:/tensorflow/tensorflow/contrib/cmake/build/CMakeFiles/generate.stamp is up-to-date.
121>adjust_hsv_in_yiq_op.cc
121>bipartite_match_op.cc
196>LINK : fatal error LNK1181: cannot open input file 'C:\tensorflow\tensorflow\contrib\cmake\build\tf_python_op_gen_main.dir\Release\python_eager_op_gen.obj'
196>Done building project "contrib_image_sirds_ops_gen_python.vcxproj" -- FAILED.
121>distort_image_ops.cc
121>sparse_feature_cross_kernel.cc
121>sparse_feature_cross_op.cc
121>resampler_ops.cc
197>------ Build started: Project: contrib_input_pipeline_ops_gen_python, Configuration: Release x64 ------
121>tensor_forest_ops.cc
121>reinterpret_string_to_float_op.cc
197>Building Custom Rule C:/tensorflow/tensorflow/contrib/cmake/CMakeLists.txt
197>CMake does not need to re-run because C:/tensorflow/tensorflow/contrib/cmake/build/CMakeFiles/generate.stamp is up-to-date.
121>scatter_add_ndim_op.cc
121>tree_utils.cc
121>hard_routing_function_op.cc
121>k_feature_gradient_op.cc
121>k_feature_routing_function_op.cc
197>LINK : fatal error LNK1181: cannot open input file 'C:\tensorflow\tensorflow\contrib\cmake\build\tf_python_op_gen_main.dir\Release\python_eager_op_gen.obj'
197>Done building project "contrib_input_pipeline_ops_gen_python.vcxproj" -- FAILED.
198>------ Build started: Project: contrib_layers_sparse_feature_cross_ops_gen_python, Configuration: Release x64 ------
121>routing_function_op.cc
121>routing_gradient_op.cc
121>stochastic_hard_routing_function_op.cc
121>stochastic_hard_routing_gradient_op.cc
198>Building Custom Rule C:/tensorflow/tensorflow/contrib/cmake/CMakeLists.txt
198>CMake does not need to re-run because C:/tensorflow/tensorflow/contrib/cmake/build/CMakeFiles/generate.stamp is up-to-date.
121>unpack_path_op.cc
121>utils.cc
198>LINK : fatal error LNK1181: cannot open input file 'C:\tensorflow\tensorflow\contrib\cmake\build\tf_python_op_gen_main.dir\Release\python_eager_op_gen.obj'
198>Done building project "contrib_layers_sparse_feature_cross_ops_gen_python.vcxproj" -- FAILED.
199>------ Build started: Project: contrib_memory_stats_ops_gen_python, Configuration: Release x64 ------
121>skip_gram_kernels.cc
199>Building Custom Rule C:/tensorflow/tensorflow/contrib/cmake/CMakeLists.txt
121>skip_gram_ops.cc
199>CMake does not need to re-run because C:/tensorflow/tensorflow/contrib/cmake/build/CMakeFiles/generate.stamp is up-to-date.
121>cross_replica_ops.cc
121>infeed_ops.cc
121>outfeed_ops.cc
199>LINK : fatal error LNK1181: cannot open input file 'C:\tensorflow\tensorflow\contrib\cmake\build\tf_python_op_gen_main.dir\Release\python_eager_op_gen.obj'
121>replication_ops.cc
199>Done building project "contrib_memory_stats_ops_gen_python.vcxproj" -- FAILED.
200>------ Build started: Project: contrib_nccl_ops_gen_python, Configuration: Release x64 ------
200>Building Custom Rule C:/tensorflow/tensorflow/contrib/cmake/CMakeLists.txt
200>CMake does not need to re-run because C:/tensorflow/tensorflow/contrib/cmake/build/CMakeFiles/generate.stamp is up-to-date.
121>tpu_configuration_ops.cc
200>LINK : fatal error LNK1181: cannot open input file 'C:\tensorflow\tensorflow\contrib\cmake\build\tf_python_op_gen_main.dir\Release\python_eager_op_gen.obj'
200>Done building project "contrib_nccl_ops_gen_python.vcxproj" -- FAILED.
201>------ Build started: Project: contrib_nearest_neighbor_ops_gen_python, Configuration: Release x64 ------
201>Building Custom Rule C:/tensorflow/tensorflow/contrib/cmake/CMakeLists.txt
201>CMake does not need to re-run because C:/tensorflow/tensorflow/contrib/cmake/build/CMakeFiles/generate.stamp is up-to-date.
201>LINK : fatal error LNK1181: cannot open input file 'C:\tensorflow\tensorflow\contrib\cmake\build\tf_python_op_gen_main.dir\Release\python_eager_op_gen.obj'
201>Done building project "contrib_nearest_neighbor_ops_gen_python.vcxproj" -- FAILED.
202>------ Build started: Project: contrib_resampler_ops_gen_python, Configuration: Release x64 ------
202>Building Custom Rule C:/tensorflow/tensorflow/contrib/cmake/CMakeLists.txt
202>CMake does not need to re-run because C:/tensorflow/tensorflow/contrib/cmake/build/CMakeFiles/generate.stamp is up-to-date.
202>LINK : fatal error LNK1181: cannot open input file 'C:\tensorflow\tensorflow\contrib\cmake\build\tf_python_op_gen_main.dir\Release\python_eager_op_gen.obj'
202>Done building project "contrib_resampler_ops_gen_python.vcxproj" -- FAILED.
203>------ Build started: Project: contrib_rnn_gru_ops_gen_python, Configuration: Release x64 ------
203>Building Custom Rule C:/tensorflow/tensorflow/contrib/cmake/CMakeLists.txt
203>CMake does not need to re-run because C:/tensorflow/tensorflow/contrib/cmake/build/CMakeFiles/generate.stamp is up-to-date.
203>LINK : fatal error LNK1181: cannot open input file 'C:\tensorflow\tensorflow\contrib\cmake\build\tf_python_op_gen_main.dir\Release\python_eager_op_gen.obj'
203>Done building project "contrib_rnn_gru_ops_gen_python.vcxproj" -- FAILED.
204>------ Build started: Project: contrib_rnn_lstm_ops_gen_python, Configuration: Release x64 ------
204>Building Custom Rule C:/tensorflow/tensorflow/contrib/cmake/CMakeLists.txt
204>CMake does not need to re-run because C:/tensorflow/tensorflow/contrib/cmake/build/CMakeFiles/generate.stamp is up-to-date.
204>LINK : fatal error LNK1181: cannot open input file 'C:\tensorflow\tensorflow\contrib\cmake\build\tf_python_op_gen_main.dir\Release\python_eager_op_gen.obj'
204>Done building project "contrib_rnn_lstm_ops_gen_python.vcxproj" -- FAILED.
205>------ Build started: Project: contrib_seq2seq_beam_search_ops_gen_python, Configuration: Release x64 ------
205>Building Custom Rule C:/tensorflow/tensorflow/contrib/cmake/CMakeLists.txt
205>CMake does not need to re-run because C:/tensorflow/tensorflow/contrib/cmake/build/CMakeFiles/generate.stamp is up-to-date.
205>LINK : fatal error LNK1181: cannot open input file 'C:\tensorflow\tensorflow\contrib\cmake\build\tf_python_op_gen_main.dir\Release\python_eager_op_gen.obj'
205>Done building project "contrib_seq2seq_beam_search_ops_gen_python.vcxproj" -- FAILED.
206>------ Build started: Project: training_ops_gen_python, Configuration: Release x64 ------
206>Building Custom Rule C:/tensorflow/tensorflow/contrib/cmake/CMakeLists.txt
206>CMake does not need to re-run because C:/tensorflow/tensorflow/contrib/cmake/build/CMakeFiles/generate.stamp is up-to-date.
206>LINK : fatal error LNK1181: cannot open input file 'C:\tensorflow\tensorflow\contrib\cmake\build\tf_python_op_gen_main.dir\Release\python_eager_op_gen.obj'
206>Done building project "training_ops_gen_python.vcxproj" -- FAILED.
207>------ Build started: Project: contrib_tensor_forest_hybrid_ops_gen_python, Configuration: Release x64 ------
207>Building Custom Rule C:/tensorflow/tensorflow/contrib/cmake/CMakeLists.txt
207>CMake does not need to re-run because C:/tensorflow/tensorflow/contrib/cmake/build/CMakeFiles/generate.stamp is up-to-date.
207>LINK : fatal error LNK1181: cannot open input file 'C:\tensorflow\tensorflow\contrib\cmake\build\tf_python_op_gen_main.dir\Release\python_eager_op_gen.obj'
207>Done building project "contrib_tensor_forest_hybrid_ops_gen_python.vcxproj" -- FAILED.
208>------ Build started: Project: user_ops_gen_python, Configuration: Release x64 ------
208>Building Custom Rule C:/tensorflow/tensorflow/contrib/cmake/CMakeLists.txt
208>CMake does not need to re-run because C:/tensorflow/tensorflow/contrib/cmake/build/CMakeFiles/generate.stamp is up-to-date.
208>LINK : fatal error LNK1181: cannot open input file 'C:\tensorflow\tensorflow\contrib\cmake\build\tf_python_op_gen_main.dir\Release\python_eager_op_gen.obj'
208>Done building project "user_ops_gen_python.vcxproj" -- FAILED.
209>------ Build started: Project: contrib_tensor_forest_model_ops_gen_python, Configuration: Release x64 ------
209>Building Custom Rule C:/tensorflow/tensorflow/contrib/cmake/CMakeLists.txt
209>CMake does not need to re-run because C:/tensorflow/tensorflow/contrib/cmake/build/CMakeFiles/generate.stamp is up-to-date.
209>LINK : fatal error LNK1181: cannot open input file 'C:\tensorflow\tensorflow\contrib\cmake\build\tf_python_op_gen_main.dir\Release\python_eager_op_gen.obj'
209>Done building project "contrib_tensor_forest_model_ops_gen_python.vcxproj" -- FAILED.
210>------ Build started: Project: contrib_tensor_forest_ops_gen_python, Configuration: Release x64 ------
210>Building Custom Rule C:/tensorflow/tensorflow/contrib/cmake/CMakeLists.txt
210>CMake does not need to re-run because C:/tensorflow/tensorflow/contrib/cmake/build/CMakeFiles/generate.stamp is up-to-date.
210>LINK : fatal error LNK1181: cannot open input file 'C:\tensorflow\tensorflow\contrib\cmake\build\tf_python_op_gen_main.dir\Release\python_eager_op_gen.obj'
210>Done building project "contrib_tensor_forest_ops_gen_python.vcxproj" -- FAILED.
211>------ Build started: Project: tf_python_ops, Configuration: Release x64 ------
211>Building Custom Rule C:/tensorflow/tensorflow/contrib/cmake/CMakeLists.txt
211>CMake does not need to re-run because C:/tensorflow/tensorflow/contrib/cmake/build/CMakeFiles/generate.stamp is up-to-date.
211>Generating tf_python/tensorflow/python/ops/gen_array_ops.py
211>'Release\array_ops_gen_python.exe' is not recognized as an internal or external command,
211>operable program or batch file.
211>C:\Program Files (x86)\MSBuild\Microsoft.Cpp\v4.0\V140\Microsoft.CppCommon.targets(171,5): error MSB6006: "cmd.exe" exited with code 9009.
211>Done building project "tf_python_ops.vcxproj" -- FAILED.
212>------ Build started: Project: tf_contrib_reduce_slice_ops_ops, Configuration: Release x64 ------
212>Building Custom Rule C:/tensorflow/tensorflow/contrib/cmake/CMakeLists.txt
212>CMake does not need to re-run because C:/tensorflow/tensorflow/contrib/cmake/build/CMakeFiles/generate.stamp is up-to-date.
212>reduce_slice_ops.cc
212>tf_contrib_reduce_slice_ops_ops.vcxproj -> C:\tensorflow\tensorflow\contrib\cmake\build\tf_contrib_reduce_slice_ops_ops.dir\Release\tf_contrib_reduce_slice_ops_ops.lib
213>------ Build started: Project: tf_contrib_tpu_ops, Configuration: Release x64 ------
213>Building Custom Rule C:/tensorflow/tensorflow/contrib/cmake/CMakeLists.txt
213>CMake does not need to re-run because C:/tensorflow/tensorflow/contrib/cmake/build/CMakeFiles/generate.stamp is up-to-date.
213>cross_replica_ops.cc
213>infeed_ops.cc
213>outfeed_ops.cc
213>replication_ops.cc
213>tpu_configuration_ops.cc
213>tf_contrib_tpu_ops.vcxproj -> C:\tensorflow\tensorflow\contrib\cmake\build\tf_contrib_tpu_ops.dir\Release\tf_contrib_tpu_ops.lib
121>Done building project "tf_core_kernels.vcxproj" -- FAILED.
214>------ Build started: Project: tf_tools_transform_graph_lib, Configuration: Release x64 ------
215>------ Build started: Project: benchmark_model, Configuration: Release x64 ------
214>Building Custom Rule C:/tensorflow/tensorflow/contrib/cmake/CMakeLists.txt
215>Building Custom Rule C:/tensorflow/tensorflow/contrib/cmake/CMakeLists.txt
214>CMake does not need to re-run because C:/tensorflow/tensorflow/contrib/cmake/build/CMakeFiles/generate.stamp is up-to-date.
215>CMake does not need to re-run because C:/tensorflow/tensorflow/contrib/cmake/build/CMakeFiles/generate.stamp is up-to-date.
215>benchmark_model.cc
215>benchmark_model_main.cc
214>add_default_attributes.cc
214>backports.cc
214>fake_quantize_training.cc
214>file_utils.cc
214>flatten_atrous.cc
214>fold_batch_norms.cc
214>fold_constants_lib.cc
214>fold_old_batch_norms.cc
214>C:\tensorflow\tensorflow/core/common_runtime/device.h(37): fatal error C1083: Cannot open include file: 'tensorflow/core/framework/device_attributes.pb_text.h': No such file or directory (compiling source file C:\tensorflow\tensorflow\tools\graph_transforms\backports.cc)
214>freeze_requantization_ranges.cc
214>C:\tensorflow\tensorflow/core/common_runtime/device.h(37): fatal error C1083: Cannot open include file: 'tensorflow/core/framework/device_attributes.pb_text.h': No such file or directory (compiling source file C:\tensorflow\tensorflow\tools\graph_transforms\fold_constants_lib.cc)
214>fuse_convolutions.cc
214>C:\tensorflow\tensorflow/core/common_runtime/device.h(37): fatal error C1083: Cannot open include file: 'tensorflow/core/framework/device_attributes.pb_text.h': No such file or directory (compiling source file C:\tensorflow\tensorflow\tools\graph_transforms\fold_old_batch_norms.cc)
214>insert_logging.cc
214>C:\tensorflow\tensorflow/core/common_runtime/device.h(37): fatal error C1083: Cannot open include file: 'tensorflow/core/framework/device_attributes.pb_text.h': No such file or directory (compiling source file C:\tensorflow\tensorflow\tools\graph_transforms\fold_batch_norms.cc)
214>obfuscate_names.cc
214>remove_attribute.cc
214>remove_device.cc
214>remove_ema.cc
214>C:\tensorflow\tensorflow/core/common_runtime/device.h(37): fatal error C1083: Cannot open include file: 'tensorflow/core/framework/device_attributes.pb_text.h': No such file or directory (compiling source file C:\tensorflow\tensorflow\tools\graph_transforms\remove_attribute.cc)
214>remove_nodes.cc
214>C:\tensorflow\tensorflow/core/common_runtime/device.h(37): fatal error C1083: Cannot open include file: 'tensorflow/core/framework/device_attributes.pb_text.h': No such file or directory (compiling source file C:\tensorflow\tensorflow\tools\graph_transforms\fuse_convolutions.cc)
214>rename_attribute.cc
214>C:\tensorflow\tensorflow/core/common_runtime/device.h(37): fatal error C1083: Cannot open include file: 'tensorflow/core/framework/device_attributes.pb_text.h': No such file or directory (compiling source file C:\tensorflow\tensorflow\tools\graph_transforms\remove_device.cc)
214>rename_op.cc
214>C:\tensorflow\tensorflow/core/common_runtime/device.h(37): fatal error C1083: Cannot open include file: 'tensorflow/core/framework/device_attributes.pb_text.h': No such file or directory (compiling source file C:\tensorflow\tensorflow\tools\graph_transforms\obfuscate_names.cc)
214>set_device.cc
214>C:\tensorflow\tensorflow/core/common_runtime/device.h(37): fatal error C1083: Cannot open include file: 'tensorflow/core/framework/device_attributes.pb_text.h': No such file or directory (compiling source file C:\tensorflow\tensorflow\tools\graph_transforms\insert_logging.cc)
214>sort_by_execution_order.cc
214>sparsify_gather.cc
214>C:\tensorflow\tensorflow/core/common_runtime/device.h(37): fatal error C1083: Cannot open include file: 'tensorflow/core/framework/device_attributes.pb_text.h': No such file or directory (compiling source file C:\tensorflow\tensorflow\tools\graph_transforms\remove_nodes.cc)
214>strip_unused_nodes.cc
214>transform_graph.cc
214>C:\tensorflow\tensorflow/c/c_api.h(999): warning C4190: 'TF_NewWhile' has C-linkage specified, but returns UDT 'TF_WhileParams' which is incompatible with C (compiling source file C:\tensorflow\tensorflow\tools\graph_transforms\sparsify_gather.cc)
214>C:\tensorflow\tensorflow/c/c_api.h(955): note: see declaration of 'TF_WhileParams' (compiling source file C:\tensorflow\tensorflow\tools\graph_transforms\sparsify_gather.cc)
214>transform_utils.cc
214>C:\tensorflow\tensorflow/core/common_runtime/device.h(37): fatal error C1083: Cannot open include file: 'tensorflow/core/framework/device_attributes.pb_text.h': No such file or directory (compiling source file C:\tensorflow\tensorflow\tools\graph_transforms\rename_op.cc)
214>C:\tensorflow\tensorflow/core/common_runtime/device.h(37): fatal error C1083: Cannot open include file: 'tensorflow/core/framework/device_attributes.pb_text.h': No such file or directory (compiling source file C:\tensorflow\tensorflow\tools\graph_transforms\rename_attribute.cc)
214>C:\tensorflow\tensorflow/core/common_runtime/device.h(37): fatal error C1083: Cannot open include file: 'tensorflow/core/framework/device_attributes.pb_text.h': No such file or directory (compiling source file C:\tensorflow\tensorflow\tools\graph_transforms\sort_by_execution_order.cc)
214>C:\tensorflow\tensorflow/core/common_runtime/device.h(37): fatal error C1083: Cannot open include file: 'tensorflow/core/framework/device_attributes.pb_text.h': No such file or directory (compiling source file C:\tensorflow\tensorflow\tools\graph_transforms\strip_unused_nodes.cc)
215>LINK : fatal error LNK1181: cannot open input file 'C:\tensorflow\tensorflow\contrib\cmake\build\tf_core_cpu.dir\Release\accumulate_n_optimizer.obj'
215>Done building project "benchmark_model.vcxproj" -- FAILED.
216>------ Build started: Project: tf_tutorials_example_trainer, Configuration: Release x64 ------
216>Building Custom Rule C:/tensorflow/tensorflow/contrib/cmake/CMakeLists.txt
216>CMake does not need to re-run because C:/tensorflow/tensorflow/contrib/cmake/build/CMakeFiles/generate.stamp is up-to-date.
216>example_trainer.cc
216>C:\tensorflow\tensorflow/cc/ops/standard_ops.h(19): fatal error C1083: Cannot open include file: 'tensorflow/cc/ops/array_ops.h': No such file or directory
216>Done building project "tf_tutorials_example_trainer.vcxproj" -- FAILED.
217>------ Build started: Project: tf_label_image_example, Configuration: Release x64 ------
217>Building Custom Rule C:/tensorflow/tensorflow/contrib/cmake/CMakeLists.txt
217>CMake does not need to re-run because C:/tensorflow/tensorflow/contrib/cmake/build/CMakeFiles/generate.stamp is up-to-date.
217>main.cc
217>C:\tensorflow\tensorflow\examples\label_image\main.cc(42): fatal error C1083: Cannot open include file: 'tensorflow/cc/ops/image_ops.h': No such file or directory
214>Done building project "tf_tools_transform_graph_lib.vcxproj" -- FAILED.
218>------ Build started: Project: pywrap_tensorflow_internal_static, Configuration: Release x64 ------
217>Done building project "tf_label_image_example.vcxproj" -- FAILED.
219>------ Build started: Project: compare_graphs, Configuration: Release x64 ------
219>Building Custom Rule C:/tensorflow/tensorflow/contrib/cmake/CMakeLists.txt
219>CMake does not need to re-run because C:/tensorflow/tensorflow/contrib/cmake/build/CMakeFiles/generate.stamp is up-to-date.
218>Building Custom Rule C:/tensorflow/tensorflow/contrib/cmake/CMakeLists.txt
219>compare_graphs.cc
218>CMake does not need to re-run because C:/tensorflow/tensorflow/contrib/cmake/build/CMakeFiles/generate.stamp is up-to-date.
218>Generating __force_rebuild
218>
218>Running SWIG to generate Python wrappers
218>print_model_analysis.cc
218>pywrap_tensor.cc
218>pywrap_tfe_src.cc
218>tf_session_helper.cc
218>python_eager_op_gen.cc
218>cpp_shape_inference.cc
218>python_op_gen.cc
218>numpy.cc
218>C:\tensorflow\tensorflow/c/c_api.h(999): warning C4190: 'TF_NewWhile' has C-linkage specified, but returns UDT 'TF_WhileParams' which is incompatible with C (compiling source file C:\tensorflow\tensorflow\python\eager\pywrap_tfe_src.cc)
218>C:\tensorflow\tensorflow/c/c_api.h(955): note: see declaration of 'TF_WhileParams' (compiling source file C:\tensorflow\tensorflow\python\eager\pywrap_tfe_src.cc)
218>C:\tensorflow\tensorflow/c/c_api.h(999): warning C4190: 'TF_NewWhile' has C-linkage specified, but returns UDT 'TF_WhileParams' which is incompatible with C (compiling source file C:\tensorflow\tensorflow\python\client\tf_session_helper.cc)
218>C:\tensorflow\tensorflow/c/c_api.h(955): note: see declaration of 'TF_WhileParams' (compiling source file C:\tensorflow\tensorflow\python\client\tf_session_helper.cc)
218>ndarray_tensor.cc
218>C:\tensorflow\tensorflow/c/c_api.h(999): warning C4190: 'TF_NewWhile' has C-linkage specified, but returns UDT 'TF_WhileParams' which is incompatible with C (compiling source file C:\tensorflow\tensorflow\python\eager\pywrap_tensor.cc)
218>C:\tensorflow\tensorflow/c/c_api.h(955): note: see declaration of 'TF_WhileParams' (compiling source file C:\tensorflow\tensorflow\python\eager\pywrap_tensor.cc)
218>C:\tensorflow\tensorflow/c/c_api.h(999): warning C4190: 'TF_NewWhile' has C-linkage specified, but returns UDT 'TF_WhileParams' which is incompatible with C (compiling source file C:\tensorflow\tensorflow\python\framework\cpp_shape_inference.cc)
218>C:\tensorflow\tensorflow/c/c_api.h(955): note: see declaration of 'TF_WhileParams' (compiling source file C:\tensorflow\tensorflow\python\framework\cpp_shape_inference.cc)
218>C:\tensorflow\tensorflow/c/c_api.h(999): warning C4190: 'TF_NewWhile' has C-linkage specified, but returns UDT 'TF_WhileParams' which is incompatible with C (compiling source file C:\tensorflow\tensorflow\python\lib\core\ndarray_tensor.cc)
218>C:\tensorflow\tensorflow/c/c_api.h(955): note: see declaration of 'TF_WhileParams' (compiling source file C:\tensorflow\tensorflow\python\lib\core\ndarray_tensor.cc)
218>C:\tensorflow\tensorflow\python\framework\python_op_gen.cc(23): fatal error C1083: Cannot open include file: 'tensorflow/core/framework/op_def.pb_text.h': No such file or directory
218>ndarray_tensor_bridge.cc
218>py_func.cc
218>C:\tensorflow\tensorflow\python\eager\python_eager_op_gen.cc(22): fatal error C1083: Cannot open include file: 'tensorflow/core/framework/op_def.pb_text.h': No such file or directory
218>py_seq_tensor.cc
218>C:\tensorflow\tensorflow/c/c_api.h(999): warning C4190: 'TF_NewWhile' has C-linkage specified, but returns UDT 'TF_WhileParams' which is incompatible with C (compiling source file C:\tensorflow\tensorflow\core\profiler\internal\print_model_analysis.cc)
218>C:\tensorflow\tensorflow/c/c_api.h(955): note: see declaration of 'TF_WhileParams' (compiling source file C:\tensorflow\tensorflow\core\profiler\internal\print_model_analysis.cc)
218>C:\tensorflow\tensorflow/c/c_api.h(999): warning C4190: 'TF_NewWhile' has C-linkage specified, but returns UDT 'TF_WhileParams' which is incompatible with C (compiling source file C:\tensorflow\tensorflow\python\lib\core\ndarray_tensor_bridge.cc)
218>C:\tensorflow\tensorflow/c/c_api.h(955): note: see declaration of 'TF_WhileParams' (compiling source file C:\tensorflow\tensorflow\python\lib\core\ndarray_tensor_bridge.cc)
219>LINK : fatal error LNK1181: cannot open input file 'C:\tensorflow\tensorflow\contrib\cmake\build\tf_tools_transform_graph_lib.dir\Release\backports.obj'
218>safe_ptr.cc
219>Done building project "compare_graphs.vcxproj" -- FAILED.
218>py_record_reader.cc
218>C:\tensorflow\tensorflow/c/c_api.h(999): warning C4190: 'TF_NewWhile' has C-linkage specified, but returns UDT 'TF_WhileParams' which is incompatible with C (compiling source file C:\tensorflow\tensorflow\python\lib\io\py_record_reader.cc)
218>C:\tensorflow\tensorflow/c/c_api.h(955): note: see declaration of 'TF_WhileParams' (compiling source file C:\tensorflow\tensorflow\python\lib\io\py_record_reader.cc)
218>C:\tensorflow\tensorflow/c/c_api.h(999): warning C4190: 'TF_NewWhile' has C-linkage specified, but returns UDT 'TF_WhileParams' which is incompatible with C (compiling source file C:\tensorflow\tensorflow\python\lib\core\safe_ptr.cc)
218>C:\tensorflow\tensorflow/c/c_api.h(955): note: see declaration of 'TF_WhileParams' (compiling source file C:\tensorflow\tensorflow\python\lib\core\safe_ptr.cc)
218>py_record_writer.cc
220>------ Build started: Project: summarize_graph, Configuration: Release x64 ------
218>C:\tensorflow\tensorflow/c/c_api.h(999): warning C4190: 'TF_NewWhile' has C-linkage specified, but returns UDT 'TF_WhileParams' which is incompatible with C (compiling source file C:\tensorflow\tensorflow\python\lib\io\py_record_writer.cc)
218>C:\tensorflow\tensorflow/c/c_api.h(955): note: see declaration of 'TF_WhileParams' (compiling source file C:\tensorflow\tensorflow\python\lib\io\py_record_writer.cc)
218>kernel_registry.cc
218>C:\tensorflow\tensorflow/c/c_api.h(999): warning C4190: 'TF_NewWhile' has C-linkage specified, but returns UDT 'TF_WhileParams' which is incompatible with C (compiling source file C:\tensorflow\tensorflow\python\lib\core\py_seq_tensor.cc)
218>C:\tensorflow\tensorflow/c/c_api.h(955): note: see declaration of 'TF_WhileParams' (compiling source file C:\tensorflow\tensorflow\python\lib\core\py_seq_tensor.cc)
218>ops.cc
218>C:\tensorflow\tensorflow/c/c_api.h(999): warning C4190: 'TF_NewWhile' has C-linkage specified, but returns UDT 'TF_WhileParams' which is incompatible with C (compiling source file C:\tensorflow\tensorflow\python\lib\core\py_func.cc)
218>C:\tensorflow\tensorflow/c/c_api.h(955): note: see declaration of 'TF_WhileParams' (compiling source file C:\tensorflow\tensorflow\python\lib\core\py_func.cc)
218>scope.cc
218>pywrap_tensorflow_internal.cc
218>C:\tensorflow\tensorflow/c/c_api.h(999): warning C4190: 'TF_NewWhile' has C-linkage specified, but returns UDT 'TF_WhileParams' which is incompatible with C (compiling source file C:\tensorflow\tensorflow\contrib\cmake\build\pywrap_tensorflow_internal.cc)
218>C:\tensorflow\tensorflow/c/c_api.h(955): note: see declaration of 'TF_WhileParams' (compiling source file C:\tensorflow\tensorflow\contrib\cmake\build\pywrap_tensorflow_internal.cc)
218>C:\tensorflow\tensorflow/core/common_runtime/device.h(37): fatal error C1083: Cannot open include file: 'tensorflow/core/framework/device_attributes.pb_text.h': No such file or directory (compiling source file C:\tensorflow\tensorflow\cc\framework\scope.cc)
218>C:\tensorflow\tensorflow/core/common_runtime/device.h(37): fatal error C1083: Cannot open include file: 'tensorflow/core/framework/device_attributes.pb_text.h': No such file or directory (compiling source file C:\tensorflow\tensorflow\contrib\cmake\build\pywrap_tensorflow_internal.cc)
221>------ Build started: Project: transform_graph, Configuration: Release x64 ------
221>Building Custom Rule C:/tensorflow/tensorflow/contrib/cmake/CMakeLists.txt
221>CMake does not need to re-run because C:/tensorflow/tensorflow/contrib/cmake/build/CMakeFiles/generate.stamp is up-to-date.
221>transform_graph_main.cc
218>Done building project "pywrap_tensorflow_internal_static.vcxproj" -- FAILED.
222>------ Build started: Project: pywrap_tensorflow_internal, Configuration: Release x64 ------
222>Building Custom Rule C:/tensorflow/tensorflow/contrib/cmake/CMakeLists.txt
222>CMake does not need to re-run because C:/tensorflow/tensorflow/contrib/cmake/build/CMakeFiles/generate.stamp is up-to-date.
222>Generating __force_rebuild
222>
222>Running SWIG to generate Python wrappers
222>print_model_analysis.cc
222>pywrap_tensor.cc
222>pywrap_tfe_src.cc
222>tf_session_helper.cc
222>python_eager_op_gen.cc
222>cpp_shape_inference.cc
222>python_op_gen.cc
222>numpy.cc
222>C:\tensorflow\tensorflow/c/c_api.h(999): warning C4190: 'TF_NewWhile' has C-linkage specified, but returns UDT 'TF_WhileParams' which is incompatible with C (compiling source file C:\tensorflow\tensorflow\python\eager\pywrap_tfe_src.cc)
222>C:\tensorflow\tensorflow/c/c_api.h(955): note: see declaration of 'TF_WhileParams' (compiling source file C:\tensorflow\tensorflow\python\eager\pywrap_tfe_src.cc)
222>C:\tensorflow\tensorflow/c/c_api.h(999): warning C4190: 'TF_NewWhile' has C-linkage specified, but returns UDT 'TF_WhileParams' which is incompatible with C (compiling source file C:\tensorflow\tensorflow\python\client\tf_session_helper.cc)
222>C:\tensorflow\tensorflow/c/c_api.h(955): note: see declaration of 'TF_WhileParams' (compiling source file C:\tensorflow\tensorflow\python\client\tf_session_helper.cc)
222>ndarray_tensor.cc
222>C:\tensorflow\tensorflow/c/c_api.h(999): warning C4190: 'TF_NewWhile' has C-linkage specified, but returns UDT 'TF_WhileParams' which is incompatible with C (compiling source file C:\tensorflow\tensorflow\python\eager\pywrap_tensor.cc)
222>C:\tensorflow\tensorflow/c/c_api.h(955): note: see declaration of 'TF_WhileParams' (compiling source file C:\tensorflow\tensorflow\python\eager\pywrap_tensor.cc)
222>C:\tensorflow\tensorflow/c/c_api.h(999): warning C4190: 'TF_NewWhile' has C-linkage specified, but returns UDT 'TF_WhileParams' which is incompatible with C (compiling source file C:\tensorflow\tensorflow\python\framework\cpp_shape_inference.cc)
222>C:\tensorflow\tensorflow/c/c_api.h(955): note: see declaration of 'TF_WhileParams' (compiling source file C:\tensorflow\tensorflow\python\framework\cpp_shape_inference.cc)
222>C:\tensorflow\tensorflow/c/c_api.h(999): warning C4190: 'TF_NewWhile' has C-linkage specified, but returns UDT 'TF_WhileParams' which is incompatible with C (compiling source file C:\tensorflow\tensorflow\python\lib\core\ndarray_tensor.cc)
222>C:\tensorflow\tensorflow/c/c_api.h(955): note: see declaration of 'TF_WhileParams' (compiling source file C:\tensorflow\tensorflow\python\lib\core\ndarray_tensor.cc)
221>LINK : fatal error LNK1181: cannot open input file 'C:\tensorflow\tensorflow\contrib\cmake\build\tf_tools_transform_graph_lib.dir\Release\backports.obj'
221>Done building project "transform_graph.vcxproj" -- FAILED.
222>C:\tensorflow\tensorflow\python\eager\python_eager_op_gen.cc(22): fatal error C1083: Cannot open include file: 'tensorflow/core/framework/op_def.pb_text.h': No such file or directory
222>ndarray_tensor_bridge.cc
222>C:\tensorflow\tensorflow\python\framework\python_op_gen.cc(23): fatal error C1083: Cannot open include file: 'tensorflow/core/framework/op_def.pb_text.h': No such file or directory
222>py_func.cc
222>py_seq_tensor.cc
222>C:\tensorflow\tensorflow/c/c_api.h(999): warning C4190: 'TF_NewWhile' has C-linkage specified, but returns UDT 'TF_WhileParams' which is incompatible with C (compiling source file C:\tensorflow\tensorflow\python\lib\core\ndarray_tensor_bridge.cc)
222>C:\tensorflow\tensorflow/c/c_api.h(955): note: see declaration of 'TF_WhileParams' (compiling source file C:\tensorflow\tensorflow\python\lib\core\ndarray_tensor_bridge.cc)
222>C:\tensorflow\tensorflow/c/c_api.h(999): warning C4190: 'TF_NewWhile' has C-linkage specified, but returns UDT 'TF_WhileParams' which is incompatible with C (compiling source file C:\tensorflow\tensorflow\core\profiler\internal\print_model_analysis.cc)
222>C:\tensorflow\tensorflow/c/c_api.h(955): note: see declaration of 'TF_WhileParams' (compiling source file C:\tensorflow\tensorflow\core\profiler\internal\print_model_analysis.cc)
222>safe_ptr.cc
222>py_record_reader.cc
222>C:\tensorflow\tensorflow/c/c_api.h(999): warning C4190: 'TF_NewWhile' has C-linkage specified, but returns UDT 'TF_WhileParams' which is incompatible with C (compiling source file C:\tensorflow\tensorflow\python\lib\io\py_record_reader.cc)
222>C:\tensorflow\tensorflow/c/c_api.h(955): note: see declaration of 'TF_WhileParams' (compiling source file C:\tensorflow\tensorflow\python\lib\io\py_record_reader.cc)
222>C:\tensorflow\tensorflow/c/c_api.h(999): warning C4190: 'TF_NewWhile' has C-linkage specified, but returns UDT 'TF_WhileParams' which is incompatible with C (compiling source file C:\tensorflow\tensorflow\python\lib\core\safe_ptr.cc)
222>C:\tensorflow\tensorflow/c/c_api.h(955): note: see declaration of 'TF_WhileParams' (compiling source file C:\tensorflow\tensorflow\python\lib\core\safe_ptr.cc)
222>py_record_writer.cc
222>kernel_registry.cc
222>C:\tensorflow\tensorflow/c/c_api.h(999): warning C4190: 'TF_NewWhile' has C-linkage specified, but returns UDT 'TF_WhileParams' which is incompatible with C (compiling source file C:\tensorflow\tensorflow\python\lib\io\py_record_writer.cc)
222>C:\tensorflow\tensorflow/c/c_api.h(955): note: see declaration of 'TF_WhileParams' (compiling source file C:\tensorflow\tensorflow\python\lib\io\py_record_writer.cc)
222>C:\tensorflow\tensorflow/c/c_api.h(999): warning C4190: 'TF_NewWhile' has C-linkage specified, but returns UDT 'TF_WhileParams' which is incompatible with C (compiling source file C:\tensorflow\tensorflow\python\lib\core\py_seq_tensor.cc)
222>C:\tensorflow\tensorflow/c/c_api.h(955): note: see declaration of 'TF_WhileParams' (compiling source file C:\tensorflow\tensorflow\python\lib\core\py_seq_tensor.cc)
222>ops.cc
222>C:\tensorflow\tensorflow/c/c_api.h(999): warning C4190: 'TF_NewWhile' has C-linkage specified, but returns UDT 'TF_WhileParams' which is incompatible with C (compiling source file C:\tensorflow\tensorflow\python\lib\core\py_func.cc)
222>C:\tensorflow\tensorflow/c/c_api.h(955): note: see declaration of 'TF_WhileParams' (compiling source file C:\tensorflow\tensorflow\python\lib\core\py_func.cc)
222>scope.cc
222>pywrap_tensorflow_internal.cc
222>C:\tensorflow\tensorflow/c/c_api.h(999): warning C4190: 'TF_NewWhile' has C-linkage specified, but returns UDT 'TF_WhileParams' which is incompatible with C (compiling source file C:\tensorflow\tensorflow\contrib\cmake\build\pywrap_tensorflow_internal.cc)
222>C:\tensorflow\tensorflow/c/c_api.h(955): note: see declaration of 'TF_WhileParams' (compiling source file C:\tensorflow\tensorflow\contrib\cmake\build\pywrap_tensorflow_internal.cc)
222>C:\tensorflow\tensorflow/core/common_runtime/device.h(37): fatal error C1083: Cannot open include file: 'tensorflow/core/framework/device_attributes.pb_text.h': No such file or directory (compiling source file C:\tensorflow\tensorflow\cc\framework\scope.cc)
222>C:\tensorflow\tensorflow/core/common_runtime/device.h(37): fatal error C1083: Cannot open include file: 'tensorflow/core/framework/device_attributes.pb_text.h': No such file or directory (compiling source file C:\tensorflow\tensorflow\contrib\cmake\build\pywrap_tensorflow_internal.cc)
222>Done building project "pywrap_tensorflow_internal.vcxproj" -- FAILED.
223>------ Build started: Project: _nearest_neighbor_ops, Configuration: Release x64 ------
224>------ Build started: Project: _lstm_ops, Configuration: Release x64 ------
224>Building Custom Rule C:/tensorflow/tensorflow/contrib/cmake/CMakeLists.txt
223>Building Custom Rule C:/tensorflow/tensorflow/contrib/cmake/CMakeLists.txt
223>CMake does not need to re-run because C:/tensorflow/tensorflow/contrib/cmake/build/CMakeFiles/generate.stamp is up-to-date.
224>CMake does not need to re-run because C:/tensorflow/tensorflow/contrib/cmake/build/CMakeFiles/generate.stamp is up-to-date.
224>cl : Command line warning D9025: overriding '/DTF_COMPILE_LIBRARY' with '/UTF_COMPILE_LIBRARY'
224>blas_gemm.cc
223>cl : Command line warning D9025: overriding '/DTF_COMPILE_LIBRARY' with '/UTF_COMPILE_LIBRARY'
223>cl : Command line warning D9025: overriding '/DTF_COMPILE_LIBRARY' with '/UTF_COMPILE_LIBRARY'
223>cl : Command line warning D9025: overriding '/DTF_COMPILE_LIBRARY' with '/UTF_COMPILE_LIBRARY'
223>hyperplane_lsh_probes.cc
223>nearest_neighbor_ops.cc
224>cl : Command line warning D9025: overriding '/DTF_COMPILE_LIBRARY' with '/UTF_COMPILE_LIBRARY'
224>lstm_ops.cc
223>LINK : fatal error LNK1181: cannot open input file 'Release\pywrap_tensorflow_internal.lib'
223>Done building project "_nearest_neighbor_ops.vcxproj" -- FAILED.
225>------ Build started: Project: _gru_ops, Configuration: Release x64 ------
225>Building Custom Rule C:/tensorflow/tensorflow/contrib/cmake/CMakeLists.txt
225>CMake does not need to re-run because C:/tensorflow/tensorflow/contrib/cmake/build/CMakeFiles/generate.stamp is up-to-date.
225>cl : Command line warning D9025: overriding '/DTF_COMPILE_LIBRARY' with '/UTF_COMPILE_LIBRARY'
225>blas_gemm.cc
225>cl : Command line warning D9025: overriding '/DTF_COMPILE_LIBRARY' with '/UTF_COMPILE_LIBRARY'
225>gru_ops.cc
224>cl : Command line warning D9025: overriding '/DTF_COMPILE_LIBRARY' with '/UTF_COMPILE_LIBRARY'
224>lstm_ops.cc
225>cl : Command line warning D9025: overriding '/DTF_COMPILE_LIBRARY' with '/UTF_COMPILE_LIBRARY'
225>gru_ops.cc
224>LINK : fatal error LNK1181: cannot open input file 'Release\pywrap_tensorflow_internal.lib'
224>Done building project "_lstm_ops.vcxproj" -- FAILED.
226>------ Build started: Project: _beam_search_ops, Configuration: Release x64 ------
226>Building Custom Rule C:/tensorflow/tensorflow/contrib/cmake/CMakeLists.txt
226>CMake does not need to re-run because C:/tensorflow/tensorflow/contrib/cmake/build/CMakeFiles/generate.stamp is up-to-date.
226>cl : Command line warning D9025: overriding '/DTF_COMPILE_LIBRARY' with '/UTF_COMPILE_LIBRARY'
226>beam_search_ops.cc
225>LINK : fatal error LNK1181: cannot open input file 'Release\pywrap_tensorflow_internal.lib'
225>Done building project "_gru_ops.vcxproj" -- FAILED.
226>cl : Command line warning D9025: overriding '/DTF_COMPILE_LIBRARY' with '/UTF_COMPILE_LIBRARY'
226>beam_search_ops.cc
226>LINK : fatal error LNK1181: cannot open input file 'Release\pywrap_tensorflow_internal.lib'
226>Done building project "_beam_search_ops.vcxproj" -- FAILED.