Some gpu tests are failing on Windows in Bazel build

They are marked as no_windows_gpu in #11901, but we need to investigate why they are now failing.
//py_test_dir/tensorflow/python/kernel_tests:metrics_test               TIMEOUT in 1 out of 3 in 6541.4s
//py_test_dir/tensorflow/python/kernel_tests:norm_op_test               TIMEOUT in 20 out of 20 in 6379.0s
//py_test_dir/tensorflow/python:math_grad_test                          TIMEOUT in 566.2s
//py_test_dir/tensorflow/python:math_ops_test                           TIMEOUT in 512.5s
//py_test_dir/tensorflow/python:special_math_ops_test                   TIMEOUT in 88.8s
//py_test_dir/tensorflow/python/kernel_tests:cholesky_op_test            FAILED in 5 out of 5 in 409.8s
//py_test_dir/tensorflow/python/kernel_tests:linalg_ops_test             FAILED in 559.0s
//py_test_dir/tensorflow/python/kernel_tests:reduction_ops_test          FAILED in 4 out of 4 in 455.1s
//py_test_dir/tensorflow/python:session_clusterspec_prop_test            FAILED in 226.5s
//py_test_dir/tensorflow/python:session_list_devices_test                FAILED in 182.7s