Android Demo build Error

Get an error when building the Android demo on Ubuntu 14.04.
tp@tp-Inspiron-3421:~/tensorflow$ /home/tp/bin/bazel build tensorflow/examples/android:tensorflow_demo --verbose_failures
INFO: Found 1 target...
INFO: From Compiling google/protobuf/src/google/protobuf/util/internal/utility.cc:
google/protobuf/src/google/protobuf/util/internal/utility.cc:50:19: warning: 'const google::protobuf::StringPiece google::protobuf::util::converter::{anonymous}::SkipWhiteSpace(google::protobuf::StringPiece)' defined but not used [-Wunused-function]
const StringPiece SkipWhiteSpace(StringPiece str) {
^
INFO: From Compiling google/protobuf/src/google/protobuf/util/internal/field_mask_utility.cc:
google/protobuf/src/google/protobuf/util/internal/field_mask_utility.cc:47:14: warning: 'google::protobuf::util::Status google::protobuf::util::converter::{anonymous}::CreatePublicError(google::protobuf::util::error::Code, const string&)' defined but not used [-Wunused-function]
util::Status CreatePublicError(util::error::Code code,
^
INFO: From Compiling external/re2/re2/stringpiece.cc:
external/re2/re2/stringpiece.cc:6:23: fatal error: util/util.h: No such file or directory
#include "util/util.h"
^
compilation terminated.
ERROR: /home/tp/.cache/bazel/_bazel_tp/52515bfa99a2d82b1037ec6d5029c6c1/external/re2/BUILD:7:1: C++ compilation of rule '@re2//:stringpiece' failed: arm-linux-androideabi-gcc failed: error executing command
(cd /home/tp/.cache/bazel/_bazel_tp/52515bfa99a2d82b1037ec6d5029c6c1/tensorflow && 
exec env - 
PATH=/home/tp/bin:/home/tp/android-ndk-r10e:/usr/local/sbin:/usr/local/bin:/usr/sbin:/usr/bin:/sbin:/bin:/usr/games:/usr/local/games:/usr/java/jdk1.8.0_65/bin 
external/androidndk/ndk/toolchains/arm-linux-androideabi-4.9/prebuilt/linux-x86_64/bin/arm-linux-androideabi-gcc -fstack-protector-strong -fpic -ffunction-sections -funwind-tables -no-canonical-prefixes '-march=armv7-a' '-mfpu=vfpv3-d16' '-mfloat-abi=softfp' -iquote external/re2 -iquote bazel-out/android-arm-linux-androideabi-4.9-v7a-gnu-libstdcpp-fastbuild/genfiles/external/re2 -iquote external/bazel_tools -iquote bazel-out/android-arm-linux-androideabi-4.9-v7a-gnu-libstdcpp-fastbuild/genfiles/external/bazel_tools -isystem external/re2 -isystem bazel-out/android-arm-linux-androideabi-4.9-v7a-gnu-libstdcpp-fastbuild/genfiles/external/re2 -isystem external/bazel_tools/tools/cpp/gcc3 '--sysroot=external/androidndk/ndk/platforms/android-21/arch-arm' -isystem external/androidndk/ndk/toolchains/arm-linux-androideabi-4.9/prebuilt/linux-x86_64/lib/gcc/arm-linux-androideabi/4.9/include -isystem external/androidndk/ndk/toolchains/arm-linux-androideabi-4.9/prebuilt/linux-x86_64/lib/gcc/arm-linux-androideabi/4.9/include-fixed -isystem external/androidndk/ndk/sources/cxx-stl/gnu-libstdc++/4.9/include -isystem external/androidndk/ndk/sources/cxx-stl/gnu-libstdc++/4.9/libs/armeabi-v7a/include -isystem external/androidndk/ndk/sources/cxx-stl/gnu-libstdc++/4.9/include/backward '-frandom-seed=bazel-out/android-arm-linux-androideabi-4.9-v7a-gnu-libstdcpp-fastbuild/bin/external/re2/_objs/stringpiece/external/re2/re2/stringpiece.o' -MD -MF bazel-out/android-arm-linux-androideabi-4.9-v7a-gnu-libstdcpp-fastbuild/bin/external/re2/_objs/stringpiece/external/re2/re2/stringpiece.d -c external/re2/re2/stringpiece.cc -o bazel-out/android-arm-linux-androideabi-4.9-v7a-gnu-libstdcpp-fastbuild/bin/external/re2/_objs/stringpiece/external/re2/re2/stringpiece.o): arm-linux-androideabi-gcc failed: error executing command
(cd /home/tp/.cache/bazel/_bazel_tp/52515bfa99a2d82b1037ec6d5029c6c1/tensorflow && 
exec env - 
PATH=/home/tp/bin:/home/tp/android-ndk-r10e:/usr/local/sbin:/usr/local/bin:/usr/sbin:/usr/bin:/sbin:/bin:/usr/games:/usr/local/games:/usr/java/jdk1.8.0_65/bin 
external/androidndk/ndk/toolchains/arm-linux-androideabi-4.9/prebuilt/linux-x86_64/bin/arm-linux-androideabi-gcc -fstack-protector-strong -fpic -ffunction-sections -funwind-tables -no-canonical-prefixes '-march=armv7-a' '-mfpu=vfpv3-d16' '-mfloat-abi=softfp' -iquote external/re2 -iquote bazel-out/android-arm-linux-androideabi-4.9-v7a-gnu-libstdcpp-fastbuild/genfiles/external/re2 -iquote external/bazel_tools -iquote bazel-out/android-arm-linux-androideabi-4.9-v7a-gnu-libstdcpp-fastbuild/genfiles/external/bazel_tools -isystem external/re2 -isystem bazel-out/android-arm-linux-androideabi-4.9-v7a-gnu-libstdcpp-fastbuild/genfiles/external/re2 -isystem external/bazel_tools/tools/cpp/gcc3 '--sysroot=external/androidndk/ndk/platforms/android-21/arch-arm' -isystem external/androidndk/ndk/toolchains/arm-linux-androideabi-4.9/prebuilt/linux-x86_64/lib/gcc/arm-linux-androideabi/4.9/include -isystem external/androidndk/ndk/toolchains/arm-linux-androideabi-4.9/prebuilt/linux-x86_64/lib/gcc/arm-linux-androideabi/4.9/include-fixed -isystem external/androidndk/ndk/sources/cxx-stl/gnu-libstdc++/4.9/include -isystem external/androidndk/ndk/sources/cxx-stl/gnu-libstdc++/4.9/libs/armeabi-v7a/include -isystem external/androidndk/ndk/sources/cxx-stl/gnu-libstdc++/4.9/include/backward '-frandom-seed=bazel-out/android-arm-linux-androideabi-4.9-v7a-gnu-libstdcpp-fastbuild/bin/external/re2/_objs/stringpiece/external/re2/re2/stringpiece.o' -MD -MF bazel-out/android-arm-linux-androideabi-4.9-v7a-gnu-libstdcpp-fastbuild/bin/external/re2/_objs/stringpiece/external/re2/re2/stringpiece.d -c external/re2/re2/stringpiece.cc -o bazel-out/android-arm-linux-androideabi-4.9-v7a-gnu-libstdcpp-fastbuild/bin/external/re2/_objs/stringpiece/external/re2/re2/stringpiece.o).
Target //tensorflow/examples/android:tensorflow_demo failed to build
INFO: Elapsed time: 92.115s, Critical Path: 88.64s.