Unable to compile tensorflow r1.4 from source with cuda 8.0 and cudnn 7 and after downgrading bazel?

System information

Have I written custom code (as opposed to using a stock example script provided in TensorFlow): No
OS Platform and Distribution (e.g., Linux Ubuntu 16.04): Ubuntu 16.04
TensorFlow installed from (source or binary): Source
TensorFlow version (use command below): r1.4
Python version:  2.7.12
Bazel version (if compiling from source): 0.8.1
GCC/Compiler version (if compiling from source): 5.4.0
CUDA/cuDNN version: 8.0/7.0.4
GPU model and memory: 1080 Ti
Exact command to reproduce:
bazel build --config=opt --config=cuda //tensorflow/tools/pip_package:build_pip_package --verbose_failures --cxxopt="-D_GLIBCXX_USE_CXX11_ABI=0" --action_env="LD_LIBRARY_PATH=${LD_LIBRARY_PATH}"

Describe the problem
I'm trying to compile TF r1.4 from source but didn't manage to get this working although I tried several fixes:


Downgrading bazel from 0.9.0 to 0.8.1 based on #15492


sudo sh -c "echo '/usr/local/cuda-8.0/lib64' >> /etc/ld.so.conf.d/nvidia.conf"  and sudo ldconfig based on #13481


adding the action_env argument based on https://stackoverflow.com/questions/47080760/tensorflow-fails-to-compile/47295278#47295278


Note: When installing cudnn, I used both the runtime library and the tar file which i extracted and placed it in the /usr/local/cuda library respective folders.
Source code / logs
ERROR: /home/kwotsin/tensorflow/tensorflow/core/BUILD:2131:1: C++ compilation of rule '//tensorflow/core:gpu_runtime_impl' failed (Exit 1): crosstool_wrapper_driver_is_not_gcc failed: error executing command 
  (cd /home/kwotsin/.cache/bazel/_bazel_kwotsin/041f6cc3555a2d9f6211c6d126ede477/execroot/org_tensorflow && \
  exec env - \
    LD_LIBRARY_PATH=/usr/local/cuda/lib64 \
    PATH=/usr/local/cuda/bin:/home/kwotsin/bin:/home/kwotsin/.local/bin:/usr/local/sbin:/usr/local/bin:/usr/sbin:/usr/bin:/sbin:/bin:/usr/games:/usr/local/games:/snap/bin \
    PWD=/proc/self/cwd \
  external/local_config_cuda/crosstool/clang/bin/crosstool_wrapper_driver_is_not_gcc -U_FORTIFY_SOURCE '-D_FORTIFY_SOURCE=1' -fstack-protector -fPIE -Wall -Wunused-but-set-parameter -Wno-free-nonheap-object -fno-omit-frame-pointer -g0 -O2 -DNDEBUG -ffunction-sections -fdata-sections -g0 '-std=c++11' -g0 -MD -MF bazel-out/host/bin/tensorflow/core/_objs/gpu_runtime_impl/tensorflow/core/common_runtime/gpu/gpu_device.pic.d '-frandom-seed=bazel-out/host/bin/tensorflow/core/_objs/gpu_runtime_impl/tensorflow/core/common_runtime/gpu/gpu_device.pic.o' -fPIC -DEIGEN_MPL2_ONLY -DSNAPPY -iquote . -iquote bazel-out/host/genfiles -iquote external/bazel_tools -iquote bazel-out/host/genfiles/external/bazel_tools -iquote external/eigen_archive -iquote bazel-out/host/genfiles/external/eigen_archive -iquote external/local_config_sycl -iquote bazel-out/host/genfiles/external/local_config_sycl -iquote external/nsync -iquote bazel-out/host/genfiles/external/nsync -iquote external/gif_archive -iquote bazel-out/host/genfiles/external/gif_archive -iquote external/jpeg -iquote bazel-out/host/genfiles/external/jpeg -iquote external/protobuf_archive -iquote bazel-out/host/genfiles/external/protobuf_archive -iquote external/com_googlesource_code_re2 -iquote bazel-out/host/genfiles/external/com_googlesource_code_re2 -iquote external/farmhash_archive -iquote bazel-out/host/genfiles/external/farmhash_archive -iquote external/fft2d -iquote bazel-out/host/genfiles/external/fft2d -iquote external/highwayhash -iquote bazel-out/host/genfiles/external/highwayhash -iquote external/png_archive -iquote bazel-out/host/genfiles/external/png_archive -iquote external/zlib_archive -iquote bazel-out/host/genfiles/external/zlib_archive -iquote external/local_config_cuda -iquote bazel-out/host/genfiles/external/local_config_cuda -isystem external/bazel_tools/tools/cpp/gcc3 -isystem external/eigen_archive -isystem bazel-out/host/genfiles/external/eigen_archive -isystem external/nsync/public -isystem bazel-out/host/genfiles/external/nsync/public -isystem external/gif_archive/lib -isystem bazel-out/host/genfiles/external/gif_archive/lib -isystem external/protobuf_archive/src -isystem bazel-out/host/genfiles/external/protobuf_archive/src -isystem external/farmhash_archive/src -isystem bazel-out/host/genfiles/external/farmhash_archive/src -isystem external/png_archive -isystem bazel-out/host/genfiles/external/png_archive -isystem external/zlib_archive -isystem bazel-out/host/genfiles/external/zlib_archive -isystem external/local_config_cuda/cuda -isystem bazel-out/host/genfiles/external/local_config_cuda/cuda -isystem external/local_config_cuda/cuda/cuda/include -isystem bazel-out/host/genfiles/external/local_config_cuda/cuda/cuda/include -DEIGEN_AVOID_STL_ARRAY -Iexternal/gemmlowp -Wno-sign-compare '-ftemplate-depth=900' -fno-exceptions '-DGOOGLE_CUDA=1' -msse3 -pthread '-DGOOGLE_CUDA=1' -no-canonical-prefixes -Wno-builtin-macro-redefined '-D__DATE__="redacted"' '-D__TIMESTAMP__="redacted"' '-D__TIME__="redacted"' -fno-canonical-system-headers -c tensorflow/core/common_runtime/gpu/gpu_device.cc -o bazel-out/host/bin/tensorflow/core/_objs/gpu_runtime_impl/tensorflow/core/common_runtime/gpu/gpu_device.pic.o)
In file included from ./tensorflow/stream_executor/stream_executor.h:35:0,
                 from ./tensorflow/core/platform/stream_executor.h:38,
                 from ./tensorflow/core/common_runtime/gpu/gpu_event_mgr.h:28,
                 from ./tensorflow/core/common_runtime/gpu/gpu_device.h:30,
                 from tensorflow/core/common_runtime/gpu/gpu_device.cc:22:
./tensorflow/stream_executor/stream_executor_pimpl.h:87:63: internal compiler error: Segmentation fault
   PlatformKind platform_kind() const { return platform_kind_; }
                                                               ^
Please submit a full bug report,
with preprocessed source if appropriate.
See <file:///usr/share/doc/gcc-5/README.Bugs> for instructions.
Target //tensorflow/tools/pip_package:build_pip_package failed to build
INFO: Elapsed time: 145.189s, Critical Path: 22.73s
FAILED: Build did NOT complete successfully


Thank you.
====
Further updates:


I tried switching to the more updated 7.0.5 CuDNN (although some mentioned in #12052 that their build worked with 7.0.4. I'm now using CUDA 9.0 + CuDNN 7.05 for CUDA 9.0, and with bazel 0.8.1. The build unfortunately still doesn't work.


CUDA 8.0 + CuDNN 6.0.21 also doesn't work, with the similar reasons as such:


C++ compilation of rule '//tensorflow/core/kernels:sparse_conditional_accumulator_op' failed (Exit 1)
In file included from tensorflow/core/kernels/sparse_conditional_accumulator_op.cc:19:0:
./tensorflow/core/kernels/sparse_conditional_accumulator.h: In destructor 'tensorflow::SparseConditionalAccumulator<Device, T>::~SparseConditionalAccumulator() [with Device = Eigen::ThreadPoolDevice; T = float]':
./tensorflow/core/kernels/sparse_conditional_accumulator.h:68:3: internal compiler error: Segmentation fault
   };
   ^
Please submit a full bug report,
with preprocessed source if appropriate.
See <file:///usr/share/doc/gcc-5/README.Bugs> for instructions.
Target //tensorflow/tools/pip_package:build_pip_package failed to build
Use --verbose_failures to see the command lines of failed build steps.
INFO: Elapsed time: 505.239s, Critical Path: 114.19s
FAILED: Build did NOT complete successfully


ERROR: /home/kwotsin/tensorflow/tensorflow/core/kernels/BUILD:2554:1: C++ compilation of rule '//tensorflow/core/kernels:cwise_op' failed (Exit 1): crosstool_wrapper_driver_is_not_gcc failed: error executing command 
  (cd /home/kwotsin/.cache/bazel/_bazel_kwotsin/041f6cc3555a2d9f6211c6d126ede477/execroot/org_tensorflow && \
  exec env - \
    CUDA_TOOLKIT_PATH=/usr/local/cuda \
    CUDNN_INSTALL_PATH=/usr/local/cuda-9.0 \
    GCC_HOST_COMPILER_PATH=/usr/bin/gcc \
    PWD=/proc/self/cwd \
    PYTHON_BIN_PATH=/usr/bin/python \
    PYTHON_LIB_PATH=/usr/local/lib/python2.7/dist-packages \
    TF_CUDA_CLANG=0 \
    TF_CUDA_COMPUTE_CAPABILITIES=6.1 \
    TF_CUDA_VERSION=9.0 \
    TF_CUDNN_VERSION=7.0.5 \
    TF_NEED_CUDA=1 \
    TF_NEED_OPENCL=0 \
  external/local_config_cuda/crosstool/clang/bin/crosstool_wrapper_driver_is_not_gcc -U_FORTIFY_SOURCE '-D_FORTIFY_SOURCE=1' -fstack-protector -fPIE -Wall -Wunused-but-set-parameter -Wno-free-nonheap-object -fno-omit-frame-pointer -g0 -O2 -DNDEBUG -ffunction-sections -fdata-sections '-march=native' '-std=c++11' '-march=native' '-D_GLIBCXX_USE_CXX11_ABI=0' -MD -MF bazel-out/k8-opt/bin/tensorflow/core/kernels/_objs/cwise_op/tensorflow/core/kernels/cwise_op_floor_div.pic.d '-frandom-seed=bazel-out/k8-opt/bin/tensorflow/core/kernels/_objs/cwise_op/tensorflow/core/kernels/cwise_op_floor_div.pic.o' -fPIC -DEIGEN_MPL2_ONLY -DSNAPPY -iquote . -iquote bazel-out/k8-opt/genfiles -iquote external/nsync -iquote bazel-out/k8-opt/genfiles/external/nsync -iquote external/bazel_tools -iquote bazel-out/k8-opt/genfiles/external/bazel_tools -iquote external/eigen_archive -iquote bazel-out/k8-opt/genfiles/external/eigen_archive -iquote external/local_config_sycl -iquote bazel-out/k8-opt/genfiles/external/local_config_sycl -iquote external/gif_archive -iquote bazel-out/k8-opt/genfiles/external/gif_archive -iquote external/jpeg -iquote bazel-out/k8-opt/genfiles/external/jpeg -iquote external/protobuf_archive -iquote bazel-out/k8-opt/genfiles/external/protobuf_archive -iquote external/com_googlesource_code_re2 -iquote bazel-out/k8-opt/genfiles/external/com_googlesource_code_re2 -iquote external/farmhash_archive -iquote bazel-out/k8-opt/genfiles/external/farmhash_archive -iquote external/fft2d -iquote bazel-out/k8-opt/genfiles/external/fft2d -iquote external/highwayhash -iquote bazel-out/k8-opt/genfiles/external/highwayhash -iquote external/png_archive -iquote bazel-out/k8-opt/genfiles/external/png_archive -iquote external/zlib_archive -iquote bazel-out/k8-opt/genfiles/external/zlib_archive -iquote external/local_config_cuda -iquote bazel-out/k8-opt/genfiles/external/local_config_cuda -isystem external/nsync/public -isystem bazel-out/k8-opt/genfiles/external/nsync/public -isystem external/bazel_tools/tools/cpp/gcc3 -isystem external/eigen_archive -isystem bazel-out/k8-opt/genfiles/external/eigen_archive -isystem external/gif_archive/lib -isystem bazel-out/k8-opt/genfiles/external/gif_archive/lib -isystem external/protobuf_archive/src -isystem bazel-out/k8-opt/genfiles/external/protobuf_archive/src -isystem external/farmhash_archive/src -isystem bazel-out/k8-opt/genfiles/external/farmhash_archive/src -isystem external/png_archive -isystem bazel-out/k8-opt/genfiles/external/png_archive -isystem external/zlib_archive -isystem bazel-out/k8-opt/genfiles/external/zlib_archive -isystem external/local_config_cuda/cuda -isystem bazel-out/k8-opt/genfiles/external/local_config_cuda/cuda -isystem external/local_config_cuda/cuda/cuda/include -isystem bazel-out/k8-opt/genfiles/external/local_config_cuda/cuda/cuda/include -DEIGEN_AVOID_STL_ARRAY -Iexternal/gemmlowp -Wno-sign-compare '-ftemplate-depth=900' -fno-exceptions '-DGOOGLE_CUDA=1' -msse3 -pthread '-DGOOGLE_CUDA=1' -no-canonical-prefixes -Wno-builtin-macro-redefined '-D__DATE__="redacted"' '-D__TIMESTAMP__="redacted"' '-D__TIME__="redacted"' -fno-canonical-system-headers -c tensorflow/core/kernels/cwise_op_floor_div.cc -o bazel-out/k8-opt/bin/tensorflow/core/kernels/_objs/cwise_op/tensorflow/core/kernels/cwise_op_floor_div.pic.o)
In file included from tensorflow/core/kernels/cwise_op_floor_div.cc:16:0:
./tensorflow/core/kernels/cwise_ops_common.h: In instantiation of 'void tensorflow::functor::BinaryFunctor<Eigen::ThreadPoolDevice, Functor, NDIMS, false>::BCast(const CPUDevice&, typename tensorflow::TTypes<typename Functor::out_type, NDIMS>::Tensor, typename tensorflow::TTypes<typename Functor::in_type, NDIMS>::ConstTensor, Eigen::array<long int, NDIMS>, typename tensorflow::TTypes<typename Functor::in_type, NDIMS>::ConstTensor, Eigen::array<long int, NDIMS>, bool*) [with Functor = tensorflow::functor::floor_div_real<double>; int NDIMS = 4; tensorflow::functor::CPUDevice = Eigen::ThreadPoolDevice; typename tensorflow::TTypes<typename Functor::out_type, NDIMS>::Tensor = Eigen::TensorMap<Eigen::Tensor<double, 4, 1, long int>, 16, Eigen::MakePointer>; typename tensorflow::TTypes<typename Functor::in_type, NDIMS>::ConstTensor = Eigen::TensorMap<Eigen::Tensor<const double, 4, 1, long int>, 16, Eigen::MakePointer>]':
./tensorflow/core/kernels/cwise_ops_common.h:136:7:   required from 'void tensorflow::BinaryOp<Device, Functor>::Compute(tensorflow::OpKernelContext*) [with Device = Eigen::ThreadPoolDevice; Functor = tensorflow::functor::floor_div_real<double>]'
tensorflow/core/kernels/cwise_op_floor_div.cc:53:1:   required from here
./tensorflow/core/kernels/cwise_ops_common.h:417:3: internal compiler error: Segmentation fault
   }
   ^
Please submit a full bug report,
with preprocessed source if appropriate.
See <file:///usr/share/doc/gcc-5/README.Bugs> for instructions.
Target //tensorflow/tools/pip_package:build_pip_package failed to build
INFO: Elapsed time: 430.853s, Critical Path: 77.17s
FAILED: Build did NOT complete successfully