Target //tensorflow/examples/android:tensorflow_demo failed to build

ERROR: /home/saurabh/Downloads/tensorflow/tensorflow/examples/android/BUILD:43:1: Linking of rule '//tensorflow/examples/android:libpthread.so' failed: arm-linux-androideabi-gcc failed: error executing command
(cd /home/saurabh/.cache/bazel/_bazel_saurabh/b5e3c50abcfa34dcecd4eb2855a378fe/tensorflow && 
exec env - 
external/androidndk/ndk/toolchains/arm-linux-androideabi-4.9/prebuilt/linux-x86/bin/arm-linux-androideabi-gcc -o bazel-out/android-arm-linux-androideabi-4.9-v7a-gnu-libstdcpp-fastbuild/bin/tensorflow/examples/android/libpthread.so -Wl,-whole-archive -Wl,-no-whole-archive -shared -no-canonical-prefixes '-march=armv7-a' -Wl,--fix-cortex-a8 -Wl,-S '--sysroot=external/androidndk/ndk/platforms/android-21/arch-arm'): arm-linux-androideabi-gcc failed: error executing command
(cd /home/saurabh/.cache/bazel/_bazel_saurabh/b5e3c50abcfa34dcecd4eb2855a378fe/tensorflow && 
exec env - 
external/androidndk/ndk/toolchains/arm-linux-androideabi-4.9/prebuilt/linux-x86/bin/arm-linux-androideabi-gcc -o bazel-out/android-arm-linux-androideabi-4.9-v7a-gnu-libstdcpp-fastbuild/bin/tensorflow/examples/android/libpthread.so -Wl,-whole-archive -Wl,-no-whole-archive -shared -no-canonical-prefixes '-march=armv7-a' -Wl,--fix-cortex-a8 -Wl,-S '--sysroot=external/androidndk/ndk/platforms/android-21/arch-arm').
src/main/tools/namespace-sandbox.c:672: execvp(argv[0], argv): No such file or directory
Target //tensorflow/examples/android:tensorflow_demo failed to build
INFO: Elapsed time: 25.023s, Critical Path: 3.25s
I am not able to understand the issue!! ANy help appreciated