Failure to build, gcc 5.2.1, cuda 7.0

Hi,
I followed the instructions at https://www.tensorflow.org/versions/v0.6.0/get_started/os_setup.html and tried building from source. I installed bazel 0.1.5 and I have gcc 5.2.1, cuda 7.0 and a GTX 960.
bazel build -c opt --config=cuda //tensorflow/cc:tutorials_example_trainer
fails with

INFO: From Compiling tensorflow/core/kernels/cwise_op_gpu_sub.cu.cc:
/usr/include/c++/5/bits/stl_iterator_base_types.h(154): error: class "std::__cxx11::basic_string<char, std::char_traits, std::allocator>" has no member "iterator_category"
detected during:
instantiation of class "std::__iterator_traits<_Iterator, void> [with _Iterator=std::__cxx11::basic_string<char, std::char_traits, std::allocator>]"
(163): here
instantiation of class "std::iterator_traits<_Iterator> [with _Iterator=std::__cxx11::basic_string<char, std::char_traits, std::allocator>]"
/usr/include/c++/5/sstream(348): here
instantiation of class "std::__cxx11::basic_stringbuf<_CharT, _Traits, _Alloc> [with _CharT=char, _Traits=std::char_traits, _Alloc=std::allocator]"
/usr/include/c++/5/bits/sstream.tcc(272): here
/usr/include/c++/5/type_traits(1492): error: class "std::__is_convertible_helper<, std::input_iterator_tag, false>" has no member class "type"
detected during:
instantiation of class "std::is_convertible<_From, _To> [with _From=, _To=std::input_iterator_tag]"
/usr/include/c++/5/sstream(348): here
instantiation of class "std::__cxx11::basic_stringbuf<_CharT, _Traits, _Alloc> [with _CharT=char, _Traits=std::char_traits, _Alloc=std::allocator]"
/usr/include/c++/5/bits/sstream.tcc(272): here
/usr/include/c++/5/type_traits(1492): error: not a class or struct name
detected during:
instantiation of class "std::is_convertible<_From, _To> [with _From=, _To=std::input_iterator_tag]"
/usr/include/c++/5/sstream(348): here
instantiation of class "std::__cxx11::basic_stringbuf<_CharT, _Traits, _Alloc> [with _CharT=char, _Traits=std::char_traits, _Alloc=std::allocator]"
/usr/include/c++/5/bits/sstream.tcc(272): here
/usr/include/c++/5/bits/stl_iterator_base_types.h(154): error: class "std::__cxx11::basic_string<wchar_t, std::char_traits<wchar_t>, std::allocator<wchar_t>>" has no member "iterator_category"
detected during:
instantiation of class "std::__iterator_traits<_Iterator, void> [with _Iterator=std::__cxx11::basic_string<wchar_t, std::char_traits<wchar_t>, std::allocator<wchar_t>>]"
(163): here
instantiation of class "std::iterator_traits<_Iterator> [with _Iterator=std::__cxx11::basic_string<wchar_t, std::char_traits<wchar_t>, std::allocator<wchar_t>>]"
/usr/include/c++/5/sstream(348): here
instantiation of class "std::__cxx11::basic_stringbuf<_CharT, _Traits, _Alloc> [with _CharT=wchar_t, _Traits=std::char_traits<wchar_t>, _Alloc=std::allocator<wchar_t>]"
/usr/include/c++/5/bits/sstream.tcc(278): here
/usr/include/c++/5/bits/stl_iterator_base_types.h(154): error: class "std::vector<std::seed_seq::result_type, std::allocatorstd::seed_seq::result_type>" has no member "iterator_category"
detected during:
instantiation of class "std::__iterator_traits<_Iterator, void> [with _Iterator=std::vector<std::seed_seq::result_type, std::allocatorstd::seed_seq::result_type>]"
(163): here
instantiation of class "std::iterator_traits<_Iterator> [with _Iterator=std::vector<std::seed_seq::result_type, std::allocatorstd::seed_seq::result_type>]"
/usr/include/c++/5/bits/random.h(6059): here
/usr/lib/gcc/x86_64-linux-gnu/5/include/emmintrin.h(1294): error: expression must have arithmetic, unscoped enum, or pointer type
/usr/lib/gcc/x86_64-linux-gnu/5/include/emmintrin.h(1300): error: expression must have arithmetic, unscoped enum, or pointer type
/usr/lib/gcc/x86_64-linux-gnu/5/include/emmintrin.h(1306): error: expression must have arithmetic, unscoped enum, or pointer type
/usr/lib/gcc/x86_64-linux-gnu/5/include/emmintrin.h(1312): error: expression must have arithmetic, unscoped enum, or pointer type
/usr/lib/gcc/x86_64-linux-gnu/5/include/emmintrin.h(1318): error: expression must have arithmetic, unscoped enum, or pointer type
/usr/lib/gcc/x86_64-linux-gnu/5/include/emmintrin.h(1324): error: expression must have arithmetic, unscoped enum, or pointer type
/usr/lib/gcc/x86_64-linux-gnu/5/include/emmintrin.h(1330): error: expression must have arithmetic, unscoped enum, or pointer type
/usr/lib/gcc/x86_64-linux-gnu/5/include/emmintrin.h(1336): error: expression must have arithmetic, unscoped enum, or pointer type
/usr/lib/gcc/x86_64-linux-gnu/5/include/emmintrin.h(1342): error: expression must have arithmetic, unscoped enum, or pointer type
/usr/lib/gcc/x86_64-linux-gnu/5/include/smmintrin.h(270): error: expression must have arithmetic, unscoped enum, or pointer type
/usr/lib/gcc/x86_64-linux-gnu/5/include/smmintrin.h(798): error: expression must have arithmetic, unscoped enum, or pointer type
/usr/lib/gcc/x86_64-linux-gnu/5/include/avx2intrin.h(233): error: expression must have arithmetic, unscoped enum, or pointer type
/usr/lib/gcc/x86_64-linux-gnu/5/include/avx2intrin.h(240): error: expression must have arithmetic, unscoped enum, or pointer type
/usr/lib/gcc/x86_64-linux-gnu/5/include/avx2intrin.h(247): error: expression must have arithmetic, unscoped enum, or pointer type
/usr/lib/gcc/x86_64-linux-gnu/5/include/avx2intrin.h(254): error: expression must have arithmetic, unscoped enum, or pointer type
/usr/lib/gcc/x86_64-linux-gnu/5/include/avx2intrin.h(261): error: expression must have arithmetic, unscoped enum, or pointer type
/usr/lib/gcc/x86_64-linux-gnu/5/include/avx2intrin.h(268): error: expression must have arithmetic, unscoped enum, or pointer type
/usr/lib/gcc/x86_64-linux-gnu/5/include/avx2intrin.h(275): error: expression must have arithmetic, unscoped enum, or pointer type
/usr/lib/gcc/x86_64-linux-gnu/5/include/avx2intrin.h(282): error: expression must have arithmetic, unscoped enum, or pointer type
/usr/lib/gcc/x86_64-linux-gnu/5/include/avx512fintrin.h(3606): error: identifier "__builtin_ia32_pbroadcastq512_gpr_mask" is undefined
/usr/lib/gcc/x86_64-linux-gnu/5/include/avx512fintrin.h(3616): error: identifier "__builtin_ia32_pbroadcastq512_gpr_mask" is undefined
/usr/lib/gcc/x86_64-linux-gnu/5/include/avx512fintrin.h(3625): error: identifier "__builtin_ia32_pbroadcastq512_gpr_mask" is undefined
/usr/lib/gcc/x86_64-linux-gnu/5/include/avx512fintrin.h(13031): error: identifier "__builtin_ia32_pd512_pd" is undefined
/usr/lib/gcc/x86_64-linux-gnu/5/include/avx512fintrin.h(13038): error: identifier "__builtin_ia32_ps512_ps" is undefined
/usr/lib/gcc/x86_64-linux-gnu/5/include/avx512fintrin.h(13045): error: identifier "__builtin_ia32_si512_si" is undefined
/usr/lib/gcc/x86_64-linux-gnu/5/include/avx512fintrin.h(13052): error: identifier "__builtin_ia32_pd512_256pd" is undefined
/usr/lib/gcc/x86_64-linux-gnu/5/include/avx512fintrin.h(13059): error: identifier "__builtin_ia32_ps512_256ps" is undefined
/usr/lib/gcc/x86_64-linux-gnu/5/include/avx512fintrin.h(13066): error: identifier "__builtin_ia32_si512_256si" is undefined
/usr/lib/gcc/x86_64-linux-gnu/5/include/avx512vlintrin.h(52): error: identifier "__builtin_ia32_movapd256_mask" is undefined
/usr/lib/gcc/x86_64-linux-gnu/5/include/avx512vlintrin.h(61): error: identifier "__builtin_ia32_movapd256_mask" is undefined
/usr/lib/gcc/x86_64-linux-gnu/5/include/avx512vlintrin.h(71): error: identifier "__builtin_ia32_movapd128_mask" is undefined
/usr/lib/gcc/x86_64-linux-gnu/5/include/avx512vlintrin.h(80): error: identifier "__builtin_ia32_movapd128_mask" is undefined
/usr/lib/gcc/x86_64-linux-gnu/5/include/avx512vlintrin.h(90): error: identifier "__builtin_ia32_loadapd256_mask" is undefined
/usr/lib/gcc/x86_64-linux-gnu/5/include/avx512vlintrin.h(99): error: identifier "__builtin_ia32_loadapd256_mask" is undefined
lots of errors like that
Error limit reached.
100 errors detected in the compilation of "/tmp/tmpxft_00004c6c_00000000-7_cwise_op_gpu_sub.cu.cpp1.ii".
Compilation terminated.
ERROR: /home/bernardo/programs/tensorflow/tensorflow/core/BUILD:334:1: output 'tensorflow/core/_objs/gpu_kernels/tensorflow/core/kernels/cwise_op_gpu_sub.cu.o' was not created.
ERROR: /home/bernardo/programs/tensorflow/tensorflow/core/BUILD:334:1: not all outputs were created.
Target //tensorflow/cc:tutorials_example_trainer failed to build