C++ compilation of rule '//tensorflow/python:tf_session_helper' failed

I am trying to compile build_pip_package on Ubuntu 12.04 with gcc 4.8, but it gives an error during compilation:
$ bazel build -c opt //tensorflow/tools/pip_package:build_pip_package --verbose_failures

tensorflow/python/client/tf_session_helper.cc:418:41: error: 'PyArray_SHAPE' was not declared in this scope
   dims.push_back(PyArray_SHAPE(array)[i]);

ERROR: /home/local/ANT/x/tensorflow/tensorflow/python/BUILD:666:1: C++ compilation of rule '//tensorflow/python:tf_session_helper' failed: gcc failed: error executing command 
  (cd /home/local/ANT/x/.cache/bazel/_bazel_x/29843df2d2b24eaae7acd7ee881b7bec/tensorflow && \
  exec env - \
    INTERCEPT_LOCALLY_EXECUTABLE=1 \
    PATH=/home/local/ANT/x/bin:/usr/local/sbin:/usr/local/bin:/usr/sbin:/usr/bin:/sbin:/bin:/usr/bin/X11:/usr/games:/home/local/ANT/x/bin:/home/local/ANT/x/bin:/home/local/ANT/x/bin:/home/local/ANT/x/bin:/home/local/ANT/x/bin:/home/local/ANT/x/bin:/home/local/ANT/x/bin \
  /usr/bin/gcc -U_FORTIFY_SOURCE '-D_FORTIFY_SOURCE=1' -fstack-protector -fPIE -Wall -Wunused-but-set-parameter -Wno-free-nonheap-object -fno-omit-frame-pointer -g0 -O2 -DNDEBUG -ffunction-sections -fdata-sections '-std=c++0x' -iquote . -iquote bazel-out/local_linux-opt/genfiles -isystem google/protobuf/src -isystem bazel-out/local_linux-opt/genfiles/google/protobuf/src -isystem tools/cpp/gcc3 -isystem external/jpeg_archive/jpeg-9a -isystem bazel-out/local_linux-opt/genfiles/external/jpeg_archive/jpeg-9a -isystem external/png_archive/libpng-1.2.53 -isystem bazel-out/local_linux-opt/genfiles/external/png_archive/libpng-1.2.53 -isystem external/re2 -isystem bazel-out/local_linux-opt/genfiles/external/re2 -isystem third_party/gpus/cuda -isystem bazel-out/local_linux-opt/genfiles/third_party/gpus/cuda -isystem third_party/gpus/cuda/include -isystem bazel-out/local_linux-opt/genfiles/third_party/gpus/cuda/include -isystem third_party/eigen3 -isystem bazel-out/local_linux-opt/genfiles/third_party/eigen3 -I/usr/include/python2.7 -no-canonical-prefixes -Wno-builtin-macro-redefined '-D__DATE__="redacted"' '-D__TIMESTAMP__="redacted"' '-D__TIME__="redacted"' '-frandom-seed=bazel-out/local_linux-opt/bin/tensorflow/python/_objs/tf_session_helper/tensorflow/python/client/tf_session_helper.pic.o' -MD -MF bazel-out/local_linux-opt/bin/tensorflow/python/_objs/tf_session_helper/tensorflow/python/client/tf_session_helper.pic.d -fPIC -c tensorflow/python/client/tf_session_helper.cc -o bazel-out/local_linux-opt/bin/tensorflow/python/_objs/tf_session_helper/tensorflow/python/client/tf_session_helper.pic.o): com.google.devtools.build.lib.shell.BadExitStatusException: Process exited with status 1: gcc failed: error executing command 
  (cd /home/local/ANT/x/.cache/bazel/_bazel_x/29843df2d2b24eaae7acd7ee881b7bec/tensorflow && \
  exec env - \
    INTERCEPT_LOCALLY_EXECUTABLE=1 \
    PATH=/home/local/ANT/x/bin:/usr/local/sbin:/usr/local/bin:/usr/sbin:/usr/bin:/sbin:/bin:/usr/bin/X11:/usr/games:/home/local/ANT/x/bin:/home/local/ANT/x/bin:/home/local/ANT/x/bin:/home/local/ANT/x/bin:/home/local/ANT/x/bin:/home/local/ANT/x/bin:/home/local/ANT/x/bin \
  /usr/bin/gcc -U_FORTIFY_SOURCE '-D_FORTIFY_SOURCE=1' -fstack-protector -fPIE -Wall -Wunused-but-set-parameter -Wno-free-nonheap-object -fno-omit-frame-pointer -g0 -O2 -DNDEBUG -ffunction-sections -fdata-sections '-std=c++0x' -iquote . -iquote bazel-out/local_linux-opt/genfiles -isystem google/protobuf/src -isystem bazel-out/local_linux-opt/genfiles/google/protobuf/src -isystem tools/cpp/gcc3 -isystem external/jpeg_archive/jpeg-9a -isystem bazel-out/local_linux-opt/genfiles/external/jpeg_archive/jpeg-9a -isystem external/png_archive/libpng-1.2.53 -isystem bazel-out/local_linux-opt/genfiles/external/png_archive/libpng-1.2.53 -isystem external/re2 -isystem bazel-out/local_linux-opt/genfiles/external/re2 -isystem third_party/gpus/cuda -isystem bazel-out/local_linux-opt/genfiles/third_party/gpus/cuda -isystem third_party/gpus/cuda/include -isystem bazel-out/local_linux-opt/genfiles/third_party/gpus/cuda/include -isystem third_party/eigen3 -isystem bazel-out/local_linux-opt/genfiles/third_party/eigen3 -I/usr/include/python2.7 -no-canonical-prefixes -Wno-builtin-macro-redefined '-D__DATE__="redacted"' '-D__TIMESTAMP__="redacted"' '-D__TIME__="redacted"' '-frandom-seed=bazel-out/local_linux-opt/bin/tensorflow/python/_objs/tf_session_helper/tensorflow/python/client/tf_session_helper.pic.o' -MD -MF bazel-out/local_linux-opt/bin/tensorflow/python/_objs/tf_session_helper/tensorflow/python/client/tf_session_helper.pic.d -fPIC -c tensorflow/python/client/tf_session_helper.cc -o bazel-out/local_linux-opt/bin/tensorflow/python/_objs/tf_session_helper/tensorflow/python/client/tf_session_helper.pic.o): com.google.devtools.build.lib.shell.BadExitStatusException: Process exited with status 1.
Target //tensorflow/tools/pip_package:build_pip_package failed to build
INFO: Elapsed time: 3.223s, Critical Path: 2.46s