Error building 1.8 RC-0 'eye_functor_gpu.cu.pic.o was not created'

System information

Have I written custom code (as opposed to using a stock example script provided in TensorFlow): N/A
OS Platform and Distribution (e.g., Linux Ubuntu 16.04): Fedora 27 x64
TensorFlow installed from (source or binary): source
TensorFlow version (use command below): 1.8.0 RC-0 (zip)
Python version: 3.6.4
Bazel version (if compiling from source): 0.12.0-1.fc27
GCC/Compiler version (if compiling from source): 6.4.0-6
CUDA/cuDNN version: 9.1 / 7.0.5.15-3.fc27
GPU model and memory: GTX 1060
Exact command to reproduce: $ bazel build --config=opt --config=cuda //tensorflow/tools/pip_package:build_pip_package

Describe the problem
I get nearly 6k files into the build and it fails with:
INFO: From Compiling tensorflow/core/kernels/eye_functor_gpu.cu.cc [for host]:
/usr/include/bits/floatn.h(61): error: invalid argument to attribute "__mode__"
/usr/include/bits/floatn.h(73): error: identifier "__float128" is undefined

Add "#define _BITS_FLOATN_H" to cuda/host_defines.h, and build again.
Gets further but fails at:
INFO: From Compiling tensorflow/core/kernels/eye_functor_gpu.cu.cc:
/usr/lib64/gcc/x86_64-redhat-linux/6.4.0/include/c++/tuple: In instantiation of 'static constexpr bool std::_TC<<anonymous>, _Elements>::_MoveConstructibleTuple() [with _UElements = {const std::tuple<int, int, int>&}; bool <anonymous> = true; _Elements = {int, int, int}]':
/usr/lib64/gcc/x86_64-redhat-linux/6.4.0/include/c++/tuple:626:248:   required by substitution of 'template<class ... _UElements, typename std::enable_if<(((std::_TC<(sizeof... (_UElements) == 1), int, int, int>::_NotSameTuple<_UElements ...>() && std::_TC<(1ul == sizeof... (_UElements)), int, int, int>::_MoveConstructibleTuple<_UElements ...>()) && std::_TC<(1ul == sizeof... (_UElements)), int, int, int>::_ImplicitlyMoveConvertibleTuple<_UElements ...>()) && (3ul >= 1)), bool>::type <anonymous> > constexpr std::tuple< <template-parameter-1-1> >::tuple(_UElements&& ...) [with _UElements = {const std::tuple<int, int, int>&}; typename std::enable_if<(((std::_TC<(sizeof... (_UElements) == 1), int, int, int>::_NotSameTuple<_UElements ...>() && std::_TC<(1ul == sizeof... (_UElements)), int, int, int>::_MoveConstructibleTuple<_UElements ...>()) && std::_TC<(1ul == sizeof... (_UElements)), int, int, int>::_ImplicitlyMoveConvertibleTuple<_UElements ...>()) && (3ul >= 1)), bool>::type <anonymous> = <missing>]'
./tensorflow/stream_executor/dnn.h:891:91:   required from here
/usr/lib64/gcc/x86_64-redhat-linux/6.4.0/include/c++/tuple:483:67: error: mismatched argument pack lengths while expanding 'std::is_constructible<_Elements, _UElements&&>'
       return __and_<is_constructible<_Elements, _UElements&&>...>::value;
                                                                   ^~~~~
/usr/lib64/gcc/x86_64-redhat-linux/6.4.0/include/c++/tuple:484:1: error: body of constexpr function 'static constexpr bool std::_TC<<anonymous>, _Elements>::_MoveConstructibleTuple() [with _UElements = {const std::tuple<int, int, int>&}; bool <anonymous> = true; _Elements = {int, int, int}]' not a return-statement
     }
 ^
/usr/lib64/gcc/x86_64-redhat-linux/6.4.0/include/c++/tuple: In instantiation of 'static constexpr bool std::_TC<<anonymous>, _Elements>::_ImplicitlyMoveConvertibleTuple() [with _UElements = {const std::tuple<int, int, int>&}; bool <anonymous> = true; _Elements = {int, int, int}]':
/usr/lib64/gcc/x86_64-redhat-linux/6.4.0/include/c++/tuple:626:362:   required by substitution of 'template<class ... _UElements, typename std::enable_if<(((std::_TC<(sizeof... (_UElements) == 1), int, int, int>::_NotSameTuple<_UElements ...>() && std::_TC<(1ul == sizeof... (_UElements)), int, int, int>::_MoveConstructibleTuple<_UElements ...>()) && std::_TC<(1ul == sizeof... (_UElements)), int, int, int>::_ImplicitlyMoveConvertibleTuple<_UElements ...>()) && (3ul >= 1)), bool>::type <anonymous> > constexpr std::tuple< <template-parameter-1-1> >::tuple(_UElements&& ...) [with _UElements = {const std::tuple<int, int, int>&}; typename std::enable_if<(((std::_TC<(sizeof... (_UElements) == 1), int, int, int>::_NotSameTuple<_UElements ...>() && std::_TC<(1ul == sizeof... (_UElements)), int, int, int>::_MoveConstructibleTuple<_UElements ...>()) && std::_TC<(1ul == sizeof... (_UElements)), int, int, int>::_ImplicitlyMoveConvertibleTuple<_UElements ...>()) && (3ul >= 1)), bool>::type <anonymous> = <missing>]'
./tensorflow/stream_executor/dnn.h:891:91:   required from here
/usr/lib64/gcc/x86_64-redhat-linux/6.4.0/include/c++/tuple:489:65: error: mismatched argument pack lengths while expanding 'std::is_convertible<_UElements&&, _Elements>'
       return __and_<is_convertible<_UElements&&, _Elements>...>::value;
                                                                 ^~~~~
/usr/lib64/gcc/x86_64-redhat-linux/6.4.0/include/c++/tuple:490:1: error: body of constexpr function 'static constexpr bool std::_TC<<anonymous>, _Elements>::_ImplicitlyMoveConvertibleTuple() [with _UElements = {const std::tuple<int, int, int>&}; bool <anonymous> = true; _Elements = {int, int, int}]' not a return-statement
     }
 ^
/usr/lib64/gcc/x86_64-redhat-linux/6.4.0/include/c++/tuple: In instantiation of 'static constexpr bool std::_TC<<anonymous>, _Elements>::_NonNestedTuple() [with _SrcTuple = const std::tuple<int, int, int>&; bool <anonymous> = true; _Elements = {int, int, int}]':
/usr/lib64/gcc/x86_64-redhat-linux/6.4.0/include/c++/tuple:662:419:   required by substitution of 'template<class ... _UElements, class _Dummy, typename std::enable_if<((std::_TC<(1ul == sizeof... (_UElements)), int, int, int>::_ConstructibleTuple<_UElements ...>() && std::_TC<(1ul == sizeof... (_UElements)), int, int, int>::_ImplicitlyConvertibleTuple<_UElements ...>()) && std::_TC<(std::is_same<_Dummy, void>::value && (1ul == 1)), int, int, int>::_NonNestedTuple<const tuple<_Elements ...>&>()), bool>::type <anonymous> > constexpr std::tuple< <template-parameter-1-1> >::tuple(const std::tuple<_Args1 ...>&) [with _UElements = {int, int, int}; _Dummy = void; typename std::enable_if<((std::_TC<(1ul == sizeof... (_UElements)), int, int, int>::_ConstructibleTuple<_UElements ...>() && std::_TC<(1ul == sizeof... (_UElements)), int, int, int>::_ImplicitlyConvertibleTuple<_UElements ...>()) && std::_TC<(std::is_same<_Dummy, void>::value && (1ul == 1)), int, int, int>::_NonNestedTuple<const tuple<_Elements ...>&>()), bool>::type <anonymous> = <missing>]'
./tensorflow/stream_executor/dnn.h:891:91:   required from here
/usr/lib64/gcc/x86_64-redhat-linux/6.4.0/include/c++/tuple:495:244: error: wrong number of template arguments (4, should be 2)
       return  __and_<__not_<is_same<tuple<_Elements...>,
                                                                                                                                                                                                                                                    ^    
/usr/lib64/gcc/x86_64-redhat-linux/6.4.0/include/c++/type_traits:1558:8: note: provided for 'template<class _From, class _To> struct std::is_convertible'
     struct is_convertible
        ^~~~~~~~~~~~~~
/usr/lib64/gcc/x86_64-redhat-linux/6.4.0/include/c++/tuple:502:1: error: body of constexpr function 'static constexpr bool std::_TC<<anonymous>, _Elements>::_NonNestedTuple() [with _SrcTuple = const std::tuple<int, int, int>&; bool <anonymous> = true; _Elements = {int, int, int}]' not a return-statement
     }
 ^
/usr/lib64/gcc/x86_64-redhat-linux/6.4.0/include/c++/tuple: In instantiation of 'static constexpr bool std::_TC<<anonymous>, _Elements>::_MoveConstructibleTuple() [with _UElements = {std::tuple<int, int, int>}; bool <anonymous> = true; _Elements = {int, int, int}]':
/usr/lib64/gcc/x86_64-redhat-linux/6.4.0/include/c++/tuple:626:248:   required by substitution of 'template<class ... _UElements, typename std::enable_if<(((std::_TC<(sizeof... (_UElements) == 1), int, int, int>::_NotSameTuple<_UElements ...>() && std::_TC<(1ul == sizeof... (_UElements)), int, int, int>::_MoveConstructibleTuple<_UElements ...>()) && std::_TC<(1ul == sizeof... (_UElements)), int, int, int>::_ImplicitlyMoveConvertibleTuple<_UElements ...>()) && (3ul >= 1)), bool>::type <anonymous> > constexpr std::tuple< <template-parameter-1-1> >::tuple(_UElements&& ...) [with _UElements = {std::tuple<int, int, int>}; typename std::enable_if<(((std::_TC<(sizeof... (_UElements) == 1), int, int, int>::_NotSameTuple<_UElements ...>() && std::_TC<(1ul == sizeof... (_UElements)), int, int, int>::_MoveConstructibleTuple<_UElements ...>()) && std::_TC<(1ul == sizeof... (_UElements)), int, int, int>::_ImplicitlyMoveConvertibleTuple<_UElements ...>()) && (3ul >= 1)), bool>::type <anonymous> = <missing>]'
./tensorflow/stream_executor/dnn.h:891:91:   required from here
/usr/lib64/gcc/x86_64-redhat-linux/6.4.0/include/c++/tuple:483:67: error: mismatched argument pack lengths while expanding 'std::is_constructible<_Elements, _UElements&&>'
       return __and_<is_constructible<_Elements, _UElements&&>...>::value;
                                                                   ^~~~~
/usr/lib64/gcc/x86_64-redhat-linux/6.4.0/include/c++/tuple:484:1: error: body of constexpr function 'static constexpr bool std::_TC<<anonymous>, _Elements>::_MoveConstructibleTuple() [with _UElements = {std::tuple<int, int, int>}; bool <anonymous> = true; _Elements = {int, int, int}]' not a return-statement
     }
 ^
/usr/lib64/gcc/x86_64-redhat-linux/6.4.0/include/c++/tuple: In instantiation of 'static constexpr bool std::_TC<<anonymous>, _Elements>::_ImplicitlyMoveConvertibleTuple() [with _UElements = {std::tuple<int, int, int>}; bool <anonymous> = true; _Elements = {int, int, int}]':
/usr/lib64/gcc/x86_64-redhat-linux/6.4.0/include/c++/tuple:626:362:   required by substitution of 'template<class ... _UElements, typename std::enable_if<(((std::_TC<(sizeof... (_UElements) == 1), int, int, int>::_NotSameTuple<_UElements ...>() && std::_TC<(1ul == sizeof... (_UElements)), int, int, int>::_MoveConstructibleTuple<_UElements ...>()) && std::_TC<(1ul == sizeof... (_UElements)), int, int, int>::_ImplicitlyMoveConvertibleTuple<_UElements ...>()) && (3ul >= 1)), bool>::type <anonymous> > constexpr std::tuple< <template-parameter-1-1> >::tuple(_UElements&& ...) [with _UElements = {std::tuple<int, int, int>}; typename std::enable_if<(((std::_TC<(sizeof... (_UElements) == 1), int, int, int>::_NotSameTuple<_UElements ...>() && std::_TC<(1ul == sizeof... (_UElements)), int, int, int>::_MoveConstructibleTuple<_UElements ...>()) && std::_TC<(1ul == sizeof... (_UElements)), int, int, int>::_ImplicitlyMoveConvertibleTuple<_UElements ...>()) && (3ul >= 1)), bool>::type <anonymous> = <missing>]'
./tensorflow/stream_executor/dnn.h:891:91:   required from here
/usr/lib64/gcc/x86_64-redhat-linux/6.4.0/include/c++/tuple:489:65: error: mismatched argument pack lengths while expanding 'std::is_convertible<_UElements&&, _Elements>'
       return __and_<is_convertible<_UElements&&, _Elements>...>::value;
                                                                 ^~~~~
/usr/lib64/gcc/x86_64-redhat-linux/6.4.0/include/c++/tuple:490:1: error: body of constexpr function 'static constexpr bool std::_TC<<anonymous>, _Elements>::_ImplicitlyMoveConvertibleTuple() [with _UElements = {std::tuple<int, int, int>}; bool <anonymous> = true; _Elements = {int, int, int}]' not a return-statement
     }
 ^
/usr/lib64/gcc/x86_64-redhat-linux/6.4.0/include/c++/tuple: In instantiation of 'static constexpr bool std::_TC<<anonymous>, _Elements>::_NonNestedTuple() [with _SrcTuple = std::tuple<int, int, int>&&; bool <anonymous> = true; _Elements = {int, int, int}]':
/usr/lib64/gcc/x86_64-redhat-linux/6.4.0/include/c++/tuple:686:422:   required by substitution of 'template<class ... _UElements, class _Dummy, typename std::enable_if<((std::_TC<(1ul == sizeof... (_UElements)), int, int, int>::_MoveConstructibleTuple<_UElements ...>() && std::_TC<(1ul == sizeof... (_UElements)), int, int, int>::_ImplicitlyMoveConvertibleTuple<_UElements ...>()) && std::_TC<(std::is_same<_Dummy, void>::value && (1ul == 1)), int, int, int>::_NonNestedTuple<tuple<_Elements ...>&&>()), bool>::type <anonymous> > constexpr std::tuple< <template-parameter-1-1> >::tuple(std::tuple<_Args1 ...>&&) [with _UElements = {int, int, int}; _Dummy = void; typename std::enable_if<((std::_TC<(1ul == sizeof... (_UElements)), int, int, int>::_MoveConstructibleTuple<_UElements ...>() && std::_TC<(1ul == sizeof... (_UElements)), int, int, int>::_ImplicitlyMoveConvertibleTuple<_UElements ...>()) && std::_TC<(std::is_same<_Dummy, void>::value && (1ul == 1)), int, int, int>::_NonNestedTuple<tuple<_Elements ...>&&>()), bool>::type <anonymous> = <missing>]'
./tensorflow/stream_executor/dnn.h:891:91:   required from here
/usr/lib64/gcc/x86_64-redhat-linux/6.4.0/include/c++/tuple:495:244: error: wrong number of template arguments (4, should be 2)
       return  __and_<__not_<is_same<tuple<_Elements...>,
                                                                                                                                                                                                                                                    ^    
/usr/lib64/gcc/x86_64-redhat-linux/6.4.0/include/c++/type_traits:1558:8: note: provided for 'template<class _From, class _To> struct std::is_convertible'
     struct is_convertible
        ^~~~~~~~~~~~~~
/usr/lib64/gcc/x86_64-redhat-linux/6.4.0/include/c++/tuple:502:1: error: body of constexpr function 'static constexpr bool std::_TC<<anonymous>, _Elements>::_NonNestedTuple() [with _SrcTuple = std::tuple<int, int, int>&&; bool <anonymous> = true; _Elements = {int, int, int}]' not a return-statement
     }
 ^
ERROR: /home/torstein/progs/tensorflow-1.8.0-rc0/tensorflow/core/kernels/BUILD:1864:1: output 'tensorflow/core/kernels/_objs/eye_functor_gpu/tensorflow/core/kernels/eye_functor_gpu.cu.o' was not created
ERROR: /home/torstein/progs/tensorflow-1.8.0-rc0/tensorflow/core/kernels/BUILD:1864:1: not all outputs were created or valid
Target //tensorflow/tools/pip_package:build_pip_package failed to build
Use --verbose_failures to see the command lines of failed build steps.
INFO: Elapsed time: 48.261s, Critical Path: 33.18s
FAILED: Build did NOT complete successfully

Build conf:
build --action_env PYTHON_BIN_PATH="/usr/bin/python3"
build --action_env PYTHON_LIB_PATH="/usr/local/lib64/python3.6/site-packages"
build --force_python=py3
build --host_force_python=py3
build --python_path="/usr/bin/python3"
build --define with_jemalloc=true
build:gcp --define with_gcp_support=true
build:hdfs --define with_hdfs_support=true
build:s3 --define with_s3_support=true
build:kafka --define with_kafka_support=true
build:xla --define with_xla_support=true
build:gdr --define with_gdr_support=true
build:verbs --define with_verbs_support=true
build --action_env TF_NEED_OPENCL_SYCL="0"
build --action_env TF_NEED_CUDA="1"
build --action_env CUDA_TOOLKIT_PATH="/usr"
build --action_env TF_CUDA_VERSION="9.1"
build --action_env CUDNN_INSTALL_PATH="/usr"
build --action_env TF_CUDNN_VERSION="7"
build --action_env TF_NCCL_VERSION="2"
build --action_env TF_CUDA_COMPUTE_CAPABILITIES="6.1"
build --action_env LD_LIBRARY_PATH="/usr/include/cuda:/usr/include:/usr:/usr/lib64:/usr/include/cuda:/usr:/usr/include"
build --action_env TF_CUDA_CLANG="0"
build --action_env GCC_HOST_COMPILER_PATH="/usr/bin/cuda-gcc"
build --config=cuda
test --config=cuda
build --define grpc_no_ares=true
build:opt --copt=-march=native
build:opt --host_copt=-march=native
build:opt --define with_default_optimizations=true
build --copt=-DGEMMLOWP_ALLOW_SLOW_SCALAR_FALLBACK
build --host_copt=-DGEMMLOWP_ALLOW_SLOW_SCALAR_FALLBACK

Same error happens on master branch.
If I add the build flag --cxxopt="-D_GLIBCXX_USE_CXX11_ABI=0", it fails at different place:
INFO: From Compiling tensorflow/core/kernels/spacetodepth_op_gpu.cu.cc:
/usr/lib64/gcc/x86_64-redhat-linux/6.4.0/include/c++/tuple: In instantiation of 'static constexpr bool std::_TC<<anonymous>, _Elements>::_MoveConstructibleTuple() [with _UElements = {const std::tuple<int, int, int>&}; bool <anonymous> = true; _Elements = {int, int, int}]':
/usr/lib64/gcc/x86_64-redhat-linux/6.4.0/include/c++/tuple:626:248:   required by substitution of 'template<class ... _UElements, typename std::enable_if<(((std::_TC<(sizeof... (_UElements) == 1), int, int, int>::_NotSameTuple<_UElements ...>() && std::_TC<(1ul == sizeof... (_UElements)), int, int, int>::_MoveConstructibleTuple<_UElements ...>()) && std::_TC<(1ul == sizeof... (_UElements)), int, int, int>::_ImplicitlyMoveConvertibleTuple<_UElements ...>()) && (3ul >= 1)), bool>::type <anonymous> > constexpr std::tuple< <template-parameter-1-1> >::tuple(_UElements&& ...) [with _UElements = {const std::tuple<int, int, int>&}; typename std::enable_if<(((std::_TC<(sizeof... (_UElements) == 1), int, int, int>::_NotSameTuple<_UElements ...>() && std::_TC<(1ul == sizeof... (_UElements)), int, int, int>::_MoveConstructibleTuple<_UElements ...>()) && std::_TC<(1ul == sizeof... (_UElements)), int, int, int>::_ImplicitlyMoveConvertibleTuple<_UElements ...>()) && (3ul >= 1)), bool>::type <anonymous> = <missing>]'
./tensorflow/stream_executor/dnn.h:891:91:   required from here
/usr/lib64/gcc/x86_64-redhat-linux/6.4.0/include/c++/tuple:483:67: error: mismatched argument pack lengths while expanding 'std::is_constructible<_Elements, _UElements&&>'
       return __and_<is_constructible<_Elements, _UElements&&>...>::value;
                                                                   ^~~~~
/usr/lib64/gcc/x86_64-redhat-linux/6.4.0/include/c++/tuple:484:1: error: body of constexpr function 'static constexpr bool std::_TC<<anonymous>, _Elements>::_MoveConstructibleTuple() [with _UElements = {const std::tuple<int, int, int>&}; bool <anonymous> = true; _Elements = {int, int, int}]' not a return-statement
     }
 ^
/usr/lib64/gcc/x86_64-redhat-linux/6.4.0/include/c++/tuple: In instantiation of 'static constexpr bool std::_TC<<anonymous>, _Elements>::_ImplicitlyMoveConvertibleTuple() [with _UElements = {const std::tuple<int, int, int>&}; bool <anonymous> = true; _Elements = {int, int, int}]':
/usr/lib64/gcc/x86_64-redhat-linux/6.4.0/include/c++/tuple:626:362:   required by substitution of 'template<class ... _UElements, typename std::enable_if<(((std::_TC<(sizeof... (_UElements) == 1), int, int, int>::_NotSameTuple<_UElements ...>() && std::_TC<(1ul == sizeof... (_UElements)), int, int, int>::_MoveConstructibleTuple<_UElements ...>()) && std::_TC<(1ul == sizeof... (_UElements)), int, int, int>::_ImplicitlyMoveConvertibleTuple<_UElements ...>()) && (3ul >= 1)), bool>::type <anonymous> > constexpr std::tuple< <template-parameter-1-1> >::tuple(_UElements&& ...) [with _UElements = {const std::tuple<int, int, int>&}; typename std::enable_if<(((std::_TC<(sizeof... (_UElements) == 1), int, int, int>::_NotSameTuple<_UElements ...>() && std::_TC<(1ul == sizeof... (_UElements)), int, int, int>::_MoveConstructibleTuple<_UElements ...>()) && std::_TC<(1ul == sizeof... (_UElements)), int, int, int>::_ImplicitlyMoveConvertibleTuple<_UElements ...>()) && (3ul >= 1)), bool>::type <anonymous> = <missing>]'
./tensorflow/stream_executor/dnn.h:891:91:   required from here
/usr/lib64/gcc/x86_64-redhat-linux/6.4.0/include/c++/tuple:489:65: error: mismatched argument pack lengths while expanding 'std::is_convertible<_UElements&&, _Elements>'
       return __and_<is_convertible<_UElements&&, _Elements>...>::value;
                                                                 ^~~~~
/usr/lib64/gcc/x86_64-redhat-linux/6.4.0/include/c++/tuple:490:1: error: body of constexpr function 'static constexpr bool std::_TC<<anonymous>, _Elements>::_ImplicitlyMoveConvertibleTuple() [with _UElements = {const std::tuple<int, int, int>&}; bool <anonymous> = true; _Elements = {int, int, int}]' not a return-statement
     }
 ^
/usr/lib64/gcc/x86_64-redhat-linux/6.4.0/include/c++/tuple: In instantiation of 'static constexpr bool std::_TC<<anonymous>, _Elements>::_NonNestedTuple() [with _SrcTuple = const std::tuple<int, int, int>&; bool <anonymous> = true; _Elements = {int, int, int}]':
/usr/lib64/gcc/x86_64-redhat-linux/6.4.0/include/c++/tuple:662:419:   required by substitution of 'template<class ... _UElements, class _Dummy, typename std::enable_if<((std::_TC<(1ul == sizeof... (_UElements)), int, int, int>::_ConstructibleTuple<_UElements ...>() && std::_TC<(1ul == sizeof... (_UElements)), int, int, int>::_ImplicitlyConvertibleTuple<_UElements ...>()) && std::_TC<(std::is_same<_Dummy, void>::value && (1ul == 1)), int, int, int>::_NonNestedTuple<const tuple<_Elements ...>&>()), bool>::type <anonymous> > constexpr std::tuple< <template-parameter-1-1> >::tuple(const std::tuple<_Args1 ...>&) [with _UElements = {int, int, int}; _Dummy = void; typename std::enable_if<((std::_TC<(1ul == sizeof... (_UElements)), int, int, int>::_ConstructibleTuple<_UElements ...>() && std::_TC<(1ul == sizeof... (_UElements)), int, int, int>::_ImplicitlyConvertibleTuple<_UElements ...>()) && std::_TC<(std::is_same<_Dummy, void>::value && (1ul == 1)), int, int, int>::_NonNestedTuple<const tuple<_Elements ...>&>()), bool>::type <anonymous> = <missing>]'
./tensorflow/stream_executor/dnn.h:891:91:   required from here
/usr/lib64/gcc/x86_64-redhat-linux/6.4.0/include/c++/tuple:495:244: error: wrong number of template arguments (4, should be 2)
       return  __and_<__not_<is_same<tuple<_Elements...>,
                                                                                                                                                                                                                                                    ^    
/usr/lib64/gcc/x86_64-redhat-linux/6.4.0/include/c++/type_traits:1558:8: note: provided for 'template<class _From, class _To> struct std::is_convertible'
     struct is_convertible
        ^~~~~~~~~~~~~~
/usr/lib64/gcc/x86_64-redhat-linux/6.4.0/include/c++/tuple:502:1: error: body of constexpr function 'static constexpr bool std::_TC<<anonymous>, _Elements>::_NonNestedTuple() [with _SrcTuple = const std::tuple<int, int, int>&; bool <anonymous> = true; _Elements = {int, int, int}]' not a return-statement
     }
 ^
/usr/lib64/gcc/x86_64-redhat-linux/6.4.0/include/c++/tuple: In instantiation of 'static constexpr bool std::_TC<<anonymous>, _Elements>::_MoveConstructibleTuple() [with _UElements = {std::tuple<int, int, int>}; bool <anonymous> = true; _Elements = {int, int, int}]':
/usr/lib64/gcc/x86_64-redhat-linux/6.4.0/include/c++/tuple:626:248:   required by substitution of 'template<class ... _UElements, typename std::enable_if<(((std::_TC<(sizeof... (_UElements) == 1), int, int, int>::_NotSameTuple<_UElements ...>() && std::_TC<(1ul == sizeof... (_UElements)), int, int, int>::_MoveConstructibleTuple<_UElements ...>()) && std::_TC<(1ul == sizeof... (_UElements)), int, int, int>::_ImplicitlyMoveConvertibleTuple<_UElements ...>()) && (3ul >= 1)), bool>::type <anonymous> > constexpr std::tuple< <template-parameter-1-1> >::tuple(_UElements&& ...) [with _UElements = {std::tuple<int, int, int>}; typename std::enable_if<(((std::_TC<(sizeof... (_UElements) == 1), int, int, int>::_NotSameTuple<_UElements ...>() && std::_TC<(1ul == sizeof... (_UElements)), int, int, int>::_MoveConstructibleTuple<_UElements ...>()) && std::_TC<(1ul == sizeof... (_UElements)), int, int, int>::_ImplicitlyMoveConvertibleTuple<_UElements ...>()) && (3ul >= 1)), bool>::type <anonymous> = <missing>]'
./tensorflow/stream_executor/dnn.h:891:91:   required from here
/usr/lib64/gcc/x86_64-redhat-linux/6.4.0/include/c++/tuple:483:67: error: mismatched argument pack lengths while expanding 'std::is_constructible<_Elements, _UElements&&>'
       return __and_<is_constructible<_Elements, _UElements&&>...>::value;
                                                                   ^~~~~
/usr/lib64/gcc/x86_64-redhat-linux/6.4.0/include/c++/tuple:484:1: error: body of constexpr function 'static constexpr bool std::_TC<<anonymous>, _Elements>::_MoveConstructibleTuple() [with _UElements = {std::tuple<int, int, int>}; bool <anonymous> = true; _Elements = {int, int, int}]' not a return-statement
     }
 ^
/usr/lib64/gcc/x86_64-redhat-linux/6.4.0/include/c++/tuple: In instantiation of 'static constexpr bool std::_TC<<anonymous>, _Elements>::_ImplicitlyMoveConvertibleTuple() [with _UElements = {std::tuple<int, int, int>}; bool <anonymous> = true; _Elements = {int, int, int}]':
/usr/lib64/gcc/x86_64-redhat-linux/6.4.0/include/c++/tuple:626:362:   required by substitution of 'template<class ... _UElements, typename std::enable_if<(((std::_TC<(sizeof... (_UElements) == 1), int, int, int>::_NotSameTuple<_UElements ...>() && std::_TC<(1ul == sizeof... (_UElements)), int, int, int>::_MoveConstructibleTuple<_UElements ...>()) && std::_TC<(1ul == sizeof... (_UElements)), int, int, int>::_ImplicitlyMoveConvertibleTuple<_UElements ...>()) && (3ul >= 1)), bool>::type <anonymous> > constexpr std::tuple< <template-parameter-1-1> >::tuple(_UElements&& ...) [with _UElements = {std::tuple<int, int, int>}; typename std::enable_if<(((std::_TC<(sizeof... (_UElements) == 1), int, int, int>::_NotSameTuple<_UElements ...>() && std::_TC<(1ul == sizeof... (_UElements)), int, int, int>::_MoveConstructibleTuple<_UElements ...>()) && std::_TC<(1ul == sizeof... (_UElements)), int, int, int>::_ImplicitlyMoveConvertibleTuple<_UElements ...>()) && (3ul >= 1)), bool>::type <anonymous> = <missing>]'
./tensorflow/stream_executor/dnn.h:891:91:   required from here
/usr/lib64/gcc/x86_64-redhat-linux/6.4.0/include/c++/tuple:489:65: error: mismatched argument pack lengths while expanding 'std::is_convertible<_UElements&&, _Elements>'
       return __and_<is_convertible<_UElements&&, _Elements>...>::value;
                                                                 ^~~~~
/usr/lib64/gcc/x86_64-redhat-linux/6.4.0/include/c++/tuple:490:1: error: body of constexpr function 'static constexpr bool std::_TC<<anonymous>, _Elements>::_ImplicitlyMoveConvertibleTuple() [with _UElements = {std::tuple<int, int, int>}; bool <anonymous> = true; _Elements = {int, int, int}]' not a return-statement
     }
 ^
/usr/lib64/gcc/x86_64-redhat-linux/6.4.0/include/c++/tuple: In instantiation of 'static constexpr bool std::_TC<<anonymous>, _Elements>::_NonNestedTuple() [with _SrcTuple = std::tuple<int, int, int>&&; bool <anonymous> = true; _Elements = {int, int, int}]':
/usr/lib64/gcc/x86_64-redhat-linux/6.4.0/include/c++/tuple:686:422:   required by substitution of 'template<class ... _UElements, class _Dummy, typename std::enable_if<((std::_TC<(1ul == sizeof... (_UElements)), int, int, int>::_MoveConstructibleTuple<_UElements ...>() && std::_TC<(1ul == sizeof... (_UElements)), int, int, int>::_ImplicitlyMoveConvertibleTuple<_UElements ...>()) && std::_TC<(std::is_same<_Dummy, void>::value && (1ul == 1)), int, int, int>::_NonNestedTuple<tuple<_Elements ...>&&>()), bool>::type <anonymous> > constexpr std::tuple< <template-parameter-1-1> >::tuple(std::tuple<_Args1 ...>&&) [with _UElements = {int, int, int}; _Dummy = void; typename std::enable_if<((std::_TC<(1ul == sizeof... (_UElements)), int, int, int>::_MoveConstructibleTuple<_UElements ...>() && std::_TC<(1ul == sizeof... (_UElements)), int, int, int>::_ImplicitlyMoveConvertibleTuple<_UElements ...>()) && std::_TC<(std::is_same<_Dummy, void>::value && (1ul == 1)), int, int, int>::_NonNestedTuple<tuple<_Elements ...>&&>()), bool>::type <anonymous> = <missing>]'
./tensorflow/stream_executor/dnn.h:891:91:   required from here
/usr/lib64/gcc/x86_64-redhat-linux/6.4.0/include/c++/tuple:495:244: error: wrong number of template arguments (4, should be 2)
       return  __and_<__not_<is_same<tuple<_Elements...>,
                                                                                                                                                                                                                                                    ^    
/usr/lib64/gcc/x86_64-redhat-linux/6.4.0/include/c++/type_traits:1558:8: note: provided for 'template<class _From, class _To> struct std::is_convertible'
     struct is_convertible
        ^~~~~~~~~~~~~~
/usr/lib64/gcc/x86_64-redhat-linux/6.4.0/include/c++/tuple:502:1: error: body of constexpr function 'static constexpr bool std::_TC<<anonymous>, _Elements>::_NonNestedTuple() [with _SrcTuple = std::tuple<int, int, int>&&; bool <anonymous> = true; _Elements = {int, int, int}]' not a return-statement
     }
 ^
ERROR: /home/torstein/progs/tensorflow-1.8.0-rc0/tensorflow/core/kernels/BUILD:3659:1: output 'tensorflow/core/kernels/_objs/depth_space_ops_gpu/tensorflow/core/kernels/spacetodepth_op_gpu.cu.o' was not created
ERROR: /home/torstein/progs/tensorflow-1.8.0-rc0/tensorflow/core/kernels/BUILD:3659:1: not all outputs were created or valid
Target //tensorflow/tools/pip_package:build_pip_package failed to build
Use --verbose_failures to see the command lines of failed build steps.
INFO: Elapsed time: 111.410s, Critical Path: 35.53s
FAILED: Build did NOT complete successfully