Error: no instance of constructor "Eigen::array<T, n>::array [with T=int, n=2UL]" matches the argument list             argument types are: ({...})

Hi, when I try to build tensowflow from source on a aarch64 16.04 ubuntu, I meet this error. I have been struggling with this for several days already, but still no luck.
What related GitHub issues or StackOverflow threads have you found by searching the web for your problem?
#2143
#1066
#3786
#4430
#3985
Errors when building tensorflow on linux

Environment info
Operating System:
ubuntu 16.04
Linux tegra-ubuntu 3.10.96-tegra #1 SMP PREEMPT Wed Sep 28 17:51:08 PDT 2016 aarch64 aarch64 aarch64 GNU/Linux
Graphic: NVIDIA Tegra X1 (nvgpu)/integrated
Installed version of CUDA and cuDNN:
(please attach the output of ls -l /path/to/cuda/lib/libcud*):
CUDA version: 8.0
cuDNN version; 5.1.5
gcc version: 5.3 (also have tried 4.8, but no luck)
If installed from source, provide

The commit hash (git rev-parse HEAD)

v0.11.0.rc0

The output of bazel version

ubuntu@tegra-ubuntu:~/ws/tensorflow/tensorflow$ bazel version
Build label: 0.3.2-2016-10-04 (@5604163)
Build target: bazel-out/local-opt/bin/src/main/java/com/google/devtools/build/lib/bazel/BazelServer_deploy.jar
Build time: Tue Oct 4 23:34:52 2016 (1475624092)
Build timestamp: 1475624092
Build timestamp as int: 1475624092

If possible, provide a minimal reproducible example (We usually don't have time to read hundreds of lines of your code)
bazel clean --expunge

./configure (enable GPU support)

 bazel build -c opt --local_resources 1024,4.0,1.0 --verbose_failures --config=cuda //tensorflow/tools/pip_package:build_pip_package

What other attempted solutions have you tried?
I have tried gcc5.3 and gcc4.8, but not work.  I also tried to add these to third_party/gpus/crosstool/CROSSTOOL:
cxx_flag: "-D_MWAITXINTRIN_H_INCLUDED"
cxx_flag: "-D_FORCE_INLINES"
cxx_flag: "-D__STRICT_ANSI__"

And I insert this to CROSSTOOL too:
cxx_builtin_include_directory: "/usr/local/cuda-8.0/include"

but the errors are still there.
Logs or other output that would be helpful
tensorflow/core/kernels/cwise_op_gpu_select.cu.cc(46): error: no instance of constructor "Eigen::array<T, n>::array [with T=int, n=2UL]" matches the argument list
            argument types are: ({...})
          detected during instantiation of "void tensorflow::functor::BatchSelectFunctor<tensorflow::functor::GPUDevice, T>::operator()(const tensorflow::functor::GPUDevice &, tensorflow::TTypes<T, 1, Eigen::DenseIndex>::Matrix, tensorflow::TTypes<tensorflow::functor::base<__nv_bool, Eigen::internal::scalar_boolean_not_op<__nv_bool>, __nv_bool>::out_type, 1, Eigen::DenseIndex>::ConstVec, tensorflow::TTypes<T, 1, Eigen::DenseIndex>::ConstMatrix, tensorflow::TTypes<T, 1, Eigen::DenseIndex>::ConstMatrix) [with T=Eigen::half]" 
(74): here

tensorflow/core/kernels/cwise_op_gpu_select.cu.cc(46): error: no instance of constructor "Eigen::array<T, n>::array [with T=int, n=2UL]" matches the argument list
            argument types are: ({...})
          detected during instantiation of "void tensorflow::functor::BatchSelectFunctor<tensorflow::functor::GPUDevice, T>::operator()(const tensorflow::functor::GPUDevice &, tensorflow::TTypes<T, 1, Eigen::DenseIndex>::Matrix, tensorflow::TTypes<tensorflow::functor::base<__nv_bool, Eigen::internal::scalar_boolean_not_op<__nv_bool>, __nv_bool>::out_type, 1, Eigen::DenseIndex>::ConstVec, tensorflow::TTypes<T, 1, Eigen::DenseIndex>::ConstMatrix, tensorflow::TTypes<T, 1, Eigen::DenseIndex>::ConstMatrix) [with T=float]" 
(75): here

tensorflow/core/kernels/cwise_op_gpu_select.cu.cc(46): error: no instance of constructor "Eigen::array<T, n>::array [with T=int, n=2UL]" matches the argument list
            argument types are: ({...})
          detected during instantiation of "void tensorflow::functor::BatchSelectFunctor<tensorflow::functor::GPUDevice, T>::operator()(const tensorflow::functor::GPUDevice &, tensorflow::TTypes<T, 1, Eigen::DenseIndex>::Matrix, tensorflow::TTypes<tensorflow::functor::base<__nv_bool, Eigen::internal::scalar_boolean_not_op<__nv_bool>, __nv_bool>::out_type, 1, Eigen::DenseIndex>::ConstVec, tensorflow::TTypes<T, 1, Eigen::DenseIndex>::ConstMatrix, tensorflow::TTypes<T, 1, Eigen::DenseIndex>::ConstMatrix) [with T=double]" 
(76): here

tensorflow/core/kernels/cwise_op_gpu_select.cu.cc(46): error: no instance of constructor "Eigen::array<T, n>::array [with T=int, n=2UL]" matches the argument list
            argument types are: ({...})
          detected during instantiation of "void tensorflow::functor::BatchSelectFunctor<tensorflow::functor::GPUDevice, T>::operator()(const tensorflow::functor::GPUDevice &, tensorflow::TTypes<T, 1, Eigen::DenseIndex>::Matrix, tensorflow::TTypes<tensorflow::functor::base<__nv_bool, Eigen::internal::scalar_boolean_not_op<__nv_bool>, __nv_bool>::out_type, 1, Eigen::DenseIndex>::ConstVec, tensorflow::TTypes<T, 1, Eigen::DenseIndex>::ConstMatrix, tensorflow::TTypes<T, 1, Eigen::DenseIndex>::ConstMatrix) [with T=tensorflow::int32]" 
(77): here

tensorflow/core/kernels/cwise_op_gpu_select.cu.cc(46): error: no instance of constructor "Eigen::array<T, n>::array [with T=int, n=2UL]" matches the argument list
            argument types are: ({...})
          detected during instantiation of "void tensorflow::functor::BatchSelectFunctor<tensorflow::functor::GPUDevice, T>::operator()(const tensorflow::functor::GPUDevice &, tensorflow::TTypes<T, 1, Eigen::DenseIndex>::Matrix, tensorflow::TTypes<tensorflow::functor::base<__nv_bool, Eigen::internal::scalar_boolean_not_op<__nv_bool>, __nv_bool>::out_type, 1, Eigen::DenseIndex>::ConstVec, tensorflow::TTypes<T, 1, Eigen::DenseIndex>::ConstMatrix, tensorflow::TTypes<T, 1, Eigen::DenseIndex>::ConstMatrix) [with T=tensorflow::int64]" 
(78): here

tensorflow/core/kernels/cwise_op_gpu_select.cu.cc(46): error: no instance of constructor "Eigen::array<T, n>::array [with T=int, n=2UL]" matches the argument list
            argument types are: ({...})
          detected during instantiation of "void tensorflow::functor::BatchSelectFunctor<tensorflow::functor::GPUDevice, T>::operator()(const tensorflow::functor::GPUDevice &, tensorflow::TTypes<T, 1, Eigen::DenseIndex>::Matrix, tensorflow::TTypes<tensorflow::functor::base<__nv_bool, Eigen::internal::scalar_boolean_not_op<__nv_bool>, __nv_bool>::out_type, 1, Eigen::DenseIndex>::ConstVec, tensorflow::TTypes<T, 1, Eigen::DenseIndex>::ConstMatrix, tensorflow::TTypes<T, 1, Eigen::DenseIndex>::ConstMatrix) [with T=tensorflow::functor::complex64]" 
(79): here

tensorflow/core/kernels/cwise_op_gpu_select.cu.cc(46): error: no instance of constructor "Eigen::array<T, n>::array [with T=int, n=2UL]" matches the argument list
            argument types are: ({...})
          detected during instantiation of "void tensorflow::functor::BatchSelectFunctor<tensorflow::functor::GPUDevice, T>::operator()(const tensorflow::functor::GPUDevice &, tensorflow::TTypes<T, 1, Eigen::DenseIndex>::Matrix, tensorflow::TTypes<tensorflow::functor::base<__nv_bool, Eigen::internal::scalar_boolean_not_op<__nv_bool>, __nv_bool>::out_type, 1, Eigen::DenseIndex>::ConstVec, tensorflow::TTypes<T, 1, Eigen::DenseIndex>::ConstMatrix, tensorflow::TTypes<T, 1, Eigen::DenseIndex>::ConstMatrix) [with T=tensorflow::functor::complex128]" 
(80): here

7 errors detected in the compilation of "/tmp/tmpxft_00002cb1_00000000-7_cwise_op_gpu_select.cu.cpp1.ii".
ERROR: /home/ubuntu/ws/tensorflow/tensorflow/tensorflow/core/kernels/BUILD:1170:1: output 'tensorflow/core/kernels/_objs/cwise_op_gpu/tensorflow/core/kernels/cwise_op_gpu_select.cu.pic.o' was not created.
ERROR: /home/ubuntu/ws/tensorflow/tensorflow/tensorflow/core/kernels/BUILD:1170:1: not all outputs were created.
Target //tensorflow/tools/pip_package:build_pip_package failed to build
ERROR: /home/ubuntu/ws/tensorflow/tensorflow/tensorflow/tools/pip_package/BUILD:23:1 not all outputs were created.