Cannot build TF 1.3/1.2 for iOS

I've built TF 1.1 before without problems as follows
git clone --branch r1.1 https://github.com/tensorflow/tensorflow.git
./<makefile_dir>/build_all_ios.sh

If I change the branch to r1.3 it stops with a segmentation fault. Also seems to happen with r1.2.
...
gcc --std=c++11 -DIS_SLIM_BUILD -fno-exceptions -DNDEBUG -O3 -mios-simulator-version-min=8.0 -arch x86_64 -fembed-bitcode -D__thread= -DUSE_GEMM_FOR_CONV -Wno-c++11-narrowing -DTF_LEAN_BINARY -D__ANDROID_TYPES_SLIM__ -fno-exceptions -isysroot /Applications/Xcode.app/Contents/Developer/Platforms/iPhoneSimulator.platform/Developer/SDKs/iPhoneSimulator10.3.sdk -MT <REDACTED>/tfbuild/tensorflow/tensorflow/contrib/makefile/gen/obj/ios_X86_64/tensorflow/core/kernels/reduction_ops_common.o -MMD -MP -MF <REDACTED>/tfbuild/tensorflow/tensorflow/contrib/makefile/gen/dep/ios_X86_64//tensorflow/core/kernels/reduction_ops_common.Td -I. -I<REDACTED>/tfbuild/tensorflow/tensorflow/contrib/makefile/downloads/ -I<REDACTED>/tfbuild/tensorflow/tensorflow/contrib/makefile/downloads/eigen -I<REDACTED>/tfbuild/tensorflow/tensorflow/contrib/makefile/downloads/gemmlowp -I<REDACTED>/tfbuild/tensorflow/tensorflow/contrib/makefile/gen/proto/ -I<REDACTED>/tfbuild/tensorflow/tensorflow/contrib/makefile/gen/proto_text/ -I<REDACTED>/tfbuild/tensorflow/tensorflow/contrib/makefile/gen/protobuf-host/include -I/usr/local/include -c tensorflow/core/kernels/reduction_ops_common.cc -o <REDACTED>/tfbuild/tensorflow/tensorflow/contrib/makefile/gen/obj/ios_X86_64/tensorflow/core/kernels/reduction_ops_common.o
clang: error: unable to execute command: Segmentation fault: 11
clang: error: clang frontend command failed due to signal (use -v to see invocation)
Apple LLVM version 8.1.0 (clang-802.0.42)
Target: x86_64-apple-darwin16.7.0
Thread model: posix
InstalledDir: /Applications/Xcode.app/Contents/Developer/Toolchains/XcodeDefault.xctoolchain/usr/bin
clang: note: diagnostic msg: PLEASE submit a bug report to http://developer.apple.com/bugreporter/ and include the crash backtrace, preprocessed source, and associated run script.
clang: note: diagnostic msg: 
********************

PLEASE ATTACH THE FOLLOWING FILES TO THE BUG REPORT:
Preprocessed source(s) and associated run script(s) are located at:
clang: note: diagnostic msg: /var/folders/xy/txmq57f90mq40d8ltjxhkqgm0000gn/T/reduction_ops_sum-5e29c4.cpp
clang: note: diagnostic msg: /var/folders/xy/txmq57f90mq40d8ltjxhkqgm0000gn/T/reduction_ops_sum-5e29c4.sh
clang: note: diagnostic msg: Crash backtrace is located in
clang: note: diagnostic msg: /Users/era/Library/Logs/DiagnosticReports/clang_<YYYY-MM-DD-HHMMSS>_<hostname>.crash
clang: note: diagnostic msg: (choose the .crash file that corresponds to your crash)
clang: note: diagnostic msg: 

********************
make: *** [<REDACTED>/tfbuild/tensorflow/tensorflow/contrib/makefile/gen/obj/ios_X86_64/tensorflow/core/kernels/reduction_ops_sum.o] Error 254
make: *** Waiting for unfinished jobs....
+ '[' 2 -ne 0 ']'
+ echo 'x86_64 compilation failed.'
x86_64 compilation failed.
+ exit 1

System MacOS Sierra 10.12.6 (16G29)
It also seems to fail with other error messages in different compile runs (on different files of course) like clang: error: unable to execute command: Illegal instruction: 4 or malloc/free errors.