Python 2 pip install fails with CERTIFICATE_VERIFY_FAILED - fixed by using http instead of https

GitHub issues are for bugs / installation problems / feature requests.
For general support from the community, see StackOverflow.
To make bugs and feature requests more easy to find and organize, we close issues that are deemed
out of scope for GitHub Issues and point people to StackOverflow.
For bugs or installation issues, please provide the following information.
The more information you provide, the more easily we will be able to offer
help and advice.
Environment info
Operating System:
Installed version of CUDA and cuDNN:
(please attach the output of ls -l /path/to/cuda/lib/libcud*):
If installed from binary pip package, provide:

Which pip package you installed.

The install is failing from CentOS 7 with:
Step 10 : RUN pip install --upgrade https://storage.googleapis.com/tensorflow/linux/cpu/tensorflow-0.10.0rc0-cp27-none-linux_x86_64.whl
 ---> Running in 882f8c6e9398
Collecting tensorflow==0.10.0rc0 from https://storage.googleapis.com/tensorflow/linux/cpu/tensorflow-0.10.0rc0-cp27-none-linux_x86_64.whl
Exception:
Traceback (most recent call last):
  File "/usr/lib/python2.7/site-packages/pip/basecommand.py", line 215, in main
    status = self.run(options, args)
  File "/usr/lib/python2.7/site-packages/pip/commands/install.py", line 299, in run
    requirement_set.prepare_files(finder)
  File "/usr/lib/python2.7/site-packages/pip/req/req_set.py", line 370, in prepare_files
    ignore_dependencies=self.ignore_dependencies))
  File "/usr/lib/python2.7/site-packages/pip/req/req_set.py", line 587, in _prepare_file
    session=self.session, hashes=hashes)
  File "/usr/lib/python2.7/site-packages/pip/download.py", line 810, in unpack_url
    hashes=hashes
  File "/usr/lib/python2.7/site-packages/pip/download.py", line 649, in unpack_http_url
    hashes)
  File "/usr/lib/python2.7/site-packages/pip/download.py", line 842, in _download_http_url
    stream=True,
  File "/usr/lib/python2.7/site-packages/pip/_vendor/requests/sessions.py", line 487, in get
    return self.request('GET', url, **kwargs)
  File "/usr/lib/python2.7/site-packages/pip/download.py", line 378, in request
    return super(PipSession, self).request(method, url, *args, **kwargs)
  File "/usr/lib/python2.7/site-packages/pip/_vendor/requests/sessions.py", line 475, in request
    resp = self.send(prep, **send_kwargs)
  File "/usr/lib/python2.7/site-packages/pip/_vendor/requests/sessions.py", line 585, in send
    r = adapter.send(request, **kwargs)
  File "/usr/lib/python2.7/site-packages/pip/_vendor/cachecontrol/adapter.py", line 46, in send
    resp = super(CacheControlAdapter, self).send(request, **kw)
  File "/usr/lib/python2.7/site-packages/pip/_vendor/requests/adapters.py", line 477, in send
    raise SSLError(e, request=request)
SSLError: [SSL: CERTIFICATE_VERIFY_FAILED] certificate verify failed (_ssl.c:765)


The output from python -c "import tensorflow; print(tensorflow.__version__)".

If installed from source, provide
Tensorflow was not installed.
Steps to reproduce

pip install --upgrade https://storage.googleapis.com/tensorflow/linux/cpu/tensorflow-0.10.0rc0-cp27-none-linux_x86_64.whl

What have you tried?

The fix for me was to use http:// instead of https://

Step 10 : RUN pip install --upgrade http://storage.googleapis.com/tensorflow/linux/cpu/tensorflow-0.10.0rc0-cp27-none-linux_x86_64.whl
 ---> Running in 064f19cad960
Collecting tensorflow==0.10.0rc0 from http://storage.googleapis.com/tensorflow/linux/cpu/tensorflow-0.10.0rc0-cp27-none-linux_x86_64.whl
  Downloading http://storage.googleapis.com/tensorflow/linux/cpu/tensorflow-0.10.0rc0-cp27-none-linux_x86_64.whl (33.3MB)
Requirement already up-to-date: six>=1.10.0 in /usr/lib/python2.7/site-packages (from tensorflow==0.10.0rc0)
Collecting protobuf==3.0.0b2 (from tensorflow==0.10.0rc0)
  Downloading protobuf-3.0.0b2-py2.py3-none-any.whl (326kB)
Collecting wheel (from tensorflow==0.10.0rc0)
  Downloading wheel-0.29.0-py2.py3-none-any.whl (66kB)
Collecting mock>=2.0.0 (from tensorflow==0.10.0rc0)
  Downloading mock-2.0.0-py2.py3-none-any.whl (56kB)
Requirement already up-to-date: numpy>=1.8.2 in /usr/lib64/python2.7/site-packages (from tensorflow==0.10.0rc0)
Requirement already up-to-date: setuptools in /usr/lib/python2.7/site-packages (from protobuf==3.0.0b2->tensorflow==0.10.0rc0)
Requirement already up-to-date: funcsigs>=1; python_version < "3.3" in /usr/lib/python2.7/site-packages (from mock>=2.0.0->tensorflow==0.10.0rc0)
Requirement already up-to-date: pbr>=0.11 in /usr/lib/python2.7/site-packages (from mock>=2.0.0->tensorflow==0.10.0rc0)
Installing collected packages: protobuf, wheel, mock, tensorflow
Successfully installed mock-2.0.0 protobuf-3.0.0b2 tensorflow-0.10.0rc0 wheel-0.29.0
 ---> a374951fbf58

Logs or other output that would be helpful
(If logs are large, please upload as attachment).