TF Lite: build instructions for RaspberryPi give build error

System information

Have I written custom code (as opposed to using a stock example script provided in TensorFlow): No
OS Platform and Distribution (e.g., Linux Ubuntu 16.04): Tested on Raspberry pi 3, Raspbian 9.3; Ubuntu 16.04 (cross-compile to arm); docker tensorflow/tensorflow:nightly-devel (cross-compile to arm)
TensorFlow installed from (source or binary): source
TensorFlow version (use command below): latest (current master on git)
Python version: -
Bazel version (if compiling from source): Build is done via makefiles
GCC/Compiler version (if compiling from source): tested with 6.3 on Raspbian, 4.8 on Raspbian, 4.8 on Ubuntu (and whatever is in the docker image)
CUDA/cuDNN version: -
GPU model and memory: -
Exact command to reproduce: Follow instructions given in https://github.com/tensorflow/tensorflow/blob/master/tensorflow/contrib/lite/g3doc/rpi.md

Describe the problem
Build fails with error:
+ set -e
+++ dirname ./tensorflow/contrib/lite/build_rpi_lib.sh
++ cd ./tensorflow/contrib/lite
++ pwd
+ SCRIPT_DIR=/tensorflow/tensorflow/contrib/lite
+ cd /tensorflow/tensorflow/contrib/lite/../../..
+ CC_PREFIX=arm-linux-gnueabihf-
+ make -j 3 -f tensorflow/contrib/lite/Makefile TARGET=RPI TARGET_ARCH=armv7
/bin/sh: 1: [[: not found
arm-linux-gnueabihf-gcc --std=c++11 -O3 -DNDEBUG -march=armv7-a -mfpu=neon-vfpv4 -funsafe-math-optimizations -ftree-vectorize -I. -I/tensorflow/tensorflow/contrib/lite/../../../ -I/tensorflow/tensorflow/contrib/lite/downloads/ -I/tensorflow/tensorflow/contrib/lite/downloads/eigen -I/tensorflow/tensorflow/contrib/lite/downloads/gemmlowp -I/tensorflow/tensorflow/contrib/lite/downloads/neon_2_sse -I/tensorflow/tensorflow/contrib/lite/downloads/farmhash/src -I/tensorflow/tensorflow/contrib/lite/downloads/flatbuffers/include -I/tensorflow/tensorflow/contrib/lite/../../../bazel-genfiles/tensorflow/core/framework -I/tensorflow/tensorflow/contrib/lite/gen/obj/ -I/usr/local/include -c tensorflow/contrib/lite/tools/benchmark_model.cc -o /tensorflow/tensorflow/contrib/lite/gen/obj/rpi_armv7/tensorflow/contrib/lite/tools/benchmark_model.o
In file included from ./tensorflow/core/lib/core/errors.h:21:0,
                 from ./tensorflow/core/platform/env.h:24,
                 from tensorflow/contrib/lite/tools/benchmark_model.cc:29:
./tensorflow/core/lib/core/status.h:23:53: fatal error: tensorflow/core/lib/core/error_codes.pb.h: No such file or directory
compilation terminated.
tensorflow/contrib/lite/Makefile:113: recipe for target '/tensorflow/tensorflow/contrib/lite/gen/obj/rpi_armv7/tensorflow/contrib/lite/tools/benchmark_model.o' failed
make: *** [/tensorflow/tensorflow/contrib/lite/gen/obj/rpi_armv7/tensorflow/contrib/lite/tools/benchmark_model.o] Error 1

Note: The build for the tflite static library target completes, it's the benchmark program that fails.