libpthread.so error with android demo

Operating System: OSX Yosemite 10.10.5
Followed the virtualenv installation instructions
r11 release
I followed these instructions to run the android demo
Have tried Bazel releases 0.2.3, 0.2.2, 0.2.1 and 0.1.4
Have the latest sdk and ndk
Have tried with all the sdk and ndk info uncommented in Workspace and with the ndk commented out
I get as far as
$ bazel build //tensorflow/examples/android:tensorflow_demo
and I get the following errors:
`ERROR: /Users/lizzya/Documents/tensorflow-master/tensorflow/examples/android/BUILD:41:1: Linking of rule '//tensorflow/examples/android:libpthread.so' failed: false failed: error executing command
(cd /private/var/tmp/_bazel_lizzya/3ad59cfd62098d64f5760266c321e9a2/tensorflow-master && 
exec env - 
/bin/false -o bazel-out/android-stub_armeabi-v7a-fastbuild/bin/tensorflow/examples/android/libpthread.so -shared -Wl,-S -Wl,/bin/tensorflow/examples/android/libpthread.so-2.params): com.google.devtools.build.lib.shell.BadExitStatusException: Process exited with status 1: false failed: error executing command
(cd /private/var/tmp/_bazel_lizzya/3ad59cfd62098d64f5760266c321e9a2/tensorflow-master && 
exec env - 
/bin/false -o bazel-out/android-stub_armeabi-v7a-fastbuild/bin/tensorflow/examples/android/libpthread.so -shared -Wl,-S -Wl,/bin/tensorflow/examples/android/libpthread.so-2.params): com.google.devtools.build.lib.shell.BadExitStatusException: Process exited with status 1.
process-wrapper: execvp("/bin/false", ...): No such file or directory
Target //tensorflow/examples/android:tensorflow_demo failed to build
INFO: Elapsed time: 1.509s, Critical Path: 0.16s
`