ERROR: failed: crosstool_wrapper_driver_is_not_gcc failed: error executing command , CUDA 8.0, cudnn 5.1.5, Cuda compute 6.1

NOTE: Only file GitHub issues for bugs and feature requests.  All other topics will be closed.
For general support from the community, see StackOverflow.
To make bugs and feature requests more easy to find and organize, we close issues that are deemed
out of scope for GitHub Issues and point people to StackOverflow.
For bugs or installation issues, please provide the following information.
The more information you provide, the more easily we will be able to offer
help and advice.
What related GitHub issues or StackOverflow threads have you found by searching the web for your problem?
#4365
Environment info
Operating System:
Ubuntu 16.04 [inside a docker container]
https://hub.docker.com/r/nvidia/cuda/tags/
latest-ubuntu16.04
GTX 1080
CUDA 8.0
cudnn 5.1.5
Cuda compute 6.1
Installed version of CUDA and cuDNN:
(please attach the output of ls -l /path/to/cuda/lib/libcud*):
/usr/local/cuda/lib64/libcudadevrt.a    /usr/local/cuda/lib64/libcudart.so.8.0.27  /usr/local/cuda/lib64/libcudnn.so.5
/usr/local/cuda/lib64/libcudart.so      /usr/local/cuda/lib64/libcudart_static.a   /usr/local/cuda/lib64/libcudnn.so.5.1.5
/usr/local/cuda/lib64/libcudart.so.8.0  /usr/local/cuda/lib64/libcudnn.so          /usr/local/cuda/lib64/libcudnn_static.a
If installed from binary pip package, provide:

A link to the pip package you installed:
The output from python -c "import tensorflow; print(tensorflow.__version__)".

If installed from source, provide

The commit hash (git rev-parse HEAD)
931ff42
The output of bazel version

Build label: 0.3.0
Build target: bazel-out/local-fastbuild/bin/src/main/java/com/google/devtools/build/lib/bazel/BazelServer_deploy.jar
Build time: Fri Jun 10 11:38:23 2016 (1465558703)
Build timestamp: 1465558703
Build timestamp as int: 1465558703
NOTE: i've also tried with bazel 0.3.1 - same result
Build label: 0.3.1
Build target: bazel-out/local-fastbuild/bin/src/main/java/com/google/devtools/build/lib/bazel/BazelServer_deploy.jar
Build time: Fri Jul 29 09:09:52 2016 (1469783392)
Build timestamp: 1469783392
Build timestamp as int: 1469783392
If possible, provide a minimal reproducible example (We usually don't have time to read hundreds of lines of your code)
bazel build -c opt --config=cuda //tensorflow/cc:tutorials_example_trainer --verbose_failures
What other attempted solutions have you tried?
i've alsot tried LATEST clone and got configuration errors:
ERROR: /home/tensorflow/tensorflow/core/kernels/BUILD:2211:1: no such target '//tensorflow/core:android_tensorflow_lib_lite_no_rtti_lite_runtime': target 'android_tensorflow_lib_lite_no_rtti_lite_runtime' not declared in package 'tensorflow/core' defined by /home/tensorflow/tensorflow/core/BUILD and referenced by '//tensorflow/core/kernels:android_tensorflow_kernels_no_rtti_lite_runtime'.
ERROR: /home/tensorflow/tensorflow/core/kernels/BUILD:2211:1: no such target '//tensorflow/core:android_tensorflow_lib_lite_no_rtti_lite_runtime': target 'android_tensorflow_lib_lite_no_rtti_lite_runtime' not declared in package 'tensorflow/core' defined by /home/tensorflow/tensorflow/core/BUILD and referenced by '//tensorflow/core/kernels:android_tensorflow_kernels_no_rtti_lite_runtime'.
ERROR: /home/tensorflow/tensorflow/core/kernels/BUILD:2211:1: no such target '//tensorflow/core:android_proto_lib_no_rtti_lite_runtime': target 'android_proto_lib_no_rtti_lite_runtime' not declared in package 'tensorflow/core' defined by /home/tensorflow/tensorflow/core/BUILD and referenced by '//tensorflow/core/kernels:android_tensorflow_kernels_no_rtti_lite_runtime'.
ERROR: /home/tensorflow/tensorflow/core/kernels/BUILD:2211:1: no such package 'base': BUILD file not found on package path and referenced by '//tensorflow/core/kernels:android_tensorflow_kernels_no_rtti_lite_runtime'.
ERROR: Evaluation of query "deps((//... union @bazel_tools//tools/jdk:toolchain))" failed: errors were encountered while computing transitive closure.
such as in
#4312
Logs or other output that would be helpful
(If logs are large, please upload as attachment or provide link).
WARNING: Sandboxed execution is not supported on your system and thus hermeticity of actions cannot be guaranteed. See http://bazel.io/docs/bazel-user-manual.html#sandboxing for more information. You can turn off this warning via --ignore_unsupported_sandboxing.
WARNING: /root/.cache/bazel/_bazel_root/98bd3f3dfbd0725c619a9932413c587d/external/protobuf/WORKSPACE:1: Workspace name in /root/.cache/bazel/_bazel_root/98bd3f3dfbd0725c619a9932413c587d/external/protobuf/WORKSPACE (@main) does not match the name given in the repository's definition (@protobuf); this will cause a build error in future versions.
WARNING: /root/.cache/bazel/_bazel_root/98bd3f3dfbd0725c619a9932413c587d/external/highwayhash/WORKSPACE:1: Workspace name in /root/.cache/bazel/_bazel_root/98bd3f3dfbd0725c619a9932413c587d/external/highwayhash/WORKSPACE (@main) does not match the name given in the repository's definition (@highwayhash); this will cause a build error in future versions.
WARNING: /root/.cache/bazel/_bazel_root/98bd3f3dfbd0725c619a9932413c587d/external/re2/WORKSPACE:1: Workspace name in /root/.cache/bazel/_bazel_root/98bd3f3dfbd0725c619a9932413c587d/external/re2/WORKSPACE (@main) does not match the name given in the repository's definition (@re2); this will cause a build error in future versions.
WARNING: /root/.cache/bazel/_bazel_root/98bd3f3dfbd0725c619a9932413c587d/external/boringssl_git/WORKSPACE:1: Workspace name in /root/.cache/bazel/_bazel_root/98bd3f3dfbd0725c619a9932413c587d/external/boringssl_git/WORKSPACE (@boringssl) does not match the name given in the repository's definition (@boringssl_git); this will cause a build error in future versions.
INFO: Found 1 target...
ERROR: /root/.cache/bazel/_bazel_root/98bd3f3dfbd0725c619a9932413c587d/external/protobuf/BUILD:331:1: Linking of rule '@protobuf//:protoc' failed: crosstool_wrapper_driver_is_not_gcc failed: error executing command
(cd /root/.cache/bazel/_bazel_root/98bd3f3dfbd0725c619a9932413c587d/execroot/tensorflow && 
exec env - 
external/local_config_cuda/crosstool/clang/bin/crosstool_wrapper_driver_is_not_gcc -o bazel-out/host/bin/external/protobuf/protoc bazel-out/host/bin/external/protobuf/_objs/protoc/external/protobuf/src/google/protobuf/compiler/main.o bazel-out/host/bin/external/protobuf/libprotoc_lib.a bazel-out/host/bin/external/protobuf/libprotobuf.a bazel-out/host/bin/external/protobuf/libprotobuf_lite.a -lpthread -lstdc++ -B/usr/bin/ -pie -Wl,-z,relro,-z,now -no-canonical-prefixes -pass-exit-codes '-Wl,--build-id=md5' '-Wl,--hash-style=gnu' -Wl,-S -Wl,--gc-sections): com.google.devtools.build.lib.shell.BadExitStatusException: Process exited with status 127.
/usr/bin/env: 'python': No such file or directory
Target //tensorflow/cc:tutorials_example_trainer failed to build
INFO: Elapsed time: 0.950s, Critical Path: 0.21s