Tensorflow testing script cannot import numpy whereas it is installed

Hello,
I have the following error when I try to compile the pip package from the source code.
Environment info
Operating System: Ubuntu 14.04
Installed version of CUDA and cuDNN:
(please attach the output of ls -l /path/to/cuda/lib/libcud*):
ls -l /usr/local/cuda/lib64/libcud*
-rw-r--r-- 1 root root   322936 Aug 15  2015 /usr/local/cuda/lib64/libcudadevrt.a
lrwxrwxrwx 1 root root       16 Aug 15  2015 /usr/local/cuda/lib64/libcudart.so -> libcudart.so.7.5
lrwxrwxrwx 1 root root       19 Aug 15  2015 /usr/local/cuda/lib64/libcudart.so.7.5 -> libcudart.so.7.5.18
-rwxr-xr-x 1 root root   383336 Aug 15  2015 /usr/local/cuda/lib64/libcudart.so.7.5.18
-rw-r--r-- 1 root root   720192 Aug 15  2015 /usr/local/cuda/lib64/libcudart_static.a
lrwxrwxrwx 1 root root       13 Feb  9 18:48 /usr/local/cuda/lib64/libcudnn.so -> libcudnn.so.4
lrwxrwxrwx 1 root root       17 Feb  9 18:48 /usr/local/cuda/lib64/libcudnn.so.4 -> libcudnn.so.4.0.7
-rwxrwxr-x 1 root root 61453024 Feb  8 23:12 /usr/local/cuda/lib64/libcudnn.so.4.0.7
-rw-rw-r-- 1 root root 62025862 Feb  8 23:12 /usr/local/cuda/lib64/libcudnn_static.a

If installed from sources, provide the commit hash: 5c44302
Steps to reproduce

git clone https://github.com/tensorflow/tensorflow
cd tensorflow
./configure
bazel build -c opt --config=cuda //tensorflow/cc:tutorials_example_trainer
bazel build -c opt --config=cuda //tensorflow/tools/pip_package:build_pip_package
bazel test -c opt --config=cuda //tensorflow/python:graph_util_test

Logs or other output that would be helpful
bazel test -c opt --config=cuda //tensorflow/python:graph_util_test
WARNING: Output base '/homes/plu/.cache/bazel/_bazel_plu/5fecb6612d2e95475ff53a54e377c3f7' is on NFS. This may lead to surprising failures and undetermined behavior.
WARNING: /homes/plu/.cache/bazel/_bazel_plu/5fecb6612d2e95475ff53a54e377c3f7/external/protobuf/WORKSPACE:1: Workspace name in /homes/plu/.cache/bazel/_bazel_plu/5fecb6612d2e95475ff53a54e377c3f7/external/protobuf/WORKSPACE (@__main__) does not match the name given in the repository's definition (@protobuf); this will cause a build error in future versions.
WARNING: /homes/plu/.cache/bazel/_bazel_plu/5fecb6612d2e95475ff53a54e377c3f7/external/re2/WORKSPACE:1: Workspace name in /homes/plu/.cache/bazel/_bazel_plu/5fecb6612d2e95475ff53a54e377c3f7/external/re2/WORKSPACE (@__main__) does not match the name given in the repository's definition (@re2); this will cause a build error in future versions.
WARNING: /homes/plu/.cache/bazel/_bazel_plu/5fecb6612d2e95475ff53a54e377c3f7/external/highwayhash/WORKSPACE:1: Workspace name in /homes/plu/.cache/bazel/_bazel_plu/5fecb6612d2e95475ff53a54e377c3f7/external/highwayhash/WORKSPACE (@__main__) does not match the name given in the repository's definition (@highwayhash); this will cause a build error in future versions.
WARNING: /homes/plu/.cache/bazel/_bazel_plu/5fecb6612d2e95475ff53a54e377c3f7/external/gemmlowp/WORKSPACE:1: Workspace name in /homes/plu/.cache/bazel/_bazel_plu/5fecb6612d2e95475ff53a54e377c3f7/external/gemmlowp/WORKSPACE (@__main__) does not match the name given in the repository's definition (@gemmlowp); this will cause a build error in future versions.
WARNING: /homes/plu/.cache/bazel/_bazel_plu/5fecb6612d2e95475ff53a54e377c3f7/external/gemmlowp/BUILD:102:12: in hdrs attribute of cc_library rule @gemmlowp//:eight_bit_int_gemm: Artifact 'external/gemmlowp/public/bit_depth.h' is duplicated (through '@gemmlowp//:eight_bit_int_gemm_public_headers' and '@gemmlowp//:gemmlowp_headers').
WARNING: /homes/plu/.cache/bazel/_bazel_plu/5fecb6612d2e95475ff53a54e377c3f7/external/gemmlowp/BUILD:102:12: in hdrs attribute of cc_library rule @gemmlowp//:eight_bit_int_gemm: Artifact 'external/gemmlowp/public/gemmlowp.h' is duplicated (through '@gemmlowp//:eight_bit_int_gemm_public_headers' and '@gemmlowp//:gemmlowp_headers').
WARNING: /homes/plu/.cache/bazel/_bazel_plu/5fecb6612d2e95475ff53a54e377c3f7/external/gemmlowp/BUILD:102:12: in hdrs attribute of cc_library rule @gemmlowp//:eight_bit_int_gemm: Artifact 'external/gemmlowp/public/map.h' is duplicated (through '@gemmlowp//:eight_bit_int_gemm_public_headers' and '@gemmlowp//:gemmlowp_headers').
WARNING: /homes/plu/.cache/bazel/_bazel_plu/5fecb6612d2e95475ff53a54e377c3f7/external/gemmlowp/BUILD:102:12: in hdrs attribute of cc_library rule @gemmlowp//:eight_bit_int_gemm: Artifact 'external/gemmlowp/public/output_stages.h' is duplicated (through '@gemmlowp//:eight_bit_int_gemm_public_headers' and '@gemmlowp//:gemmlowp_headers').
WARNING: /homes/plu/.cache/bazel/_bazel_plu/5fecb6612d2e95475ff53a54e377c3f7/external/gemmlowp/BUILD:102:12: in hdrs attribute of cc_library rule @gemmlowp//:eight_bit_int_gemm: Artifact 'external/gemmlowp/profiling/instrumentation.h' is duplicated (through '@gemmlowp//:eight_bit_int_gemm_public_headers' and '@gemmlowp//:gemmlowp_headers').
WARNING: /homes/plu/.cache/bazel/_bazel_plu/5fecb6612d2e95475ff53a54e377c3f7/external/gemmlowp/BUILD:102:12: in hdrs attribute of cc_library rule @gemmlowp//:eight_bit_int_gemm: Artifact 'external/gemmlowp/profiling/profiler.h' is duplicated (through '@gemmlowp//:eight_bit_int_gemm_public_headers' and '@gemmlowp//:gemmlowp_headers').
WARNING: /home/plu/git/tensorflow/util/python/BUILD:11:16: in includes attribute of cc_library rule //util/python:python_headers: 'python_include' resolves to 'util/python/python_include' not in 'third_party'. This will be an error in the future.
INFO: Found 1 test target...
Slow read: a 160721045-byte read from /homes/plu/.cache/bazel/_bazel_plu/5fecb6612d2e95475ff53a54e377c3f7/tensorflow/bazel-out/local_linux-opt/bin/tensorflow/python/_pywrap_tensorflow.so took 13761ms.
FAIL: //tensorflow/python:graph_util_test (see /homes/plu/.cache/bazel/_bazel_plu/5fecb6612d2e95475ff53a54e377c3f7/tensorflow/bazel-out/local_linux-opt/testlogs/tensorflow/python/graph_util_test/test.log).
Target //tensorflow/python:graph_util_test up-to-date:
  bazel-bin/tensorflow/python/graph_util_test
INFO: Elapsed time: 57.357s, Critical Path: 44.71s
//tensorflow/python:graph_util_test                                      FAILED in 0.5s
  /homes/plu/.cache/bazel/_bazel_plu/5fecb6612d2e95475ff53a54e377c3f7/tensorflow/bazel-out/local_linux-opt/testlogs/tensorflow/python/graph_util_test/test.log

And here the content of the test.log file:
exec ${PAGER:-/usr/bin/less} "$0" || exit 1
-----------------------------------------------------------------------------
Traceback (most recent call last):
  File "/homes/plu/.cache/bazel/_bazel_plu/5fecb6612d2e95475ff53a54e377c3f7/tensorflow/bazel-out/local_linux-opt/bin/tensorflow/python/graph_util_test.runfiles/org_tensorflow/tensorflow/python/framework/graph_util_test.py", line 21, in <module>
    import tensorflow as tf
  File "/homes/plu/.cache/bazel/_bazel_plu/5fecb6612d2e95475ff53a54e377c3f7/tensorflow/bazel-out/local_linux-opt/bin/tensorflow/python/graph_util_test.runfiles/org_tensorflow/tensorflow/__init__.py", line 23, in <module>
    from tensorflow.python import *
  File "/homes/plu/.cache/bazel/_bazel_plu/5fecb6612d2e95475ff53a54e377c3f7/tensorflow/bazel-out/local_linux-opt/bin/tensorflow/python/graph_util_test.runfiles/org_tensorflow/tensorflow/python/__init__.py", line 45, in <module>
    import numpy as np
ImportError: No module named numpy

But, I do have numpy installed:
python 
Python 2.7.6 (default, Jun 22 2015, 17:58:13) 
[GCC 4.8.2] on linux2
Type "help", "copyright", "credits" or "license" for more information.
>>> import numpy;numpy.version.version
'1.11.1'
>>>

I do not understand why I get this Python error. Any idea of what is going wrong?
Thanks in advance for any help!