Undefined symbol when importing tensorflow

System information

OS Platform and Distribution: Linux Ubuntu 18.04
TensorFlow installed from: usual pip install
TensorFlow version: 1.8.0
Python version: 3.6.5
Exact command to reproduce: python -c "import tensorflow"

Describe the problem
I'm installing Tensorflow CPU version via the usual pip command:
pip install tensorflow
And when I try to import tensorflow I get the following error message:
Traceback (most recent call last):
  File "/home/jplu/.local/lib/python3.6/site-packages/tensorflow/python/pywrap_tensorflow.py", line 58, in <module>
    from tensorflow.python.pywrap_tensorflow_internal import *
  File "/home/jplu/.local/lib/python3.6/site-packages/tensorflow/python/pywrap_tensorflow_internal.py", line 28, in <module>
    _pywrap_tensorflow_internal = swig_import_helper()
  File "/home/jplu/.local/lib/python3.6/site-packages/tensorflow/python/pywrap_tensorflow_internal.py", line 24, in swig_import_helper
    _mod = imp.load_module('_pywrap_tensorflow_internal', fp, pathname, description)
  File "/usr/lib/python3.6/imp.py", line 243, in load_module
    return load_dynamic(name, filename, file)
  File "/usr/lib/python3.6/imp.py", line 343, in load_dynamic
    return _load(spec)
ImportError: /home/jplu/.local/lib/python3.6/site-packages/tensorflow/python/_pywrap_tensorflow_internal.so: undefined symbol: _ZN10tensorflow34_CallableOptions_default_instance_E

During handling of the above exception, another exception occurred:

Traceback (most recent call last):
  File "<string>", line 1, in <module>
  File "/home/jplu/.local/lib/python3.6/site-packages/tensorflow/__init__.py", line 24, in <module>
    from tensorflow.python import pywrap_tensorflow  # pylint: disable=unused-import
  File "/home/jplu/.local/lib/python3.6/site-packages/tensorflow/python/__init__.py", line 49, in <module>
    from tensorflow.python import pywrap_tensorflow
  File "/home/jplu/.local/lib/python3.6/site-packages/tensorflow/python/pywrap_tensorflow.py", line 74, in <module>
    raise ImportError(msg)
ImportError: Traceback (most recent call last):
  File "/home/jplu/.local/lib/python3.6/site-packages/tensorflow/python/pywrap_tensorflow.py", line 58, in <module>
    from tensorflow.python.pywrap_tensorflow_internal import *
  File "/home/jplu/.local/lib/python3.6/site-packages/tensorflow/python/pywrap_tensorflow_internal.py", line 28, in <module>
    _pywrap_tensorflow_internal = swig_import_helper()
  File "/home/jplu/.local/lib/python3.6/site-packages/tensorflow/python/pywrap_tensorflow_internal.py", line 24, in swig_import_helper
    _mod = imp.load_module('_pywrap_tensorflow_internal', fp, pathname, description)
  File "/usr/lib/python3.6/imp.py", line 243, in load_module
    return load_dynamic(name, filename, file)
  File "/usr/lib/python3.6/imp.py", line 343, in load_dynamic
    return _load(spec)
ImportError: /home/jplu/.local/lib/python3.6/site-packages/tensorflow/python/_pywrap_tensorflow_internal.so: undefined symbol: _ZN10tensorflow34_CallableOptions_default_instance_E


Failed to load the native TensorFlow runtime.

See https://www.tensorflow.org/install/install_sources#common_installation_problems

for some common reasons and solutions.  Include the entire stack trace
above this error message when asking for help.
[1]    15355 segmentation fault (core dumped)  python -c "import tensorflow"
Any idea of what is going wrong?