Tensorflow and Bazle build in Docker Container on Windows

Hello, i'm trying to build the following Dockerfile:
FROM ubuntu:17.10

ADD https://bazel.build/bazel-release.pub.gpg /bazel-release.pub.gpg
RUN apt-key add /bazel-release.pub.gpg && rm /bazel-release.pub.gpg
RUN echo "deb [arch=amd64] http://storage.googleapis.com/bazel-apt stable jdk1.8" | tee /etc/apt/sources.list.d/bazel.list

RUN apt-get update && apt-get install -y git build-essential bazel openjdk-8-jdk python3-dev python3-pip python3-numpy python3-wheel && ln --symbolic python3 /usr/bin/python

RUN git clone --recursive --branch r1.4 --depth 1 --shallow-submodules https://github.com/tensorflow/tensorflow
RUN cd /tensorflow && (echo "\n\ny\nn\nn\nn\ny\nn\nn\nn\nn\nn\n\n" | ./configure)
RUN cd /tensorflow && bazel build --config=opt //tensorflow/compiler/aot:tfcompile

Im getting the following Error on the last RUN operation:
Step 8/8 : RUN cd /tensorflow && bazel build --config=opt //tensorflow/compiler/aot:tfcompile
 ---> Running in ef36db7c22d1
..................
Loading:
Loading: 0 packages loaded
Loading: 0 packages loaded
Analyzing: target //tensorflow/compiler/aot:tfcompile (1 packages loaded)
Analyzing: target //tensorflow/compiler/aot:tfcompile (4 packages loaded)
Analyzing: target //tensorflow/compiler/aot:tfcompile (5 packages loaded)
Analyzing: target //tensorflow/compiler/aot:tfcompile (6 packages loaded)
Analyzing: target //tensorflow/compiler/aot:tfcompile (6 packages loaded)
Analyzing: target //tensorflow/compiler/aot:tfcompile (6 packages loaded)
Analyzing: target //tensorflow/compiler/aot:tfcompile (6 packages loaded)
Analyzing: target //tensorflow/compiler/aot:tfcompile (6 packages loaded)
Analyzing: target //tensorflow/compiler/aot:tfcompile (19 packages loaded)
Analyzing: target //tensorflow/compiler/aot:tfcompile (25 packages loaded)
ERROR: /root/.cache/bazel/_bazel_root/68a62076e91007a7908bc42a32e4cff9/external/local_config_sycl/sycl/BUILD:4:1: First argument of 'load' must be a label and start with either '//', ':', or '@'. Use --incompatible_load_argument_is_label=false to temporarily disable this check.
ERROR: /root/.cache/bazel/_bazel_root/68a62076e91007a7908bc42a32e4cff9/external/local_config_sycl/sycl/BUILD:6:1: First argument of 'load' must be a label and start with either '//', ':', or '@'. Use --incompatible_load_argument_is_label=false to temporarily disable this check.
ERROR: /root/.cache/bazel/_bazel_root/68a62076e91007a7908bc42a32e4cff9/external/local_config_sycl/sycl/BUILD:30:9: Traceback (most recent call last):
        File "/root/.cache/bazel/_bazel_root/68a62076e91007a7908bc42a32e4cff9/external/local_config_sycl/sycl/BUILD", line 27
                cc_library(name = "syclrt", srcs = [sycl_libr...")], <3 more arguments>)
        File "/root/.cache/bazel/_bazel_root/68a62076e91007a7908bc42a32e4cff9/external/local_config_sycl/sycl/BUILD", line 30, in cc_library
                sycl_library_path
name 'sycl_library_path' is not defined
Analyzing: target //tensorflow/compiler/aot:tfcompile (35 packages loaded)
ERROR: /root/.cache/bazel/_bazel_root/68a62076e91007a7908bc42a32e4cff9/external/com_googlesource_code_re2/BUILD:96:1: First argument of 'load' must be a label and start with either '//', ':', or '@'. Use --incompatible_load_argument_is_label=false to temporarily disable this check.
ERROR: /root/.cache/bazel/_bazel_root/68a62076e91007a7908bc42a32e4cff9/external/com_googlesource_code_re2/BUILD:98:1: name 're2_test' is not defined (did you mean 'ios_test'?)
ERROR: /root/.cache/bazel/_bazel_root/68a62076e91007a7908bc42a32e4cff9/external/com_googlesource_code_re2/BUILD:100:1: name 're2_test' is not defined (did you mean 'ios_test'?)
ERROR: /root/.cache/bazel/_bazel_root/68a62076e91007a7908bc42a32e4cff9/external/com_googlesource_code_re2/BUILD:102:1: name 're2_test' is not defined (did you mean 'ios_test'?)
ERROR: /root/.cache/bazel/_bazel_root/68a62076e91007a7908bc42a32e4cff9/external/com_googlesource_code_re2/BUILD:104:1: name 're2_test' is not defined (did you mean 'ios_test'?)
ERROR: /root/.cache/bazel/_bazel_root/68a62076e91007a7908bc42a32e4cff9/external/com_googlesource_code_re2/BUILD:106:1: name 're2_test' is not defined (did you mean 'ios_test'?)
ERROR: /root/.cache/bazel/_bazel_root/68a62076e91007a7908bc42a32e4cff9/external/com_googlesource_code_re2/BUILD:108:1: name 're2_test' is not defined (did you mean 'ios_test'?)
ERROR: /root/.cache/bazel/_bazel_root/68a62076e91007a7908bc42a32e4cff9/external/com_googlesource_code_re2/BUILD:110:1: name 're2_test' is not defined (did you mean 'ios_test'?)
ERROR: /root/.cache/bazel/_bazel_root/68a62076e91007a7908bc42a32e4cff9/external/com_googlesource_code_re2/BUILD:112:1: name 're2_test' is not defined (did you mean 'ios_test'?)
ERROR: /root/.cache/bazel/_bazel_root/68a62076e91007a7908bc42a32e4cff9/external/com_googlesource_code_re2/BUILD:114:1: name 're2_test' is not defined (did you mean 'ios_test'?)
ERROR: /root/.cache/bazel/_bazel_root/68a62076e91007a7908bc42a32e4cff9/external/com_googlesource_code_re2/BUILD:116:1: name 're2_test' is not defined (did you mean 'ios_test'?)
ERROR: /root/.cache/bazel/_bazel_root/68a62076e91007a7908bc42a32e4cff9/external/com_googlesource_code_re2/BUILD:118:1: name 're2_test' is not defined (did you mean 'ios_test'?)
ERROR: /root/.cache/bazel/_bazel_root/68a62076e91007a7908bc42a32e4cff9/external/com_googlesource_code_re2/BUILD:120:1: name 're2_test' is not defined (did you mean 'ios_test'?)
ERROR: /root/.cache/bazel/_bazel_root/68a62076e91007a7908bc42a32e4cff9/external/com_googlesource_code_re2/BUILD:122:1: name 're2_test' is not defined (did you mean 'ios_test'?)
ERROR: /root/.cache/bazel/_bazel_root/68a62076e91007a7908bc42a32e4cff9/external/com_googlesource_code_re2/BUILD:124:1: name 're2_test' is not defined (did you mean 'ios_test'?)
ERROR: /root/.cache/bazel/_bazel_root/68a62076e91007a7908bc42a32e4cff9/external/com_googlesource_code_re2/BUILD:126:1: name 're2_test' is not defined (did you mean 'ios_test'?)
ERROR: /root/.cache/bazel/_bazel_root/68a62076e91007a7908bc42a32e4cff9/external/com_googlesource_code_re2/BUILD:131:1: name 're2_test' is not defined (did you mean 'ios_test'?)
ERROR: /root/.cache/bazel/_bazel_root/68a62076e91007a7908bc42a32e4cff9/external/com_googlesource_code_re2/BUILD:136:1: name 're2_test' is not defined (did you mean 'ios_test'?)
ERROR: /root/.cache/bazel/_bazel_root/68a62076e91007a7908bc42a32e4cff9/external/com_googlesource_code_re2/BUILD:141:1: name 're2_test' is not defined (did you mean 'ios_test'?)
ERROR: /root/.cache/bazel/_bazel_root/68a62076e91007a7908bc42a32e4cff9/external/com_googlesource_code_re2/BUILD:146:1: name 're2_test' is not defined (did you mean 'ios_test'?)
ERROR: /root/.cache/bazel/_bazel_root/68a62076e91007a7908bc42a32e4cff9/external/com_googlesource_code_re2/BUILD:151:1: name 're2_test' is not defined (did you mean 'ios_test'?)
Analyzing: target //tensorflow/compiler/aot:tfcompile (45 packages loaded)
ERROR: /root/.cache/bazel/_bazel_root/68a62076e91007a7908bc42a32e4cff9/external/local_config_sycl/sycl/BUILD:39:1: Target '@local_config_sycl//sycl:using_sycl' contains an error and its package is in error and referenced by '@local_config_sycl//sycl:sycl'
ERROR: /tensorflow/third_party/eigen3/BUILD:20:1: Target '@local_config_sycl//sycl:sycl' contains an error and its package is in error and referenced by '//third_party/eigen3:eigen3'
ERROR: Analysis of target '//tensorflow/compiler/aot:tfcompile' failed; build aborted: Loading failed
INFO: Elapsed time: 18.318s
FAILED: Build did NOT complete successfully (46 packages loaded)

My Docker Version:
Client:
 Version:       17.12.0-ce
 API version:   1.35
 Go version:    go1.9.2
 Git commit:    c97c6d6
 Built: Wed Dec 27 20:05:22 2017
 OS/Arch:       windows/amd64

Server:
 Engine:
  Version:      17.12.0-ce
  API version:  1.35 (minimum version 1.12)
  Go version:   go1.9.2
  Git commit:   c97c6d6
  Built:        Wed Dec 27 20:12:29 2017
  OS/Arch:      linux/amd64
  Experimental: true

Any ideas why this doesn't work?
The Dockerfile works fine on linux.