Failed compilation with avx or avx2 on Ubuntu 14.04

I am unable to compile when passing avx or avx2 to bazel, even though I have an avx2-compatible CPU (Xeon E5-2643 v3). This is the command I'm using to compile:
bazel build -c opt --copt=-mavx2 //tensorflow/tools/pip_package:build_pip_package

Also I can compile just fine using the default CPU or GPU configurations, i.e. both of these commands work:
bazel build -c opt //tensorflow/tools/pip_package:build_pip_package
bazel build -c opt --config=cuda //tensorflow/tools/pip_package:build_pip_package

Here is the error message when turning on verbose_failures:
ERROR: /usr/local/tensorflow/tensorflow/core/BUILD:157:1: C++ compilation of rule '//tensorflow/core:framework' failed: gcc failed: error executing command
(cd /root/.cache/bazel/bazel_root/e86f6fce5559de9e3e13fb6adb66b858/tensorflow && 
exec env - 
INTERCEPT_LOCALLY_EXECUTABLE=1 
PATH=/usr/local/cuda/bin:/usr/local/cuda/bin:/usr/local/sbin:/usr/local/bin:/usr/sbin:/usr/bin:/sbin:/bin 
/usr/bin/gcc -U_FORTIFY_SOURCE '-D_FORTIFY_SOURCE=1' -fstack-protector -fPIE -Wall -Wunused-but-set-parameter -Wno-free-nonheap-object -fno-omit-frame-pointer -g0 -O2 -DNDEBUG -ffunction-sections -fdata-sections -mavx2 '-std=c++0x' -iquote . -iquote bazel-out/local_linux-opt/genfiles -isystem google/protobuf/src -isystem bazel-out/local_linux-opt/genfiles/google/protobuf/src -isystem tools/cpp/gcc3 -isystem external/jpeg_archive/jpeg-9a -isystem bazel-out/local_linux-opt/genfiles/external/jpeg_archive/jpeg-9a -isystem external/png_archive/libpng-1.2.53 -isystem bazel-out/local_linux-opt/genfiles/external/png_archive/libpng-1.2.53 -isystem external/re2 -isystem bazel-out/local_linux-opt/genfiles/external/re2 -isystem third_party/eigen3 -isystem bazel-out/local_linux-opt/genfiles/third_party/eigen3 -isystem external/eigen_archive/eigen-eigen-ce5a455b34c0 -isystem bazel-out/local_linux-opt/genfiles/external/eigen_archive/eigen-eigen-ce5a455b34c0 -pthread -fno-exceptions -DEIGEN_AVOID_STL_ARRAY -no-canonical-prefixes -Wno-builtin-macro-redefined '-D__DATE_="redacted"' '-D__TIMESTAMP__="redacted"' '-D__TIME__="redacted"' '-frandom-seed=bazel-out/local_linux-opt/bin/tensorflow/core/objs/framework/tensorflow/core/framework/kernel_def_builder.pic.o' -MD -MF bazel-out/local_linux-opt/bin/tensorflow/core/objs/framework/tensorflow/core/framework/kernel_def_builder.pic.d -fPIC -c tensorflow/core/framework/kernel_def_builder.cc -o bazel-out/local_linux-opt/bin/tensorflow/core/objs/framework/tensorflow/core/framework/kernel_def_builder.pic.o): com.google.devtools.build.lib.shell.BadExitStatusException: Process exited with status 1: gcc failed: error executing command
(cd /root/.cache/bazel/bazel_root/e86f6fce5559de9e3e13fb6adb66b858/tensorflow && 
exec env - 
INTERCEPT_LOCALLY_EXECUTABLE=1 
PATH=/usr/local/cuda/bin:/usr/local/cuda/bin:/usr/local/sbin:/usr/local/bin:/usr/sbin:/usr/bin:/sbin:/bin 
/usr/bin/gcc -U_FORTIFY_SOURCE '-D_FORTIFY_SOURCE=1' -fstack-protector -fPIE -Wall -Wunused-but-set-parameter -Wno-free-nonheap-object -fno-omit-frame-pointer -g0 -O2 -DNDEBUG -ffunction-sections -fdata-sections -mavx2 '-std=c++0x' -iquote . -iquote bazel-out/local_linux-opt/genfiles -isystem google/protobuf/src -isystem bazel-out/local_linux-opt/genfiles/google/protobuf/src -isystem tools/cpp/gcc3 -isystem external/jpeg_archive/jpeg-9a -isystem bazel-out/local_linux-opt/genfiles/external/jpeg_archive/jpeg-9a -isystem external/png_archive/libpng-1.2.53 -isystem bazel-out/local_linux-opt/genfiles/external/png_archive/libpng-1.2.53 -isystem external/re2 -isystem bazel-out/local_linux-opt/genfiles/external/re2 -isystem third_party/eigen3 -isystem bazel-out/local_linux-opt/genfiles/third_party/eigen3 -isystem external/eigen_archive/eigen-eigen-ce5a455b34c0 -isystem bazel-out/local_linux-opt/genfiles/external/eigen_archive/eigen-eigen-ce5a455b34c0 -pthread -fno-exceptions -DEIGEN_AVOID_STL_ARRAY -no-canonical-prefixes -Wno-builtin-macro-redefined '-D__DATE="redacted"' '-D__TIMESTAMP="redacted"' '-D__TIME__="redacted"' '-frandom-seed=bazel-out/local_linux-opt/bin/tensorflow/core/_objs/framework/tensorflow/core/framework/kernel_def_builder.pic.o' -MD -MF bazel-out/local_linux-opt/bin/tensorflow/core/_objs/framework/tensorflow/core/framework/kernel_def_builder.pic.d -fPIC -c tensorflow/core/framework/kernel_def_builder.cc -o bazel-out/local_linux-opt/bin/tensorflow/core/_objs/framework/tensorflow/core/framework/kernel_def_builder.pic.o): com.google.devtools.build.lib.shell.BadExitStatusException: Process exited with status 1.
Target //tensorflow/tools/pip_package:build_pip_package failed to build