//tensorflow/core/kernels:sparse_matmul_op_test_gpu is failing on ppc64le with "Actual: false but Expected: true"

System information

OS Platform and Distribution (e.g., Linux Ubuntu 16.04):
Ubuntu 16.04 (ppc64le)
TensorFlow installed from (source or binary):
Installed from source (v1.0.1)
TensorFlow version (use command below):
('v1.0.1-0-ge895d5c-dirty', '1.0.1')
Bazel version (if compiling from source):
0.4.4-2017-05-26 (@80a07b5)
CUDA/cuDNN version:
CUDA = 8.0 and cuDNN = 5.1
GPU model and memory:
GPU 0: Tesla P100-SXM2-16GB
GPU 1: Tesla P100-SXM2-16GB
Exact command to reproduce:
bazel test --config=opt --config=cuda //tensorflow/core/kernels:sparse_matmul_op_test_gpu

Describe the problem
This test is passing successfully on X86, however getting failure on ppc64le with following errors:
Source code / logs
$  bazel test --config=opt --config=cuda //tensorflow/core/kernels:sparse_matmul_op_test_gpu

exec ${PAGER:-/usr/bin/less} "$0" || exit 1
-----------------------------------------------------------------------------
I tensorflow/stream_executor/dso_loader.cc:135] successfully opened CUDA library libcublas.so.8.0 locally
I tensorflow/stream_executor/dso_loader.cc:135] successfully opened CUDA library libcudnn.so.5 locally
I tensorflow/stream_executor/dso_loader.cc:135] successfully opened CUDA library libcufft.so.8.0 locally
I tensorflow/stream_executor/dso_loader.cc:135] successfully opened CUDA library libcuda.so.1 locally
I tensorflow/stream_executor/dso_loader.cc:135] successfully opened CUDA library libcurand.so.8.0 locally
Running main() from test_main.cc
[==========] Running 4 tests from 1 test case.
[----------] Global test environment set-up.
[----------] 4 tests from SparseMatmulOpTest
[ RUN      ] SparseMatmulOpTest.BroadcastPacketTest
[0.170094 0.170094 0.170094 0.170094] != [  0.170094    0.14922 -0.0823886   0.026985], differences: [         0 -0.0208738  -0.252482  -0.143109]
tensorflow/core/kernels/sparse_matmul_op_test.cc:257: Failure
Value of: areApprox(ref, data2, PacketSize)
  Actual: false
Expected: true
[  FAILED  ] SparseMatmulOpTest.BroadcastPacketTest (0 ms)
[ RUN      ] SparseMatmulOpTest.InterleavePacketTest
[       OK ] SparseMatmulOpTest.InterleavePacketTest (0 ms)
[ RUN      ] SparseMatmulOpTest.Bfloat16ExpandTest
[       OK ] SparseMatmulOpTest.Bfloat16ExpandTest (0 ms)
[ RUN      ] SparseMatmulOpTest.Bfloat16LoadTest
[       OK ] SparseMatmulOpTest.Bfloat16LoadTest (0 ms)
[----------] 4 tests from SparseMatmulOpTest (0 ms total)

[----------] Global test environment tear-down
[==========] 4 tests from 1 test case ran. (0 ms total)
[  PASSED  ] 3 tests.
[  FAILED  ] 1 test, listed below:
[  FAILED  ] SparseMatmulOpTest.BroadcastPacketTest

 1 FAILED TEST

I went through the file tensorflow/core/kernels/sparse_matmul_op_test.cc to find the root cause, but couldn't understand the code. Please provide your suggestions/comments on this.Thanks!