Variable.assign throws expection randomly

I'm trying to copy weights between two graphs which are running in two different processes simply by fetching the values from one, sending them to the second process and assigning the values there.
The code I have is pretty simple and straight forward:
def get_all_variable_values(self):
    vars = list(self.sess.graph.get_collection(tf.GraphKeys.TRAINABLE_VARIABLES))
    names = [v.name for v in vars]
    values = self.sess.run(vars)
    return dict(zip(names, values))

def set_all_variable_values(self, update_dict):
    for var in self.sess.graph.get_collection(tf.GraphKeys.TRAINABLE_VARIABLES):
        self.sess.run(var.assign(update_dict[var.name]))

But time to time (seems to be completely random), the following exception happens.
I also tried replacing Variable.assign with tf.assign and the same problem happens.
Any idea why?
Traceback (most recent call last):
  File "/home/mbz/anaconda3/lib/python3.5/site-packages/tensorflow/python/client/session.py", line 715, in _do_call
    return fn(*args)
  File "/home/mbz/anaconda3/lib/python3.5/site-packages/tensorflow/python/client/session.py", line 697, in _run_fn
    status, run_metadata)
  File "/home/mbz/anaconda3/lib/python3.5/contextlib.py", line 66, in __exit__
    next(self.gen)
  File "/home/mbz/anaconda3/lib/python3.5/site-packages/tensorflow/python/framework/errors.py", line 450, in raise_exception_on_not_ok_status
    pywrap_tensorflow.TF_GetCode(status))
tensorflow.python.framework.errors.NotFoundError: FetchOutputs node Assign_404:0: not found

During handling of the above exception, another exception occurred.

Traceback (most recent call last):
  File "/home/mbz/anaconda3/lib/python3.5/threading.py", line 914, in _bootstrap_inner
    self.run()
  File "/home/mbz/anaconda3/lib/python3.5/threading.py", line 862, in run
    self._target(*self._args, **self._kwargs)
  File "/home/mbz/projects/pacman_multi_gpu/ProcessServer.py", line 50, in update_model
    self.model.set_all_variable_values(update_dict)
  File "/home/mbz/projects/pacman_multi_gpu/NetworkVP.py", line 258, in set_all_variable_values
    self.sess.run(var.assign(update_dict[var.name]))
  File "/home/mbz/anaconda3/lib/python3.5/site-packages/tensorflow/python/client/session.py", line 372, in run
    run_metadata_ptr)
  File "/home/mbz/anaconda3/lib/python3.5/site-packages/tensorflow/python/client/session.py", line 636, in _run
    feed_dict_string, options, run_metadata)
  File "/home/mbz/anaconda3/lib/python3.5/site-packages/tensorflow/python/client/session.py", line 708, in _do_run
    target_list, options, run_metadata)
  File "/home/mbz/anaconda3/lib/python3.5/site-packages/tensorflow/python/client/session.py", line 728, in _do_call
    raise type(e)(node_def, op, message)
tensorflow.python.framework.errors.NotFoundError: FetchOutputs node Assign_404:0: not found