error bazel building quantize_graph with cuda

this is for tf 1.3 and bazel 0.53 with cuda 8 and cudnn 6 on windows 10 64 and python 3.6
$ bazel build tensorflow/tools/quantization:quantize_graph  --verbose_failures
____Loading complete.  Analyzing...
____Found 1 target...
____Building...
____[0 / 10] Linking tensorflow/python/gen_state_ops_py_wrappers_cc.exe [for host]
____From Linking tensorflow/python/gen_state_ops_py_wrappers_cc.exe [for host]:
LINK : warning LNK4044: unrecognized option '/Wl,-rpath,../local_config_cuda/cuda/lib64'; ignored
LINK : warning LNK4044: unrecognized option '/Wl,-rpath,../local_config_cuda/cuda/extras/CUPTI/lib64'; ignored
LINK : warning LNK4044: unrecognized option '/pthread'; ignored
LINK : warning LNK4044: unrecognized option '/lm'; ignored
LINK : warning LNK4044: unrecognized option '/ldl'; ignored
LINK : warning LNK4044: unrecognized option '/lm'; ignored
LINK : warning LNK4044: unrecognized option '/ldl'; ignored
LINK : warning LNK4044: unrecognized option '/lpthread'; ignored
LINK : warning LNK4044: unrecognized option '/lm'; ignored
LINK : warning LNK4044: unrecognized option '/lm'; ignored
LINK : warning LNK4044: unrecognized option '/lpthread'; ignored
LINK : warning LNK4044: unrecognized option '/lm'; ignored
LINK : warning LNK4044: unrecognized option '/lpthread'; ignored
LINK : warning LNK4044: unrecognized option '/lm'; ignored
Creating library bazel-out/host/bin/tensorflow/python/gen_state_ops_py_wrappers_cc.lib and object bazel-out/host/bin/tensorflow/python/gen_state_ops_py_wrappers_cc.exp
___From Compiling tensorflow/core/kernels/batch_norm_op_gpu.cu.cc:
cl : Command line warning D9002 : ignoring unknown option '-x'
cl : Command line warning D9002 : ignoring unknown option '-nvcc_options=relaxed-constexpr'
cl : Command line warning D9002 : ignoring unknown option '-nvcc_options=ftz=true'
cl : Command line warning D9002 : ignoring unknown option '-msse3'
cl : Command line warning D9024 : unrecognized source file type 'cuda', object file assumed
cl : Command line warning D9027 : source file 'cuda' ignored
ERROR: C:/users/user/downloads/tensorflow/tensorflow/core/kernels/BUILD:2703:1: C++ compilation of rule '//tensorflow/core/kernels:depthwise_conv_op_gpu' failed (Exit 2): cl.exe failed: error executing command
SET CUDA_COMPUTE_CAPABILITIES=6.1
SET CUDA_PATH=C:/Program Files/NVIDIA GPU Computing Toolkit/CUDA/v8.0
SET CUDA_TOOLKIT_PATH=C:/Program Files/NVIDIA GPU Computing Toolkit/CUDA/v8.0
SET CUDNN_INSTALL_PATH=C:/Program Files/NVIDIA GPU Computing Toolkit/CUDA/v8.0
SET INCLUDE=C:\Program Files (x86)\Microsoft Visual Studio 14.0\VC\INCLUDE;C:\Program Files (x86)\Microsoft Visual Studio 14.0\VC\ATLMFC\INCLUDE;C:\Program Files (x86)\Windows Kits\10\include\10.0.14393.0\ucrt;C:\Program Files (x86)\Windows Kits\NETFXSDK\4.6.1\include\um;C:\Program Files (x86)\Windows Kits\10\include\10.0.14393.0\shared;C:\Program Files (x86)\Windows Kits\10\include\10.0.14393.0\um;C:\Program Files (x86)\Windows Kits\10\include\10.0.14393.0\winrt;
SET LIB=C:\Program Files (x86)\Microsoft Visual Studio 14.0\VC\LIB\amd64;C:\Program Files (x86)\Microsoft Visual Studio 14.0\VC\ATLMFC\LIB\amd64;C:\Program Files (x86)\Windows Kits\10\lib\10.0.14393.0\ucrt\x64;C:\Program Files (x86)\Windows Kits\NETFXSDK\4.6.1\lib\um\x64;C:\Program Files (x86)\Windows Kits\10\lib\10.0.14393.0\um\x64;
SET NO_WHOLE_ARCHIVE_OPTION=1
SET PATH=C:\Program Files (x86)\Microsoft Visual Studio 14.0\Common7\IDE\CommonExtensions\Microsoft\TestWindow;C:\Program Files (x86)\Microsoft Visual Studio 14.0\VC\BIN\amd64;C:\Windows\Microsoft.NET\Framework64\v4.0.30319;C:\Program Files (x86)\Microsoft Visual Studio 14.0\VC\VCPackages;C:\Program Files (x86)\Microsoft Visual Studio 14.0\Common7\IDE;C:\Program Files (x86)\Microsoft Visual Studio 14.0\Common7\Tools;C:\Program Files (x86)\Microsoft Visual Studio 14.0\Team Tools\Performance Tools\x64;C:\Program Files (x86)\Microsoft Visual Studio 14.0\Team Tools\Performance Tools;C:\Program Files (x86)\Windows Kits\10\bin\x64;C:\Program Files (x86)\Windows Kits\10\bin\x86;C:\Program Files (x86)\Microsoft SDKs\Windows\v10.0A\bin\NETFX 4.6.1 Tools\x64;C:\Anaconda3;C:\users\user\downloads;C:\tools\msys64\usr\local\bin;C:\tools\msys64\usr\bin;C:\tools\msys64\usr\bin;C:\tools\msys64\opt\bin;C:\Windows\System32;C:\Windows;C:\Windows\System32\Wbem;C:\Windows\System32\WindowsPowerShell\v1.0;C:\tools\msys64\usr\bin\site_perl;C:\tools\msys64\usr\bin\vendor_perl;C:\tools\msys64\usr\bin\core_perl;C:\WINDOWS\system32
SET PWD=/proc/self/cwd
SET PYTHON_BIN_PATH=C:/Anaconda3/python.exe
SET PYTHON_LIB_PATH=C:/Anaconda3/lib/site-packages
SET TEMP=C:\Users\user\AppData\Local\Temp
SET TF_CUDA_CLANG=0
SET TF_CUDA_COMPUTE_CAPABILITIES=6.1
SET TF_CUDA_VERSION=8.0
SET TF_CUDNN_VERSION=6
SET TF_NEED_CUDA=1
SET TF_NEED_OPENCL=0
SET TMP=C:\Users\user\AppData\Local\Temp
C:/Program Files (x86)/Microsoft Visual Studio 14.0/VC/bin/amd64/cl.exe /DCOMPILER_MSVC /DNOMINMAX /D_WIN32_WINNT=0x0600 /D_CRT_SECURE_NO_DEPRECATE /D_CRT_SECURE_NO_WARNINGS /D_SILENCE_STDEXT_HASH_DEPRECATION_WARNINGS /bigobj /Zm500 /J /Gy /GF /EHsc /wd4351 /wd4291 /wd4250 /wd4996 /nologo /I. /Ibazel-out/msvc_x64-py3-opt/genfiles /Iexternal/bazel_tools /Ibazel-out/msvc_x64-py3-opt/genfiles/external/bazel_tools /Iexternal/eigen_archive /Ibazel-out/msvc_x64-py3-opt/genfiles/external/eigen_archive /Iexternal/local_config_sycl /Ibazel-out/msvc_x64-py3-opt/genfiles/external/local_config_sycl /Iexternal/protobuf /Ibazel-out/msvc_x64-py3-opt/genfiles/external/protobuf /Iexternal/gif_archive /Ibazel-out/msvc_x64-py3-opt/genfiles/external/gif_archive /Iexternal/jpeg /Ibazel-out/msvc_x64-py3-opt/genfiles/external/jpeg /Iexternal/com_googlesource_code_re2 /Ibazel-out/msvc_x64-py3-opt/genfiles/external/com_googlesource_code_re2 /Iexternal/farmhash_archive /Ibazel-out/msvc_x64-py3-opt/genfiles/external/farmhash_archive /Iexternal/fft2d /Ibazel-out/msvc_x64-py3-opt/genfiles/external/fft2d /Iexternal/highwayhash /Ibazel-out/msvc_x64-py3-opt/genfiles/external/highwayhash /Iexternal/png_archive /Ibazel-out/msvc_x64-py3-opt/genfiles/external/png_archive /Iexternal/zlib_archive /Ibazel-out/msvc_x64-py3-opt/genfiles/external/zlib_archive /Iexternal/snappy /Ibazel-out/msvc_x64-py3-opt/genfiles/external/snappy /Iexternal/local_config_cuda /Ibazel-out/msvc_x64-py3-opt/genfiles/external/local_config_cuda /Iexternal/bazel_tools/tools/cpp/gcc3 /Iexternal/eigen_archive /Ibazel-out/msvc_x64-py3-opt/genfiles/external/eigen_archive /Iexternal/protobuf/src /Ibazel-out/msvc_x64-py3-opt/genfiles/external/protobuf/src /Iexternal/gif_archive/lib /Ibazel-out/msvc_x64-py3-opt/genfiles/external/gif_archive/lib /Iexternal/gif_archive/windows /Ibazel-out/msvc_x64-py3-opt/genfiles/external/gif_archive/windows /Iexternal/farmhash_archive/src /Ibazel-out/msvc_x64-py3-opt/genfiles/external/farmhash_archive/src /Iexternal/png_archive /Ibazel-out/msvc_x64-py3-opt/genfiles/external/png_archive /Iexternal/zlib_archive /Ibazel-out/msvc_x64-py3-opt/genfiles/external/zlib_archive /Iexternal/local_config_cuda/cuda /Ibazel-out/msvc_x64-py3-opt/genfiles/external/local_config_cuda/cuda /Iexternal/local_config_cuda/cuda/cuda/include /Ibazel-out/msvc_x64-py3-opt/genfiles/external/local_config_cuda/cuda/cuda/include /showIncludes /MT /O2 /c tensorflow/core/kernels/depthwise_conv_op_gpu.cu.cc /Fobazel-out/msvc_x64-py3-opt/bin/tensorflow/core/kernels/objs/depthwise_conv_op_gpu/tensorflow/core/kernels/depthwise_conv_op_gpu.cu.o -x cuda -DGOOGLE_CUDA=1 -nvcc_options=relaxed-constexpr -nvcc_options=ftz=true -DGOOGLE_CUDA=1 -msse3 /DLANG_CXX11 /D__VERSION="MSVC" /DPLATFORM_WINDOWS /DTF_COMPILE_LIBRARY /DEIGEN_HAS_C99_MATH /DTENSORFLOW_USE_EIGEN_THREADPOOL /DEIGEN_AVOID_STL_ARRAY /Iexternal/gemmlowp /wd4018 /U_HAS_EXCEPTIONS /D_HAS_EXCEPTIONS=1 /EHsc.
.\tensorflow/core/util/cuda_kernel_helper.h(359): error C3861: 'atomicAdd': identifier not found
.\tensorflow/core/util/cuda_kernel_helper.h(360): error C3861: 'atomicAdd': identifier not found
.\tensorflow/core/util/cuda_kernel_helper.h(361): error C3861: 'atomicAdd': identifier not found
.\tensorflow/core/util/cuda_kernel_helper.h(362): error C3861: 'atomicAdd': identifier not found
.\tensorflow/core/util/cuda_kernel_helper.h(365): error C3861: 'atomicMax': identifier not found
.\tensorflow/core/util/cuda_kernel_helper.h(366): error C3861: 'atomicMax': identifier not found
.\tensorflow/core/util/cuda_kernel_helper.h(378): error C3861: 'max': identifier not found
.\tensorflow/core/util/cuda_kernel_helper.h(378): error C3861: 'atomicCAS': identifier not found
.\tensorflow/core/util/cuda_kernel_helper.h(394): error C3861: '__longlong_as_double': identifier not found
.\tensorflow/core/util/cuda_kernel_helper.h(394): error C3861: '__double_as_longlong': identifier not found
.\tensorflow/core/util/cuda_kernel_helper.h(393): error C3861: 'atomicCAS': identifier not found
.\tensorflow/core/util/cuda_kernel_helper.h(399): error C3861: '__longlong_as_double': identifier not found
.\tensorflow/core/util/cuda_kernel_helper.h(445): error C3861: 'atomicCAS': identifier not found
.\tensorflow/core/util/cuda_kernel_helper.h(462): error C3861: 'atomicCAS': identifier not found
.\tensorflow/core/util/cuda_kernel_helper.h(498): error C3861: 'atomicCAS': identifier not found
.\tensorflow/core/util/cuda_kernel_helper.h(507): error C3861: 'atomicCAS': identifier not found
.\tensorflow/core/util/cuda_kernel_helper.h(516): error C3861: 'atomicCAS': identifier not found
.\tensorflow/core/util/cuda_kernel_helper.h(527): error C3861: '__int_as_float': identifier not found
.\tensorflow/core/util/cuda_kernel_helper.h(527): error C3861: '__float_as_int': identifier not found
.\tensorflow/core/util/cuda_kernel_helper.h(526): error C3861: 'atomicCAS': identifier not found
.\tensorflow/core/util/cuda_kernel_helper.h(529): error C3861: '__int_as_float': identifier not found
.\tensorflow/core/util/cuda_kernel_helper.h(538): error C3861: '__longlong_as_double': identifier not found
.\tensorflow/core/util/cuda_kernel_helper.h(538): error C3861: '__double_as_longlong': identifier not found
.\tensorflow/core/util/cuda_kernel_helper.h(537): error C3861: 'atomicCAS': identifier not found
.\tensorflow/core/util/cuda_kernel_helper.h(540): error C3861: '__longlong_as_double': identifier not found
.\tensorflow/core/util/cuda_kernel_helper.h(548): error C3861: 'atomicCAS': identifier not found
.\tensorflow/core/util/cuda_kernel_helper.h(557): error C3861: 'atomicCAS': identifier not found
.\tensorflow/core/util/cuda_kernel_helper.h(566): error C3861: 'atomicCAS': identifier not found
.\tensorflow/core/util/cuda_kernel_helper.h(577): error C3861: '__int_as_float': identifier not found
.\tensorflow/core/util/cuda_kernel_helper.h(577): error C3861: '__float_as_int': identifier not found
.\tensorflow/core/util/cuda_kernel_helper.h(576): error C3861: 'atomicCAS': identifier not found
.\tensorflow/core/util/cuda_kernel_helper.h(579): error C3861: '__int_as_float': identifier not found
.\tensorflow/core/util/cuda_kernel_helper.h(588): error C3861: '__longlong_as_double': identifier not found
.\tensorflow/core/util/cuda_kernel_helper.h(588): error C3861: '__double_as_longlong': identifier not found
.\tensorflow/core/util/cuda_kernel_helper.h(587): error C3861: 'atomicCAS': identifier not found
.\tensorflow/core/util/cuda_kernel_helper.h(590): error C3861: '__longlong_as_double': identifier not found
.\tensorflow/core/util/cuda_kernel_helper.h(617): error C2065: 'warpSize': undeclared identifier
.\tensorflow/core/util/cuda_kernel_helper.h(619): error C2059: syntax error: 'volatile'
.\tensorflow/core/util/cuda_kernel_helper.h(620): error C3861: '__shfl': identifier not found
.\tensorflow/core/util/cuda_kernel_helper.h(621): error C3861: '__shfl': identifier not found
.\tensorflow/core/util/cuda_kernel_helper.h(622): error C2059: syntax error: 'volatile'
.\tensorflow/core/util/cuda_kernel_helper.h(637): error C2065: 'warpSize': undeclared identifier
.\tensorflow/core/util/cuda_kernel_helper.h(639): error C2059: syntax error: 'volatile'
.\tensorflow/core/util/cuda_kernel_helper.h(640): error C3861: '__shfl_up': identifier not found
.\tensorflow/core/util/cuda_kernel_helper.h(641): error C3861: '__shfl_up': identifier not found
.\tensorflow/core/util/cuda_kernel_helper.h(642): error C2059: syntax error: 'volatile'
.\tensorflow/core/util/cuda_kernel_helper.h(657): error C2065: 'warpSize': undeclared identifier
.\tensorflow/core/util/cuda_kernel_helper.h(659): error C2059: syntax error: 'volatile'
.\tensorflow/core/util/cuda_kernel_helper.h(660): error C3861: '__shfl_down': identifier not found
.\tensorflow/core/util/cuda_kernel_helper.h(661): error C3861: '__shfl_down': identifier not found
.\tensorflow/core/util/cuda_kernel_helper.h(662): error C2059: syntax error: 'volatile'
.\tensorflow/core/util/cuda_kernel_helper.h(677): error C2065: 'warpSize': undeclared identifier
.\tensorflow/core/util/cuda_kernel_helper.h(679): error C2059: syntax error: 'volatile'
.\tensorflow/core/util/cuda_kernel_helper.h(680): error C3861: '__shfl_xor': identifier not found
.\tensorflow/core/util/cuda_kernel_helper.h(681): error C3861: '__shfl_xor': identifier not found
.\tensorflow/core/util/cuda_kernel_helper.h(682): error C2059: syntax error: 'volatile'
tensorflow/core/kernels/depthwise_conv_op_gpu.cu.cc(70): error C2182: 'launch_bounds': illegal use of type 'void'
tensorflow/core/kernels/depthwise_conv_op_gpu.cu.cc(71): error C2061: syntax error: identifier 'DepthwiseConv2dGPUKernelNHWC'
tensorflow/core/kernels/depthwise_conv_op_gpu.cu.cc(161): error C2143: syntax error: missing ';' before '{'
tensorflow/core/kernels/depthwise_conv_op_gpu.cu.cc(161): error C2447: '{': missing function header (old-style formal list?)
tensorflow/core/kernels/depthwise_conv_op_gpu.cu.cc(295): error C2182: 'launch_bounds': illegal use of type 'void'
tensorflow/core/kernels/depthwise_conv_op_gpu.cu.cc(295): error C2374: 'tensorflow::launch_bounds': redefinition; multiple initialization
tensorflow/core/kernels/depthwise_conv_op_gpu.cu.cc(70): note: see declaration of 'tensorflow::launch_bounds'
tensorflow/core/kernels/depthwise_conv_op_gpu.cu.cc(296): error C2061: syntax error: identifier 'DepthwiseConv2dGPUKernelNCHW'
tensorflow/core/kernels/depthwise_conv_op_gpu.cu.cc(431): error C2143: syntax error: missing ';' before '{'
tensorflow/core/kernels/depthwise_conv_op_gpu.cu.cc(431): error C2447: '{': missing function header (old-style formal list?)
tensorflow/core/kernels/depthwise_conv_op_gpu.cu.cc(759): warning C4068: unknown pragma
tensorflow/core/kernels/depthwise_conv_op_gpu.cu.cc(711): error C2182: 'launch_bounds': illegal use of type 'void'
tensorflow/core/kernels/depthwise_conv_op_gpu.cu.cc(711): error C2374: 'tensorflow::launch_bounds': redefinition; multiple initialization
tensorflow/core/kernels/depthwise_conv_op_gpu.cu.cc(70): note: see declaration of 'tensorflow::launch_bounds'
tensorflow/core/kernels/depthwise_conv_op_gpu.cu.cc(712): error C2061: syntax error: identifier 'DepthwiseConv2dBackpropInputGPUKernelNHWC'
tensorflow/core/kernels/depthwise_conv_op_gpu.cu.cc(779): error C2143: syntax error: missing ';' before '{'
tensorflow/core/kernels/depthwise_conv_op_gpu.cu.cc(779): error C2447: '{': missing function header (old-style formal list?)
tensorflow/core/kernels/depthwise_conv_op_gpu.cu.cc(916): error C2182: 'launch_bounds': illegal use of type 'void'
tensorflow/core/kernels/depthwise_conv_op_gpu.cu.cc(916): error C2374: 'tensorflow::launch_bounds': redefinition; multiple initialization
tensorflow/core/kernels/depthwise_conv_op_gpu.cu.cc(70): note: see declaration of 'tensorflow::launch_bounds'
tensorflow/core/kernels/depthwise_conv_op_gpu.cu.cc(917): error C2061: syntax error: identifier 'DepthwiseConv2dBackpropFilterGPUKernelNHWC'
tensorflow/core/kernels/depthwise_conv_op_gpu.cu.cc(1024): error C2143: syntax error: missing ';' before '{'
tensorflow/core/kernels/depthwise_conv_op_gpu.cu.cc(1024): error C2447: '{': missing function header (old-style formal list?)
tensorflow/core/kernels/depthwise_conv_op_gpu.cu.cc(1170): error C2182: 'launch_bounds': illegal use of type 'void'
tensorflow/core/kernels/depthwise_conv_op_gpu.cu.cc(1170): error C2374: 'tensorflow::launch_bounds': redefinition; multiple initialization
tensorflow/core/kernels/depthwise_conv_op_gpu.cu.cc(70): note: see declaration of 'tensorflow::launch_bounds'
tensorflow/core/kernels/depthwise_conv_op_gpu.cu.cc(1171): error C2061: syntax error: identifier 'DepthwiseConv2dBackpropFilterGPUKernelNCHW'
tensorflow/core/kernels/depthwise_conv_op_gpu.cu.cc(1284): error C2143: syntax error: missing ';' before '{'
tensorflow/core/kernels/depthwise_conv_op_gpu.cu.cc(1284): error C2447: '{': missing function header (old-style formal list?)
cl : Command line warning D9002 : ignoring unknown option '-x'
cl : Command line warning D9002 : ignoring unknown option '-nvcc_options=relaxed-constexpr'
cl : Command line warning D9002 : ignoring unknown option '-nvcc_options=ftz=true'
cl : Command line warning D9002 : ignoring unknown option '-msse3'
cl : Command line warning D9024 : unrecognized source file type 'cuda', object file assumed
cl : Command line warning D9027 : source file 'cuda' ignored
Target //tensorflow/tools/quantization:quantize_graph failed to build
____Elapsed time: 8.033s, Critical Path: 4.14s