Hash mismatch for cub project while building tf_label_image_example project in Release mode on Windows 64 bit build.

Have I written custom code (as opposed to using a stock example script provided in TensorFlow): No
OS Platform and Distribution (e.g., Linux Ubuntu 16.04): Windows 10 64 Bit
TensorFlow installed from (source or binary): Source
TensorFlow version (use command below): Output copied below
Python version: 3.5.3 (Anaconda)
Bazel version (if compiling from source): -
CUDA/cuDNN version: 8.0
GPU model and memory:-
Exact command to reproduce: Building tf_label_image_example project in Release mode

== cat /etc/issue ===============================================
MINGW64_NT-10.0 DESKTOP-SL66NSK 2.8.0(0.309/5/3) 2017-05-19 13:17 x86_64 Msys
== are we in docker =============================================
No
== compiler =====================================================
bash: c++: command not found
== uname -a =====================================================
MINGW64_NT-10.0 DESKTOP-SL66NSK 2.8.0(0.309/5/3) 2017-05-19 13:17 x86_64 Msys
== check pips ===================================================
numpy (1.12.1)
numpydoc (0.6.0)
== check for virtualenv =========================================
False
== tensorflow import ============================================
Traceback (most recent call last):
File "", line 1, in 
ModuleNotFoundError: No module named 'tensorflow'
== env ==========================================================
LD_LIBRARY_PATH is unset
DYLD_LIBRARY_PATH is unset
== nvidia-smi ===================================================
bash: nvidia-smi: command not found
== cuda libs  ===================================================
Describe the problem
I downloaded the latest source code from github and used the windows instructions:
https://www.tensorflow.org/install/install_windows
I used Anaconda installation instructions and followed this with installation from source.
8>      C:/CPA/Tensorflow/tensorflow/tensorflow/contrib/cmake/build/downloads/1.6.4.zip
8>    does not match expected value
8>      expected: '966d0c4f41e2bdc81aebf9ccfbf0baffaac5a74f00b826b06f4dee79b2bb8cee'
8>        actual: '4198e9c447a1e2a963b9e0e4d861df48baa47fb02e5e4fc507d1834afc99185a'
8>  -- Hash mismatch, removing...
8>  -- Retry after 60 seconds (attempt #5) ...
8>  -- Using src='https://github.com/NVlabs/cub/archive/1.6.4.zip'
MSB6006: "cmd.exe" exited with code 1.
Source code / logs
1>------ Build started: Project: zlib, Configuration: Release x64 ------
2>------ Build started: Project: gif, Configuration: Release x64 ------
3>------ Build started: Project: farmhash, Configuration: Release x64 ------
4>------ Build started: Project: highwayhash, Configuration: Release x64 ------
5>------ Build started: Project: jpeg, Configuration: Release x64 ------
6>------ Build started: Project: lmdb, Configuration: Release x64 ------
7>------ Build started: Project: fft2d, Configuration: Release x64 ------
8>------ Build started: Project: cub, Configuration: Release x64 ------
4>  Performing update step for 'highwayhash'
8>  Building Custom Rule C:/CPA/Tensorflow/tensorflow/tensorflow/contrib/cmake/CMakeLists.txt
1>  Performing update step for 'zlib'
9>------ Build started: Project: lmdb_create_destination_dir, Configuration: Release x64 ------
10>------ Build started: Project: farmhash_create_destination_dir, Configuration: Release x64 ------
11>------ Build started: Project: gif_create_destination_dir, Configuration: Release x64 ------
12>------ Build started: Project: jpeg_create_destination_dir, Configuration: Release x64 ------
13>------ Build started: Project: re2, Configuration: Release x64 ------
14>------ Build started: Project: highwayhash_create_destination_dir, Configuration: Release x64 ------
15>------ Build started: Project: png, Configuration: Release x64 ------
8>  CMake does not need to re-run because C:/CPA/Tensorflow/tensorflow/tensorflow/contrib/cmake/build/CMakeFiles/generate.stamp is up-to-date.
8>  Creating directories for 'cub'
8>  Performing download step (download, verify and extract) for 'cub'
8>  -- Downloading...
8>     dst='C:/CPA/Tensorflow/tensorflow/tensorflow/contrib/cmake/build/downloads/1.6.4.zip'
8>     timeout='none'
8>  -- Using src='https://github.com/NVlabs/cub/archive/1.6.4.zip'
16>------ Build started: Project: protobuf, Configuration: Release x64 ------
17>------ Build started: Project: zlib_create_destination_dir, Configuration: Release x64 ------
13>  Performing update step for 're2'
18>------ Build started: Project: png_create_destination_dir, Configuration: Release x64 ------
19>------ Build started: Project: farmhash_copy_headers_to_destination, Configuration: Release x64 ------
20>------ Build started: Project: highwayhash_copy_headers_to_destination, Configuration: Release x64 ------
21>------ Build started: Project: gif_copy_headers_to_destination, Configuration: Release x64 ------
22>------ Build started: Project: jpeg_copy_headers_to_destination, Configuration: Release x64 ------
16>  Performing update step for 'protobuf'
23>------ Build started: Project: zlib_copy_headers_to_destination, Configuration: Release x64 ------
24>------ Build started: Project: grpc, Configuration: Release x64 ------
25>------ Build started: Project: jsoncpp, Configuration: Release x64 ------
8>  -- [download 0% complete]
8>  -- [download 1% complete]
26>------ Build started: Project: eigen, Configuration: Release x64 ------
27>------ Build started: Project: gemmlowp, Configuration: Release x64 ------
8>  -- [download 2% complete]
28>------ Build started: Project: png_copy_headers_to_destination, Configuration: Release x64 ------
29>------ Build started: Project: lmdb_copy_headers_to_destination, Configuration: Release x64 ------
8>  -- [download 3% complete]
24>  Performing update step for 'grpc'
25>  Performing update step for 'jsoncpp'
8>  -- [download 4% complete]
8>  -- [download 5% complete]
8>  -- [download 6% complete]
8>  -- [download 7% complete]
8>  -- [download 8% complete]
8>  -- [download 9% complete]
8>  -- [download 10% complete]
8>  -- [download 12% complete]
8>  -- [download 13% complete]
8>  -- [download 14% complete]
8>  -- [download 15% complete]
8>  -- [download 16% complete]
8>  -- [download 17% complete]
8>  -- [download 18% complete]
8>  -- [download 19% complete]
8>  -- [download 20% complete]
8>  -- [download 21% complete]
8>  -- [download 22% complete]
8>  -- [download 23% complete]
8>  -- [download 25% complete]
8>  -- [download 26% complete]
8>  -- [download 27% complete]
8>  -- [download 28% complete]
8>  -- [download 29% complete]
8>  -- [download 30% complete]
8>  -- [download 31% complete]
8>  -- [download 32% complete]
8>  -- [download 33% complete]
8>  -- [download 34% complete]
8>  -- [download 35% complete]
8>  -- [download 36% complete]
8>  -- [download 37% complete]
30>------ Build started: Project: create_cc_ops_header_dir, Configuration: Release x64 ------
8>  -- [download 39% complete]
8>  -- [download 40% complete]
8>  -- [download 41% complete]
8>  -- [download 42% complete]
8>  -- [download 43% complete]
8>  -- [download 44% complete]
8>  -- [download 45% complete]
8>  -- [download 46% complete]
8>  -- [download 47% complete]
8>  -- [download 48% complete]
8>  -- [download 50% complete]
8>  -- [download 51% complete]
8>  -- [download 52% complete]
8>  -- [download 54% complete]
8>  -- [download 56% complete]
8>  -- [download 57% complete]
8>  -- [download 58% complete]
8>  -- [download 59% complete]
8>  -- [download 60% complete]
8>  -- [download 61% complete]
8>  -- [download 62% complete]
8>  -- [download 63% complete]
8>  -- [download 65% complete]
8>  -- [download 66% complete]
8>  -- [download 67% complete]
8>  -- [download 68% complete]
8>  -- [download 69% complete]
8>  -- [download 70% complete]
8>  -- [download 71% complete]
8>  -- [download 72% complete]
8>  -- [download 73% complete]
8>  -- [download 75% complete]
8>  -- [download 78% complete]
8>  -- [download 80% complete]
8>  -- [download 83% complete]
8>  -- [download 86% complete]
8>  -- [download 88% complete]
8>  -- [download 89% complete]
8>  -- [download 90% complete]
8>  -- [download 91% complete]
8>  -- [download 92% complete]
8>  -- [download 93% complete]
8>  -- [download 94% complete]
8>  -- [download 95% complete]
8>  -- [download 96% complete]
8>  -- [download 97% complete]
8>  -- [download 98% complete]
8>  -- [download 99% complete]
8>  -- [download 100% complete]
8>  -- verifying file...
8>         file='C:/CPA/Tensorflow/tensorflow/tensorflow/contrib/cmake/build/downloads/1.6.4.zip'
8>  -- SHA256 hash of
8>      C:/CPA/Tensorflow/tensorflow/tensorflow/contrib/cmake/build/downloads/1.6.4.zip
8>    does not match expected value
8>      expected: '966d0c4f41e2bdc81aebf9ccfbf0baffaac5a74f00b826b06f4dee79b2bb8cee'
8>        actual: '4198e9c447a1e2a963b9e0e4d861df48baa47fb02e5e4fc507d1834afc99185a'
8>  -- Hash mismatch, removing...
8>  -- Retrying...
8>  -- Using src='https://github.com/NVlabs/cub/archive/1.6.4.zip'
8>  -- [download 0% complete]
8>  -- [download 1% complete]
8>  -- [download 2% complete]
8>  -- [download 3% complete]
8>  -- [download 4% complete]
8>  -- [download 5% complete]
8>  -- [download 6% complete]
8>  -- [download 7% complete]
8>  -- [download 8% complete]
8>  -- [download 9% complete]
8>  -- [download 10% complete]
8>  -- [download 11% complete]
8>  -- [download 12% complete]
8>  -- [download 13% complete]
8>  -- [download 14% complete]
8>  -- [download 15% complete]
8>  -- [download 16% complete]
8>  -- [download 17% complete]
8>  -- [download 18% complete]
8>  -- [download 19% complete]
8>  -- [download 21% complete]
8>  -- [download 23% complete]
8>  -- [download 24% complete]
8>  -- [download 25% complete]
8>  -- [download 26% complete]
8>  -- [download 27% complete]
8>  -- [download 29% complete]
8>  -- [download 30% complete]
8>  -- [download 31% complete]
8>  -- [download 32% complete]
8>  -- [download 33% complete]
8>  -- [download 34% complete]
8>  -- [download 35% complete]
8>  -- [download 36% complete]
8>  -- [download 37% complete]
8>  -- [download 38% complete]
8>  -- [download 39% complete]
8>  -- [download 40% complete]
8>  -- [download 41% complete]
8>  -- [download 42% complete]
8>  -- [download 43% complete]
8>  -- [download 44% complete]
8>  -- [download 45% complete]
8>  -- [download 46% complete]
8>  -- [download 47% complete]
8>  -- [download 49% complete]
8>  -- [download 50% complete]
8>  -- [download 51% complete]
8>  -- [download 52% complete]
8>  -- [download 53% complete]
8>  -- [download 54% complete]
8>  -- [download 55% complete]
8>  -- [download 56% complete]
8>  -- [download 57% complete]
8>  -- [download 58% complete]
8>  -- [download 59% complete]
8>  -- [download 60% complete]
8>  -- [download 61% complete]
8>  -- [download 62% complete]
8>  -- [download 64% complete]
8>  -- [download 65% complete]
8>  -- [download 66% complete]
8>  -- [download 67% complete]
8>  -- [download 68% complete]
8>  -- [download 70% complete]
8>  -- [download 71% complete]
8>  -- [download 72% complete]
8>  -- [download 73% complete]
8>  -- [download 74% complete]
8>  -- [download 75% complete]
8>  -- [download 76% complete]
8>  -- [download 79% complete]
8>  -- [download 81% complete]
8>  -- [download 84% complete]
8>  -- [download 87% complete]
8>  -- [download 89% complete]
8>  -- [download 90% complete]
8>  -- [download 91% complete]
8>  -- [download 92% complete]
8>  -- [download 93% complete]
8>  -- [download 94% complete]
8>  -- [download 95% complete]
8>  -- [download 96% complete]
8>  -- [download 97% complete]
8>  -- [download 98% complete]
8>  -- [download 99% complete]
8>  -- [download 100% complete]
8>  -- verifying file...
8>         file='C:/CPA/Tensorflow/tensorflow/tensorflow/contrib/cmake/build/downloads/1.6.4.zip'
8>  -- SHA256 hash of
8>      C:/CPA/Tensorflow/tensorflow/tensorflow/contrib/cmake/build/downloads/1.6.4.zip
8>    does not match expected value
8>      expected: '966d0c4f41e2bdc81aebf9ccfbf0baffaac5a74f00b826b06f4dee79b2bb8cee'
8>        actual: '4198e9c447a1e2a963b9e0e4d861df48baa47fb02e5e4fc507d1834afc99185a'
8>  -- Hash mismatch, removing...
8>  -- Retry after 5 seconds (attempt #2) ...
8>  -- Using src='https://github.com/NVlabs/cub/archive/1.6.4.zip'
8>  -- [download 0% complete]
8>  -- [download 1% complete]
8>  -- [download 2% complete]
8>  -- [download 3% complete]
8>  -- [download 4% complete]
8>  -- [download 5% complete]
8>  -- [download 6% complete]
8>  -- [download 7% complete]
8>  -- [download 9% complete]
8>  -- [download 10% complete]
8>  -- [download 11% complete]
8>  -- [download 12% complete]
8>  -- [download 13% complete]
8>  -- [download 14% complete]
8>  -- [download 15% complete]
8>  -- [download 16% complete]
8>  -- [download 17% complete]
8>  -- [download 18% complete]
8>  -- [download 19% complete]
8>  -- [download 20% complete]
8>  -- [download 21% complete]
8>  -- [download 22% complete]
8>  -- [download 23% complete]
8>  -- [download 24% complete]
8>  -- [download 25% complete]
8>  -- [download 26% complete]
8>  -- [download 27% complete]
8>  -- [download 28% complete]
8>  -- [download 29% complete]
8>  -- [download 30% complete]
8>  -- [download 31% complete]
8>  -- [download 32% complete]
8>  -- [download 33% complete]
8>  -- [download 34% complete]
8>  -- [download 35% complete]
8>  -- [download 36% complete]
8>  -- [download 37% complete]
8>  -- [download 38% complete]
8>  -- [download 39% complete]
8>  -- [download 40% complete]
8>  -- [download 41% complete]
8>  -- [download 42% complete]
8>  -- [download 43% complete]
8>  -- [download 44% complete]
8>  -- [download 45% complete]
8>  -- [download 46% complete]
8>  -- [download 47% complete]
8>  -- [download 48% complete]
8>  -- [download 49% complete]
8>  -- [download 50% complete]
8>  -- [download 51% complete]
8>  -- [download 52% complete]
8>  -- [download 53% complete]
8>  -- [download 54% complete]
8>  -- [download 55% complete]
8>  -- [download 56% complete]
8>  -- [download 57% complete]
8>  -- [download 58% complete]
8>  -- [download 59% complete]
8>  -- [download 60% complete]
8>  -- [download 61% complete]
8>  -- [download 62% complete]
8>  -- [download 63% complete]
8>  -- [download 64% complete]
8>  -- [download 65% complete]
8>  -- [download 66% complete]
8>  -- [download 67% complete]
8>  -- [download 69% complete]
8>  -- [download 70% complete]
8>  -- [download 71% complete]
8>  -- [download 72% complete]
8>  -- [download 74% complete]
8>  -- [download 75% complete]
8>  -- [download 77% complete]
8>  -- [download 80% complete]
8>  -- [download 83% complete]
8>  -- [download 85% complete]
8>  -- [download 88% complete]
8>  -- [download 89% complete]
8>  -- [download 90% complete]
8>  -- [download 91% complete]
8>  -- [download 92% complete]
8>  -- [download 93% complete]
8>  -- [download 94% complete]
8>  -- [download 95% complete]
8>  -- [download 96% complete]
8>  -- [download 97% complete]
8>  -- [download 98% complete]
8>  -- [download 99% complete]
8>  -- [download 100% complete]
8>  -- verifying file...
8>         file='C:/CPA/Tensorflow/tensorflow/tensorflow/contrib/cmake/build/downloads/1.6.4.zip'
8>  -- SHA256 hash of
8>      C:/CPA/Tensorflow/tensorflow/tensorflow/contrib/cmake/build/downloads/1.6.4.zip
8>    does not match expected value
8>      expected: '966d0c4f41e2bdc81aebf9ccfbf0baffaac5a74f00b826b06f4dee79b2bb8cee'
8>        actual: '4198e9c447a1e2a963b9e0e4d861df48baa47fb02e5e4fc507d1834afc99185a'
8>  -- Hash mismatch, removing...
8>  -- Retry after 5 seconds (attempt #3) ...
8>  -- Using src='https://github.com/NVlabs/cub/archive/1.6.4.zip'
8>  -- [download 0% complete]
8>  -- [download 1% complete]
8>  -- [download 2% complete]
8>  -- [download 3% complete]
8>  -- [download 4% complete]
8>  -- [download 5% complete]
8>  -- [download 6% complete]
8>  -- [download 7% complete]
8>  -- [download 8% complete]
8>  -- [download 9% complete]
8>  -- [download 10% complete]
8>  -- [download 11% complete]
8>  -- [download 12% complete]
8>  -- [download 13% complete]
8>  -- [download 14% complete]
8>  -- [download 15% complete]
8>  -- [download 16% complete]
8>  -- [download 17% complete]
8>  -- [download 18% complete]
8>  -- [download 19% complete]
8>  -- [download 20% complete]
8>  -- [download 21% complete]
8>  -- [download 22% complete]
8>  -- [download 23% complete]
8>  -- [download 24% complete]
8>  -- [download 25% complete]
8>  -- [download 26% complete]
8>  -- [download 27% complete]
8>  -- [download 28% complete]
8>  -- [download 29% complete]
8>  -- [download 30% complete]
8>  -- [download 31% complete]
8>  -- [download 32% complete]
8>  -- [download 33% complete]
8>  -- [download 34% complete]
8>  -- [download 35% complete]
8>  -- [download 36% complete]
8>  -- [download 37% complete]
8>  -- [download 38% complete]
8>  -- [download 39% complete]
8>  -- [download 40% complete]
8>  -- [download 41% complete]
8>  -- [download 42% complete]
8>  -- [download 43% complete]
8>  -- [download 44% complete]
8>  -- [download 45% complete]
8>  -- [download 46% complete]
8>  -- [download 47% complete]
8>  -- [download 48% complete]
8>  -- [download 49% complete]
8>  -- [download 50% complete]
8>  -- [download 53% complete]
8>  -- [download 55% complete]
8>  -- [download 58% complete]
8>  -- [download 60% complete]
8>  -- [download 63% complete]
8>  -- [download 66% complete]
8>  -- [download 68% complete]
8>  -- [download 71% complete]
8>  -- [download 74% complete]
8>  -- [download 75% complete]
8>  -- [download 76% complete]
8>  -- [download 77% complete]
8>  -- [download 78% complete]
8>  -- [download 79% complete]
8>  -- [download 80% complete]
8>  -- [download 81% complete]
8>  -- [download 82% complete]
8>  -- [download 83% complete]
8>  -- [download 84% complete]
8>  -- [download 85% complete]
8>  -- [download 86% complete]
8>  -- [download 87% complete]
8>  -- [download 88% complete]
8>  -- [download 89% complete]
8>  -- [download 90% complete]
8>  -- [download 91% complete]
8>  -- [download 92% complete]
8>  -- [download 93% complete]
8>  -- [download 94% complete]
8>  -- [download 95% complete]
8>  -- [download 96% complete]
8>  -- [download 97% complete]
8>  -- [download 98% complete]
8>  -- [download 99% complete]
8>  -- [download 100% complete]
8>  -- verifying file...
8>         file='C:/CPA/Tensorflow/tensorflow/tensorflow/contrib/cmake/build/downloads/1.6.4.zip'
8>  -- SHA256 hash of
8>      C:/CPA/Tensorflow/tensorflow/tensorflow/contrib/cmake/build/downloads/1.6.4.zip
8>    does not match expected value
8>      expected: '966d0c4f41e2bdc81aebf9ccfbf0baffaac5a74f00b826b06f4dee79b2bb8cee'
8>        actual: '4198e9c447a1e2a963b9e0e4d861df48baa47fb02e5e4fc507d1834afc99185a'
8>  -- Hash mismatch, removing...
8>  -- Retry after 15 seconds (attempt #4) ...
8>  -- Using src='https://github.com/NVlabs/cub/archive/1.6.4.zip'
8>  -- [download 0% complete]
8>  -- [download 1% complete]
8>  -- [download 2% complete]
8>  -- [download 4% complete]
8>  -- [download 5% complete]
8>  -- [download 6% complete]
8>  -- [download 7% complete]
8>  -- [download 8% complete]
8>  -- [download 9% complete]
8>  -- [download 10% complete]
8>  -- [download 11% complete]
8>  -- [download 12% complete]
8>  -- [download 14% complete]
8>  -- [download 15% complete]
8>  -- [download 16% complete]
8>  -- [download 17% complete]
8>  -- [download 18% complete]
8>  -- [download 19% complete]
8>  -- [download 21% complete]
8>  -- [download 22% complete]
8>  -- [download 23% complete]
8>  -- [download 24% complete]
8>  -- [download 25% complete]
8>  -- [download 26% complete]
8>  -- [download 27% complete]
8>  -- [download 28% complete]
8>  -- [download 29% complete]
8>  -- [download 30% complete]
8>  -- [download 31% complete]
8>  -- [download 32% complete]
8>  -- [download 33% complete]
8>  -- [download 34% complete]
8>  -- [download 35% complete]
8>  -- [download 36% complete]
8>  -- [download 37% complete]
8>  -- [download 38% complete]
8>  -- [download 39% complete]
8>  -- [download 40% complete]
8>  -- [download 41% complete]
8>  -- [download 42% complete]
8>  -- [download 43% complete]
8>  -- [download 44% complete]
8>  -- [download 45% complete]
8>  -- [download 46% complete]
8>  -- [download 47% complete]
8>  -- [download 48% complete]
8>  -- [download 49% complete]
8>  -- [download 50% complete]
8>  -- [download 51% complete]
8>  -- [download 52% complete]
8>  -- [download 53% complete]
8>  -- [download 54% complete]
8>  -- [download 55% complete]
8>  -- [download 56% complete]
8>  -- [download 57% complete]
8>  -- [download 58% complete]
8>  -- [download 59% complete]
8>  -- [download 60% complete]
8>  -- [download 61% complete]
8>  -- [download 63% complete]
8>  -- [download 64% complete]
8>  -- [download 65% complete]
8>  -- [download 66% complete]
8>  -- [download 67% complete]
8>  -- [download 68% complete]
8>  -- [download 69% complete]
8>  -- [download 70% complete]
8>  -- [download 71% complete]
8>  -- [download 72% complete]
8>  -- [download 73% complete]
8>  -- [download 74% complete]
8>  -- [download 75% complete]
8>  -- [download 76% complete]
8>  -- [download 77% complete]
8>  -- [download 78% complete]
8>  -- [download 79% complete]
8>  -- [download 80% complete]
8>  -- [download 81% complete]
8>  -- [download 82% complete]
8>  -- [download 83% complete]
8>  -- [download 84% complete]
8>  -- [download 85% complete]
8>  -- [download 86% complete]
8>  -- [download 87% complete]
8>  -- [download 88% complete]
8>  -- [download 89% complete]
8>  -- [download 90% complete]
8>  -- [download 91% complete]
8>  -- [download 92% complete]
8>  -- [download 93% complete]
8>  -- [download 94% complete]
8>  -- [download 95% complete]
8>  -- [download 96% complete]
8>  -- [download 97% complete]
8>  -- [download 98% complete]
8>  -- [download 99% complete]
8>  -- [download 100% complete]
8>  -- verifying file...
8>         file='C:/CPA/Tensorflow/tensorflow/tensorflow/contrib/cmake/build/downloads/1.6.4.zip'
8>  -- SHA256 hash of
8>      C:/CPA/Tensorflow/tensorflow/tensorflow/contrib/cmake/build/downloads/1.6.4.zip
8>    does not match expected value
8>      expected: '966d0c4f41e2bdc81aebf9ccfbf0baffaac5a74f00b826b06f4dee79b2bb8cee'
8>        actual: '4198e9c447a1e2a963b9e0e4d861df48baa47fb02e5e4fc507d1834afc99185a'
8>  -- Hash mismatch, removing...
8>  -- Retry after 60 seconds (attempt #5) ...
8>  -- Using src='https://github.com/NVlabs/cub/archive/1.6.4.zip'
8>  -- [download 0% complete]
8>  -- [download 1% complete]
8>  -- [download 2% complete]
8>  -- [download 3% complete]
8>  -- [download 4% complete]
8>  -- [download 5% complete]
8>  -- [download 6% complete]
8>  -- [download 7% complete]
8>  -- [download 9% complete]
8>  -- [download 10% complete]
8>  -- [download 11% complete]
8>  -- [download 12% complete]
8>  -- [download 13% complete]
8>  -- [download 14% complete]
8>  -- [download 15% complete]
8>  -- [download 16% complete]
8>  -- [download 17% complete]
8>  -- [download 18% complete]
8>  -- [download 19% complete]
8>  -- [download 20% complete]
8>  -- [download 21% complete]
8>  -- [download 22% complete]
8>  -- [download 23% complete]
8>  -- [download 24% complete]
8>  -- [download 25% complete]
8>  -- [download 26% complete]
8>  -- [download 27% complete]
8>  -- [download 28% complete]
8>  -- [download 29% complete]
8>  -- [download 30% complete]
8>  -- [download 31% complete]
8>  -- [download 32% complete]
8>  -- [download 33% complete]
8>  -- [download 34% complete]
8>  -- [download 35% complete]
8>  -- [download 36% complete]
8>  -- [download 37% complete]
8>  -- [download 38% complete]
8>  -- [download 39% complete]
8>  -- [download 40% complete]
8>  -- [download 41% complete]
8>  -- [download 42% complete]
8>  -- [download 43% complete]
8>  -- [download 44% complete]
8>  -- [download 45% complete]
8>  -- [download 46% complete]
8>  -- [download 47% complete]
8>  -- [download 48% complete]
8>  -- [download 49% complete]
8>  -- [download 50% complete]
8>  -- [download 51% complete]
8>  -- [download 52% complete]
8>  -- [download 53% complete]
8>  -- [download 55% complete]
8>  -- [download 56% complete]
8>  -- [download 57% complete]
8>  -- [download 59% complete]
8>  -- [download 60% complete]
8>  -- [download 63% complete]
8>  -- [download 66% complete]
8>  -- [download 68% complete]
8>  -- [download 71% complete]
8>  -- [download 74% complete]
8>  -- [download 75% complete]
8>  -- [download 76% complete]
8>  -- [download 77% complete]
8>  -- [download 78% complete]
8>  -- [download 79% complete]
8>  -- [download 80% complete]
8>  -- [download 81% complete]
8>  -- [download 82% complete]
8>  -- [download 83% complete]
8>  -- [download 84% complete]
8>  -- [download 85% complete]
8>  -- [download 86% complete]
8>  -- [download 87% complete]
8>  -- [download 88% complete]
8>  -- [download 89% complete]
8>  -- [download 90% complete]
8>  -- [download 91% complete]
8>  -- [download 92% complete]
8>  -- [download 93% complete]
8>  -- [download 94% complete]
8>  -- [download 95% complete]
8>  -- [download 96% complete]
8>  -- [download 97% complete]
8>  -- [download 98% complete]
8>  -- [download 99% complete]
8>  -- [download 100% complete]
8>  -- verifying file...
8>         file='C:/CPA/Tensorflow/tensorflow/tensorflow/contrib/cmake/build/downloads/1.6.4.zip'
8>  -- SHA256 hash of
8>      C:/CPA/Tensorflow/tensorflow/tensorflow/contrib/cmake/build/downloads/1.6.4.zip
8>    does not match expected value
8>      expected: '966d0c4f41e2bdc81aebf9ccfbf0baffaac5a74f00b826b06f4dee79b2bb8cee'
8>        actual: '4198e9c447a1e2a963b9e0e4d861df48baa47fb02e5e4fc507d1834afc99185a'
8>  -- Hash mismatch, removing...
8>  CMake Error at cub-stamp/download-cub.cmake:157 (message):
8>    Each download failed!
8>
8>
8>
8>
8>
8>C:\Program Files (x86)\MSBuild\Microsoft.Cpp\v4.0\V140\Microsoft.CppCommon.targets(171,5): error MSB6006: "cmd.exe" exited with code 1.