ImportError: No module named '_pywrap_tensorflow'

Hi, i installed tensorflow in windows 7 SP1. without GPU. (My GPU is AMD so i just tried CPU version.)
I follow the guidelines,
install python 3.5 and set the path automatically.
then
pip3 install --upgrade tensorflow
import tensorflow as tf
and I obtain the following error:



import tensorflow as tf
I c:\tf_jenkins\home\workspace\release-win\device\gpu\os\windows\tensorflow\stre
am_executor\dso_loader.cc:126] Couldn't open CUDA library cublas64_80.dll
I c:\tf_jenkins\home\workspace\release-win\device\gpu\os\windows\tensorflow\stre
am_executor\cuda\cuda_blas.cc:2294] Unable to load cuBLAS DSO.
I c:\tf_jenkins\home\workspace\release-win\device\gpu\os\windows\tensorflow\stre
am_executor\dso_loader.cc:126] Couldn't open CUDA library cudnn64_5.dll
I c:\tf_jenkins\home\workspace\release-win\device\gpu\os\windows\tensorflow\stre
am_executor\cuda\cuda_dnn.cc:3517] Unable to load cuDNN DSO
I c:\tf_jenkins\home\workspace\release-win\device\gpu\os\windows\tensorflow\stre
am_executor\dso_loader.cc:126] Couldn't open CUDA library cufft64_80.dll
I c:\tf_jenkins\home\workspace\release-win\device\gpu\os\windows\tensorflow\stre
am_executor\cuda\cuda_fft.cc:344] Unable to load cuFFT DSO.
I c:\tf_jenkins\home\workspace\release-win\device\gpu\os\windows\tensorflow\stre
am_executor\dso_loader.cc:126] Couldn't open CUDA library nvcuda.dll
I c:\tf_jenkins\home\workspace\release-win\device\gpu\os\windows\tensorflow\stre
am_executor\cuda\cuda_diagnostics.cc:165] hostname: x≥▓▀■
Traceback (most recent call last):
File "C:\Users\LAB2\AppData\Local\Programs\Python\Python35\lib\site-packages\t
ensorflow\python\pywrap_tensorflow.py", line 18, in swig_import_helper
return importlib.import_module(mname)
File "C:\Users\LAB2\AppData\Local\Programs\Python\Python35\lib\importlib_ini
t_.py", line 126, in import_module
return _bootstrap._gcd_import(name[level:], package, level)
File "", line 986, in _gcd_import
File "", line 969, in _find_and_load
File "", line 958, in _find_and_load_unlocked
File "", line 666, in _load_unlocked
File "", line 577, in module_from_spec
File "", line 906, in create_module
File "", line 222, in _call_with_frames_removed
ImportError: DLL load failed: Invalid access to memory location.



During handling of the above exception, another exception occurred:
Traceback (most recent call last):
File "C:\Users\LAB2\AppData\Local\Programs\Python\Python35\lib\site-packages\t
ensorflow\python_init_.py", line 66, in 
from tensorflow.python import pywrap_tensorflow
File "C:\Users\LAB2\AppData\Local\Programs\Python\Python35\lib\site-packages\t
ensorflow\python\pywrap_tensorflow.py", line 21, in 
_pywrap_tensorflow = swig_import_helper()
File "C:\Users\LAB2\AppData\Local\Programs\Python\Python35\lib\site-packages\t
ensorflow\python\pywrap_tensorflow.py", line 20, in swig_import_helper
return importlib.import_module('pywrap_tensorflow')
File "C:\Users\LAB2\AppData\Local\Programs\Python\Python35\lib\importlib_ini
t.py", line 126, in import_module
return _bootstrap._gcd_import(name[level:], package, level)
ImportError: No module named '_pywrap_tensorflow'
During handling of the above exception, another exception occurred:
Traceback (most recent call last):
File "", line 1, in 
File "C:\Users\LAB2\AppData\Local\Programs\Python\Python35\lib\site-packages\t
ensorflow_init_.py", line 24, in 
from tensorflow.python import *
File "C:\Users\LAB2\AppData\Local\Programs\Python\Python35\lib\site-packages\t
ensorflow\python_init_.py", line 72, in 
raise ImportError(msg)
ImportError: Traceback (most recent call last):
File "C:\Users\LAB2\AppData\Local\Programs\Python\Python35\lib\site-packages\t
ensorflow\python\pywrap_tensorflow.py", line 18, in swig_import_helper
return importlib.import_module(mname)
File "C:\Users\LAB2\AppData\Local\Programs\Python\Python35\lib\importlib_ini
t_.py", line 126, in import_module
return _bootstrap._gcd_import(name[level:], package, level)
File "", line 986, in _gcd_import
File "", line 969, in _find_and_load
File "", line 958, in _find_and_load_unlocked
File "", line 666, in _load_unlocked
File "", line 577, in module_from_spec
File "", line 906, in create_module
File "", line 222, in _call_with_frames_removed
ImportError: DLL load failed: Invalid access to memory location.
During handling of the above exception, another exception occurred:
Traceback (most recent call last):
File "C:\Users\LAB2\AppData\Local\Programs\Python\Python35\lib\site-packages\t
ensorflow\python_init_.py", line 66, in 
from tensorflow.python import pywrap_tensorflow
File "C:\Users\LAB2\AppData\Local\Programs\Python\Python35\lib\site-packages\t
ensorflow\python\pywrap_tensorflow.py", line 21, in 
_pywrap_tensorflow = swig_import_helper()
File "C:\Users\LAB2\AppData\Local\Programs\Python\Python35\lib\site-packages\t
ensorflow\python\pywrap_tensorflow.py", line 20, in swig_import_helper
return importlib.import_module('pywrap_tensorflow')
File "C:\Users\LAB2\AppData\Local\Programs\Python\Python35\lib\importlib_ini
t.py", line 126, in import_module
return _bootstrap._gcd_import(name[level:], package, level)
ImportError: No module named '_pywrap_tensorflow'
Failed to load the native TensorFlow runtime.
See https://github.com/tensorflow/tensorflow/blob/master/tensorflow/g3doc/get_st
arted/os_setup.md#import_error
for some common reasons and solutions.  Include the entire stack trace
above this error message when asking for help.
Note:
I have seen [https://github.com/tensorflow/tensorflow/issues/7705] and [https://github.com/tensorflow/tensorflow/issues/7529]
i also have installed Visual C++ Redistributable 2015 x64.
Thank you for any help