Building TF on archlinux with python3

Hi
Sounds like the python3 building script have some issues:
PC% bazel build -c opt //tensorflow/tools/pip_package:build_pip_package
...........
WARNING: Sandboxed execution is not supported on your system and thus hermeticity of actions cannot be guaranteed. See http://bazel.io/docs/bazel-user-manual.html#sandboxing for more information. You can turn off this warning via --ignore_unsupported_sandboxing.
INFO: Found 1 target...
ERROR: /home/zenol/tensorflow/tensorflow/tensorflow/python/BUILD:247:1: Converting to Python 3: tensorflow/python/ops/functional_ops.py failed: 2to3 failed: error executing command bazel-out/host/bin/external/bazel_tools/tools/python/2to3 --no-diffs --nobackups --write --output-dir bazel-out/local_linux-py3-opt/genfiles/python3/tensorflow/python/ops --write-unchanged-files ... (remaining 1 argument(s) skipped): com.google.devtools.build.lib.shell.BadExitStatusException: Process exited with status 1.
Target //tensorflow/tools/pip_package:build_pip_package failed to build
Use --verbose_failures to see the command lines of failed build steps.
INFO: Elapsed time: 18.140s, Critical Path: 2.02s

With verbose_faillures :
ERROR: /home/zenol/tensorflow/tensorflow/tensorflow/python/BUILD:247:1: Converting to Python 3: tensorflow/python/ops/functional_ops.py failed: 2to3 failed: error executing command 
  (cd /home/zenol/.cache/bazel/_bazel_zenol/67d52188e906c7f900d4635d7d1ff821/tensorflow && \
  exec env - \
  bazel-out/host/bin/external/bazel_tools/tools/python/2to3 --no-diffs --nobackups --write --output-dir bazel-out/local_linux-py3-opt/genfiles/python3/tensorflow/python/ops --write-unchanged-files tensorflow/python/ops/functional_ops.py): com.google.devtools.build.lib.shell.BadExitStatusException: Process exited with status 1: 2to3 failed: error executing command 
  (cd /home/zenol/.cache/bazel/_bazel_zenol/67d52188e906c7f900d4635d7d1ff821/tensorflow && \
  exec env - \
  bazel-out/host/bin/external/bazel_tools/tools/python/2to3 --no-diffs --nobackups --write --output-dir bazel-out/local_linux-py3-opt/genfiles/python3/tensorflow/python/ops --write-unchanged-files tensorflow/python/ops/functional_ops.py): com.google.devtools.build.lib.shell.BadExitStatusException: Process exited with status 1.
Target //tensorflow/tools/pip_package:build_pip_package failed to build
INFO: Elapsed time: 30.007s, Critical Path: 29.28s

Nb : The python2 build seems to work.