Cannot build tensorflow on Windows 10 CUDA

System information

Have I written custom code (as opposed to using a stock example script provided in TensorFlow): No
OS Platform and Distribution (e.g., Linux Ubuntu 16.04): Windows 10
TensorFlow installed from (source or binary): source
TensorFlow version (use command below): 1.8 or master ( tried both)
Python version: 3.6.4
Bazel version (if compiling from source): 0.13.0
Cmake version (if compiling from source): 3.10.1
CUDA/cuDNN version: 9.1/7.1
GPU model and memory: GTX 1080 Ti
Exact command to reproduce:
cmake -T host=x64 -DCMAKE_BUILD_TYPE=Release -DSWIG_EXECUTABLE=c:/swigwin-3.0.12/swig.exe -Dtensorflow_ENABLE_GPU=ON -Dtensorflow_CUDA_VERSION=9.1 -Dtensorflow_CUDNN_VERSION=7.1 -DCUDNN_HOME="C:\cudnn-9.1-windows10-x64-v7.1\cuda" ..

Notes: -DCUDNN_HOME line could be skipped since it is already installed inside cuda 9.1 folder but tried different ones too
MSBuild /p:Configuration=Release /verbosity:detailed tf_python_build_pip_package.vcxproj
Build fails, I suppose warnings are fine, but what am I missing?
I need to build tensorflow because my CPU doesn't use AVX instructions (Intel Xeon 5670) and since I want to use GPU for this I only want to focus on CUDA build.
I have also tried with bazel:
$ ./configure
You have bazel 0.13.0 installed.
Please specify the location of python. [Default is D:\Miniconda3\python.exe]:


Found possible Python library paths:
  D:\Miniconda3\lib\site-packages
Please input the desired Python library path to use.  Default is [D:\Miniconda3\                               lib\site-packages]

Do you wish to build TensorFlow with XLA JIT support? [y/N]:
No XLA JIT support will be enabled for TensorFlow.

Do you wish to build TensorFlow with GDR support? [y/N]:
No GDR support will be enabled for TensorFlow.

Do you wish to build TensorFlow with VERBS support? [y/N]:
No VERBS support will be enabled for TensorFlow.

Do you wish to build TensorFlow with CUDA support? [y/N]: y
CUDA support will be enabled for TensorFlow.

Please specify the CUDA SDK version you want to use, e.g. 7.0. [Leave empty to d                               efault to CUDA 9.0]: 9.1


Please specify the location where CUDA 9.1 toolkit is installed. Refer to README                               .md for more details. [Default is C:/Program Files/NVIDIA GPU Computing Toolkit/                               CUDA/v9.1]:


Please specify the cuDNN version you want to use. [Leave empty to default to cuD                               NN 7.0]: 7.1


Please specify the location where cuDNN 7 library is installed. Refer to README.                               md for more details. [Default is C:/Program Files/NVIDIA GPU Computing Toolkit/C                               UDA/v9.1]:


Please specify a list of comma-separated Cuda compute capabilities you want to b                               uild with.
You can find the compute capability of your device at: https://developer.nvidia.                               com/cuda-gpus.
Please note that each additional compute capability significantly increases your                                build time and binary size. [Default is: 3.5,5.2]6.1


Do you wish to build TensorFlow with MPI support? [y/N]:
No MPI support will be enabled for TensorFlow.

Please specify optimization flags to use during compilation when bazel option "-                               -config=opt" is specified [Default is /arch:AVX]:


Would you like to interactively configure ./WORKSPACE for Android builds? [y/N]:                               
Not configuring the WORKSPACE for Android builds.

Preconfigured Bazel build configs. You can use any of the below by adding "--con                               fig=<>" to your build command. See tools/bazel.rc for more details.
        --config=mkl            # Build with MKL support.
        --config=monolithic     # Config for mostly static monolithic build.
Configuration finished

atro@atro-PC MINGW64 /c/tensorflow (master)
$

atro@atro-PC MINGW64 /c/tensorflow (master)
$ bazel build --config=opt --config=win-cuda //tensorflow/tools/pip_package:buil                               d_pip_package
Starting local Bazel server and connecting to it...
.................
WARNING: The following configs were expanded more than once: [win-cuda]. For rep                               eatable flags, repeats are counted twice and may lead to unexpected behavior.
Loading:
Loading: 0 packages loaded
Loading: 0 packages loaded
    currently loading: tensorflow/tools/pip_package
Analyzing: target //tensorflow/tools/pip_package:build_pip_package (1 packages l                               oaded)
WARNING: C:/users/atro/_bazel_atro/x1e5egqw/external/protobuf_archive/WORKSPACE:                               1: Workspace name in C:/users/atro/_bazel_atro/x1e5egqw/external/protobuf_archiv                               e/WORKSPACE (@com_google_protobuf) does not match the name given in the reposito                               ry's definition (@protobuf_archive); this will cause a build error in future ver                               sions
WARNING: C:/users/atro/_bazel_atro/x1e5egqw/external/grpc/WORKSPACE:1: Workspace                                name in C:/users/atro/_bazel_atro/x1e5egqw/external/grpc/WORKSPACE (@com_github                               _grpc_grpc) does not match the name given in the repository's definition (@grpc)                               ; this will cause a build error in future versions
WARNING: C:/users/atro/_bazel_atro/x1e5egqw/external/absl_py/WORKSPACE:1: Worksp                               ace name in C:/users/atro/_bazel_atro/x1e5egqw/external/absl_py/WORKSPACE (@io_a                               bseil_py) does not match the name given in the repository's definition (@absl_py                               ); this will cause a build error in future versions
Analyzing: target //tensorflow/tools/pip_package:build_pip_package (76 packages                                loaded)
Analyzing: target //tensorflow/tools/pip_package:build_pip_package (124 packages                                loaded)
WARNING: C:/users/atro/_bazel_atro/x1e5egqw/external/grpc/BUILD:1960:1: in srcs                                attribute of cc_library rule @grpc//:grpc_nanopb: please do not import '@grpc//t                               hird_party/nanopb:pb_common.c' directly. You should either move the file to this                                package or depend on an appropriate rule there. Since this rule was created by                                the macro 'grpc_generate_one_off_targets', the error might have been caused by t                               he macro implementation in C:/users/atro/_bazel_atro/x1e5egqw/external/grpc/baze                               l/grpc_build_system.bzl:172:12
WARNING: C:/users/atro/_bazel_atro/x1e5egqw/external/grpc/BUILD:1960:1: in srcs                                attribute of cc_library rule @grpc//:grpc_nanopb: please do not import '@grpc//t                               hird_party/nanopb:pb_decode.c' directly. You should either move the file to this                                package or depend on an appropriate rule there. Since this rule was created by                                the macro 'grpc_generate_one_off_targets', the error might have been caused by t                               he macro implementation in C:/users/atro/_bazel_atro/x1e5egqw/external/grpc/baze                               l/grpc_build_system.bzl:172:12
WARNING: C:/users/atro/_bazel_atro/x1e5egqw/external/grpc/BUILD:1960:1: in srcs                                attribute of cc_library rule @grpc//:grpc_nanopb: please do not import '@grpc//t                               hird_party/nanopb:pb_encode.c' directly. You should either move the file to this                                package or depend on an appropriate rule there. Since this rule was created by                                the macro 'grpc_generate_one_off_targets', the error might have been caused by t                               he macro implementation in C:/users/atro/_bazel_atro/x1e5egqw/external/grpc/baze                               l/grpc_build_system.bzl:172:12
Analyzing: target //tensorflow/tools/pip_package:build_pip_package (134 packages                                loaded)
Analyzing: target //tensorflow/tools/pip_package:build_pip_package (145 packages                                loaded)
Analyzing: target //tensorflow/tools/pip_package:build_pip_package (149 packages                                loaded)
Analyzing: target //tensorflow/tools/pip_package:build_pip_package (160 packages                                loaded)
WARNING: C:/tensorflow/tensorflow/contrib/learn/BUILD:17:1: in py_library rule /                               /tensorflow/contrib/learn:learn: target '//tensorflow/contrib/learn:learn' depen                               ds on deprecated target '//tensorflow/contrib/session_bundle:exporter': No longe                               r supported. Switch to SavedModel immediately.
WARNING: C:/tensorflow/tensorflow/contrib/learn/BUILD:17:1: in py_library rule /                               /tensorflow/contrib/learn:learn: target '//tensorflow/contrib/learn:learn' depen                               ds on deprecated target '//tensorflow/contrib/session_bundle:gc': No longer supp                               orted. Switch to SavedModel immediately.
Analyzing: target //tensorflow/tools/pip_package:build_pip_package (256 packages                                loaded)
INFO: Analysed target //tensorflow/tools/pip_package:build_pip_package (257 pack                               ages loaded).
INFO: Found 1 target...
Building: no action
[2 / 19] [-----] BazelWorkspaceStatusAction stable-status.txt
ERROR: C:/tensorflow/tensorflow/core/BUILD:1800:1: C++ compilation of rule '//tensorflow/core:lib_hash_crc32c_accelerate_internal' failed (Exit 2): cl.exe failed: error executing command
  cd C:/users/atro/_bazel_atro/x1e5egqw/execroot/org_tensorflow
  SET INCLUDE=C:\Program Files (x86)\Microsoft Visual Studio 14.0\VC\INCLUDE;C:\Program Files (x86)\Windows Kits\10\include\10.0.15063.0\ucrt;C:\Program Files (x86)\Windows Kits\NETFXSDK\4.6.1\include\um;C:\Program Files (x86)\Windows Kits\10\include\10.0.15063.0\shared;C:\Program Files (x86)\Windows Kits\10\include\10.0.15063.0\um;C:\Program Files (x86)\Windows Kits\10\include\10.0.15063.0\winrt;
    SET LIB=C:\Program Files (x86)\Microsoft Visual Studio 14.0\VC\LIB\amd64;C:\Program Files (x86)\Microsoft Visual Studio 14.0\VC\ATLMFC\LIB\amd64;C:\Program Files (x86)\Windows Kits\10\lib\10.0.15063.0\ucrt\x64;C:\Program Files (x86)\Windows Kits\NETFXSDK\4.6.1\lib\um\x64;C:\Program Files (x86)\Windows Kits\10\lib\10.0.15063.0\um\x64;
    SET PATH=C:\Program Files (x86)\Microsoft Visual Studio 14.0\VC\BIN\amd64;C:\Program Files (x86)\Microsoft Visual Studio 14.0\VC\VCPackages;C:\WINDOWS\Microsoft.NET\Framework64\v4.0.30319;C:\WINDOWS\Microsoft.NET\Framework64\;C:\Program Files (x86)\Windows Kits\10\bin\x64;C:\Program Files (x86)\Windows Kits\10\bin\x86;C:\Program Files (x86)\Microsoft SDKs\Windows\v10.0A\bin\NETFX 4.6.1 Tools\x64\;;C:\WINDOWS\system32
    SET PWD=/proc/self/cwd
    SET TEMP=C:\Users\atro\AppData\Local\Temp
    SET TMP=C:\Users\atro\AppData\Local\Temp
  C:/Program Files (x86)/Microsoft Visual Studio 14.0/VC/bin/amd64/cl.exe /c tensorflow/core/lib/hash/crc32c_accelerate.cc /Fobazel-out/host/bin/tensorflow/core/_objs/lib_hash_crc32c_accelerate_internal/tensorflow/core/lib/hash/crc32c_accelerate.o /nologo /DCOMPILER_MSVC /DNOMINMAX /D_WIN32_WINNT=0x0600 /D_CRT_SECURE_NO_DEPRECATE /D_CRT_SECURE_NO_WARNINGS /D_SILENCE_STDEXT_HASH_DEPRECATION_WARNINGS /bigobj /Zm500 /J /Gy /GF /EHsc /wd4351 /wd4291 /wd4250 /wd4996 /I. /Ibazel-out/host/genfiles /Iexternal/bazel_tools /Ibazel-out/host/genfiles/external/bazel_tools /showIncludes /MD /O2 /DNDEBUG -DGEMMLOWP_ALLOW_SLOW_SCALAR_FALLBACK -w -DGOOGLE_CUDA=1 -DTENSORFLOW_MONOLITHIC_BUILD /DPLATFORM_WINDOWS /DEIGEN_HAS_C99_MATH /DTENSORFLOW_USE_EIGEN_THREADPOOL /DEIGEN_AVOID_STL_ARRAY /Iexternal/gemmlowp /wd4018 /U_HAS_EXCEPTIONS /D_HAS_EXCEPTIONS=1 /EHsc /DNOGDI /DTF_COMPILE_LIBRARY
tensorflow/core/lib/hash/crc32c_accelerate.cc(16): fatal error C1083: Cannot open include file: 'stddef.h': No such file or directory
Target //tensorflow/tools/pip_package:build_pip_package failed to build
INFO: Elapsed time: 20.360s, Critical Path: 0.32s
INFO: 0 processes.
FAILED: Build did NOT complete successfully

Source code / logs
Attached is the complete msbuild log.
msbuild.zip