Compilation Error on Travis.ci

Hi,
I'm getting a gcc error when trying to build on a docker image on travis.ci. Any ideas would be appreciated.
Full Error:
ERROR: /home/travis/build/peterbraden/node-tensorflow/lib/tensorflow/google/protobuf/BUILD:64:1: C++ compilation of rule '//google/protobuf:protobuf' failed: gcc failed: error executing command 
  (cd /home/travis/.cache/bazel/_bazel_travis/2cf95f6ff0f7dc500e0eb5aab5889c29/tensorflow && \
  exec env - \
    PATH=/home/travis/.nvm/versions/node/v4.1.2/lib/node_modules/npm/bin/node-gyp-bin:/home/travis/build/peterbraden/node-tensorflow/node_modules/.bin:/home/travis/.nvm/versions/node/v4.1.2/bin:/home/travis/bin:/home/travis/.local/bin:/home/travis/.gimme/versions/go1.4.1.linux.amd64/bin:/usr/local/phantomjs/bin:./node_modules/.bin:/usr/local/maven-3.2.5/bin:/usr/local/clang-3.4/bin:/home/travis/.gimme/versions/go1.4.1.linux.amd64/bin:/usr/local/phantomjs/bin:./node_modules/.bin:/usr/local/maven-3.2.5/bin:/usr/local/clang-3.4/bin:/home/travis/.gimme/versions/go1.4.1.linux.amd64/bin:/home/travis/.rvm/gems/ruby-1.9.3-p551/bin:/home/travis/.rvm/gems/ruby-1.9.3-p551@global/bin:/home/travis/.rvm/rubies/ruby-1.9.3-p551/bin:/usr/local/phantomjs/bin:./node_modules/.bin:/usr/local/maven-3.2.5/bin:/usr/local/clang-3.4/bin:/usr/local/sbin:/usr/local/bin:/usr/sbin:/usr/bin:/sbin:/bin:/home/travis/.rvm/bin:/home/travis/.rvm/bin:/home/travis/.rvm/bin \
  /usr/bin/gcc -U_FORTIFY_SOURCE '-D_FORTIFY_SOURCE=1' -fstack-protector -Wall -Wunused-but-set-parameter -Wno-free-nonheap-object -fno-omit-frame-pointer '-std=c++0x' -iquote . -iquote bazel-out/local_linux-fastbuild/genfiles -iquote external/bazel_tools -iquote bazel-out/local_linux-fastbuild/genfiles/external/bazel_tools -isystem google/protobuf/src -isystem bazel-out/local_linux-fastbuild/genfiles/google/protobuf/src -isystem external/bazel_tools/tools/cpp/gcc3 -DHAVE_PTHREAD -Wall -Wwrite-strings -Woverloaded-virtual -Wno-sign-compare '-Wno-error=unused-function' -no-canonical-prefixes -fno-canonical-system-headers -Wno-builtin-macro-redefined '-D__DATE__="redacted"' '-D__TIMESTAMP__="redacted"' '-D__TIME__="redacted"' '-frandom-seed=bazel-out/local_linux-fastbuild/bin/google/protobuf/_objs/protobuf/google/protobuf/src/google/protobuf/util/type_resolver_util.pic.o' -MD -MF bazel-out/local_linux-fastbuild/bin/google/protobuf/_objs/protobuf/google/protobuf/src/google/protobuf/util/type_resolver_util.pic.d -fPIC -c google/protobuf/src/google/protobuf/util/type_resolver_util.cc -o bazel-out/local_linux-fastbuild/bin/google/protobuf/_objs/protobuf/google/protobuf/src/google/protobuf/util/type_resolver_util.pic.o): com.google.devtools.build.lib.shell.BadExitStatusException: Process exited with status 1: gcc failed: error executing command 
  (cd /home/travis/.cache/bazel/_bazel_travis/2cf95f6ff0f7dc500e0eb5aab5889c29/tensorflow && \
  exec env - \
    PATH=/home/travis/.nvm/versions/node/v4.1.2/lib/node_modules/npm/bin/node-gyp-bin:/home/travis/build/peterbraden/node-tensorflow/node_modules/.bin:/home/travis/.nvm/versions/node/v4.1.2/bin:/home/travis/bin:/home/travis/.local/bin:/home/travis/.gimme/versions/go1.4.1.linux.amd64/bin:/usr/local/phantomjs/bin:./node_modules/.bin:/usr/local/maven-3.2.5/bin:/usr/local/clang-3.4/bin:/home/travis/.gimme/versions/go1.4.1.linux.amd64/bin:/usr/local/phantomjs/bin:./node_modules/.bin:/usr/local/maven-3.2.5/bin:/usr/local/clang-3.4/bin:/home/travis/.gimme/versions/go1.4.1.linux.amd64/bin:/home/travis/.rvm/gems/ruby-1.9.3-p551/bin:/home/travis/.rvm/gems/ruby-1.9.3-p551@global/bin:/home/travis/.rvm/rubies/ruby-1.9.3-p551/bin:/usr/local/phantomjs/bin:./node_modules/.bin:/usr/local/maven-3.2.5/bin:/usr/local/clang-3.4/bin:/usr/local/sbin:/usr/local/bin:/usr/sbin:/usr/bin:/sbin:/bin:/home/travis/.rvm/bin:/home/travis/.rvm/bin:/home/travis/.rvm/bin \
  /usr/bin/gcc -U_FORTIFY_SOURCE '-D_FORTIFY_SOURCE=1' -fstack-protector -Wall -Wunused-but-set-parameter -Wno-free-nonheap-object -fno-omit-frame-pointer '-std=c++0x' -iquote . -iquote bazel-out/local_linux-fastbuild/genfiles -iquote external/bazel_tools -iquote bazel-out/local_linux-fastbuild/genfiles/external/bazel_tools -isystem google/protobuf/src -isystem bazel-out/local_linux-fastbuild/genfiles/google/protobuf/src -isystem external/bazel_tools/tools/cpp/gcc3 -DHAVE_PTHREAD -Wall -Wwrite-strings -Woverloaded-virtual -Wno-sign-compare '-Wno-error=unused-function' -no-canonical-prefixes -fno-canonical-system-headers -Wno-builtin-macro-redefined '-D__DATE__="redacted"' '-D__TIMESTAMP__="redacted"' '-D__TIME__="redacted"' '-frandom-seed=bazel-out/local_linux-fastbuild/bin/google/protobuf/_objs/protobuf/google/protobuf/src/google/protobuf/util/type_resolver_util.pic.o' -MD -MF bazel-out/local_linux-fastbuild/bin/google/protobuf/_objs/protobuf/google/protobuf/src/google/protobuf/util/type_resolver_util.pic.d -fPIC -c google/protobuf/src/google/protobuf/util/type_resolver_util.cc -o bazel-out/local_linux-fastbuild/bin/google/protobuf/_objs/protobuf/google/protobuf/src/google/protobuf/util/type_resolver_util.pic.o): com.google.devtools.build.lib.shell.BadExitStatusException: Process exited with status 1.

And the offending build:
https://travis-ci.org/peterbraden/node-tensorflow/builds/108069558