Looks like a bug tensorflow 1.2.1 with gpu error during basic_gpu_test

System information

**No custom code
**OS Windows 10
**TensorFlow installed from:https://storage.googleapis.com/tensorflow/windows/gpu/tensorflow_gpu-1.2.1-cp35-cp35m-win_amd64.whl
TensorFlow version (use command below): 1.2.1
Python version: 3.5 (Anaconda environment)
Bazel version (if compiling from source): N/A
CUDA/cuDNN version: 8.0
GPU model and memory:
Exact command to reproduce: python basic_gpu_test.py

The trace:
.....C:\Anaconda3\envs\py35\lib\site-packages\tensorflow\python\framework\test_util.py:591: RuntimeWarning: invalid value encountered in greater
np.abs(a - b) > atol + rtol * np.abs(b), np.isnan(a) != np.isnan(b))
not close where =  (array([], dtype=int64), array([], dtype=int64), array([], dtype=int64))
not close lhs =  []
not close rhs =  []
not close dif =  []
not close tol =  []
dtype = float32, shape = (1, 3, 5)
......E.
ERROR: testTypes (main.MathBuiltinUnaryTest)
Traceback (most recent call last):
File "basic_gpu_test.py", line 136, in testTypes
self._testDtype(dtype, use_gpu=True)
File "basic_gpu_test.py", line 114, in _testDtype
self._compare(data, np.arcsinh, math_ops.asinh, use_gpu)
AttributeError: module 'tensorflow.python.ops.math_ops' has no attribute 'asinh'

Ran 13 tests in 12.158s
FAILED (errors=1)