Failed to bazel build when executing label_image example

When I run the root@795c87fec335:/tensorflow# bazel build tensorflow/examples/label_image/...
It shows the ERRORs
ERROR: /tensorflow/tensorflow/core/BUILD:210:1: C++ compilation of rule '//tensorflow/core:kernels' failed: gcc failed: error executing command /usr/bin/gcc -U_FORTIFY_SOURCE '-D_FORTIFY_SOURCE=1' -fstack-protector -fPIE -Wall -Wunused-but-set-parameter -Wno-free-nonheap-object -fno-omit-frame-pointer '-std=c++0x' -iquote . -iquote ... (remaining 47 argument(s) skipped): com.google.devtools.build.lib.shell.BadExitStatusException: Process exited with status 1.
INFO: Elapsed time: 91.739s, Critical Path: 73.71s