Android app compilation fails: fatal error: gif_lib_private.h: No such file or directory

Hi.
I'm unable to compile the Android app. Here is the error message:
ERROR: /home/arnaud/.cache/bazel/_bazel_arnaud/5d461d587a2aa81b3eca305842d75a99/external/gif_archive/BUILD:14:1: C++ compilation of rule '@gif_archive//:gif' failed: namespace-sandbox failed: error executing command /home/arnaud/.cache/bazel/_bazel_arnaud/5d461d587a2aa81b3eca305842d75a99/execroot/tensorflow/_bin/namespace-sandbox ... (remaining 46 argument(s) skipped).
external/gif_archive/giflib-5.1.4/lib/quantize.c:17:29: fatal error: gif_lib_private.h: No such file or directory
compilation terminated.
Target //tensorflow/examples/android:tensorflow_demo failed to build
Use --verbose_failures to see the command lines of failed build steps.

Environment info
Operating System: Ubuntu 16.04
Installed version of CUDA and cuDNN: N/A
(please attach the output of ls -l /path/to/cuda/lib/libcud*):
If installed from binary pip package, provide:

Which pip package you installed.
The output from python -c "import tensorflow; print(tensorflow.__version__)".

If installed from sources, provide the commit hash: a3f61c1
Steps to reproduce

bazel build //tensorflow/examples/android:tensorflow_demo
2.
3.

What have you tried?

install the giflib from Ubuntu, but I understand that bazel downloads during the build process

Logs or other output that would be helpful
With max verbosity:
ERROR: /home/arnaud/.cache/bazel/_bazel_arnaud/5d461d587a2aa81b3eca305842d75a99/external/gif_archive/BUILD:14:1: C++ compilation of rule '@gif_archive//:gif' failed: namespace-sandbox failed: error executing command 
  (cd /home/arnaud/.cache/bazel/_bazel_arnaud/5d461d587a2aa81b3eca305842d75a99/execroot/tensorflow && \
  exec env - \
    PATH=/home/arnaud/Documents/Python/anaconda2/bin:/home/arnaud/bin:/usr/local/sbin:/usr/local/bin:/usr/sbin:/usr/bin:/sbin:/bin:/usr/games:/usr/local/games:/snap/bin:/home/arnaud/.rvm/bin:/home/arnaud/.rvm/bin:/home/arnaud/Documents/Android/android-studio/bin \
  /home/arnaud/.cache/bazel/_bazel_arnaud/5d461d587a2aa81b3eca305842d75a99/execroot/tensorflow/_bin/namespace-sandbox @/home/arnaud/.cache/bazel/_bazel_arnaud/5d461d587a2aa81b3eca305842d75a99/execroot/tensorflow/bazel-sandbox/aeac231e-239e-4110-a556-7f20a424a56a-197.params -- /usr/bin/gcc -U_FORTIFY_SOURCE '-D_FORTIFY_SOURCE=1' -fstack-protector -Wall -Wl,-z,-relro,-z,now -B/usr/bin -B/usr/bin -Wunused-but-set-parameter -Wno-free-nonheap-object -fno-omit-frame-pointer -g0 -O2 -DNDEBUG -ffunction-sections -fdata-sections -g0 -DHAVE_CONFIG_H -iquote external/gif_archive -iquote bazel-out/host/genfiles/external/gif_archive -iquote external/bazel_tools -iquote bazel-out/host/genfiles/external/bazel_tools -isystem external/gif_archive/giflib-5.1.4/lib -isystem bazel-out/host/genfiles/external/gif_archive/giflib-5.1.4/lib -isystem external/bazel_tools/tools/cpp/gcc3 -fno-canonical-system-headers -Wno-builtin-macro-redefined '-D__DATE__="redacted"' '-D__TIMESTAMP__="redacted"' '-D__TIME__="redacted"' -MD -MF bazel-out/host/bin/external/gif_archive/_objs/gif/external/gif_archive/giflib-5.1.4/lib/gif_err.d -c external/gif_archive/giflib-5.1.4/lib/gif_err.c -o bazel-out/host/bin/external/gif_archive/_objs/gif/external/gif_archive/giflib-5.1.4/lib/gif_err.o).
external/gif_archive/giflib-5.1.4/lib/gif_err.c:10:29: fatal error: gif_lib_private.h: No such file or directory
compilation terminated.
Target //tensorflow/examples/android:tensorflow_demo failed to build