Ubuntu 16.04 + CUDA8.0, GPU build from source: C++ compilation fails (crosstool_wrapper_driver_is_not_gcc failed)

What related GitHub issues or StackOverflow threads have you found by searching the web for your problem?
Issue 190 is the same, but was closed & pointed to a bazel issue that has been fixed.
Environment info
Operating System: Ubuntu 16.04
Installed version of CUDA and cuDNN: 8.0.44 + 5.1.5
(please attach the output of ls -l /path/to/cuda/lib/libcud*):
-rw-r--r-- 1 root root   558720 Okt 11 19:24 /usr/local/cuda/lib64/libcudadevrt.a
lrwxrwxrwx 1 root root       16 Okt 11 19:24 /usr/local/cuda/lib64/libcudart.so -> libcudart.so.8.0
lrwxrwxrwx 1 root root       19 Okt 11 19:24 /usr/local/cuda/lib64/libcudart.so.8.0 -> libcudart.so.8.0.44
-rwxr-xr-x 1 root root   415432 Okt 11 19:24 /usr/local/cuda/lib64/libcudart.so.8.0.44
-rw-r--r-- 1 root root   775162 Okt 11 19:24 /usr/local/cuda/lib64/libcudart_static.a
lrwxrwxrwx 1 root root       13 Okt 11 19:47 /usr/local/cuda/lib64/libcudnn.so -> libcudnn.so.5
lrwxrwxrwx 1 root root       17 Okt 11 19:47 /usr/local/cuda/lib64/libcudnn.so.5 -> libcudnn.so.5.1.5
-rwxr-xr-x 1 root root 79337624 Okt 11 19:47 /usr/local/cuda/lib64/libcudnn.so.5.1.5
-rw-r--r-- 1 root root 69756172 Okt 11 19:47 /usr/local/cuda/lib64/libcudnn_static.a

If installed from source, provide

The commit hash (git rev-parse HEAD): 1975cd1
The output of bazel version: 0.3.2

Build label: 0.3.2
Build target: bazel-out/local-fastbuild/bin/src/main/java/com/google/devtools/build/lib/bazel/BazelServer_deploy.jar
Build time: Fri Oct 7 17:25:10 2016 (1475861110)
Build timestamp: 1475861110
Build timestamp as int: 1475861110

If possible, provide a minimal reproducible example (We usually don't have time to read hundreds of lines of your code)
It occurred when running both training example & pip build (same error message):
bazel build -c opt --config=cuda //tensorflow/cc:tutorials_example_trainer
bazel build -c opt --config=cuda //tensorflow/tools/pip_package:build_pip_package

What other attempted solutions have you tried?
I have followed both this tutorial and this one.
Logs or other output that would be helpful
(If logs are large, please upload as attachment or provide link).
Last message before the error was:
INFO: From Compiling tensorflow/core/kernels/string_split_op.cc:

The full error message, using --verbose_failures:
ERROR: /home/sebastien/tensorflow/tensorflow/core/kernels/BUILD:1199:1: C++ compilation of rule '//tensorflow/core/kernels:determinant_op' failed: crosstool_wrapper_driver_is_not_gcc failed: error executing command 
  (cd /home/sebastien/.cache/bazel/_bazel_sebastien/f91199c4da2d428eb9d05b40a2d00b4e/execroot/tensorflow && \
  exec env - \
    LD_LIBRARY_PATH=:/usr/local/cuda/lib64:/usr/progtools/caffe-nv/distribute/lib:/usr/local/cuda/lib64 \
    PATH=/usr/local/cuda/bin:/home/sebastien/bin:/home/sebastien/.local/bin:/usr/local/sbin:/usr/local/bin:/usr/sbin:/usr/bin:/sbin:/bin:/usr/games:/usr/local/games:/snap/bin:/usr/local/cuda/bin \
  external/local_config_cuda/crosstool/clang/bin/crosstool_wrapper_driver_is_not_gcc -U_FORTIFY_SOURCE '-D_FORTIFY_SOURCE=1' -fstack-protector -fPIE -Wall -Wunused-but-set-parameter -Wno-free-nonheap-object -fno-omit-frame-pointer -g0 -O2 -DNDEBUG -ffunction-sections -fdata-sections -D_FORCE_INLINES -D_MWAITXINTRIN_H_INCLUDED '-std=c++11' -MD -MF bazel-out/local_linux-opt/bin/tensorflow/core/kernels/_objs/determinant_op/tensorflow/core/kernels/determinant_op.d '-frandom-seed=bazel-out/local_linux-opt/bin/tensorflow/core/kernels/_objs/determinant_op/tensorflow/core/kernels/determinant_op.o' -DEIGEN_MPL2_ONLY -iquote . -iquote bazel-out/local_linux-opt/genfiles -iquote external/protobuf -iquote bazel-out/local_linux-opt/genfiles/external/protobuf -iquote external/bazel_tools -iquote bazel-out/local_linux-opt/genfiles/external/bazel_tools -iquote external/com_googlesource_code_re2 -iquote bazel-out/local_linux-opt/genfiles/external/com_googlesource_code_re2 -iquote external/farmhash_archive -iquote bazel-out/local_linux-opt/genfiles/external/farmhash_archive -iquote external/gif_archive -iquote bazel-out/local_linux-opt/genfiles/external/gif_archive -iquote external/highwayhash -iquote bazel-out/local_linux-opt/genfiles/external/highwayhash -iquote external/jpeg_archive -iquote bazel-out/local_linux-opt/genfiles/external/jpeg_archive -iquote external/png_archive -iquote bazel-out/local_linux-opt/genfiles/external/png_archive -iquote external/zlib_archive -iquote bazel-out/local_linux-opt/genfiles/external/zlib_archive -iquote external/eigen_archive -iquote bazel-out/local_linux-opt/genfiles/external/eigen_archive -iquote external/local_config_cuda -iquote bazel-out/local_linux-opt/genfiles/external/local_config_cuda -isystem external/protobuf/src -isystem bazel-out/local_linux-opt/genfiles/external/protobuf/src -isystem external/bazel_tools/tools/cpp/gcc3 -isystem external/farmhash_archive -isystem bazel-out/local_linux-opt/genfiles/external/farmhash_archive -isystem external/gif_archive -isystem bazel-out/local_linux-opt/genfiles/external/gif_archive -isystem external/highwayhash -isystem bazel-out/local_linux-opt/genfiles/external/highwayhash -isystem external/jpeg_archive -isystem bazel-out/local_linux-opt/genfiles/external/jpeg_archive -isystem external/png_archive -isystem bazel-out/local_linux-opt/genfiles/external/png_archive -isystem external/zlib_archive -isystem bazel-out/local_linux-opt/genfiles/external/zlib_archive -isystem external/eigen_archive -isystem bazel-out/local_linux-opt/genfiles/external/eigen_archive -isystem external/local_config_cuda/cuda/include -isystem bazel-out/local_linux-opt/genfiles/external/local_config_cuda/cuda/include -isystem external/local_config_cuda/cuda -isystem bazel-out/local_linux-opt/genfiles/external/local_config_cuda/cuda -fno-exceptions -DEIGEN_AVOID_STL_ARRAY '-DGOOGLE_CUDA=1' -pthread '-DGOOGLE_CUDA=1' -no-canonical-prefixes -Wno-builtin-macro-redefined '-D__DATE__="redacted"' '-D__TIMESTAMP__="redacted"' '-D__TIME__="redacted"' -fno-canonical-system-headers -c tensorflow/core/kernels/determinant_op.cc -o bazel-out/local_linux-opt/bin/tensorflow/core/kernels/_objs/determinant_op/tensorflow/core/kernels/determinant_op.o): com.google.devtools.build.lib.shell.BadExitStatusException: Process exited with status 1.
virtual memory exhausted: Cannot allocate memory
Target //tensorflow/cc:tutorials_example_trainer failed to build

build_error_msg.txt