C++ compilation of rule '//tensorflow/core:lib_hash_crc32c_accelerate_internal' failed:

I am installing tensorflow with GPU and meeting some problems:
WARNING: /home/EI/tensorflow/tensorflow/contrib/learn/BUILD:15:1: in py_library rule //tensorflow/contrib/learn:learn: target '//tensorflow/contrib/learn:learn' depends on deprecated target '//tensorflow/contrib/session_bundle:exporter': Use SavedModel Builder instead.
WARNING:  #/home/EI/tensorflow/tensorflow/contrib/learn/BUILD:15:1: in py_library rule //tensorflow/contrib/learn:learn: target '//tensorflow/contrib/learn:learn' depends on deprecated target '//tensorflow/contrib/session_bundle:gc': Use SavedModel instead.
INFO: Found 1 target...
ERROR: /home/EI/tensorflow/tensorflow/core/BUILD:1280:1: C++ compilation of rule '//tensorflow/core:lib_hash_crc32c_accelerate_internal' failed: crosstool_wrapper_driver_is_not_gcc failed: error executing command external/local_config_cuda/crosstool/clang/bin/crosstool_wrapper_driver_is_not_gcc -U_FORTIFY_SOURCE '-D_FORTIFY_SOURCE=1' -fstack-protector -fPIE -Wall -Wunused-but-set-parameter ... (remaining 41 argument(s) skipped): com.google.devtools.build.lib.shell.BadExitStatusException: Process exited with status 1.
gcc: error trying to exec 'cc1plus': execvp: No such file or directory
Target //tensorflow/tools/pip_package:build_pip_package failed to build
Use --verbose_failures to see the command lines of failed build steps.
INFO: Elapsed time: 1994.312s, Critical Path: 8.68s
Operating System: Ubuntu 16.04LTS
gcc  4.9.3
bazel :0.4.5
python:3.6.0
CUDA:8.0.61_375.62
cuDNN:5.1.1