Not able to import tensorflow python3.5.2 Tensorflow  installation from PIP3 on window machine

import tensorflow as tf
Traceback (most recent call last):
File "C:\Program Files\Python35\lib\site-packages\tensorflow\python\pywrap_ten
sorflow_internal.py", line 18, in swig_import_helper
return importlib.import_module(mname)
File "C:\Program Files\Python35\lib\importlib_init_.py", line 126, in impor
t_module
return _bootstrap._gcd_import(name[level:], package, level)
File "", line 986, in _gcd_import
File "", line 969, in _find_and_load
File "", line 958, in _find_and_load_unlocked
File "", line 666, in _load_unlocked
File "", line 577, in module_from_spec
File "", line 906, in create_module
File "", line 222, in _call_with_frames_removed
ImportError: DLL load failed: The specified module could not be found.
During handling of the above exception, another exception occurred:
Traceback (most recent call last):
File "C:\Program Files\Python35\lib\site-packages\tensorflow\python\pywrap_ten
sorflow.py", line 41, in 
from tensorflow.python.pywrap_tensorflow_internal import *
File "C:\Program Files\Python35\lib\site-packages\tensorflow\python\pywrap_ten
sorflow_internal.py", line 21, in 
_pywrap_tensorflow_internal = swig_import_helper()
File "C:\Program Files\Python35\lib\site-packages\tensorflow\python\pywrap_ten
sorflow_internal.py", line 20, in swig_import_helper
return importlib.import_module('pywrap_tensorflow_internal')
File "C:\Program Files\Python35\lib\importlib_init.py", line 126, in impor
t_module
return _bootstrap._gcd_import(name[level:], package, level)
ImportError: No module named '_pywrap_tensorflow_internal'
During handling of the above exception, another exception occurred:
Traceback (most recent call last):
File "", line 1, in 
File "C:\Program Files\Python35\lib\site-packages\tensorflow_init_.py", lin
e 24, in 
from tensorflow.python import *
File "C:\Program Files\Python35\lib\site-packages\tensorflow\python_init_.p
y", line 49, in 
from tensorflow.python import pywrap_tensorflow
File "C:\Program Files\Python35\lib\site-packages\tensorflow\python\pywrap_ten
sorflow.py", line 52, in 
raise ImportError(msg)
ImportError: Traceback (most recent call last):
File "C:\Program Files\Python35\lib\site-packages\tensorflow\python\pywrap_ten
sorflow_internal.py", line 18, in swig_import_helper
return importlib.import_module(mname)
File "C:\Program Files\Python35\lib\importlib_init_.py", line 126, in impor
t_module
return _bootstrap._gcd_import(name[level:], package, level)
File "", line 986, in _gcd_import
File "", line 969, in _find_and_load
File "", line 958, in _find_and_load_unlocked
File "", line 666, in _load_unlocked
File "", line 577, in module_from_spec
File "", line 906, in create_module
File "", line 222, in _call_with_frames_removed
ImportError: DLL load failed: The specified module could not be found.
During handling of the above exception, another exception occurred:
Traceback (most recent call last):
File "C:\Program Files\Python35\lib\site-packages\tensorflow\python\pywrap_ten
sorflow.py", line 41, in 
from tensorflow.python.pywrap_tensorflow_internal import *
File "C:\Program Files\Python35\lib\site-packages\tensorflow\python\pywrap_ten
sorflow_internal.py", line 21, in 
_pywrap_tensorflow_internal = swig_import_helper()
File "C:\Program Files\Python35\lib\site-packages\tensorflow\python\pywrap_ten
sorflow_internal.py", line 20, in swig_import_helper
return importlib.import_module('pywrap_tensorflow_internal')
File "C:\Program Files\Python35\lib\importlib_init.py", line 126, in impor
t_module
return _bootstrap._gcd_import(name[level:], package, level)
ImportError: No module named '_pywrap_tensorflow_internal'
Failed to load the native TensorFlow runtime.
See https://www.tensorflow.org/install/install_sources#common_installation_probl
ems
for some common reasons and solutions.  Include the entire stack trace
above this error message when asking for help.