Python tests in //tensorflow/python/keras/... are failing on Windows

http://ci.tensorflow.org/job/tf-master-win-bzl/1552/console
11:11:55 //py_test_dir/tensorflow/python/keras:callbacks_test                     FAILED in 126.1s
11:11:55   C:/tmp/_bazel_system/424zmya1/execroot/org_tensorflow/bazel-out/msvc_x64-py3-opt/testlogs/py_test_dir/tensorflow/python/keras/callbacks_test/test.log
11:11:55 //py_test_dir/tensorflow/python/keras:data_utils_test                    FAILED in 20.3s
11:11:55   C:/tmp/_bazel_system/424zmya1/execroot/org_tensorflow/bazel-out/msvc_x64-py3-opt/testlogs/py_test_dir/tensorflow/python/keras/data_utils_test/test.log
11:11:55 //py_test_dir/tensorflow/python/keras:io_utils_test                      FAILED in 9.1s
11:11:55   C:/tmp/_bazel_system/424zmya1/execroot/org_tensorflow/bazel-out/msvc_x64-py3-opt/testlogs/py_test_dir/tensorflow/python/keras/io_utils_test/test.log
11:11:55 //py_test_dir/tensorflow/python/keras:models_test                        FAILED in 33.0s
11:11:55   C:/tmp/_bazel_system/424zmya1/execroot/org_tensorflow/bazel-out/msvc_x64-py3-opt/testlogs/py_test_dir/tensorflow/python/keras/models_test/test.log
11:11:55 //py_test_dir/tensorflow/python/keras:training_test                      FAILED in 53.9s
11:11:55   C:/tmp/_bazel_system/424zmya1/execroot/org_tensorflow/bazel-out/msvc_x64-py3-opt/testlogs/py_test_dir/tensorflow/python/keras/training_test/test.log

Some of the error messages:
11:11:55 ERROR: test_LambdaCallback (__main__.KerasCallbacksTest)
11:11:55 ----------------------------------------------------------------------
11:11:55 Traceback (most recent call last):
11:11:55   File "\\?\C:\tmp\Bazel.runfiles_uxjtk119\runfiles\org_tensorflow\py_test_dir\tensorflow\python\keras\_impl\keras\callbacks_test.py", line 798, in test_LambdaCallback
11:11:55     p.start()
11:11:55   File "C:\Program Files\Anaconda3\lib\multiprocessing\process.py", line 105, in start
11:11:55     self._popen = self._Popen(self)
11:11:55   File "C:\Program Files\Anaconda3\lib\multiprocessing\context.py", line 212, in _Popen
11:11:55     return _default_context.get_context().Process._Popen(process_obj)
11:11:55   File "C:\Program Files\Anaconda3\lib\multiprocessing\context.py", line 313, in _Popen
11:11:55     return Popen(process_obj)
11:11:55   File "C:\Program Files\Anaconda3\lib\multiprocessing\popen_spawn_win32.py", line 66, in __init__
11:11:55     reduction.dump(process_obj, to_child)
11:11:55   File "C:\Program Files\Anaconda3\lib\multiprocessing\reduction.py", line 59, in dump
11:11:55     ForkingPickler(file, protocol).dump(obj)
11:11:55 AttributeError: Can't pickle local object 'KerasCallbacksTest.test_LambdaCallback.<locals>.target'
11:11:55 
11:11:55 ======================================================================
11:11:55 ERROR: test_TensorBoard_histogram_freq_must_have_validation_data (__main__.KerasCallbacksTest)
11:11:55 ----------------------------------------------------------------------
11:11:55 Traceback (most recent call last):
11:11:55   File "C:\Program Files\Anaconda3\lib\shutil.py", line 488, in rmtree
11:11:55     return _rmtree_unsafe(path, onerror)
11:11:55   File "C:\Program Files\Anaconda3\lib\shutil.py", line 378, in _rmtree_unsafe
11:11:55     _rmtree_unsafe(fullname, onerror)
11:11:55   File "C:\Program Files\Anaconda3\lib\shutil.py", line 387, in _rmtree_unsafe
11:11:55     onerror(os.rmdir, path, sys.exc_info())
11:11:55   File "C:\Program Files\Anaconda3\lib\shutil.py", line 385, in _rmtree_unsafe
11:11:55     os.rmdir(path)
11:11:55 OSError: [WinError 145] The directory is not empty: 'C:\\tmp\\callbacks_test1q3mfkyu\\tmp9rjq7egq\\logs'
11:11:55 
11:11:55 ======================================================================
11:11:55 FAIL: test_stop_training_csv (__main__.KerasCallbacksTest)
11:11:55 ----------------------------------------------------------------------
11:11:55 Traceback (most recent call last):
11:11:55   File "\\?\C:\tmp\Bazel.runfiles_uxjtk119\runfiles\org_tensorflow\py_test_dir\tensorflow\python\keras\_impl\keras\callbacks_test.py", line 502, in test_stop_training_csv
11:11:55     assert 'nan' in values[-1], 'The last epoch was not logged.'
11:11:55 AssertionError: The last epoch was not logged.

Theses tests are not running in CMake build on Windows, so it's only detected by Bazel.