Cannot compile on Mac OS X due to BoringSSL

System information
@:~/projects/tensorflow <master>$ cat tf_env.txt

== cat /etc/issue ===============================================
Darwin mn-mortutay 16.5.0 Darwin Kernel Version 16.5.0: Fri Mar  3 16:52:33 PST 2017; root:xnu-3789.51.2~3/RELEASE_X86_64 x86_64
Mac OS X 10.12.4

== are we in docker =============================================
No

== compiler =====================================================
Apple LLVM version 8.1.0 (clang-802.0.42)
Target: x86_64-apple-darwin16.5.0
Thread model: posix
InstalledDir: /Library/Developer/CommandLineTools/usr/bin

== uname -a =====================================================
Darwin mn-mortutay 16.5.0 Darwin Kernel Version 16.5.0: Fri Mar  3 16:52:33 PST 2017; root:xnu-3789.51.2~3/RELEASE_X86_64 x86_64

== check pips ===================================================
numpy (1.13.1)
protobuf (3.3.0)
tensorflow (1.2.1)

== check for virtualenv =========================================
False

== tensorflow import ============================================
tf.VERSION = 1.2.1
tf.GIT_VERSION = v1.2.0-5-g435cdfc
tf.COMPILER_VERSION = v1.2.0-5-g435cdfc
Sanity check: array([1], dtype=int32)
Traceback (most recent call last):
  File "<string>", line 1, in <module>
  File "tensorflow/__init__.py", line 24, in <module>
    from tensorflow.python import *
  File "tensorflow/python/__init__.py", line 49, in <module>
    from tensorflow.python import pywrap_tensorflow
  File "tensorflow/python/pywrap_tensorflow.py", line 52, in <module>
    raise ImportError(msg)
ImportError: Traceback (most recent call last):
  File "tensorflow/python/pywrap_tensorflow.py", line 41, in <module>
    from tensorflow.python.pywrap_tensorflow_internal import *
ImportError: No module named pywrap_tensorflow_internal


Failed to load the native TensorFlow runtime.

See https://www.tensorflow.org/install/install_sources#common_installation_problems

for some common reasons and solutions.  Include the entire stack trace
above this error message when asking for help.

== env ==========================================================
LD_LIBRARY_PATH is unset
DYLD_LIBRARY_PATH is unset

== nvidia-smi ===================================================
tf_env_collect.sh: line 105: nvidia-smi: command not found

== cuda libs  ===================================================

Building from commit:
* d74f65bac (Yun Peng, 3 hours ago) Make Windows Bazel GPU build work again (#11901)

Describe the problem
I'm following the instructions for Mac source installation (https://www.tensorflow.org/install/install_sources, "Prepare environment for Mac OS" and then "Build the pip package") but I'm running into issues with BoringSSL.
It looks like the -Wunused-but-set-parameter and -Wno-free-nonheap-object flags are causing the compilation to fail, since clang does not support them.
Expected behavior: The build system should detect this and handle it correctly, eg. by not using the un-available flags
Actual behavior: Error / fails to build
Source code / logs
@:~/projects/tensorflow <master>$ bazel build --config=opt //tensorflow/tools/pip_package:build_pip_package
WARNING: /Users/mortutay/projects/tensorflow/tensorflow/contrib/learn/BUILD:15:1: in py_library rule //tensorflow/contrib/learn:learn: target '//tensorflow/contrib/learn:learn' depends on deprecated target '//tensorflow/contrib/session_bundle:exporter': No longer supported. Switch to SavedModel immediately.
WARNING: /Users/mortutay/projects/tensorflow/tensorflow/contrib/learn/BUILD:15:1: in py_library rule //tensorflow/contrib/learn:learn: target '//tensorflow/contrib/learn:learn' depends on deprecated target '//tensorflow/contrib/session_bundle:gc': No longer supported. Switch to SavedModel immediately.
INFO: Found 1 target...
INFO: From Compiling external/protobuf_archive/python/google/protobuf/internal/api_implementation.cc:
warning: unknown warning option '-Wunused-but-set-parameter'; did you mean '-Wunused-parameter'? [-Wunknown-warning-option]
warning: unknown warning option '-Wno-free-nonheap-object'; did you mean '-Wno-sequence-point'? [-Wunknown-warning-option]
2 warnings generated.
INFO: From Compiling external/swig/Source/Swig/typemap.c [for host]:
warning: unknown warning option '-Wunused-but-set-parameter'; did you mean '-Wunused-parameter'? [-Wunknown-warning-option]
warning: unknown warning option '-Wno-free-nonheap-object'; did you mean '-Wno-sequence-point'? [-Wunknown-warning-option]
2 warnings generated.
INFO: From Compiling external/grpc/src/core/lib/debug/trace.c:
warning: unknown warning option '-Wunused-but-set-parameter'; did you mean '-Wunused-parameter'? [-Wunknown-warning-option]
warning: unknown warning option '-Wno-free-nonheap-object'; did you mean '-Wno-sequence-point'? [-Wunknown-warning-option]
2 warnings generated.
INFO: From Compiling external/grpc/src/cpp/codegen/codegen_init.cc:
warning: unknown warning option '-Wunused-but-set-parameter'; did you mean '-Wunused-parameter'? [-Wunknown-warning-option]
warning: unknown warning option '-Wno-free-nonheap-object'; did you mean '-Wno-sequence-point'? [-Wunknown-warning-option]
2 warnings generated.
INFO: From Compiling external/grpc/src/core/ext/transport/chttp2/alpn/alpn.c:
warning: unknown warning option '-Wunused-but-set-parameter'; did you mean '-Wunused-parameter'? [-Wunknown-warning-option]
warning: unknown warning option '-Wno-free-nonheap-object'; did you mean '-Wno-sequence-point'? [-Wunknown-warning-option]
2 warnings generated.
ERROR: /private/var/tmp/_bazel_mortutay/dacb21c644505cd819865fa365d2b69e/external/boringssl/BUILD:116:1: C++ compilation of rule '@boringssl//:crypto' failed (Exit 1).
error: unknown warning option '-Wunused-but-set-parameter'; did you mean '-Wunused-parameter'? [-Werror,-Wunknown-warning-option]
error: unknown warning option '-Wno-free-nonheap-object'; did you mean '-Wno-sequence-point'? [-Werror,-Wunknown-warning-option]
Target //tensorflow/tools/pip_package:build_pip_package failed to build
Use --verbose_failures to see the command lines of failed build steps.
INFO: Elapsed time: 2.829s, Critical Path: 0.91s