fatal error: 'infiniband/verbs.h' file not found

When building Tensorflow from Source
ERROR: /Users/dendisuhubdy/dev/dlframeworks/tensorflow/tensorflow/contrib/verbs/BUILD:104:1: C++ compilation of rule '//tensorflow/contrib/verbs:rdma_rendezvous_mgr' failed: cc_wrapper.sh failed: error executing command external/local_config_cc/cc_wrapper.sh -U_FORTIFY_SOURCE -fstack-protector -Wall -Wthread-safety -Wself-assign -fcolor-diagnostics -fno-omit-frame-pointer -g0 -O2 '-D_FORTIFY_SOURCE=1' -DNDEBUG ... (remaining 135 argument(s) skipped): com.google.devtools.build.lib.shell.BadExitStatusException: Process exited with status 1.
In file included from tensorflow/contrib/verbs/rdma_rendezvous_mgr.cc:18:
In file included from ./tensorflow/contrib/verbs/rdma_rendezvous_mgr.h:21:
In file included from ./tensorflow/contrib/verbs/rdma_mgr.h:24:
./tensorflow/contrib/verbs/rdma.h:21:10: fatal error: 'infiniband/verbs.h' file not found
#include <infiniband/verbs.h>
         ^
1 error generated.
Target //tensorflow/tools/pip_package:build_pip_package failed to build
Use --verbose_failures to see the command lines of failed build steps.
INFO: Elapsed time: 4656.328s, Critical Path: 2662.37s