fail building tensorflow. Error is error trying to exec 'cc1plus'

I try to build tensorflow from the source code, as https://www.tensorflow.org/install/install_sources shows. But it fails at basel building like following.
commands: bazel build --config=opt --config=cuda --verbose_failures //tensorflow/tools/pip_package:build_pip_package
WARNING: Sandboxed execution is not supported on your system and thus hermeticity of actions cannot be guaranteed. See http://bazel.build/docs/bazel-user-manual.html#sandboxing for more information. You can turn off this warning via --ignore_unsupported_sandboxing.
INFO: Found 1 target...
ERROR: /local/xian_titan/.cache/bazel/bazel_xian_titan/d96b63d3ff03346cfbf37aac2a75fe2c/external/protobuf/BUILD:230:1: C++ compilation of rule '@protobuf//:js_embed' failed: crosstool_wrapper_driver_is_not_gcc failed: error executing command
(cd /local/xian_titan/.cache/bazel/bazel_xian_titan/d96b63d3ff03346cfbf37aac2a75fe2c/execroot/tensorflow &&
exec env -
LD_LIBRARY_PATH=/usr/local/lib/:/usr/local/cuda-8.0/lib64
PATH=/usr/local/cuda-8.0/bin:/usr/lib64/qt-3.3/bin:/usr/local/bin:/bin:/usr/bin:/usr/local/sbin:/usr/sbin:/sbin:/local/xian_titan/bin
external/local_config_cuda/crosstool/clang/bin/crosstool_wrapper_driver_is_not_gcc -U_FORTIFY_SOURCE '-D_FORTIFY_SOURCE=1' -fstack-protector -fPIE -Wall -Wunused-but-set-parameter -Wno-free-nonheap-object -fno-omit-frame-pointer -g0 -O2 -DNDEBUG -ffunction-sections -fdata-sections -g0 '-std=c++11' -MD -MF bazel-out/host/bin/external/protobuf/objs/js_embed/external/protobuf/src/google/protobuf/compiler/js/embed.d '-frandom-seed=bazel-out/host/bin/external/protobuf/objs/js_embed/external/protobuf/src/google/protobuf/compiler/js/embed.o' -iquote external/protobuf -iquote bazel-out/host/genfiles/external/protobuf -iquote external/bazel_tools -iquote bazel-out/host/genfiles/external/bazel_tools -isystem external/bazel_tools/tools/cpp/gcc3 -no-canonical-prefixes -Wno-builtin-macro-redefined '-D__DATE="redacted"' '-D__TIMESTAMP="redacted"' '-D__TIME__="redacted"' -fno-canonical-system-headers -c external/protobuf/src/google/protobuf/compiler/js/embed.cc -o bazel-out/host/bin/external/protobuf/_objs/js_embed/external/protobuf/src/google/protobuf/compiler/js/embed.o): com.google.devtools.build.lib.shell.BadExitStatusException: Process exited with status 1.
gcc: error trying to exec 'cc1plus': execvp: No such file or directory
Target //tensorflow/tools/pip_package:build_pip_package failed to build
INFO: Elapsed time: 2.283s, Critical Path: 1.68s
I found some other people also had similar problems before. But I cannot successfully address the problem from previous threads.
I tried bazel 0.4.4 and 0.4.2 releases, they have the same issues.
My system is Red Hat Enterprise Linux Workstation release 6.7 (Santiago),
java version "1.8.0_121",
gcc (GCC) 4.8.2 20140120 (Red Hat 4.8.2-15)
g++ (GCC) 4.8.2 20140120 (Red Hat 4.8.2-15)
Hope someone can figure out where's wrong