Cannot build from source

Cannot build from source
Environment info
Operating System: Arch Linux
Installed version of CUDA and cuDNN:
7.5
(please attach the output of ls -l /path/to/cuda/lib/libcud*):
-rwxr-xr-x 1 root root 311596 May  1 07:04 /opt/cuda/lib/libcudart.so.7.5.18
-rw-r--r-- 1 root root 558020 May  1 07:04 /opt/cuda/lib/libcudart_static.a
If installed from binary pip package, provide:

Which pip package you installed.
The output from python -c "import tensorflow; print(tensorflow.__version__)".
0.9.0rc0

If installed from sources, provide the commit hash:
ecdb06c
Steps to reproduce

bazel build -c opt --config=cuda --verbose_failures //tensorflow/tools/pip_package:build_pip_package

What have you tried?

bazel build -c opt --genrule_strategy=standalone --spawn_strategy=standalone --config=cuda --verbose_failures //tensorflow/tools/pip_package:build_pip_package

Logs or other output that would be helpful
(If logs are large, please upload as attachment).
ERROR: /home/bernardo/.cache/bazel/_bazel_bernardo/6e092ee851f20b3b3e86c2bd0d1d1759/external/protobuf/BUILD:331:1: C++ compilation of rule '@protobuf//:protoc' failed: crosstool_wrapper_driver_is_not_gcc failed: error executing command 
  (cd /home/bernardo/.cache/bazel/_bazel_bernardo/6e092ee851f20b3b3e86c2bd0d1d1759/tensorflow && \
  exec env - \
    PATH=/opt/cuda/bin/:/usr/local/sbin:/usr/local/bin:/usr/bin:/snap/bin:/opt/cuda/bin:/usr/lib/jvm/default/bin:/usr/bin/site_perl:/usr/bin/vendor_perl:/usr/bin/core_perl \
  third_party/gpus/crosstool/clang/bin/crosstool_wrapper_driver_is_not_gcc -U_FORTIFY_SOURCE '-D_FORTIFY_SOURCE=1' -fstack-protector -fPIE -Wall -Wunused-but-set-parameter -Wno-free-nonheap-object -fno-omit-frame-pointer -g0 -O2 -DNDEBUG -ffunction-sections -fdata-sections -g0 '-std=c++11' -iquote external/protobuf -iquote bazel-out/host/genfiles/external/protobuf -iquote external/bazel_tools -iquote bazel-out/host/genfiles/external/bazel_tools -isystem external/protobuf/src -isystem bazel-out/host/genfiles/external/protobuf/src -isystem external/bazel_tools/tools/cpp/gcc3 -no-canonical-prefixes -Wno-builtin-macro-redefined '-D__DATE__="redacted"' '-D__TIMESTAMP__="redacted"' '-D__TIME__="redacted"' -fno-canonical-system-headers '-frandom-seed=bazel-out/host/bin/external/protobuf/_objs/protoc/external/protobuf/src/google/protobuf/compiler/main.o' -MD -MF bazel-out/host/bin/external/protobuf/_objs/protoc/external/protobuf/src/google/protobuf/compiler/main.d -c external/protobuf/src/google/protobuf/compiler/main.cc -o bazel-out/host/bin/external/protobuf/_objs/protoc/external/protobuf/src/google/protobuf/compiler/main.o): com.google.devtools.build.lib.shell.BadExitStatusException: Process exited with status 1.
gcc: error trying to exec 'cc1plus': execvp: No such file or directory
Target //tensorflow/tools/pip_package:build_pip_package failed to build
INFO: Elapsed time: 1.540s, Critical Path: 0.24s