Android Camera Demo : Failed to build on Mac OS due to missing file ../darwin-x86/bin/arm-linux-androideabi-gcc

GitHub issues are for bugs / installation problems / feature requests.
For general support from the community, see StackOverflow.
To make bugs and feature requests more easy to find and organize, we close issues that are deemed
out of scope for GitHub Issues and point people to StackOverflow.
For bugs or installation issues, please provide the following information.
The more information you provide, the more easily we will be able to offer
help and advice.
Environment info
Operating System:
OS X EI Capitan version 10.11
If installed from sources, provide the commit hash:
b3d862b
Steps to reproduce

Follow guidelines here https://github.com/tensorflow/tensorflow/blob/master/tensorflow/examples/android/README.md (Download Android NDK for MAC)
build android demo using $bazel build //tensorflow/examples/android:tensorflow_demo --verbose_failures
Error : process-wrapper: execvp("external/androidndk/ndk/toolchains/arm-linux-androideabi-4.9/prebuilt/darwin-x86/bin/arm-linux-androideabi-gcc", ...): No such file or directory Target //tensorflow/examples/android:tensorflow_demo failed to build

What have you tried?

Tried another way to build using $bazel build //tensorflow/examples/android:tensorflow_demo --verbose_failures --config=android_arm
Also tried Android NDK version r10e

Logs or other output that would be helpful
(If logs are large, please upload as attachment).
ERROR: /Users/hassanabid/Documents/hassan/open_source/tensorflow/tensorflow_source/tensorflow/examples/android/BUILD:43:1: Linking of rule '//tensorflow/examples/android:libpthread.so' failed: arm-linux-androideabi-gcc failed: error executing command (cd /private/var/tmp/_bazel_hassanabid/96ab15ac510a01a39eca351cb09446d8/tensorflow_source && \ exec env - \ external/androidndk/ndk/toolchains/arm-linux-androideabi-4.9/prebuilt/darwin-x86/bin/arm-linux-androideabi-gcc -o bazel-out/android-arm-linux-androideabi-4.9-v7a-gnu-libstdcpp-py3-fastbuild/bin/tensorflow/examples/android/libpthread.so -Wl,-whole-archive -Wl,-no-whole-archive external/androidndk/ndk/sources/cxx-stl/gnu-libstdc++/4.9/libs/armeabi-v7a/libgnustl_static.a external/androidndk/ndk/sources/cxx-stl/gnu-libstdc++/4.9/libs/armeabi-v7a/libsupc++.a -shared -static-libgcc -no-canonical-prefixes '-march=armv7-a' -Wl,--fix-cortex-a8 -Wl,-S '--sysroot=external/androidndk/ndk/platforms/android-21/arch-arm'): com.google.devtools.build.lib.shell.BadExitStatusException: Process exited with status 1: arm-linux-androideabi-gcc failed: error executing command (cd /private/var/tmp/_bazel_hassanabid/96ab15ac510a01a39eca351cb09446d8/tensorflow_source && \ exec env - \ external/androidndk/ndk/toolchains/arm-linux-androideabi-4.9/prebuilt/darwin-x86/bin/arm-linux-androideabi-gcc -o bazel-out/android-arm-linux-androideabi-4.9-v7a-gnu-libstdcpp-py3-fastbuild/bin/tensorflow/examples/android/libpthread.so -Wl,-whole-archive -Wl,-no-whole-archive external/androidndk/ndk/sources/cxx-stl/gnu-libstdc++/4.9/libs/armeabi-v7a/libgnustl_static.a external/androidndk/ndk/sources/cxx-stl/gnu-libstdc++/4.9/libs/armeabi-v7a/libsupc++.a -shared -static-libgcc -no-canonical-prefixes '-march=armv7-a' -Wl,--fix-cortex-a8 -Wl,-S '--sysroot=external/androidndk/ndk/platforms/android-21/arch-arm'): com.google.devtools.build.lib.shell.BadExitStatusException: Process exited with status 1. process-wrapper: execvp("external/androidndk/ndk/toolchains/arm-linux-androideabi-4.9/prebuilt/darwin-x86/bin/arm-linux-androideabi-gcc", ...): No such file or directory Target //tensorflow/examples/android:tensorflow_demo failed to build INFO: Elapsed time: 0.438s, Critical Path: 0.04s