Library not loaded: @rpath/libcudart.7.5.dylib

+@trevorwelch
From the discussion in #4105 and #4145, this is the tracking bug for the following error:
ERROR: /Users/production204/Github/tensorflow/tensorflow/cc/BUILD:179:1: Executing genrule //tensorflow/cc:training_ops_genrule failed: bash failed: error executing command 
  (cd /private/var/tmp/_bazel_production204/ed2bbf43bcd665c40f1e3ebaa04f68f6/execroot/tensorflow && \
  exec env - \
    PATH=/usr/local/cuda/bin:/Library/Frameworks/Python.framework/Versions/2.7/bin:/usr/local/bin:usr/local/sbin:/usr/local/mysql/bin:/bin:/usr/local/bin:/usr/bin:/bin:/usr/sbin:/sbin \
    TMPDIR=/var/folders/h3/pn9k79xn6qd9jgksqbkpn3l80000gn/T/ \
  /bin/bash -c 'source external/bazel_tools/tools/genrule/genrule-setup.sh; bazel-out/host/bin/tensorflow/cc/ops/training_ops_gen_cc bazel-out/local_darwin-opt/genfiles/tensorflow/cc/ops/training_ops.h bazel-out/local_darwin-opt/genfiles/tensorflow/cc/ops/training_ops.cc 0'): com.google.devtools.build.lib.shell.AbnormalTerminationException: Process terminated by signal 5.
dyld: Library not loaded: @rpath/libcudart.7.5.dylib
  Referenced from: /private/var/tmp/_bazel_production204/ed2bbf43bcd665c40f1e3ebaa04f68f6/execroot/tensorflow/bazel-out/host/bin/tensorflow/cc/ops/training_ops_gen_cc
  Reason: image not found
/bin/bash: line 1: 74845 Trace/BPT trap: 5       bazel-out/host/bin/tensorflow/cc/ops/training_ops_gen_cc bazel-out/local_darwin-opt/genfiles/tensorflow/cc/ops/training_ops.h bazel-out/local_darwin-opt/genfiles/tensorflow/cc/ops/training_ops.cc 0
Target //tensorflow/cc:tutorials_example_trainer failed to build
INFO: Elapsed time: 3111.405s, Critical Path: 3097.65s

production204@Trevors-MacBook-Pro tensorflow $