Unable to compile from source on High Sierra (10.13.2) with bazel 0.9.0

System information

Have I written custom code (as opposed to using a stock example script provided in TensorFlow): No
OS Platform and Distribution (e.g., Linux Ubuntu 16.04): macOS High Sierra 10.13.2
TensorFlow installed from (source or binary): source
TensorFlow version (use command below): tf 1.4
Python version: 3.6.3
Bazel version (if compiling from source): 0.9.0
GCC/Compiler version (if compiling from source): Apple LLVM version 9.0.0 (clang-900.0.39.2)
Exact command to reproduce: bazel build -c opt --copt=-mavx --copt=-mavx2 --copt=-mfma --copt=- msse4.1 --copt=-msse4.2 --config=opt -k //tensorflow/tools/pip_package:build_pip_package

Describe the problem
I'm unable to compile tensorflow from source. I get too many errors as shown below in the logs:
Source code / logs
Rakshiths-MacBook-Pro:tensorflow rakshithgb$ ./configure
WARNING: Running Bazel server needs to be killed, because the startup options are different.
You have bazel 0.9.0-homebrew installed.
Please specify the location of python. [Default is /Users/rakshithgb/miniconda3/bin/python]: 


Found possible Python library paths:
  /Users/rakshithgb/miniconda3/lib/python3.6/site-packages
Please input the desired Python library path to use.  Default is [/Users/rakshithgb/miniconda3/lib/python3.6/site-packages]

Do you wish to build TensorFlow with Google Cloud Platform support? [Y/n]: n
No Google Cloud Platform support will be enabled for TensorFlow.

Do you wish to build TensorFlow with Hadoop File System support? [Y/n]: n
No Hadoop File System support will be enabled for TensorFlow.

Do you wish to build TensorFlow with Amazon S3 File System support? [Y/n]: n
No Amazon S3 File System support will be enabled for TensorFlow.

Do you wish to build TensorFlow with XLA JIT support? [y/N]: n
No XLA JIT support will be enabled for TensorFlow.

Do you wish to build TensorFlow with GDR support? [y/N]: n
No GDR support will be enabled for TensorFlow.

Do you wish to build TensorFlow with VERBS support? [y/N]: n
No VERBS support will be enabled for TensorFlow.

Do you wish to build TensorFlow with OpenCL support? [y/N]: n
No OpenCL support will be enabled for TensorFlow.

Do you wish to build TensorFlow with CUDA support? [y/N]: n
No CUDA support will be enabled for TensorFlow.

Do you wish to build TensorFlow with MPI support? [y/N]: n
No MPI support will be enabled for TensorFlow.

Please specify optimization flags to use during compilation when bazel option "--config=opt" is specified [Default is -march=native]: 


Add "--config=mkl" to your bazel command to build with MKL support.
Please note that MKL on MacOS or windows is still not supported.
If you would like to use a local MKL instead of downloading, please set the environment variable "TF_MKL_ROOT" every time before build.
Configuration finished
Rakshiths-MacBook-Pro:tensorflow rakshithgb$ bazel build -c opt --copt=-mavx --copt=-mavx2 --copt=-mfma --copt=- msse4.1 --copt=-msse4.2 --config=opt -k //tensorflow/tools/pip_package:build_pip_package
..............
ERROR: Skipping 'msse4.1': no such target '//:msse4.1': target 'msse4.1' not declared in package '' defined by /Users/rakshithgb/Documents/Tensorflow/tensorflow/BUILD
WARNING: Target pattern parsing failed.
ERROR: /private/var/tmp/_bazel_rakshithgb/fde7bc60972656b0c2db4fd0b79e24fb/external/local_config_sycl/sycl/BUILD:4:1: First argument of 'load' must be a label and start with either '//', ':', or '@'. Use --incompatible_load_argument_is_label=false to temporarily disable this check.
ERROR: /private/var/tmp/_bazel_rakshithgb/fde7bc60972656b0c2db4fd0b79e24fb/external/local_config_sycl/sycl/BUILD:6:1: First argument of 'load' must be a label and start with either '//', ':', or '@'. Use --incompatible_load_argument_is_label=false to temporarily disable this check.
ERROR: /private/var/tmp/_bazel_rakshithgb/fde7bc60972656b0c2db4fd0b79e24fb/external/local_config_sycl/sycl/BUILD:30:9: Traceback (most recent call last):
	File "/private/var/tmp/_bazel_rakshithgb/fde7bc60972656b0c2db4fd0b79e24fb/external/local_config_sycl/sycl/BUILD", line 27
		cc_library(name = "syclrt", srcs = [sycl_libr...")], <3 more arguments>)
	File "/private/var/tmp/_bazel_rakshithgb/fde7bc60972656b0c2db4fd0b79e24fb/external/local_config_sycl/sycl/BUILD", line 30, in cc_library
		sycl_library_path
name 'sycl_library_path' is not defined
ERROR: /private/var/tmp/_bazel_rakshithgb/fde7bc60972656b0c2db4fd0b79e24fb/external/local_config_sycl/sycl/BUILD:39:1: Target '@local_config_sycl//sycl:using_sycl' contains an error and its package is in error and referenced by '@local_config_sycl//sycl:sycl'
ERROR: /private/var/tmp/_bazel_rakshithgb/fde7bc60972656b0c2db4fd0b79e24fb/external/com_googlesource_code_re2/BUILD:96:1: First argument of 'load' must be a label and start with either '//', ':', or '@'. Use --incompatible_load_argument_is_label=false to temporarily disable this check.
ERROR: /private/var/tmp/_bazel_rakshithgb/fde7bc60972656b0c2db4fd0b79e24fb/external/com_googlesource_code_re2/BUILD:98:1: name 're2_test' is not defined (did you mean 'ios_test'?)
ERROR: /private/var/tmp/_bazel_rakshithgb/fde7bc60972656b0c2db4fd0b79e24fb/external/com_googlesource_code_re2/BUILD:100:1: name 're2_test' is not defined (did you mean 'ios_test'?)
ERROR: /private/var/tmp/_bazel_rakshithgb/fde7bc60972656b0c2db4fd0b79e24fb/external/com_googlesource_code_re2/BUILD:102:1: name 're2_test' is not defined (did you mean 'ios_test'?)
ERROR: /private/var/tmp/_bazel_rakshithgb/fde7bc60972656b0c2db4fd0b79e24fb/external/com_googlesource_code_re2/BUILD:104:1: name 're2_test' is not defined (did you mean 'ios_test'?)
ERROR: /private/var/tmp/_bazel_rakshithgb/fde7bc60972656b0c2db4fd0b79e24fb/external/com_googlesource_code_re2/BUILD:106:1: name 're2_test' is not defined (did you mean 'ios_test'?)
ERROR: /private/var/tmp/_bazel_rakshithgb/fde7bc60972656b0c2db4fd0b79e24fb/external/com_googlesource_code_re2/BUILD:108:1: name 're2_test' is not defined (did you mean 'ios_test'?)
ERROR: /private/var/tmp/_bazel_rakshithgb/fde7bc60972656b0c2db4fd0b79e24fb/external/com_googlesource_code_re2/BUILD:110:1: name 're2_test' is not defined (did you mean 'ios_test'?)
ERROR: /private/var/tmp/_bazel_rakshithgb/fde7bc60972656b0c2db4fd0b79e24fb/external/com_googlesource_code_re2/BUILD:112:1: name 're2_test' is not defined (did you mean 'ios_test'?)
ERROR: /private/var/tmp/_bazel_rakshithgb/fde7bc60972656b0c2db4fd0b79e24fb/external/com_googlesource_code_re2/BUILD:114:1: name 're2_test' is not defined (did you mean 'ios_test'?)
ERROR: /private/var/tmp/_bazel_rakshithgb/fde7bc60972656b0c2db4fd0b79e24fb/external/com_googlesource_code_re2/BUILD:116:1: name 're2_test' is not defined (did you mean 'ios_test'?)
ERROR: /private/var/tmp/_bazel_rakshithgb/fde7bc60972656b0c2db4fd0b79e24fb/external/com_googlesource_code_re2/BUILD:118:1: name 're2_test' is not defined (did you mean 'ios_test'?)
ERROR: /private/var/tmp/_bazel_rakshithgb/fde7bc60972656b0c2db4fd0b79e24fb/external/com_googlesource_code_re2/BUILD:120:1: name 're2_test' is not defined (did you mean 'ios_test'?)
ERROR: /private/var/tmp/_bazel_rakshithgb/fde7bc60972656b0c2db4fd0b79e24fb/external/com_googlesource_code_re2/BUILD:122:1: name 're2_test' is not defined (did you mean 'ios_test'?)
ERROR: /private/var/tmp/_bazel_rakshithgb/fde7bc60972656b0c2db4fd0b79e24fb/external/com_googlesource_code_re2/BUILD:124:1: name 're2_test' is not defined (did you mean 'ios_test'?)
ERROR: /private/var/tmp/_bazel_rakshithgb/fde7bc60972656b0c2db4fd0b79e24fb/external/com_googlesource_code_re2/BUILD:126:1: name 're2_test' is not defined (did you mean 'ios_test'?)
ERROR: /private/var/tmp/_bazel_rakshithgb/fde7bc60972656b0c2db4fd0b79e24fb/external/com_googlesource_code_re2/BUILD:131:1: name 're2_test' is not defined (did you mean 'ios_test'?)
ERROR: /private/var/tmp/_bazel_rakshithgb/fde7bc60972656b0c2db4fd0b79e24fb/external/com_googlesource_code_re2/BUILD:136:1: name 're2_test' is not defined (did you mean 'ios_test'?)
ERROR: /private/var/tmp/_bazel_rakshithgb/fde7bc60972656b0c2db4fd0b79e24fb/external/com_googlesource_code_re2/BUILD:141:1: name 're2_test' is not defined (did you mean 'ios_test'?)
ERROR: /private/var/tmp/_bazel_rakshithgb/fde7bc60972656b0c2db4fd0b79e24fb/external/com_googlesource_code_re2/BUILD:146:1: name 're2_test' is not defined (did you mean 'ios_test'?)
ERROR: /private/var/tmp/_bazel_rakshithgb/fde7bc60972656b0c2db4fd0b79e24fb/external/com_googlesource_code_re2/BUILD:151:1: name 're2_test' is not defined (did you mean 'ios_test'?)
ERROR: /private/var/tmp/_bazel_rakshithgb/fde7bc60972656b0c2db4fd0b79e24fb/external/com_googlesource_code_re2/BUILD:11:1: Target '@com_googlesource_code_re2//:re2/bitmap256.h' contains an error and its package is in error and referenced by '@com_googlesource_code_re2//:re2'
ERROR: /private/var/tmp/_bazel_rakshithgb/fde7bc60972656b0c2db4fd0b79e24fb/external/com_googlesource_code_re2/BUILD:11:1: Target '@com_googlesource_code_re2//:re2/bitstate.cc' contains an error and its package is in error and referenced by '@com_googlesource_code_re2//:re2'
ERROR: /private/var/tmp/_bazel_rakshithgb/fde7bc60972656b0c2db4fd0b79e24fb/external/com_googlesource_code_re2/BUILD:11:1: Target '@com_googlesource_code_re2//:re2/compile.cc' contains an error and its package is in error and referenced by '@com_googlesource_code_re2//:re2'
ERROR: /private/var/tmp/_bazel_rakshithgb/fde7bc60972656b0c2db4fd0b79e24fb/external/com_googlesource_code_re2/BUILD:11:1: Target '@com_googlesource_code_re2//:re2/dfa.cc' contains an error and its package is in error and referenced by '@com_googlesource_code_re2//:re2'
ERROR: /private/var/tmp/_bazel_rakshithgb/fde7bc60972656b0c2db4fd0b79e24fb/external/com_googlesource_code_re2/BUILD:11:1: Target '@com_googlesource_code_re2//:re2/filtered_re2.cc' contains an error and its package is in error and referenced by '@com_googlesource_code_re2//:re2'
ERROR: /private/var/tmp/_bazel_rakshithgb/fde7bc60972656b0c2db4fd0b79e24fb/external/com_googlesource_code_re2/BUILD:11:1: Target '@com_googlesource_code_re2//:re2/mimics_pcre.cc' contains an error and its package is in error and referenced by '@com_googlesource_code_re2//:re2'
ERROR: /private/var/tmp/_bazel_rakshithgb/fde7bc60972656b0c2db4fd0b79e24fb/external/com_googlesource_code_re2/BUILD:11:1: Target '@com_googlesource_code_re2//:re2/nfa.cc' contains an error and its package is in error and referenced by '@com_googlesource_code_re2//:re2'
ERROR: /private/var/tmp/_bazel_rakshithgb/fde7bc60972656b0c2db4fd0b79e24fb/external/com_googlesource_code_re2/BUILD:11:1: Target '@com_googlesource_code_re2//:re2/onepass.cc' contains an error and its package is in error and referenced by '@com_googlesource_code_re2//:re2'
ERROR: /private/var/tmp/_bazel_rakshithgb/fde7bc60972656b0c2db4fd0b79e24fb/external/com_googlesource_code_re2/BUILD:11:1: Target '@com_googlesource_code_re2//:re2/parse.cc' contains an error and its package is in error and referenced by '@com_googlesource_code_re2//:re2'
ERROR: /private/var/tmp/_bazel_rakshithgb/fde7bc60972656b0c2db4fd0b79e24fb/external/com_googlesource_code_re2/BUILD:11:1: Target '@com_googlesource_code_re2//:re2/perl_groups.cc' contains an error and its package is in error and referenced by '@com_googlesource_code_re2//:re2'
ERROR: /private/var/tmp/_bazel_rakshithgb/fde7bc60972656b0c2db4fd0b79e24fb/external/com_googlesource_code_re2/BUILD:11:1: Target '@com_googlesource_code_re2//:re2/prefilter.cc' contains an error and its package is in error and referenced by '@com_googlesource_code_re2//:re2'
ERROR: /private/var/tmp/_bazel_rakshithgb/fde7bc60972656b0c2db4fd0b79e24fb/external/com_googlesource_code_re2/BUILD:11:1: Target '@com_googlesource_code_re2//:re2/prefilter.h' contains an error and its package is in error and referenced by '@com_googlesource_code_re2//:re2'
ERROR: /private/var/tmp/_bazel_rakshithgb/fde7bc60972656b0c2db4fd0b79e24fb/external/com_googlesource_code_re2/BUILD:11:1: Target '@com_googlesource_code_re2//:re2/prefilter_tree.cc' contains an error and its package is in error and referenced by '@com_googlesource_code_re2//:re2'
ERROR: /private/var/tmp/_bazel_rakshithgb/fde7bc60972656b0c2db4fd0b79e24fb/external/com_googlesource_code_re2/BUILD:11:1: Target '@com_googlesource_code_re2//:re2/prefilter_tree.h' contains an error and its package is in error and referenced by '@com_googlesource_code_re2//:re2'
ERROR: /private/var/tmp/_bazel_rakshithgb/fde7bc60972656b0c2db4fd0b79e24fb/external/com_googlesource_code_re2/BUILD:11:1: Target '@com_googlesource_code_re2//:re2/prog.cc' contains an error and its package is in error and referenced by '@com_googlesource_code_re2//:re2'
ERROR: /private/var/tmp/_bazel_rakshithgb/fde7bc60972656b0c2db4fd0b79e24fb/external/com_googlesource_code_re2/BUILD:11:1: Target '@com_googlesource_code_re2//:re2/prog.h' contains an error and its package is in error and referenced by '@com_googlesource_code_re2//:re2'
ERROR: /private/var/tmp/_bazel_rakshithgb/fde7bc60972656b0c2db4fd0b79e24fb/external/com_googlesource_code_re2/BUILD:11:1: Target '@com_googlesource_code_re2//:re2/re2.cc' contains an error and its package is in error and referenced by '@com_googlesource_code_re2//:re2'
ERROR: /private/var/tmp/_bazel_rakshithgb/fde7bc60972656b0c2db4fd0b79e24fb/external/com_googlesource_code_re2/BUILD:11:1: Target '@com_googlesource_code_re2//:re2/regexp.cc' contains an error and its package is in error and referenced by '@com_googlesource_code_re2//:re2'
ERROR: /private/var/tmp/_bazel_rakshithgb/fde7bc60972656b0c2db4fd0b79e24fb/external/com_googlesource_code_re2/BUILD:11:1: Target '@com_googlesource_code_re2//:re2/regexp.h' contains an error and its package is in error and referenced by '@com_googlesource_code_re2//:re2'
ERROR: /private/var/tmp/_bazel_rakshithgb/fde7bc60972656b0c2db4fd0b79e24fb/external/com_googlesource_code_re2/BUILD:11:1: Target '@com_googlesource_code_re2//:re2/set.cc' contains an error and its package is in error and referenced by '@com_googlesource_code_re2//:re2'
ERROR: /private/var/tmp/_bazel_rakshithgb/fde7bc60972656b0c2db4fd0b79e24fb/external/com_googlesource_code_re2/BUILD:11:1: Target '@com_googlesource_code_re2//:re2/simplify.cc' contains an error and its package is in error and referenced by '@com_googlesource_code_re2//:re2'
ERROR: /private/var/tmp/_bazel_rakshithgb/fde7bc60972656b0c2db4fd0b79e24fb/external/com_googlesource_code_re2/BUILD:11:1: Target '@com_googlesource_code_re2//:re2/stringpiece.cc' contains an error and its package is in error and referenced by '@com_googlesource_code_re2//:re2'
ERROR: /private/var/tmp/_bazel_rakshithgb/fde7bc60972656b0c2db4fd0b79e24fb/external/com_googlesource_code_re2/BUILD:11:1: Target '@com_googlesource_code_re2//:re2/tostring.cc' contains an error and its package is in error and referenced by '@com_googlesource_code_re2//:re2'
ERROR: /private/var/tmp/_bazel_rakshithgb/fde7bc60972656b0c2db4fd0b79e24fb/external/com_googlesource_code_re2/BUILD:11:1: Target '@com_googlesource_code_re2//:re2/unicode_casefold.cc' contains an error and its package is in error and referenced by '@com_googlesource_code_re2//:re2'
ERROR: /private/var/tmp/_bazel_rakshithgb/fde7bc60972656b0c2db4fd0b79e24fb/external/com_googlesource_code_re2/BUILD:11:1: Target '@com_googlesource_code_re2//:re2/unicode_casefold.h' contains an error and its package is in error and referenced by '@com_googlesource_code_re2//:re2'
ERROR: /private/var/tmp/_bazel_rakshithgb/fde7bc60972656b0c2db4fd0b79e24fb/external/com_googlesource_code_re2/BUILD:11:1: Target '@com_googlesource_code_re2//:re2/unicode_groups.cc' contains an error and its package is in error and referenced by '@com_googlesource_code_re2//:re2'
ERROR: /private/var/tmp/_bazel_rakshithgb/fde7bc60972656b0c2db4fd0b79e24fb/external/com_googlesource_code_re2/BUILD:11:1: Target '@com_googlesource_code_re2//:re2/unicode_groups.h' contains an error and its package is in error and referenced by '@com_googlesource_code_re2//:re2'
ERROR: /private/var/tmp/_bazel_rakshithgb/fde7bc60972656b0c2db4fd0b79e24fb/external/com_googlesource_code_re2/BUILD:11:1: Target '@com_googlesource_code_re2//:re2/walker-inl.h' contains an error and its package is in error and referenced by '@com_googlesource_code_re2//:re2'
ERROR: /private/var/tmp/_bazel_rakshithgb/fde7bc60972656b0c2db4fd0b79e24fb/external/com_googlesource_code_re2/BUILD:11:1: Target '@com_googlesource_code_re2//:util/flags.h' contains an error and its package is in error and referenced by '@com_googlesource_code_re2//:re2'
ERROR: /private/var/tmp/_bazel_rakshithgb/fde7bc60972656b0c2db4fd0b79e24fb/external/com_googlesource_code_re2/BUILD:11:1: Target '@com_googlesource_code_re2//:util/logging.h' contains an error and its package is in error and referenced by '@com_googlesource_code_re2//:re2'
ERROR: /private/var/tmp/_bazel_rakshithgb/fde7bc60972656b0c2db4fd0b79e24fb/external/com_googlesource_code_re2/BUILD:11:1: Target '@com_googlesource_code_re2//:util/mix.h' contains an error and its package is in error and referenced by '@com_googlesource_code_re2//:re2'
ERROR: /private/var/tmp/_bazel_rakshithgb/fde7bc60972656b0c2db4fd0b79e24fb/external/com_googlesource_code_re2/BUILD:11:1: Target '@com_googlesource_code_re2//:util/mutex.h' contains an error and its package is in error and referenced by '@com_googlesource_code_re2//:re2'
ERROR: /private/var/tmp/_bazel_rakshithgb/fde7bc60972656b0c2db4fd0b79e24fb/external/com_googlesource_code_re2/BUILD:11:1: Target '@com_googlesource_code_re2//:util/rune.cc' contains an error and its package is in error and referenced by '@com_googlesource_code_re2//:re2'
ERROR: /private/var/tmp/_bazel_rakshithgb/fde7bc60972656b0c2db4fd0b79e24fb/external/com_googlesource_code_re2/BUILD:11:1: Target '@com_googlesource_code_re2//:util/sparse_array.h' contains an error and its package is in error and referenced by '@com_googlesource_code_re2//:re2'
ERROR: /private/var/tmp/_bazel_rakshithgb/fde7bc60972656b0c2db4fd0b79e24fb/external/com_googlesource_code_re2/BUILD:11:1: Target '@com_googlesource_code_re2//:util/sparse_set.h' contains an error and its package is in error and referenced by '@com_googlesource_code_re2//:re2'
ERROR: /private/var/tmp/_bazel_rakshithgb/fde7bc60972656b0c2db4fd0b79e24fb/external/com_googlesource_code_re2/BUILD:11:1: Target '@com_googlesource_code_re2//:util/strutil.cc' contains an error and its package is in error and referenced by '@com_googlesource_code_re2//:re2'
ERROR: /private/var/tmp/_bazel_rakshithgb/fde7bc60972656b0c2db4fd0b79e24fb/external/com_googlesource_code_re2/BUILD:11:1: Target '@com_googlesource_code_re2//:util/strutil.h' contains an error and its package is in error and referenced by '@com_googlesource_code_re2//:re2'
ERROR: /private/var/tmp/_bazel_rakshithgb/fde7bc60972656b0c2db4fd0b79e24fb/external/com_googlesource_code_re2/BUILD:11:1: Target '@com_googlesource_code_re2//:util/utf.h' contains an error and its package is in error and referenced by '@com_googlesource_code_re2//:re2'
ERROR: /private/var/tmp/_bazel_rakshithgb/fde7bc60972656b0c2db4fd0b79e24fb/external/com_googlesource_code_re2/BUILD:11:1: Target '@com_googlesource_code_re2//:util/util.h' contains an error and its package is in error and referenced by '@com_googlesource_code_re2//:re2'
ERROR: /private/var/tmp/_bazel_rakshithgb/fde7bc60972656b0c2db4fd0b79e24fb/external/com_googlesource_code_re2/BUILD:11:1: Target '@com_googlesource_code_re2//:re2/filtered_re2.h' contains an error and its package is in error and referenced by '@com_googlesource_code_re2//:re2'
ERROR: /private/var/tmp/_bazel_rakshithgb/fde7bc60972656b0c2db4fd0b79e24fb/external/com_googlesource_code_re2/BUILD:11:1: Target '@com_googlesource_code_re2//:re2/re2.h' contains an error and its package is in error and referenced by '@com_googlesource_code_re2//:re2'
ERROR: /private/var/tmp/_bazel_rakshithgb/fde7bc60972656b0c2db4fd0b79e24fb/external/com_googlesource_code_re2/BUILD:11:1: Target '@com_googlesource_code_re2//:re2/set.h' contains an error and its package is in error and referenced by '@com_googlesource_code_re2//:re2'
ERROR: /private/var/tmp/_bazel_rakshithgb/fde7bc60972656b0c2db4fd0b79e24fb/external/com_googlesource_code_re2/BUILD:11:1: Target '@com_googlesource_code_re2//:re2/stringpiece.h' contains an error and its package is in error and referenced by '@com_googlesource_code_re2//:re2'
ERROR: /Users/rakshithgb/Documents/Tensorflow/tensorflow/tensorflow/core/platform/default/build_config/BUILD:115:1: Target '@com_googlesource_code_re2//:re2' contains an error and its package is in error and referenced by '//tensorflow/core/platform/default/build_config:platformlib'
ERROR: /Users/rakshithgb/Documents/Tensorflow/tensorflow/third_party/eigen3/BUILD:20:1: Target '@local_config_sycl//sycl:sycl' contains an error and its package is in error and referenced by '//third_party/eigen3:eigen3'
ERROR: /Users/rakshithgb/Documents/Tensorflow/tensorflow/tensorflow/core/kernels/BUILD:3169:1: Target '@local_config_sycl//sycl:using_sycl' contains an error and its package is in error and referenced by '//tensorflow/core/kernels:pooling_ops'
ERROR: /Users/rakshithgb/Documents/Tensorflow/tensorflow/tensorflow/core/kernels/BUILD:3798:1: Target '@local_config_sycl//sycl:using_sycl' contains an error and its package is in error and referenced by '//tensorflow/core/kernels:variable_ops'
ERROR: /Users/rakshithgb/Documents/Tensorflow/tensorflow/tensorflow/core/kernels/BUILD:717:1: Target '@local_config_sycl//sycl:using_sycl' contains an error and its package is in error and referenced by '//tensorflow/core/kernels:compare_and_bitpack_op'
ERROR: /Users/rakshithgb/Documents/Tensorflow/tensorflow/tensorflow/core/kernels/BUILD:3776:1: Target '@local_config_sycl//sycl:using_sycl' contains an error and its package is in error and referenced by '//tensorflow/core/kernels:scatter_nd_op'
ERROR: /Users/rakshithgb/Documents/Tensorflow/tensorflow/tensorflow/core/kernels/BUILD:3764:1: Target '@local_config_sycl//sycl:using_sycl' contains an error and its package is in error and referenced by '//tensorflow/core/kernels:dense_update_ops'
ERROR: /Users/rakshithgb/Documents/Tensorflow/tensorflow/tensorflow/core/kernels/BUILD:643:1: Target '@local_config_sycl//sycl:using_sycl' contains an error and its package is in error and referenced by '//tensorflow/core/kernels:gather_op'
ERROR: /Users/rakshithgb/Documents/Tensorflow/tensorflow/tensorflow/core/kernels/BUILD:607:1: Target '@local_config_sycl//sycl:using_sycl' contains an error and its package is in error and referenced by '//tensorflow/core/kernels:bitcast_op'
ERROR: /Users/rakshithgb/Documents/Tensorflow/tensorflow/tensorflow/core/kernels/BUILD:619:1: Target '@local_config_sycl//sycl:using_sycl' contains an error and its package is in error and referenced by '//tensorflow/core/kernels:constant_op'
ERROR: /Users/rakshithgb/Documents/Tensorflow/tensorflow/tensorflow/core/kernels/BUILD:625:1: Target '@local_config_sycl//sycl:using_sycl' contains an error and its package is in error and referenced by '//tensorflow/core/kernels:diag_op'
ERROR: /Users/rakshithgb/Documents/Tensorflow/tensorflow/tensorflow/core/kernels/BUILD:631:1: Target '@local_config_sycl//sycl:using_sycl' contains an error and its package is in error and referenced by '//tensorflow/core/kernels:edit_distance_op'
ERROR: /Users/rakshithgb/Documents/Tensorflow/tensorflow/tensorflow/core/kernels/BUILD:687:1: Target '@local_config_sycl//sycl:using_sycl' contains an error and its package is in error and referenced by '//tensorflow/core/kernels:mirror_pad_op'
ERROR: /Users/rakshithgb/Documents/Tensorflow/tensorflow/tensorflow/core/kernels/BUILD:711:1: Target '@local_config_sycl//sycl:using_sycl' contains an error and its package is in error and referenced by '//tensorflow/core/kernels:quantize_and_dequantize_op'
ERROR: /Users/rakshithgb/Documents/Tensorflow/tensorflow/tensorflow/core/kernels/BUILD:787:1: Target '@local_config_sycl//sycl:using_sycl' contains an error and its package is in error and referenced by '//tensorflow/core/kernels:split_v_op'
ERROR: /Users/rakshithgb/Documents/Tensorflow/tensorflow/tensorflow/core/kernels/BUILD:774:1: Target '@local_config_sycl//sycl:using_sycl' contains an error and its package is in error and referenced by '//tensorflow/core/kernels:slice_op'
ERROR: /Users/rakshithgb/Documents/Tensorflow/tensorflow/tensorflow/core/kernels/BUILD:3770:1: Target '@local_config_sycl//sycl:using_sycl' contains an error and its package is in error and referenced by '//tensorflow/core/kernels:scatter_op'
ERROR: /Users/rakshithgb/Documents/Tensorflow/tensorflow/tensorflow/core/kernels/BUILD:3758:1: Target '@local_config_sycl//sycl:using_sycl' contains an error and its package is in error and referenced by '//tensorflow/core/kernels:count_up_to_op'
ERROR: /Users/rakshithgb/Documents/Tensorflow/tensorflow/tensorflow/core/BUILD:2215:1: Target '@local_config_sycl//sycl:sycl' contains an error and its package is in error and referenced by '//tensorflow/core:sycl_runtime'
ERROR: /Users/rakshithgb/Documents/Tensorflow/tensorflow/tensorflow/core/kernels/BUILD:780:1: Target '@local_config_sycl//sycl:using_sycl' contains an error and its package is in error and referenced by '//tensorflow/core/kernels:split_op'
ERROR: /Users/rakshithgb/Documents/Tensorflow/tensorflow/tensorflow/core/kernels/BUILD:681:1: Target '@local_config_sycl//sycl:using_sycl' contains an error and its package is in error and referenced by '//tensorflow/core/kernels:matrix_set_diag_op'
ERROR: /Users/rakshithgb/Documents/Tensorflow/tensorflow/tensorflow/core/kernels/BUILD:601:1: Target '@local_config_sycl//sycl:using_sycl' contains an error and its package is in error and referenced by '//tensorflow/core/kernels:bcast_ops'
ERROR: /Users/rakshithgb/Documents/Tensorflow/tensorflow/tensorflow/core/kernels/BUILD:756:1: Target '@local_config_sycl//sycl:using_sycl' contains an error and its package is in error and referenced by '//tensorflow/core/kernels:reverse_op'
ERROR: /Users/rakshithgb/Documents/Tensorflow/tensorflow/tensorflow/core/kernels/BUILD:699:1: Target '@local_config_sycl//sycl:using_sycl' contains an error and its package is in error and referenced by '//tensorflow/core/kernels:pack_op'
ERROR: /Users/rakshithgb/Documents/Tensorflow/tensorflow/tensorflow/core/kernels/BUILD:813:1: Target '@local_config_sycl//sycl:using_sycl' contains an error and its package is in error and referenced by '//tensorflow/core/kernels:transpose_op'
ERROR: /Users/rakshithgb/Documents/Tensorflow/tensorflow/tensorflow/core/kernels/BUILD:705:1: Target '@local_config_sycl//sycl:using_sycl' contains an error and its package is in error and referenced by '//tensorflow/core/kernels:pad_op'
ERROR: /Users/rakshithgb/Documents/Tensorflow/tensorflow/tensorflow/core/kernels/BUILD:693:1: Target '@local_config_sycl//sycl:using_sycl' contains an error and its package is in error and referenced by '//tensorflow/core/kernels:one_hot_op'
ERROR: /Users/rakshithgb/Documents/Tensorflow/tensorflow/tensorflow/core/kernels/BUILD:649:1: Target '@local_config_sycl//sycl:using_sycl' contains an error and its package is in error and referenced by '//tensorflow/core/kernels:identity_op'
ERROR: /Users/rakshithgb/Documents/Tensorflow/tensorflow/tensorflow/core/kernels/BUILD:661:1: Target '@local_config_sycl//sycl:using_sycl' contains an error and its package is in error and referenced by '//tensorflow/core/kernels:listdiff_op'
ERROR: /Users/rakshithgb/Documents/Tensorflow/tensorflow/tensorflow/core/kernels/BUILD:533:1: Target '@local_config_sycl//sycl:using_sycl' contains an error and its package is in error and referenced by '//tensorflow/core/kernels:immutable_constant_op'
ERROR: /Users/rakshithgb/Documents/Tensorflow/tensorflow/tensorflow/core/kernels/BUILD:655:1: Target '@local_config_sycl//sycl:using_sycl' contains an error and its package is in error and referenced by '//tensorflow/core/kernels:identity_n_op'
ERROR: /Users/rakshithgb/Documents/Tensorflow/tensorflow/tensorflow/core/kernels/BUILD:613:1: Target '@local_config_sycl//sycl:using_sycl' contains an error and its package is in error and referenced by '//tensorflow/core/kernels:concat_op'
ERROR: /Users/rakshithgb/Documents/Tensorflow/tensorflow/tensorflow/core/kernels/BUILD:675:1: Target '@local_config_sycl//sycl:using_sycl' contains an error and its package is in error and referenced by '//tensorflow/core/kernels:matrix_diag_op'
ERROR: /Users/rakshithgb/Documents/Tensorflow/tensorflow/tensorflow/core/kernels/BUILD:839:1: Target '@local_config_sycl//sycl:using_sycl' contains an error and its package is in error and referenced by '//tensorflow/core/kernels:where_op'
ERROR: /Users/rakshithgb/Documents/Tensorflow/tensorflow/tensorflow/core/kernels/BUILD:762:1: Target '@local_config_sycl//sycl:using_sycl' contains an error and its package is in error and referenced by '//tensorflow/core/kernels:reverse_sequence_op'
ERROR: /Users/rakshithgb/Documents/Tensorflow/tensorflow/tensorflow/core/kernels/BUILD:794:1: Target '@local_config_sycl//sycl:using_sycl' contains an error and its package is in error and referenced by '//tensorflow/core/kernels:inplace_ops'
ERROR: /Users/rakshithgb/Documents/Tensorflow/tensorflow/tensorflow/core/kernels/BUILD:827:1: Target '@local_config_sycl//sycl:using_sycl' contains an error and its package is in error and referenced by '//tensorflow/core/kernels:unique_op'
ERROR: /Users/rakshithgb/Documents/Tensorflow/tensorflow/tensorflow/core/kernels/BUILD:768:1: Target '@local_config_sycl//sycl:using_sycl' contains an error and its package is in error and referenced by '//tensorflow/core/kernels:shape_ops'
ERROR: /Users/rakshithgb/Documents/Tensorflow/tensorflow/tensorflow/core/kernels/BUILD:667:1: Target '@local_config_sycl//sycl:using_sycl' contains an error and its package is in error and referenced by '//tensorflow/core/kernels:matrix_band_part_op'
ERROR: /Users/rakshithgb/Documents/Tensorflow/tensorflow/tensorflow/core/kernels/BUILD:637:1: Target '@local_config_sycl//sycl:using_sycl' contains an error and its package is in error and referenced by '//tensorflow/core/kernels:gather_nd_op'
ERROR: /Users/rakshithgb/Documents/Tensorflow/tensorflow/tensorflow/core/kernels/BUILD:750:1: Target '@local_config_sycl//sycl:using_sycl' contains an error and its package is in error and referenced by '//tensorflow/core/kernels:reshape_op'
ERROR: /Users/rakshithgb/Documents/Tensorflow/tensorflow/tensorflow/core/kernels/BUILD:800:1: Target '@local_config_sycl//sycl:using_sycl' contains an error and its package is in error and referenced by '//tensorflow/core/kernels:tile_ops'
ERROR: /Users/rakshithgb/Documents/Tensorflow/tensorflow/tensorflow/core/kernels/BUILD:833:1: Target '@local_config_sycl//sycl:using_sycl' contains an error and its package is in error and referenced by '//tensorflow/core/kernels:unpack_op'
ERROR: /Users/rakshithgb/Documents/Tensorflow/tensorflow/tensorflow/core/kernels/BUILD:550:1: Target '@local_config_sycl//sycl:using_sycl' contains an error and its package is in error and referenced by '//tensorflow/core/kernels:debug_ops'
ERROR: /Users/rakshithgb/Documents/Tensorflow/tensorflow/tensorflow/tools/pip_package/BUILD:101:1: Target '@com_googlesource_code_re2//:LICENSE' contains an error and its package is in error and referenced by '//tensorflow/tools/pip_package:licenses'
ERROR: /Users/rakshithgb/Documents/Tensorflow/tensorflow/tensorflow/tools/pip_package/BUILD:101:1: Target '@local_config_sycl//sycl:LICENSE.text' contains an error and its package is in error and referenced by '//tensorflow/tools/pip_package:licenses'
WARNING: errors encountered while analyzing target '//tensorflow/tools/pip_package:build_pip_package': it will not be built
INFO: Analysed target //tensorflow/tools/pip_package:build_pip_package (204 packages loaded).
INFO: Found 0 targets...
ERROR: command succeeded, but there were errors parsing the target pattern
INFO: Elapsed time: 51.902s, Critical Path: 0.02s
FAILED: Build did NOT complete successfully