tf1.2.1 can't build on Ubuntu 16.04 pyenv

I can't build tf1.2.1 from source. on ubuntu 16.04 and pyenv.
tf1.0, tf1.1 are ok to be build normally.
System information

Ubuntu 16.04
tf from git checkout r1.2
python 3.5.2
bazel 0.5.2 (from deb)
CUDA 8.0, cudnn5
GTX 1080ti x2

python environment
pyenv install 3.5.2
pyenv virtualenv 3.5.2 tf1.2
pyenv local tf1.2

required packages on https://www.tensorflow.org/install/install_sources are all installed.
my config
cat cat .tf_configure.bazelrc
build --action_env PYTHON_BIN_PATH="/home/yusuke/.pyenv/shims/python"                                                                                                                                        
build --action_env PYTHON_LIB_PATH="/home/yusuke/.pyenv/versions/tf1.2/lib/python3.5/site-packages"
build --define PYTHON_BIN_PATH="/home/yusuke/.pyenv/shims/python"
build --define PYTHON_LIB_PATH="/home/yusuke/.pyenv/versions/tf1.2/lib/python3.5/site-packages"
build --force_python=py3
build --host_force_python=py3
build --python3_path="/home/yusuke/.pyenv/shims/python"
test --force_python=py3
test --host_force_python=py3
test --define PYTHON_BIN_PATH="/home/yusuke/.pyenv/shims/python"
test --define PYTHON_LIB_PATH="/home/yusuke/.pyenv/versions/tf1.2/lib/python3.5/site-packages"
run --define PYTHON_BIN_PATH="/home/yusuke/.pyenv/shims/python"
run --define PYTHON_LIB_PATH="/home/yusuke/.pyenv/versions/tf1.2/lib/python3.5/site-packages"
build --define with_jemalloc=true
build --define with_xla_support=true
build:opt --cxxopt=-march=native --copt=-march=native
build --action_env TF_NEED_CUDA="1"
build --action_env TF_NEED_OPENCL="0"
build --action_env TF_CUDA_CLANG="0"
build --action_env CUDA_TOOLKIT_PATH="/usr/local/cuda"
build --action_env TF_CUDA_VERSION="8.0"
build --action_env GCC_HOST_COMPILER_PATH="/usr/bin/gcc"
build --action_env TF_CUDNN_VERSION="5"
build --action_env CUDNN_INSTALL_PATH="/usr/local/cuda-8.0"
build --action_env TF_CUDA_COMPUTE_CAPABILITIES="6.1"

fail logs
command
$ bazel build --config=opt --config=cuda //tensorflow/tools/pip_package:build_pip_package --verbose_failures --action_env=PYENV_VERSION=tf1.2
 --action_env=PYENV_ROOT="$HOME/.pyenv" --action_env=PATH="$PYENV_ROOT/bin:$PATH" --action_env=PYENV_VIRTUAL_ENV=/home/yusuke/.pyenv/versions/3.5.2/envs/tf1.2 --action_env=VIRTUAL_ENV=/home/yusuke/.pyenv/v
ersions/3.5.2/envs/tf1.2 --action_env=PYENV_ROOT=/home/yusuke/.pyenv --action_env=PYENV_SHELL=bash --action_env=DYLD_LIBRARY_PATH=/usr/local/cuda/lib:/usr/local/cuda/lib --action_env=LD_LIBRARY_PATH=/usr/l
ocal/cuda/lib:/usr/local/cuda/lib: --action_env=PYENV_VIRTUALENV_INIT=1 -s 

error log
ERROR: /home/yusuke/.cache/bazel/_bazel_yusuke/072dea721cfe39744fc124596230e888/external/farmhash_archive/BUILD.bazel:12:1: C++ compilation of rule '@farmhash_archive//:farmhash' failed: crosstool_wrapper_driver_is_not_gcc failed: error executing command 
  (cd /home/yusuke/.cache/bazel/_bazel_yusuke/072dea721cfe39744fc124596230e888/execroot/org_tensorflow && \
  exec env - \
    LD_LIBRARY_PATH=/usr/local/cuda/lib:/usr/local/cuda/lib: \
    PATH=/home/yusuke/bin:/home/yusuke/.local/bin:/home/yusuke/.local/bin:/home/yusuke/.pyenv/plugins/pyenv-virtualenv/shims:/home/yusuke/.pyenv/shims:/home/yusuke/.pyenv/bin:/home/yusuke/bin:/home/yusuke/.local/bin:/home/yusuke/.local/bin:/home/yusuke/.pyenv/plugins/pyenv-virtualenv/shims:/home/yusuke/.pyenv/shims:/home/yusuke/.pyenv/bin:/usr/local/sbin:/usr/local/bin:/usr/sbin:/usr/bin:/sbin:/bin:/usr/games:/usr/local/games:/snap/bin:/usr/local/cuda/bin:/snap/bin:/usr/local/cuda/bin \
    PWD=/proc/self/cwd \
  external/local_config_cuda/crosstool/clang/bin/crosstool_wrapper_driver_is_not_gcc -U_FORTIFY_SOURCE '-D_FORTIFY_SOURCE=1' -fstack-protector -fPIE -Wall -Wunused-but-set-parameter -Wno-free-nonheap-object -fno-omit-frame-pointer -g0 -O2 -DNDEBUG -ffunction-sections -fdata-sections -g0 '-std=c++11' -g0 -MD -MF bazel-out/host/bin/external/farmhash_archive/_objs/farmhash/external/farmhash_archive/src/farmhash.d '-frandom-seed=bazel-out/host/bin/external/farmhash_archive/_objs/farmhash/external/farmhash_archive/src/farmhash.o' -iquote external/farmhash_archive -iquote bazel-out/host/genfiles/external/farmhash_archive -iquote external/bazel_tools -iquote bazel-out/host/genfiles/external/bazel_tools -isystem external/farmhash_archive/src -isystem bazel-out/host/genfiles/external/farmhash_archive/src -isystem external/bazel_tools/tools/cpp/gcc3 -no-canonical-prefixes -Wno-builtin-macro-redefined '-D__DATE__="redacted"' '-D__TIMESTAMP__="redacted"' '-D__TIME__="redacted"' -fno-canonical-system-headers -c external/farmhash_archive/src/farmhash.cc -o bazel-out/host/bin/external/farmhash_archive/_objs/farmhash/external/farmhash_archive/src/farmhash.o): com.google.devtools.build.lib.shell.BadExitStatusException: Process exited with status 2.
python: can't open file 'external/local_config_cuda/crosstool/clang/bin/crosstool_wrapper_driver_is_not_gcc': [Errno 2] No such file or directory
Target //tensorflow/tools/pip_package:build_pip_package failed to build
INFO: Elapsed time: 0.345s, Critical Path: 0.07s

other command
$ bazel build --config=opt --config=cuda //tensorflow/tools/pip_package:build_pip_package --verbose_failures  -s

error log
ERROR: /home/yusuke/.cache/bazel/_bazel_yusuke/072dea721cfe39744fc124596230e888/external/protobuf/BUILD:241:1: C++ compilation of rule '@protobuf//:js_embed' failed: crosstool_wrapper_driver_is_not_gcc failed: error executing command 
  (cd /home/yusuke/.cache/bazel/_bazel_yusuke/072dea721cfe39744fc124596230e888/execroot/org_tensorflow && \
  exec env - \
    LD_LIBRARY_PATH=/usr/local/cuda/lib:/usr/local/cuda/lib: \
    PATH=/home/yusuke/bin:/home/yusuke/.local/bin:/home/yusuke/.local/bin:/home/yusuke/.pyenv/plugins/pyenv-virtualenv/shims:/home/yusuke/.pyenv/shims:/home/yusuke/.pyenv/bin:/home/yusuke/bin:/home/yusuke/.local/bin:/home/yusuke/.local/bin:/home/yusuke/.pyenv/plugins/pyenv-virtualenv/shims:/home/yusuke/.pyenv/shims:/home/yusuke/.pyenv/bin:/usr/local/sbin:/usr/local/bin:/usr/sbin:/usr/bin:/sbin:/bin:/usr/games:/usr/local/games:/snap/bin:/usr/local/cuda/bin:/snap/bin:/usr/local/cuda/bin \
    PWD=/proc/self/cwd \
  external/local_config_cuda/crosstool/clang/bin/crosstool_wrapper_driver_is_not_gcc -U_FORTIFY_SOURCE '-D_FORTIFY_SOURCE=1' -fstack-protector -fPIE -Wall -Wunused-but-set-parameter -Wno-free-nonheap-object -fno-omit-frame-pointer -g0 -O2 -DNDEBUG -ffunction-sections -fdata-sections -g0 '-std=c++11' -g0 -MD -MF bazel-out/host/bin/external/protobuf/_objs/js_embed/external/protobuf/src/google/protobuf/compiler/js/embed.d '-frandom-seed=bazel-out/host/bin/external/protobuf/_objs/js_embed/external/protobuf/src/google/protobuf/compiler/js/embed.o' -iquote external/protobuf -iquote bazel-out/host/genfiles/external/protobuf -iquote external/bazel_tools -iquote bazel-out/host/genfiles/external/bazel_tools -isystem external/bazel_tools/tools/cpp/gcc3 -no-canonical-prefixes -Wno-builtin-macro-redefined '-D__DATE__="redacted"' '-D__TIMESTAMP__="redacted"' '-D__TIME__="redacted"' -fno-canonical-system-headers -c external/protobuf/src/google/protobuf/compiler/js/embed.cc -o bazel-out/host/bin/external/protobuf/_objs/js_embed/external/protobuf/src/google/protobuf/compiler/js/embed.o): com.google.devtools.build.lib.shell.BadExitStatusException: Process exited with status 2.
python: can't open file 'external/local_config_cuda/crosstool/clang/bin/crosstool_wrapper_driver_is_not_gcc': [Errno 2] No such file or directory
Target //tensorflow/tools/pip_package:build_pip_package failed to build
INFO: Elapsed time: 0.417s, Critical Path: 0.08s