Error: C++ compilation of rule '@protobuf_archive//:protobuf_lite' failed

I am trying to build tensorflow inference library using the instructions here.

System information

Have I written custom code (as opposed to using a stock example script provided in TensorFlow): No
OS Platform and Distribution (e.g., Linux Ubuntu 16.04): Ubuntu 16.04.4 LTS
TensorFlow installed from (source or binary): Source
TensorFlow version (use command below):  Master (10be1f2)
Python version: Python 3.6.3 :: Anaconda custom (64-bit)
Bazel version (if compiling from source): 0.11.1
GCC/Compiler version (if compiling from source): 5.4.0
CUDA/cuDNN version: 9.0
GPU model and memory: Tesla K80 12GB
Exact command to reproduce: bazel build -c opt //tensorflow/contrib/android:libtensorflow_inference.so --crosstool_top=//external:android/crosstool --host_crosstool_top=@bazel_tools//tools/cpp:toolchain --cpu=armeabi-v7a --verbose_failures

Describe the problem
Bazel build is failing with the error C++ compilation of rule '@protobuf_archive//:protobuf_lite' failed.
The full error is pasted below. I have tried bazel clean.
Source code / logs
ERROR: /home/ubuntu/.cache/bazel/_bazel_ubuntu/ad1e09741bb4109fbc70ef8216b59ee2/external/protobuf_archive/BUILD:66:1: C++ compilation of rule '@protobuf_archive//:protobuf_lite' failed (Exit 1): false failed: error executing command 
  (cd /home/ubuntu/.cache/bazel/_bazel_ubuntu/ad1e09741bb4109fbc70ef8216b59ee2/execroot/org_tensorflow && \
  exec env - \
    PWD=/proc/self/cwd \
  /bin/false -MD -MF bazel-out/armeabi-v7a-opt/bin/external/protobuf_archive/_objs/protobuf_lite/external/protobuf_archive/src/google/protobuf/arena.pic.d '-frandom-seed=bazel-out/armeabi-v7a-opt/bin/external/protobuf_archive/_objs/protobuf_lite/external/protobuf_archive/src/google/protobuf/arena.pic.o' -fPIC -iquote external/protobuf_archive -iquote bazel-out/armeabi-v7a-opt/genfiles/external/protobuf_archive -iquote external/bazel_tools -iquote bazel-out/armeabi-v7a-opt/genfiles/external/bazel_tools -isystem external/protobuf_archive/src -isystem bazel-out/armeabi-v7a-opt/genfiles/external/protobuf_archive/src -isystem external/bazel_tools/tools/cpp/gcc3 -DHAVE_PTHREAD -Wall -Wwrite-strings -Woverloaded-virtual -Wno-sign-compare -Wno-unused-function -Wno-writable-strings -c external/protobuf_archive/src/google/protobuf/arena.cc -o bazel-out/armeabi-v7a-opt/bin/external/protobuf_archive/_objs/protobuf_lite/external/protobuf_archive/src/google/protobuf/arena.pic.o)
Target //tensorflow/contrib/android:libtensorflow_inference.so failed to build
INFO: Elapsed time: 3.864s, Critical Path: 0.01s
FAILED: Build did NOT complete successfully