Bazel build  error loading package 'tensorflow/core': Encountered error while reading extension file 'protobuf.bzl': no such package '@protobuf//': Traceback (most recent call last):

I'm trying to build a simple script,  however while compiling i get the following error:
ERROR: C:/users/john/downloads/tensorflow-master/tensorflow/loader/BUILD:1:1: error loading package 'tensorflow/core': Encountered error while reading extension file 'protobuf.bzl': no such package '@protobuf//': Traceback (most recent call last):
File "C:/users/john/downloads/tensorflow-master/tensorflow/workspace.bzl", line 88
_apply_patch(repo_ctx, repo_ctx.attr.patch_file)
File "C:/users/john/downloads/tensorflow-master/tensorflow/workspace.bzl", line 79, in _apply_patch
_execute_and_check_ret_code(repo_ctx, ["patch", "-p1", "-d", r...), <2 more arguments>])
File "C:/users/john/downloads/tensorflow-master/tensorflow/workspace.bzl", line 71, in _execute_and_check_ret_code
fail("Non-zero return code({1}) when ..., <2 more arguments>))
Non-zero return code(256) when executing 'patch -p1 -d C:/tools/msys64/tmp/_bazel_john/mzdlugz6/external/protobuf -i C:/users/john/downloads/tensorflow-master/third_party/protobuf/add_noinlines.patch':
Stdout:
Stderr: java.io.IOException: CreateProcess(): The system cannot find the file specified.
and referenced by '//tensorflow/loader:test850.dll'.
protobuf is installed:
$ protoc --version
libprotoc 3.2.0
$ bazel version
Build label: 0.4.5
Build target: bazel-out/local-fastbuild/bin/src/main/java/com/google/devtools/build/lib/bazel/BazelServer_deploy.jar
Build time: Thu Mar 16 13:02:06 2017 (1489669326)
Build timestamp: 1489669326
Build timestamp as int: 1489669326
I have build bazel with chocolatery as described on the bazel site.
Tried solution from issue #5029 (although the error is different). If i run the exact same script with bazel on a mac everything is fine and the build completes (no this is unfortunate not a solution). So i know the problem is with windows bazel and maybe the paths?
Also tried to compile with CMAKE however with no succes