Problem trying to install iOS example

I get this problem when running compile_ios_tensorflow.sh
I tried cloning TensorFlow again, download dependencies and compile_ios_protobuf.sh but the problem persists.
Undefined symbols for architecture armv7:
  "tensorflow::OptimizationPassRegistry::Global()", referenced from:
      tensorflow::SimpleGraphExecutionState::InitBaseGraph(tensorflow::BuildGraphOptions const&) in libtensorflow-core-armv7.a(simple_graph_execution_state.o)
      tensorflow::SimpleGraphExecutionState::BuildGraph(tensorflow::BuildGraphOptions const&, std::__1::unique_ptr<tensorflow::SimpleClientGraph, std::__1::default_delete<tensorflow::SimpleClientGraph> >*) in libtensorflow-core-armv7.a(simple_graph_execution_state.o)
  "tensorflow::OptimizationPassRegistry::RunGrouping(tensorflow::OptimizationPassRegistry::Grouping, tensorflow::GraphOptimizationPassOptions const&)", referenced from:
      tensorflow::SimpleGraphExecutionState::InitBaseGraph(tensorflow::BuildGraphOptions const&) in libtensorflow-core-armv7.a(simple_graph_execution_state.o)
      tensorflow::SimpleGraphExecutionState::BuildGraph(tensorflow::BuildGraphOptions const&, std::__1::unique_ptr<tensorflow::SimpleClientGraph, std::__1::default_delete<tensorflow::SimpleClientGraph> >*) in libtensorflow-core-armv7.a(simple_graph_execution_state.o)
ld: symbol(s) not found for architecture armv7
clang: error: linker command failed with exit code 1 (use -v to see invocation)
make: *** [/Users/Kevin/Developer/tensorflow/tensorflow/contrib/makefile/gen/bin/benchmark] Error 1
+ '[' 2 -ne 0 ']'
+ echo 'armv7 compilation failed.'
armv7 compilation failed.
+ exit 1