Get error when compiling with gcc 6.4.0: error: mismatched argument pack lengths while expanding...

System information

Have I written custom code (as opposed to using a stock example script provided in TensorFlow): No
OS Platform and Distribution (e.g., Linux Ubuntu 16.04): Debian Testing buster/sid
TensorFlow installed from (source or binary): Source
TensorFlow version (use command below): 1cd76c2
Python version: 2.7.13
Bazel version (if compiling from source): 0.11.0
GCC/Compiler version (if compiling from source): 6.4.0
CUDA/cuDNN version: CUDA 9.0, cuDNN 7.0.5
GPU model and memory: Titan V
Exact command to reproduce:

bazel build  --config=opt --config=cuda //tensorflow/tools/pip_package:build_pip_package

Describe the problem
When compiling TensorFlow, I get the compilation error shown at the bottom of this post. This is the same error as #16246, but I am opening a new issue since the issue has been fixed, then broken again by 1cd76c2. The commit before 1cd76c2, e7ea87f, compiles fine.
According to this link, CUDA 9 does not support gcc 6.4.0, so it may not be possible to fix this. If so, this issue should be closed. But gcc 6.4.0 is currently the earliest version of gcc in Debian Testing (at least on our internal workstations), so I cannot compile TensorFlow otherwise.
/CC @gunan @jlebar
Source code / logs
INFO: From Compiling tensorflow/core/kernels/dynamic_stitch_op_gpu.cu.cc:
/usr/include/c++/6/tuple: In instantiation of 'static constexpr bool std::_TC<<anonymous>, _Elements>::_MoveConstructibleTuple() [with _UElements = {const std::tuple<int, int, int>&}; bool <anonymous> = true; _Elements = {int, int, int}]':
/usr/include/c++/6/tuple:626:248:   required by substitution of 'template<class ... _UElements, typename std::enable_if<(((std::_TC<(sizeof... (_UElements) == 1), int, int, int>::_NotSameTuple<_UElements ...>() && std::_TC<(1ul == sizeof... (_UElements)), int, int, int>::_MoveConstructibleTuple<_UElements ...>()) && std::_TC<(1ul == sizeof... (_UElements)), int, int, int>::_ImplicitlyMoveConvertibleTuple<_UElements ...>()) && (3ul >= 1)), bool>::type <anonymous> > constexpr std::tuple< <template-parameter-1-1> >::tuple(_UElements&& ...) [with _UElements = {const std::tuple<int, int, int>&}; typename std::enable_if<(((std::_TC<(sizeof... (_UElements) == 1), int, int, int>::_NotSameTuple<_UElements ...>() && std::_TC<(1ul == sizeof... (_UElements)), int, int, int>::_MoveConstructibleTuple<_UElements ...>()) && std::_TC<(1ul == sizeof... (_UElements)), int, int, int>::_ImplicitlyMoveConvertibleTuple<_UElements ...>()) && (3ul >= 1)), bool>::type <anonymous> = <missing>]'
./tensorflow/stream_executor/dnn.h:891:91:   required from here
/usr/include/c++/6/tuple:483:67: error: mismatched argument pack lengths while expanding 'std::is_constructible<_Elements, _UElements&&>'
       return __and_<is_constructible<_Elements, _UElements&&>...>::value;
                                                                   ^~~~~
/usr/include/c++/6/tuple:484:1: error: body of constexpr function 'static constexpr bool std::_TC<<anonymous>, _Elements>::_MoveConstructibleTuple() [with _UElements = {const std::tuple<int, int, int>&}; bool <anonymous> = true; _Elements = {int, int, int}]' not a return-statement
     }
 ^
/usr/include/c++/6/tuple: In instantiation of 'static constexpr bool std::_TC<<anonymous>, _Elements>::_ImplicitlyMoveConvertibleTuple() [with _UElements = {const std::tuple<int, int, int>&}; bool <anonymous> = true; _Elements = {int, int, int}]':
/usr/include/c++/6/tuple:626:362:   required by substitution of 'template<class ... _UElements, typename std::enable_if<(((std::_TC<(sizeof... (_UElements) == 1), int, int, int>::_NotSameTuple<_UElements ...>() && std::_TC<(1ul == sizeof... (_UElements)), int, int, int>::_MoveConstructibleTuple<_UElements ...>()) && std::_TC<(1ul == sizeof... (_UElements)), int, int, int>::_ImplicitlyMoveConvertibleTuple<_UElements ...>()) && (3ul >= 1)), bool>::type <anonymous> > constexpr std::tuple< <template-parameter-1-1> >::tuple(_UElements&& ...) [with _UElements = {const std::tuple<int, int, int>&}; typename std::enable_if<(((std::_TC<(sizeof... (_UElements) == 1), int, int, int>::_NotSameTuple<_UElements ...>() && std::_TC<(1ul == sizeof... (_UElements)), int, int, int>::_MoveConstructibleTuple<_UElements ...>()) && std::_TC<(1ul == sizeof... (_UElements)), int, int, int>::_ImplicitlyMoveConvertibleTuple<_UElements ...>()) && (3ul >= 1)), bool>::type <anonymous> = <missing>]'
./tensorflow/stream_executor/dnn.h:891:91:   required from here
/usr/include/c++/6/tuple:489:65: error: mismatched argument pack lengths while expanding 'std::is_convertible<_UElements&&, _Elements>'
       return __and_<is_convertible<_UElements&&, _Elements>...>::value;
                                                                 ^~~~~
/usr/include/c++/6/tuple:490:1: error: body of constexpr function 'static constexpr bool std::_TC<<anonymous>, _Elements>::_ImplicitlyMoveConvertibleTuple() [with _UElements = {const std::tuple<int, int, int>&}; bool <anonymous> = true; _Elements = {int, int, int}]' not a return-statement
     }
 ^
/usr/include/c++/6/tuple: In instantiation of 'static constexpr bool std::_TC<<anonymous>, _Elements>::_NonNestedTuple() [with _SrcTuple = const std::tuple<int, int, int>&; bool <anonymous> = true; _Elements = {int, int, int}]':
/usr/include/c++/6/tuple:662:419:   required by substitution of 'template<class ... _UElements, class _Dummy, typename std::enable_if<((std::_TC<(1ul == sizeof... (_UElements)), int, int, int>::_ConstructibleTuple<_UElements ...>() && std::_TC<(1ul == sizeof... (_UElements)), int, int, int>::_ImplicitlyConvertibleTuple<_UElements ...>()) && std::_TC<(std::is_same<_Dummy, void>::value && (1ul == 1)), int, int, int>::_NonNestedTuple<const tuple<_Elements ...>&>()), bool>::type <anonymous> > constexpr std::tuple< <template-parameter-1-1> >::tuple(const std::tuple<_Args1 ...>&) [with _UElements = {int, int, int}; _Dummy = void; typename std::enable_if<((std::_TC<(1ul == sizeof... (_UElements)), int, int, int>::_ConstructibleTuple<_UElements ...>() && std::_TC<(1ul == sizeof... (_UElements)), int, int, int>::_ImplicitlyConvertibleTuple<_UElements ...>()) && std::_TC<(std::is_same<_Dummy, void>::value && (1ul == 1)), int, int, int>::_NonNestedTuple<const tuple<_Elements ...>&>()), bool>::type <anonymous> = <missing>]'
./tensorflow/stream_executor/dnn.h:891:91:   required from here
/usr/include/c++/6/tuple:495:244: error: wrong number of template arguments (4, should be 2)
       return  __and_<__not_<is_same<tuple<_Elements...>,
                                                                                                                                                                                                                                                    ^    
/usr/include/c++/6/type_traits:1558:8: note: provided for 'template<class _From, class _To> struct std::is_convertible'
     struct is_convertible
        ^~~~~~~~~~~~~~
/usr/include/c++/6/tuple:502:1: error: body of constexpr function 'static constexpr bool std::_TC<<anonymous>, _Elements>::_NonNestedTuple() [with _SrcTuple = const std::tuple<int, int, int>&; bool <anonymous> = true; _Elements = {int, int, int}]' not a return-statement
     }
 ^
/usr/include/c++/6/tuple: In instantiation of 'static constexpr bool std::_TC<<anonymous>, _Elements>::_MoveConstructibleTuple() [with _UElements = {std::tuple<int, int, int>}; bool <anonymous> = true; _Elements = {int, int, int}]':
/usr/include/c++/6/tuple:626:248:   required by substitution of 'template<class ... _UElements, typename std::enable_if<(((std::_TC<(sizeof... (_UElements) == 1), int, int, int>::_NotSameTuple<_UElements ...>() && std::_TC<(1ul == sizeof... (_UElements)), int, int, int>::_MoveConstructibleTuple<_UElements ...>()) && std::_TC<(1ul == sizeof... (_UElements)), int, int, int>::_ImplicitlyMoveConvertibleTuple<_UElements ...>()) && (3ul >= 1)), bool>::type <anonymous> > constexpr std::tuple< <template-parameter-1-1> >::tuple(_UElements&& ...) [with _UElements = {std::tuple<int, int, int>}; typename std::enable_if<(((std::_TC<(sizeof... (_UElements) == 1), int, int, int>::_NotSameTuple<_UElements ...>() && std::_TC<(1ul == sizeof... (_UElements)), int, int, int>::_MoveConstructibleTuple<_UElements ...>()) && std::_TC<(1ul == sizeof... (_UElements)), int, int, int>::_ImplicitlyMoveConvertibleTuple<_UElements ...>()) && (3ul >= 1)), bool>::type <anonymous> = <missing>]'
./tensorflow/stream_executor/dnn.h:891:91:   required from here
/usr/include/c++/6/tuple:483:67: error: mismatched argument pack lengths while expanding 'std::is_constructible<_Elements, _UElements&&>'
       return __and_<is_constructible<_Elements, _UElements&&>...>::value;
                                                                   ^~~~~
/usr/include/c++/6/tuple:484:1: error: body of constexpr function 'static constexpr bool std::_TC<<anonymous>, _Elements>::_MoveConstructibleTuple() [with _UElements = {std::tuple<int, int, int>}; bool <anonymous> = true; _Elements = {int, int, int}]' not a return-statement
     }
 ^
/usr/include/c++/6/tuple: In instantiation of 'static constexpr bool std::_TC<<anonymous>, _Elements>::_ImplicitlyMoveConvertibleTuple() [with _UElements = {std::tuple<int, int, int>}; bool <anonymous> = true; _Elements = {int, int, int}]':
/usr/include/c++/6/tuple:626:362:   required by substitution of 'template<class ... _UElements, typename std::enable_if<(((std::_TC<(sizeof... (_UElements) == 1), int, int, int>::_NotSameTuple<_UElements ...>() && std::_TC<(1ul == sizeof... (_UElements)), int, int, int>::_MoveConstructibleTuple<_UElements ...>()) && std::_TC<(1ul == sizeof... (_UElements)), int, int, int>::_ImplicitlyMoveConvertibleTuple<_UElements ...>()) && (3ul >= 1)), bool>::type <anonymous> > constexpr std::tuple< <template-parameter-1-1> >::tuple(_UElements&& ...) [with _UElements = {std::tuple<int, int, int>}; typename std::enable_if<(((std::_TC<(sizeof... (_UElements) == 1), int, int, int>::_NotSameTuple<_UElements ...>() && std::_TC<(1ul == sizeof... (_UElements)), int, int, int>::_MoveConstructibleTuple<_UElements ...>()) && std::_TC<(1ul == sizeof... (_UElements)), int, int, int>::_ImplicitlyMoveConvertibleTuple<_UElements ...>()) && (3ul >= 1)), bool>::type <anonymous> = <missing>]'
./tensorflow/stream_executor/dnn.h:891:91:   required from here
/usr/include/c++/6/tuple:489:65: error: mismatched argument pack lengths while expanding 'std::is_convertible<_UElements&&, _Elements>'
       return __and_<is_convertible<_UElements&&, _Elements>...>::value;
                                                                 ^~~~~
/usr/include/c++/6/tuple:490:1: error: body of constexpr function 'static constexpr bool std::_TC<<anonymous>, _Elements>::_ImplicitlyMoveConvertibleTuple() [with _UElements = {std::tuple<int, int, int>}; bool <anonymous> = true; _Elements = {int, int, int}]' not a return-statement
     }
 ^
/usr/include/c++/6/tuple: In instantiation of 'static constexpr bool std::_TC<<anonymous>, _Elements>::_NonNestedTuple() [with _SrcTuple = std::tuple<int, int, int>&&; bool <anonymous> = true; _Elements = {int, int, int}]':
/usr/include/c++/6/tuple:686:422:   required by substitution of 'template<class ... _UElements, class _Dummy, typename std::enable_if<((std::_TC<(1ul == sizeof... (_UElements)), int, int, int>::_MoveConstructibleTuple<_UElements ...>() && std::_TC<(1ul == sizeof... (_UElements)), int, int, int>::_ImplicitlyMoveConvertibleTuple<_UElements ...>()) && std::_TC<(std::is_same<_Dummy, void>::value && (1ul == 1)), int, int, int>::_NonNestedTuple<tuple<_Elements ...>&&>()), bool>::type <anonymous> > constexpr std::tuple< <template-parameter-1-1> >::tuple(std::tuple<_Args1 ...>&&) [with _UElements = {int, int, int}; _Dummy = void; typename std::enable_if<((std::_TC<(1ul == sizeof... (_UElements)), int, int, int>::_MoveConstructibleTuple<_UElements ...>() && std::_TC<(1ul == sizeof... (_UElements)), int, int, int>::_ImplicitlyMoveConvertibleTuple<_UElements ...>()) && std::_TC<(std::is_same<_Dummy, void>::value && (1ul == 1)), int, int, int>::_NonNestedTuple<tuple<_Elements ...>&&>()), bool>::type <anonymous> = <missing>]'
./tensorflow/stream_executor/dnn.h:891:91:   required from here
/usr/include/c++/6/tuple:495:244: error: wrong number of template arguments (4, should be 2)
       return  __and_<__not_<is_same<tuple<_Elements...>,
                                                                                                                                                                                                                                                    ^    
/usr/include/c++/6/type_traits:1558:8: note: provided for 'template<class _From, class _To> struct std::is_convertible'
     struct is_convertible
        ^~~~~~~~~~~~~~
/usr/include/c++/6/tuple:502:1: error: body of constexpr function 'static constexpr bool std::_TC<<anonymous>, _Elements>::_NonNestedTuple() [with _SrcTuple = std::tuple<int, int, int>&&; bool <anonymous> = true; _Elements = {int, int, int}]' not a return-statement
     }
 ^