Unable to build from source with Bazel 1.4

I'm running linux x86_64, OpenSuse 13.1
I am trying to compile from the repo master branch 875a67f with Bazel 1.4, installed from bazel-0.1.4-installer-linux-x86_64.sh
I was getting dependency errors and had to make the modifications described in this stack overflow post to my Bazel setup
This got me past my initial dependency errors (described exactly in detail by StackOverflow OP in above post), but now I've got another error when trying to run this command:
bazel build --verbose_failures -c opt //tensorflow/tools/pip_package:build_pip_package
The relevant output:
INFO: From Compiling tensorflow/python/lib/core/py_func.cc:
tensorflow/python/lib/core/py_func.cc:19:31: fatal error: numpy/arrayobject.h: No such file or directory
 #include "numpy/arrayobject.h"
                               ^
compilation terminated.
ERROR: /home/personal/files/learning/tensorflow/tensorflow/tensorflow/python/BUILD:75:1: C++ compilation of rule '//tensorflow/python:py_func_lib' failed: gcc failed: error executing command
  (cd /root/.cache/bazel/_bazel_root/f202f08f55600b1b30922b1248222df1/tensorflow && \
  exec env - \
    PATH=/usr/lib64/mpi/gcc/openmpi/bin:/sbin:/usr/sbin:/usr/local/sbin:/root/bin:/usr/local/bin:/usr/bin:/bin:/usr/bin/X11:/usr/X11R6/bin:/usr/games:/opt/cross/bin:/usr/local/go/bin \
  /usr/bin/gcc -U_FORTIFY_SOURCE '-D_FORTIFY_SOURCE=1' -fstack-protector -Wall -Wunused-but-set-parameter -Wno-free-nonheap-object -fno-omit-frame-pointer -g0 -O2 -DNDEBUG -ffunction-sections -fdata-sections '-std=c++0x' -iquote . -iquote bazel-out/local_linux-opt/genfiles -iquote external/bazel_tools -iquote bazel-out/local_linux-opt/genfiles/external/bazel_tools -iquote external/jpeg_archive -iquote bazel-out/local_linux-opt/genfiles/external/jpeg_archive -iquote external/png_archive -iquote bazel-out/local_linux-opt/genfiles/external/png_archive -iquote external/re2 -iquote bazel-out/local_linux-opt/genfiles/external/re2 -iquote external/eigen_archive -iquote bazel-out/local_linux-opt/genfiles/external/eigen_archive -isystem google/protobuf/src -isystem bazel-out/local_linux-opt/genfiles/google/protobuf/src -isystem external/bazel_tools/tools/cpp/gcc3 -isystem external/jpeg_archive/jpeg-9a -isystem bazel-out/local_linux-opt/genfiles/external/jpeg_archive/jpeg-9a -isystem external/png_archive/libpng-1.2.53 -isystem bazel-out/local_linux-opt/genfiles/external/png_archive/libpng-1.2.53 -isystem external/re2 -isystem bazel-out/local_linux-opt/genfiles/external/re2 -isystem third_party/eigen3 -isystem bazel-out/local_linux-opt/genfiles/third_party/eigen3 -isystem external/eigen_archive/eigen-eigen-70505a059011 -isystem bazel-out/local_linux-opt/genfiles/external/eigen_archive/eigen-eigen-70505a059011 -isystem third_party/py/numpy/numpy_include -isystem bazel-out/local_linux-opt/genfiles/third_party/py/numpy/numpy_include -isystem util/python/python_include -isystem bazel-out/local_linux-opt/genfiles/util/python/python_include -no-canonical-prefixes -fno-canonical-system-headers -Wno-builtin-macro-redefined '-D__DATE__="redacted"' '-D__TIMESTAMP__="redacted"' '-D__TIME__="redacted"' '-frandom-seed=bazel-out/local_linux-opt/bin/tensorflow/python/_objs/py_func_lib/tensorflow/python/lib/core/py_func.pic.o' -MD -MF bazel-out/local_linux-opt/bin/tensorflow/python/_objs/py_func_lib/tensorflow/python/lib/core/py_func.pic.d -fPIC -c tensorflow/python/lib/core/py_func.cc -o bazel-out/local_linux-opt/bin/tensorflow/python/_objs/py_func_lib/tensorflow/python/lib/core/py_func.pic.o): com.google.devtools.build.lib.shell.BadExitStatusException: Process exited with status 1: gcc failed: error executing command
  (cd /root/.cache/bazel/_bazel_root/f202f08f55600b1b30922b1248222df1/tensorflow && \
  exec env - \

Can anyone offer assistance with building?