build libtensorflow-core.a error

buf -lpthread -lm -lz
Undefined symbols for architecture x86_64:
"nsync::nsync_mu_init(nsync::nsync_mu_s_)", referenced from:
tensorflow::mutex::mutex() in env.o
tensorflow::mutex::mutex() in random.o
"nsync::nsync_mu_lock(nsync::nsync_mu_s_)", referenced from:
tensorflow::mutex::lock() in env.o
tensorflow::mutex::lock() in random.o
tensorflow::mutex::lock() in histogram.o
"nsync::nsync_mu_unlock(nsync::nsync_mu_s_*)", referenced from:
tensorflow::mutex::unlock() in env.o
tensorflow::mutex::unlock() in random.o
tensorflow::mutex::unlock() in histogram.o
ld: symbol(s) not found for architecture x86_64
clang: error: linker command failed with exit code 1 (use -v to see invocation)
make: *** [/Users/9kacha/Desktop/TFFF/tensorflow/tensorflow/contrib/makefile/gen/host_bin/proto_text] Error 1
'[' 2 -ne 0 ']'
echo 'armv7 compilation failed.'
armv7 compilation failed.
exit 1

how to fix this error ?