Internal Compiler Error with retrain tutorial

Bryan Hynds reported this problem using one of our tutorials, in these YouTube comments:
https://www.youtube.com/watch?v=h7xuEiZjqqo

I'm running into some problems with compiling.  I'm getting a compile error that's failing to build the target:
root@d121482d25c8:/tensorflow# bazel build -c opt --copt=-mavx tensorflow/examples/image_retraining:retrain
INFO: Reading 'startup' options from /root/.bazelrc: --batch
WARNING: Sandboxed execution is not supported on your system and thus hermeticity of actions cannot be guaranteed. See http://bazel.io/docs/bazel-user-manual.html#sandboxing for more information. You can turn off this warning via --ignore_unsupported_sandboxing.
INFO: Found 1 target...
INFO: From Compiling tensorflow/core/kernels/conv_ops.cc:
In file included from external/eigen_archive/eigen-eigen-0b9ab889fac2/unsupported/Eigen/CXX11/Core:35:0,
                 from external/eigen_archive/eigen-eigen-0b9ab889fac2/unsupported/Eigen/CXX11/Tensor:14,
                 from ./third_party/eigen3/unsupported/Eigen/CXX11/Tensor:1,
                 from ./tensorflow/core/framework/types.h:23,
                 from ./tensorflow/core/framework/type_traits.h:22,
                 from ./tensorflow/core/framework/allocator.h:25,
                 from ./tensorflow/core/framework/op_kernel.h:22,
                 from ./tensorflow/core/framework/numeric_op.h:19,
                 from tensorflow/core/kernels/conv_ops.cc:22:
external/eigen_archive/eigen-eigen-0b9ab889fac2/unsupported/Eigen/CXX11/src/Core/util/EmulateArray.h: In static member function 'static void Eigen::internal::TensorExecutor<Expression, Eigen::ThreadPoolDevice, Vectorizable>::run(const Expression&, const Eigen::ThreadPoolDevice&) [with Expression = const Eigen::TensorAssignOp<Eigen::TensorMap<Eigen::Tensor<float, 2, 1, long int>, 16>, const Eigen::TensorContractionOp<const Eigen::array<Eigen::IndexPair<long int>, 1ul>, const Eigen::TensorMap<Eigen::Tensor<const float, 2, 1, long int>, 16>, const Eigen::TensorMap<Eigen::Tensor<const float, 2, 1, long int>, 16> > >; bool Vectorizable = true]':
external/eigen_archive/eigen-eigen-0b9ab889fac2/unsupported/Eigen/CXX11/src/Core/util/EmulateArray.h:24:67: warning: array subscript is above array bounds [-Warray-bounds]
   EIGEN_STRONG_INLINE T& operator[] (size_t index) { return values[index]; }
                                                                   ^
INFO: From Compiling tensorflow/core/kernels/argmax_op.cc:
gcc: internal compiler error: Killed (program cc1plus)
Please submit a full bug report,
with preprocessed source if appropriate.
See <file:///usr/share/doc/gcc-4.8/README.Bugs> for instructions.
ERROR: /tensorflow/tensorflow/core/BUILD:358:1: C++ compilation of rule '//tensorflow/core:kernel_lib' failed: gcc failed: error executing command /usr/bin/gcc -U_FORTIFY_SOURCE '-D_FORTIFY_SOURCE=1' -fstack-protector -Wall -Wunused-but-set-parameter -Wno-free-nonheap-object -fno-omit-frame-pointer -g0 -O2 -DNDEBUG -ffunction-sections ... (remaining 79 argument(s) skipped): com.google.devtools.build.lib.shell.BadExitStatusException: Process exited with status 4.
Target //tensorflow/examples/image_retraining:retrain failed to build
Use --verbose_failures to see the command lines of failed build steps.
INFO: Elapsed time: 424.939s, Critical Path: 412.00s﻿

I've wiped the container and rebuilt it several times, and I can reproduce it every time I reach this point.  I'm compiling with --verbose_failures now to get more details.  I'll post the log once I have it.﻿