Target //tensorflow/tools/pip_package:build_pip_package failed to build on OSX

ERROR: /Users/delip/Softwares/tensorflow/tensorflow/tensorflow.bzl:224:3: C++ compilation of rule '//tensorflow/python:tf_session_helper' failed: osx_gcc_wrapper.sh failed: error executing command tools/cpp/osx_gcc_wrapper.sh '-D_FORTIFY_SOURCE=1' -fstack-protector -fPIE -fcolor-diagnostics -Wall -Wthread-safety -Wself-assign -fno-omit-frame-pointer -g0 -O2 -DNDEBUG -ffunction-sections ... (remaining 52 argument(s) skipped): com.google.devtools.build.lib.shell.BadExitStatusException: Process exited with status 1.
Target //tensorflow/tools/pip_package:build_pip_package failed to build
Use --verbose_failures to see the command lines of failed build steps.

I recently checked out the repo
$ git log | head -5
commit 41930f0b81b52a34fb56d921c9bad65c36168323
Author: Vijay Vasudevan <vrv@google.com>
Date:   Mon Nov 9 18:42:53 2015 -0800

    TensorFlow: Upstream a batch of changes to git.