//tensorflow/python:nn_test fails with AssertionError

System information

Have I written custom code (as opposed to using a stock example script provided in TensorFlow): No
OS Platform and Distribution (e.g., Linux Ubuntu 16.04): Linux Ubuntu 16.04 s390x
TensorFlow installed from (source or binary): source
TensorFlow version (use command below): v1.4.1
Python version: 2.7.12
Bazel version (if compiling from source): 0.7.0
GCC/Compiler version (if compiling from source): 5.4.0
CUDA/cuDNN version: NA
GPU model and memory: NA
Exact command to reproduce: bazel test -c opt //tensorflow/python:nn_test

Describe the problem
While running nn_test, 2 sub tests (testOutput2DInput01,testOutput4DInput123), fail on s390x with :
AssertionError:
Not equal to tolerance rtol=0.0001, atol=0.0001
None
(mismatch 100.0%)
 x: array([[ 0.00111]], dtype=float32)
 y: array([[ 0.000837]])

The test passes if the tolerance is slightly increased:
-  def doOutputTest(self, input_shape, moments_axes, tol=1e-4,
+  def doOutputTest(self, input_shape, moments_axes, tol=4e-4,

Is it ok to create a PR with this change? Could you please share your thoughts on this.
Source code / logs
======================================================================
FAIL: testOutput2DInput01 (__main__.MomentsTest)
----------------------------------------------------------------------
Traceback (most recent call last):
  File "/home/test/.cache/bazel/_bazel_test/774d974934abfb88e6e5d6a13042805c/execroot/org_tensorflow/bazel-out/local-opt/bin/tensorflow/python/nn_test.runfiles/org_tensorflow/tensorflow/python/ops/nn_test.py", line 911, in testOutput2DInput01
    self.doOutputTest((10, 300), (0, 1))
  File "/home/test/.cache/bazel/_bazel_test/774d974934abfb88e6e5d6a13042805c/execroot/org_tensorflow/bazel-out/local-opt/bin/tensorflow/python/nn_test.runfiles/org_tensorflow/tensorflow/python/ops/nn_test.py", line 896, in doOutputTest
    self.assertAllClose(variance, expected_var, rtol=tol, atol=tol)
  File "/home/test/.cache/bazel/_bazel_test/774d974934abfb88e6e5d6a13042805c/execroot/org_tensorflow/bazel-out/local-opt/bin/tensorflow/python/nn_test.runfiles/org_tensorflow/tensorflow/python/framework/test_util.py", line 972, in assertAllClose
    self._assertArrayLikeAllClose(a, b, rtol=rtol, atol=atol)
  File "/home/test/.cache/bazel/_bazel_test/774d974934abfb88e6e5d6a13042805c/execroot/org_tensorflow/bazel-out/local-opt/bin/tensorflow/python/nn_test.runfiles/org_tensorflow/tensorflow/python/framework/test_util.py", line 942, in _assertArrayLikeAllClose
    np.testing.assert_allclose(a, b, rtol=rtol, atol=atol, err_msg=msg)
  File "/usr/local/lib/python2.7/dist-packages/numpy/testing/utils.py", line 1395, in assert_allclose
    verbose=verbose, header=header, equal_nan=equal_nan)
  File "/usr/local/lib/python2.7/dist-packages/numpy/testing/utils.py", line 778, in assert_array_compare
    raise AssertionError(msg)
AssertionError:
Not equal to tolerance rtol=0.0001, atol=0.0001
None
(mismatch 100.0%)
 x: array([[ 0.00111]], dtype=float32)
 y: array([[ 0.000837]])