cmake error on MacOS

System information

Have I written custom code (as opposed to using a stock example script provided in TensorFlow): No
OS Platform and Distribution (e.g., Linux Ubuntu 16.04): MacOS 10.12.6
TensorFlow installed from (source or binary): source
Python version: python 3.6.2
TensorFlow version: master
Bazel version: 0.7.0-homebrew. Build timestamp: 1510456291
CUDA/cuDNN version: N/A
GPU model and memory: N/A
GCC/Compiler version (if compiling from source): Apple LLVM version 9.0.0 (clang-900.0.38)
Exact command to reproduce:

# in tensorflow directory
cd tensorflow/contrib/cmake
mkdir build
cd build
cmake .. -DCMAKE_BUILD_TYPE=Release -DPYTHON_EXECUTABLE=/usr/local/bin/python3
make tf_tutorials_example_trainer

Describe the problem
Describe the problem clearly here. Be sure to convey here why it's a bug in TensorFlow or a feature request.
I'm following the instructions here to build using cmake on Mac. However during make, the following error is thrown.
Source code / logs
Include any logs or source code that would be helpful to diagnose the problem. If including tracebacks, please include the full traceback. Large logs and files should be attached. Try to provide a reproducible test case that is the bare minimum necessary to generate the problem.
# ...
Scanning dependencies of target tf_tutorials_example_trainer
[100%] Building CXX object CMakeFiles/tf_tutorials_example_trainer.dir/Users/kevenwang/VirtualBoxShared/another_tf/tensorflow/cc/tutorials/example_trainer.cc.o
[100%] Linking CXX executable tf_tutorials_example_trainer
Undefined symbols for architecture x86_64:
  "_ares_cancel", referenced from:
      on_readable_cb(grpc_exec_ctx*, void*, grpc_error*) in libgrpc_unsecure.a(grpc_ares_ev_driver_posix.cc.o)
      on_writable_cb(grpc_exec_ctx*, void*, grpc_error*) in libgrpc_unsecure.a(grpc_ares_ev_driver_posix.cc.o)
  "_ares_destroy", referenced from:
      grpc_ares_ev_driver_unref(grpc_ares_ev_driver*) in libgrpc_unsecure.a(grpc_ares_ev_driver_posix.cc.o)
  "_ares_free_data", referenced from:
      on_srv_query_done_cb(void*, int, int, unsigned char*, int) in libgrpc_unsecure.a(grpc_ares_wrapper.cc.o)
      on_txt_done_cb(void*, int, int, unsigned char*, int) in libgrpc_unsecure.a(grpc_ares_wrapper.cc.o)
  "_ares_gethostbyname", referenced from:
      grpc_dns_lookup_ares_impl(grpc_exec_ctx*, char const*, char const*, char const*, grpc_pollset_set*, grpc_closure*, grpc_lb_addresses**, bool, char**) in libgrpc_unsecure.a(grpc_ares_wrapper.cc.o)
      on_srv_query_done_cb(void*, int, int, unsigned char*, int) in libgrpc_unsecure.a(grpc_ares_wrapper.cc.o)
  "_ares_getsock", referenced from:
      grpc_ares_notify_on_event_locked(grpc_exec_ctx*, grpc_ares_ev_driver*) in libgrpc_unsecure.a(grpc_ares_ev_driver_posix.cc.o)
  "_ares_inet_ntop", referenced from:
      on_hostbyname_done_cb(void*, int, int, hostent*) in libgrpc_unsecure.a(grpc_ares_wrapper.cc.o)
  "_ares_init", referenced from:
      _grpc_ares_ev_driver_create in libgrpc_unsecure.a(grpc_ares_ev_driver_posix.cc.o)
     (maybe you meant: _grpc_ares_init, _grpc_resolver_dns_ares_init )
  "_ares_library_cleanup", referenced from:
      _grpc_ares_cleanup in libgrpc_unsecure.a(grpc_ares_wrapper.cc.o)
  "_ares_library_init", referenced from:
      _grpc_ares_init in libgrpc_unsecure.a(grpc_ares_wrapper.cc.o)
  "_ares_parse_srv_reply", referenced from:
      on_srv_query_done_cb(void*, int, int, unsigned char*, int) in libgrpc_unsecure.a(grpc_ares_wrapper.cc.o)
  "_ares_parse_txt_reply_ext", referenced from:
      on_txt_done_cb(void*, int, int, unsigned char*, int) in libgrpc_unsecure.a(grpc_ares_wrapper.cc.o)
  "_ares_process_fd", referenced from:
      on_readable_cb(grpc_exec_ctx*, void*, grpc_error*) in libgrpc_unsecure.a(grpc_ares_ev_driver_posix.cc.o)
      on_writable_cb(grpc_exec_ctx*, void*, grpc_error*) in libgrpc_unsecure.a(grpc_ares_ev_driver_posix.cc.o)
  "_ares_query", referenced from:
      grpc_dns_lookup_ares_impl(grpc_exec_ctx*, char const*, char const*, char const*, grpc_pollset_set*, grpc_closure*, grpc_lb_addresses**, bool, char**) in libgrpc_unsecure.a(grpc_ares_wrapper.cc.o)
  "_ares_search", referenced from:
      grpc_dns_lookup_ares_impl(grpc_exec_ctx*, char const*, char const*, char const*, grpc_pollset_set*, grpc_closure*, grpc_lb_addresses**, bool, char**) in libgrpc_unsecure.a(grpc_ares_wrapper.cc.o)
  "_ares_set_servers_ports", referenced from:
      grpc_dns_lookup_ares_impl(grpc_exec_ctx*, char const*, char const*, char const*, grpc_pollset_set*, grpc_closure*, grpc_lb_addresses**, bool, char**) in libgrpc_unsecure.a(grpc_ares_wrapper.cc.o)
  "_ares_strerror", referenced from:
      grpc_dns_lookup_ares_impl(grpc_exec_ctx*, char const*, char const*, char const*, grpc_pollset_set*, grpc_closure*, grpc_lb_addresses**, bool, char**) in libgrpc_unsecure.a(grpc_ares_wrapper.cc.o)
      _grpc_ares_init in libgrpc_unsecure.a(grpc_ares_wrapper.cc.o)
      on_hostbyname_done_cb(void*, int, int, hostent*) in libgrpc_unsecure.a(grpc_ares_wrapper.cc.o)
      on_srv_query_done_cb(void*, int, int, unsigned char*, int) in libgrpc_unsecure.a(grpc_ares_wrapper.cc.o)
      on_txt_done_cb(void*, int, int, unsigned char*, int) in libgrpc_unsecure.a(grpc_ares_wrapper.cc.o)
      _grpc_ares_ev_driver_create in libgrpc_unsecure.a(grpc_ares_ev_driver_posix.cc.o)
ld: symbol(s) not found for architecture x86_64
clang: error: linker command failed with exit code 1 (use -v to see invocation)
make[3]: *** [tf_tutorials_example_trainer] Error 1
make[2]: *** [CMakeFiles/tf_tutorials_example_trainer.dir/all] Error 2
make[1]: *** [CMakeFiles/tf_tutorials_example_trainer.dir/rule] Error 2