import tensorflow failed, "ImportError: DLL load failed". Even after install visual studio 2015, Microsoft Visual C++ 2015 Redistributable Update 3.

System information

Have I written custom code (as opposed to using a stock example script provided in TensorFlow): no
OS Platform and Distribution (e.g., Linux Ubuntu 16.04): win10 x64
TensorFlow installed from (source or binary):  pip install --upgrade tensorflow
TensorFlow version (use command below): 1.6.0
Python version: 3.6.4
Bazel version (if compiling from source):
GCC/Compiler version (if compiling from source):
CUDA/cuDNN version:
GPU model and memory:
Exact command to reproduce:

Describe the problem
I was trying to install tensorflow cpu version on windows10, but always got error when import tensorflow.
I read the common_installation_problems , tried many solution I found on github, stackoverflow, etc. I install visual studio 2015, visual studio 2017, Microsoft Visual C++ 2015 Redistributable Update 3(both 32 and 64),  msvcp140.dll can find in both System32 and SysWow64 folder. But still can't import tensorflow.
Is there something I missed out?
Source code / logs

import tensorflow error info:

Python 3.6.4 (v3.6.4:d48eceb, Dec 19 2017, 06:54:40) [MSC v.1900 64 bit (AMD64)] on win32
Type "help", "copyright", "credits" or "license" for more information.
>>> import tensorflow as tf
Traceback (most recent call last):
  File "C:\Users\sss\AppData\Local\Programs\Python\Python36\lib\site-packages\tensorflow\python\pywrap_tensorflow_internal.py", line 18, in swig_import_helper
    return importlib.import_module(mname)
  File "C:\Users\sss\AppData\Local\Programs\Python\Python36\lib\importlib\__init__.py", line 126, in import_module
    return _bootstrap._gcd_import(name[level:], package, level)
  File "<frozen importlib._bootstrap>", line 994, in _gcd_import
  File "<frozen importlib._bootstrap>", line 971, in _find_and_load
  File "<frozen importlib._bootstrap>", line 955, in _find_and_load_unlocked
  File "<frozen importlib._bootstrap>", line 658, in _load_unlocked
  File "<frozen importlib._bootstrap>", line 571, in module_from_spec
  File "<frozen importlib._bootstrap_external>", line 922, in create_module
  File "<frozen importlib._bootstrap>", line 219, in _call_with_frames_removed
ImportError: DLL load failed: 动态链接库(DLL)初始化例程失败。

During handling of the above exception, another exception occurred:

Traceback (most recent call last):
  File "C:\Users\sss\AppData\Local\Programs\Python\Python36\lib\site-packages\tensorflow\python\pywrap_tensorflow.py", line 58, in <module>
    from tensorflow.python.pywrap_tensorflow_internal import *
  File "C:\Users\sss\AppData\Local\Programs\Python\Python36\lib\site-packages\tensorflow\python\pywrap_tensorflow_internal.py", line 21, in <module>
    _pywrap_tensorflow_internal = swig_import_helper()
  File "C:\Users\sss\AppData\Local\Programs\Python\Python36\lib\site-packages\tensorflow\python\pywrap_tensorflow_internal.py", line 20, in swig_import_helper
    return importlib.import_module('_pywrap_tensorflow_internal')
  File "C:\Users\sss\AppData\Local\Programs\Python\Python36\lib\importlib\__init__.py", line 126, in import_module
    return _bootstrap._gcd_import(name[level:], package, level)
ModuleNotFoundError: No module named '_pywrap_tensorflow_internal'

During handling of the above exception, another exception occurred:

Traceback (most recent call last):
  File "<stdin>", line 1, in <module>
  File "C:\Users\sss\AppData\Local\Programs\Python\Python36\lib\site-packages\tensorflow\__init__.py", line 24, in <module>
    from tensorflow.python import *
  File "C:\Users\sss\AppData\Local\Programs\Python\Python36\lib\site-packages\tensorflow\python\__init__.py", line 49, in <module>
    from tensorflow.python import pywrap_tensorflow
  File "C:\Users\sss\AppData\Local\Programs\Python\Python36\lib\site-packages\tensorflow\python\pywrap_tensorflow.py", line 74, in <module>
    raise ImportError(msg)
ImportError: Traceback (most recent call last):
  File "C:\Users\sss\AppData\Local\Programs\Python\Python36\lib\site-packages\tensorflow\python\pywrap_tensorflow_internal.py", line 18, in swig_import_helper
    return importlib.import_module(mname)
  File "C:\Users\sss\AppData\Local\Programs\Python\Python36\lib\importlib\__init__.py", line 126, in import_module
    return _bootstrap._gcd_import(name[level:], package, level)
  File "<frozen importlib._bootstrap>", line 994, in _gcd_import
  File "<frozen importlib._bootstrap>", line 971, in _find_and_load
  File "<frozen importlib._bootstrap>", line 955, in _find_and_load_unlocked
  File "<frozen importlib._bootstrap>", line 658, in _load_unlocked
  File "<frozen importlib._bootstrap>", line 571, in module_from_spec
  File "<frozen importlib._bootstrap_external>", line 922, in create_module
  File "<frozen importlib._bootstrap>", line 219, in _call_with_frames_removed
ImportError: DLL load failed: 动态链接库(DLL)初始化例程失败。

During handling of the above exception, another exception occurred:

Traceback (most recent call last):
  File "C:\Users\sss\AppData\Local\Programs\Python\Python36\lib\site-packages\tensorflow\python\pywrap_tensorflow.py", line 58, in <module>
    from tensorflow.python.pywrap_tensorflow_internal import *
  File "C:\Users\sss\AppData\Local\Programs\Python\Python36\lib\site-packages\tensorflow\python\pywrap_tensorflow_internal.py", line 21, in <module>
    _pywrap_tensorflow_internal = swig_import_helper()
  File "C:\Users\sss\AppData\Local\Programs\Python\Python36\lib\site-packages\tensorflow\python\pywrap_tensorflow_internal.py", line 20, in swig_import_helper
    return importlib.import_module('_pywrap_tensorflow_internal')
  File "C:\Users\sss\AppData\Local\Programs\Python\Python36\lib\importlib\__init__.py", line 126, in import_module
    return _bootstrap._gcd_import(name[level:], package, level)
ModuleNotFoundError: No module named '_pywrap_tensorflow_internal'


Failed to load the native TensorFlow runtime.

See https://www.tensorflow.org/install/install_sources#common_installation_problems

for some common reasons and solutions.  Include the entire stack trace
above this error message when asking for help.


run tensorflow_self_check.py result:

ERROR: Failed to import the TensorFlow module.

- Python version is 3.6.

- TensorFlow is installed at: C:\Users\sss\AppData\Local\Programs\Python\Python36\lib\site-packages\tensorflow

- Could not load 'cudart64_80.dll'. The GPU version of TensorFlow
  requires that this DLL be installed in a directory that is named in
  your %PATH% environment variable. Download and install CUDA 8.0 from
  this URL: https://developer.nvidia.com/cuda-toolkit

- Could not load 'nvcuda.dll'. The GPU version of TensorFlow requires that
  this DLL be installed in a directory that is named in your %PATH%
  environment variable. Typically it is installed in 'C:\Windows\System32'.
  If it is not present, ensure that you have a CUDA-capable GPU with the
  correct driver installed.

- Could not load 'cudnn64_5.dll'. The GPU version of TensorFlow
  requires that this DLL be installed in a directory that is named in
  your %PATH% environment variable. Note that installing cuDNN is a
  separate step from installing CUDA, and it is often found in a
  different directory from the CUDA DLLs. You may install the
  necessary DLL by downloading cuDNN 5.1 from this URL:
  https://developer.nvidia.com/cudnn

- Could not find cuDNN.