Cannot bazel build tensorflow pip package from source (/usr/bin/env: 'python': No such file or directory)

System information

OS Platform and Distribution: Linux Ubuntu 16.04
CUDA Toolkit v8.0
cuDNN 5
gcc (Ubuntu 5.4.0-6ubuntu1~16.04.4) 5.4.0 20160609
Bazel 0.5.0 (from repo)
Anaconda Python 3.6

francesco@gpu-box:~/tensorflow$ python
Python 3.6.0 |Anaconda custom (64-bit)| (default, Dec 23 2016, 12:22:00) 
[GCC 4.4.7 20120313 (Red Hat 4.4.7-1)] on linux
Type "help", "copyright", "credits" or "license" for more information.
>>> 


Hello,
I am trying to build tensor flow pip package from source. I can install and use tensorflow with GPU using a precompiled binary just fine. However, in this case, I need to build from source.
Here is the following steps I take:

git clone https://github.com/tensorflow/tensorflow.git
cd tensorflow
./configure

francesco@gpu-box:~/tensorflow$ ./configure 
Please specify the location of python. [Default is /home/francesco/anaconda3/bin/python]: 
Found possible Python library paths:
  /home/francesco/anaconda3/lib/python3.6/site-packages/
  /home/francesco/anaconda3/lib/python3.6/site-packages
Please input the desired Python library path to use.  Default is [/home/francesco/anaconda3/lib/python3.6/site-packages/]

Using python library path: /home/francesco/anaconda3/lib/python3.6/site-packages/
Do you wish to build TensorFlow with MKL support? [y/N] n
No MKL support will be enabled for TensorFlow
Please specify optimization flags to use during compilation when bazel option "--config=opt" is specified [Default is -march=native]: 
Do you wish to use jemalloc as the malloc implementation? [Y/n] y
jemalloc enabled
Do you wish to build TensorFlow with Google Cloud Platform support? [y/N] n
No Google Cloud Platform support will be enabled for TensorFlow
Do you wish to build TensorFlow with Hadoop File System support? [y/N] n
No Hadoop File System support will be enabled for TensorFlow
Do you wish to build TensorFlow with the XLA just-in-time compiler (experimental)? [y/N] n
No XLA JIT support will be enabled for TensorFlow
Do you wish to build TensorFlow with VERBS support? [y/N] n
No VERBS support will be enabled for TensorFlow
Do you wish to build TensorFlow with OpenCL support? [y/N] n
No OpenCL support will be enabled for TensorFlow
Do you wish to build TensorFlow with CUDA support? [y/N] y
CUDA support will be enabled for TensorFlow
Do you want to use clang as CUDA compiler? [y/N] n
nvcc will be used as CUDA compiler
Please specify the CUDA SDK version you want to use, e.g. 7.0. [Leave empty to use system default]: 8.0
Please specify the location where CUDA 8.0 toolkit is installed. Refer to README.md for more details. [Default is /usr/local/cuda]: 
Please specify which gcc should be used by nvcc as the host compiler. [Default is /usr/bin/gcc]: 
Please specify the cuDNN version you want to use. [Leave empty to use system default]: 5
Please specify the location where cuDNN 5 library is installed. Refer to README.md for more details. [Default is /usr/local/cuda]: 
Please specify a list of comma-separated Cuda compute capabilities you want to build with.
You can find the compute capability of your device at: https://developer.nvidia.com/cuda-gpus.
Please note that each additional compute capability significantly increases your build time and binary size.
[Default is: "3.5,5.2"]: 6.1
Do you wish to build TensorFlow with MPI support? [y/N] n
MPI support will not be enabled for TensorFlow
INFO: Starting clean (this may take a while). Consider using --async if the clean takes more than several minutes.
Configuration finished


Unfortunately, when I then build with bazel, it runs into an error. It seems like it cannot find python?
francesco@gpu-box:~/tensorflow$ bazel build -c opt --verbose_failures --config=cuda //tensorflow/tools/pip_package:build_pip_package
WARNING: /home/francesco/tensorflow/tensorflow/contrib/learn/BUILD:15:1: in py_library rule //tensorflow/contrib/learn:learn: target '//tensorflow/contrib/learn:learn' depends on deprecated target '//tensorflow/contrib/session_bundle:exporter': Use SavedModel Builder instead.
WARNING: /home/francesco/tensorflow/tensorflow/contrib/learn/BUILD:15:1: in py_library rule //tensorflow/contrib/learn:learn: target '//tensorflow/contrib/learn:learn' depends on deprecated target '//tensorflow/contrib/session_bundle:gc': Use SavedModel instead.
INFO: Found 1 target...
INFO: From Compiling external/snappy/snappy-sinksource.cc [for host]:
cc1plus: warning: command line option '-Wno-implicit-function-declaration' is valid for C/ObjC but not for C++
cc1plus: warning: unrecognized command line option '-Wno-shift-negative-value'
INFO: From Compiling external/snappy/snappy-c.cc [for host]:
cc1plus: warning: command line option '-Wno-implicit-function-declaration' is valid for C/ObjC but not for C++
cc1plus: warning: unrecognized command line option '-Wno-shift-negative-value'
INFO: From Compiling external/snappy/snappy-stubs-internal.cc [for host]:
cc1plus: warning: command line option '-Wno-implicit-function-declaration' is valid for C/ObjC but not for C++
cc1plus: warning: unrecognized command line option '-Wno-shift-negative-value'
INFO: From Compiling external/snappy/snappy.cc [for host]:
cc1plus: warning: command line option '-Wno-implicit-function-declaration' is valid for C/ObjC but not for C++
external/snappy/snappy.cc: In member function 'void snappy::SnappySinkAllocator::Flush(size_t)':
external/snappy/snappy.cc:1403:23: warning: comparison between signed and unsigned integer expressions [-Wsign-compare]
     for (int i = 0; i < blocks_.size(); ++i) {
                       ^
In file included from external/snappy/snappy-internal.h:34:0,
                 from external/snappy/snappy.cc:30:
external/snappy/snappy.cc: In instantiation of 'bool snappy::SnappyScatteredWriter<Allocator>::AppendFromSelf(size_t, size_t) [with Allocator = snappy::SnappySinkAllocator; size_t = long unsigned int]':
external/snappy/snappy.cc:715:13:   required from 'void snappy::SnappyDecompressor::DecompressAllTags(Writer*) [with Writer = snappy::SnappyScatteredWriter<snappy::SnappySinkAllocator>]'
external/snappy/snappy.cc:799:3:   required from 'bool snappy::InternalUncompressAllTags(snappy::SnappyDecompressor*, Writer*, snappy::uint32) [with Writer = snappy::SnappyScatteredWriter<snappy::SnappySinkAllocator>; snappy::uint32 = unsigned int]'
external/snappy/snappy.cc:1460:78:   required from here
external/snappy/snappy.cc:1316:34: warning: comparison between signed and unsigned integer expressions [-Wsign-compare]
     if (PREDICT_TRUE(offset - 1u < op_ptr_ - op_base_ && op_end <= op_limit_)) {
                                  ^
external/snappy/snappy-stubs-internal.h:80:25: note: in definition of macro 'PREDICT_TRUE'
 #define PREDICT_TRUE(x) x
                         ^
At global scope:
cc1plus: warning: unrecognized command line option '-Wno-shift-negative-value'
ERROR: /home/francesco/.cache/bazel/_bazel_francesco/7b3bdb053a374c3fec955b526c0e6446/external/highwayhash/BUILD.bazel:8:1: C++ compilation of rule '@highwayhash//:sip_hash' failed: crosstool_wrapper_driver_is_not_gcc failed: error executing command 
  (cd /home/francesco/.cache/bazel/_bazel_francesco/7b3bdb053a374c3fec955b526c0e6446/execroot/tensorflow && \
  exec env - \
    CUDA_TOOLKIT_PATH=/usr/local/cuda \
    CUDNN_INSTALL_PATH=/usr/local/cuda-8.0 \
    GCC_HOST_COMPILER_PATH=/usr/bin/gcc \
    PWD=/proc/self/cwd \
    PYTHON_BIN_PATH=/home/francesco/anaconda3/bin/python \
    PYTHON_LIB_PATH=/home/francesco/anaconda3/lib/python3.6/site-packages/ \
    TF_CUDA_CLANG=0 \
    TF_CUDA_COMPUTE_CAPABILITIES=6.1 \
    TF_CUDA_VERSION=8.0 \
    TF_CUDNN_VERSION=5 \
    TF_NEED_CUDA=1 \
    TF_NEED_OPENCL=0 \
  external/local_config_cuda/crosstool/clang/bin/crosstool_wrapper_driver_is_not_gcc -U_FORTIFY_SOURCE '-D_FORTIFY_SOURCE=1' -fstack-protector -fPIE -Wall -Wunused-but-set-parameter -Wno-free-nonheap-object -fno-omit-frame-pointer -g0 -O2 -DNDEBUG -ffunction-sections -fdata-sections '-std=c++11' -MD -MF bazel-out/local_linux-py3-opt/bin/external/highwayhash/_objs/sip_hash/external/highwayhash/highwayhash/sip_hash.pic.d '-frandom-seed=bazel-out/local_linux-py3-opt/bin/external/highwayhash/_objs/sip_hash/external/highwayhash/highwayhash/sip_hash.pic.o' -fPIC -iquote external/highwayhash -iquote bazel-out/local_linux-py3-opt/genfiles/external/highwayhash -iquote external/bazel_tools -iquote bazel-out/local_linux-py3-opt/genfiles/external/bazel_tools -isystem external/bazel_tools/tools/cpp/gcc3 -no-canonical-prefixes -Wno-builtin-macro-redefined '-D__DATE__="redacted"' '-D__TIMESTAMP__="redacted"' '-D__TIME__="redacted"' -fno-canonical-system-headers -c external/highwayhash/highwayhash/sip_hash.cc -o bazel-out/local_linux-py3-opt/bin/external/highwayhash/_objs/sip_hash/external/highwayhash/highwayhash/sip_hash.pic.o): com.google.devtools.build.lib.shell.BadExitStatusException: Process exited with status 127.
/usr/bin/env: 'python': No such file or directory
Target //tensorflow/tools/pip_package:build_pip_package failed to build
INFO: Elapsed time: 44.289s, Critical Path: 5.54s

Both my python_bin_path and python_lib_path are correct, so I do not understand.
Any advice?
Regards