Compile build error tensorflow/tools/pip_package

Hi
When I tried
bazel build -c opt --config=cuda --local_resources 2048,.5,1.0 //tensorflow/tools/pip_package:build_pip_package
, I see the following error:
ERROR: /XXXXX/tensorflow/python/BUILD:1926:1: Linking of rule '//tensorflow/python:_pywrap_tensorflow.so' failed: link_dynamic_library.sh failed: error executing command external/bazel_tools/tools/cpp/link_dynamic_library.sh no ignored ignored ignored external/local_config_cuda/crosstool/clang/bin/crosstool_wrapper_driver_is_not_gcc -shared -o ... (remaining 396 argument(s) skipped): com.google.devtools.build.lib.shell.BadExitStatusException: Process exited with status 1.
clang: warning: argument unused during compilation: '-pthread'
duplicate symbol __Z14tf_git_versionv in:
    bazel-out/local_darwin-py3-opt/bin/tensorflow/core/libframework_internal.pic.lo(version_info.pic.o)
    bazel-out/local_darwin-py3-opt/bin/tensorflow/core/libversion_lib.pic.a(version_info.pic.o)
duplicate symbol __Z19tf_compiler_versionv in:
    bazel-out/local_darwin-py3-opt/bin/tensorflow/core/libframework_internal.pic.lo(version_info.pic.o)
    bazel-out/local_darwin-py3-opt/bin/tensorflow/core/libversion_lib.pic.a(version_info.pic.o)
ld: 2 duplicate symbols for architecture x86_64
clang: error: linker command failed with exit code 1 (use -v to see invocation)
Target //tensorflow/tools/pip_package:build_pip_package failed to build
Use --verbose_failures to see the command lines of failed build steps.
ERROR: /XXXX/tensorflow/tensorflow/tools/pip_package/BUILD:81:1 Linking of rule '//tensorflow/python:_pywrap_tensorflow.so' failed: link_dynamic_library.sh failed: error executing command external/bazel_tools/tools/cpp/link_dynamic_library.sh no ignored ignored ignored external/local_config_cuda/crosstool/clang/bin/crosstool_wrapper_driver_is_not_gcc -shared -o ... (remaining 396 argument(s) skipped): com.google.devtools.build.lib.shell.BadExitStatusException: Process exited with status 1.
INFO: Elapsed time: 2.094s, Critical Path: 1.50s

following bazel version:
Build label: 0.4.0-homebrew
Build target: bazel-out/local-opt/bin/src/main/java/com/google/devtools/build/lib/bazel/BazelServer_deploy.jar
Build time: Wed Nov 2 19:15:37 2016 (1478114137)
Build timestamp: 1478114137
Build timestamp as int: 1478114137```