r1.4 build failed constexpr constructor calls non-constexpr function

BLUF:
Build fails on OSX.
./tensorflow/core/framework/variant.h(343): error: constexpr constructor calls non-constexpr function "std::__1::unique_ptr<_Tp, _Dp>::unique_ptr() [with _Tp=tensorflow::Variant::ValueInterface, _Dp=std::__1::default_deletetensorflow::Variant::ValueInterface]"
1 error detected in the compilation of "/var/folders/96/nq247q_92n99r8hkfvlxg_6w0000gn/T//tmpxft_00004cf5_00000000-7_beam_search_ops_gpu.cu.cpp1.ii".
ERROR: /Users/joa23/projects/tensorflow/tensorflow/contrib/seq2seq/BUILD:51:1: output 'tensorflow/contrib/seq2seq/_objs/python/ops/_beam_search_ops_gpu/tensorflow/contrib/seq2seq/kernels/beam_search_ops_gpu.cu.pic.o' was not created.
ERROR: /Users/joa23/projects/tensorflow/tensorflow/contrib/seq2seq/BUILD:51:1: not all outputs were created or valid.
System information

Have I written custom code (as opposed to using a stock example script provided in TensorFlow):
No
OS Platform and Distribution (e.g., Linux Ubuntu 16.04):
10.13.1 (17B48)
TensorFlow installed from (source or binary):
Trying to compile with sources.
TensorFlow version (use command below):
r1.4 branch
Python version:
Python 3.6.3
Bazel version (if compiling from source):
0.7.0
GCC/Compiler version (if compiling from source):
Configured with: --prefix=/Library/Developer/CommandLineTools/usr --with-gxx-include-dir=/usr/include/c++/4.2.1
Apple LLVM version 8.0.0 (clang-800.0.42.1)
Target: x86_64-apple-darwin17.2.0
Thread model: posix
CUDA/cuDNN version:
CUDA Driver Version: 8.0.61
cuDNN 6 April 2017
GPU model and memory:
NVIDIA GTX TITAN X, 12 GB, DVI, HDMI, 3 DP (3072 CUDA cores)
Exact command to reproduce:
bazel build --config=opt --config=cuda //tensorflow/tools/pip_package:build_pip_package --verbose_failures

Describe the problem
Failed to build with
./tensorflow/core/framework/variant.h(343): error: constexpr constructor calls non-constexpr function "std::__1::unique_ptr<_Tp, _Dp>::unique_ptr() [with _Tp=tensorflow::Variant::ValueInterface, _Dp=std::__1::default_deletetensorflow::Variant::ValueInterface]"
1 error detected in the compilation of "/var/folders/96/nq247q_92n99r8hkfvlxg_6w0000gn/T//tmpxft_00004cf5_00000000-7_beam_search_ops_gpu.cu.cpp1.ii".
ERROR: /Users/joa23/projects/tensorflow/tensorflow/contrib/seq2seq/BUILD:51:1: output 'tensorflow/contrib/seq2seq/_objs/python/ops/_beam_search_ops_gpu/tensorflow/contrib/seq2seq/kernels/beam_search_ops_gpu.cu.pic.o' was not created.
ERROR: /Users/joa23/projects/tensorflow/tensorflow/contrib/seq2seq/BUILD:51:1: not all outputs were created or valid.
Target //tensorflow/tools/pip_package:build_pip_package failed to build