Undefined Symbol Import error

Hi,
SO: Linux Mint 17 x64
Version 1.1
Compiling from source
Options: sycl (Opencl)
Python 2.7
_Using TensorFlow backend.
Traceback (most recent call last):
File "/home/kafka/PycharmProjects/Test1/Test1.py", line 1, in 
from keras.models import Sequential
File "/usr/local/lib/python2.7/dist-packages/keras/init.py", line 3, in 
from . import activations
File "/usr/local/lib/python2.7/dist-packages/keras/activations.py", line 4, in 
from . import backend as K
File "/usr/local/lib/python2.7/dist-packages/keras/backend/init.py", line 73, in 
from .tensorflow_backend import *
File "/usr/local/lib/python2.7/dist-packages/keras/backend/tensorflow_backend.py", line 1, in 
import tensorflow as tf
File "/usr/local/lib/python2.7/dist-packages/tensorflow/init.py", line 24, in 
from tensorflow.python import *
File "/usr/local/lib/python2.7/dist-packages/tensorflow/python/init.py", line 51, in 
from tensorflow.python import pywrap_tensorflow
File "/usr/local/lib/python2.7/dist-packages/tensorflow/python/pywrap_tensorflow.py", line 52, in 
raise ImportError(msg)
ImportError: Traceback (most recent call last):
File "/usr/local/lib/python2.7/dist-packages/tensorflow/python/pywrap_tensorflow.py", line 41, in 
from tensorflow.python.pywrap_tensorflow_internal import *
File "/usr/local/lib/python2.7/dist-packages/tensorflow/python/pywrap_tensorflow_internal.py", line 28, in 
_pywrap_tensorflow_internal = swig_import_helper()
File "/usr/local/lib/python2.7/dist-packages/tensorflow/python/pywrap_tensorflow_internal.py", line 24, in swig_import_helper
_mod = imp.load_module('_pywrap_tensorflow_internal', fp, pathname, description)
ImportError: /usr/local/lib/python2.7/dist-packages/tensorflow/python/_pywrap_tensorflow_internal.so: undefined symbol: _ZN2cl4sycl7program30create_program_for_kernel_implESsPKhiPKPKcSt10shared_ptrINS0_6detail7contextEE
Failed to load the native TensorFlow runtime.
See https://www.tensorflow.org/install/install_sources#common_installation_problems
for some common reasons and solutions.  Include the entire stack trace
above this error message when asking for help._