TensorBoard develop build failed due to npm dead loop and typescript error

What related GitHub issues or StackOverflow threads have you found by searching the web for your problem?
Environment info
Operating System: Ubuntu 16.10
npm 4.4.1
node.js v7.7.2
Installed version of CUDA and cuDNN:  CUDA 8.0, cuDNN 5.1
-rw-r--r-- 1 root root   558720 9月  15 07:02 /usr/local/cuda/lib64/libcudadevrt.a
lrwxrwxrwx 1 root root       16 9月  15 07:05 /usr/local/cuda/lib64/libcudart.so -> libcudart.so.8.0
lrwxrwxrwx 1 root root       19 9月  15 07:05 /usr/local/cuda/lib64/libcudart.so.8.0 -> libcudart.so.8.0.44
-rw-r--r-- 1 root root   415432 9月  15 07:02 /usr/local/cuda/lib64/libcudart.so.8.0.44
-rw-r--r-- 1 root root   775162 9月  15 07:02 /usr/local/cuda/lib64/libcudart_static.a
-rwxr-xr-x 1 root root 79337624 12月 12 18:46 /usr/local/cuda/lib64/libcudnn.so
-rwxr-xr-x 1 root root 79337624 12月 12 18:46 /usr/local/cuda/lib64/libcudnn.so.5
-rwxr-xr-x 1 root root 79337624 12月 12 18:46 /usr/local/cuda/lib64/libcudnn.so.5.1.5
-rw-r--r-- 1 root root 69756172 12月 12 18:46 /usr/local/cuda/lib64/libcudnn_static.a
If installed from source, provide

The commit hash (git rev-parse HEAD)
f1ffbc5
The output of bazel version
Build label: 0.4.4
Build target: bazel-out/local-fastbuild/bin/src/main/java/com/google/devtools/build/lib/bazel/BazelServer_deploy.jar
Build time: Wed Feb 1 18:54:21 2017 (1485975261)
Build timestamp: 1485975261
Build timestamp as int: 1485975261

minimal reproducible example
get a fresh clone
cd tensorflow/tensorboard
npm run prepare
and npm install some packages and goes into a dead loop without the bower and typings

tensorflow-vis@0.0.0 prepare /home/baomingkun/Res/tensorflow/tensorflow/tensorboard
npm install && bower install && typings install


tensorflow-vis@0.0.0 prepare /home/baomingkun/Res/tensorflow/tensorflow/tensorboard
npm install && bower install && typings install


tensorflow-vis@0.0.0 prepare /home/baomingkun/Res/tensorflow/tensorflow/tensorboard
npm install && bower install && typings install


tensorflow-vis@0.0.0 prepare /home/baomingkun/Res/tensorflow/tensorflow/tensorboard
npm install && bower install && typings install

What other attempted solutions have you tried?
I have moved global typings and typescript, but nothing works.
Logs or other output that would be helpful
(If logs are large, please upload as attachment or provide link).
If I kill the prepare after it goes into dead loop than use bower install && typings install
everything looks fine.
but  gulp fail due to some semantic errors
typings/globals/webcomponents.js/index.d.ts(48,5): error TS2403: Subsequent variable declarations   must have the same type.  Variable 'shadowRoot' must be of type 'ShadowRoot', but here has  type'ShadowRootPolyfill'.
typings/globals/webcomponents.js/index.d.ts(48,5): error TS2687: All declarations of 'shadowRoot' must have identical modifiers.
typings/globals/webcomponents.js/index.d.ts(48,5): error TS2403: Subsequent variable declarations must have the same type.  Variable 'shadowRoot' must be of type 'ShadowRoot', but here has type 'ShadowRootPolyfill'.
typings/globals/webcomponents.js/index.d.ts(48,5): error TS2687: All declarations of 'shadowRoot' must have identical modifiers.
__lib.d.ts(7452,14): error TS2687: All declarations of 'shadowRoot' must have identical modifiers.
[23:27:41] TypeScript: 2 semantic errors
[23:27:41] TypeScript: 3 emit errors
[23:27:41] TypeScript: emit failed
then the demo/index.html is just a blank page.