mnist_softmax.py has "TimeoutError: [WinError 10060]" ...

The code https://www.tensorflow.org/code/tensorflow/examples/tutorials/mnist/mnist_softmax.py
does not run on TensorFlow (Windows installation)
What related GitHub issues or StackOverflow threads have you found by searching the web for your problem?
Quite similar problem reported here: http://stackoverflow.com/questions/40467893/running-mnist-softmax-py-on-tensorflow-installed-with-docker However, no solution there...
Environment info
Operating System: Windows 10 pro (Intel(R) Core(TM) i7 6500U CPU)
TensorFlow installed: pip install -U tensorflow; Python 3.5.2 :: Anaconda custom (64-bit)
Traceback (most recent call last):
File "C:\Users\natlun\AppData\Local\Continuum\Anaconda3\lib\urllib\request.py", line 1254, in do_open
h.request(req.get_method(), req.selector, req.data, headers)
File "C:\Users\natlun\AppData\Local\Continuum\Anaconda3\lib\http\client.py", line 1106, in request
self._send_request(method, url, body, headers)
File "C:\Users\natlun\AppData\Local\Continuum\Anaconda3\lib\http\client.py", line 1151, in _send_request
self.endheaders(body)
File "C:\Users\natlun\AppData\Local\Continuum\Anaconda3\lib\http\client.py", line 1102, in endheaders
self._send_output(message_body)
File "C:\Users\natlun\AppData\Local\Continuum\Anaconda3\lib\http\client.py", line 934, in _send_output
self.send(msg)
File "C:\Users\natlun\AppData\Local\Continuum\Anaconda3\lib\http\client.py", line 877, in send
self.connect()
File "C:\Users\natlun\AppData\Local\Continuum\Anaconda3\lib\http\client.py", line 849, in connect
(self.host,self.port), self.timeout, self.source_address)
File "C:\Users\natlun\AppData\Local\Continuum\Anaconda3\lib\socket.py", line 711, in create_connection
raise err
File "C:\Users\natlun\AppData\Local\Continuum\Anaconda3\lib\socket.py", line 702, in create_connection
sock.connect(sa)
TimeoutError: [WinError 10060]
During handling of the above exception, another exception occurred:
Traceback (most recent call last):
File "", line 1, in 
File "C:\Users\natlun\AppData\Local\Continuum\Anaconda3\lib\site-packages\spyderlib\widgets\externalshell\sitecustomize.py", line 714, in runfile
execfile(filename, namespace)
File "C:\Users\natlun\AppData\Local\Continuum\Anaconda3\lib\site-packages\spyderlib\widgets\externalshell\sitecustomize.py", line 89, in execfile
exec(compile(f.read(), filename, 'exec'), namespace)
File "C:/Users/natlun/Documents/Python Scripts/mnist_softmax03.py", line 92, in 
tf.app.run(main=main, argv=[sys.argv[0]] + unparsed)
File "C:\Users\natlun\AppData\Local\Continuum\Anaconda3\lib\site-packages\tensorflow\python\platform\app.py", line 44, in run
_sys.exit(main(_sys.argv[:1] + flags_passthrough))
File "C:/Users/natlun/Documents/Python Scripts/mnist_softmax03.py", line 20, in main
mnist = input_data.read_data_sets(FLAGS.data_dir, one_hot=True)
File "C:\Users\natlun\AppData\Local\Continuum\Anaconda3\lib\site-packages\tensorflow\contrib\learn\python\learn\datasets\mnist.py", line 211, in read_data_sets
SOURCE_URL + TRAIN_IMAGES)
File "C:\Users\natlun\AppData\Local\Continuum\Anaconda3\lib\site-packages\tensorflow\contrib\learn\python\learn\datasets\base.py", line 208, in maybe_download
temp_file_name, _ = urlretrieve_with_retry(source_url)
File "C:\Users\natlun\AppData\Local\Continuum\Anaconda3\lib\site-packages\tensorflow\contrib\learn\python\learn\datasets\base.py", line 165, in wrapped_fn
return fn(*args, **kwargs)
File "C:\Users\natlun\AppData\Local\Continuum\Anaconda3\lib\site-packages\tensorflow\contrib\learn\python\learn\datasets\base.py", line 190, in urlretrieve_with_retry
return urllib.request.urlretrieve(url, filename)
File "C:\Users\natlun\AppData\Local\Continuum\Anaconda3\lib\urllib\request.py", line 188, in urlretrieve
with contextlib.closing(urlopen(url, data)) as fp:
File "C:\Users\natlun\AppData\Local\Continuum\Anaconda3\lib\urllib\request.py", line 163, in urlopen
return opener.open(url, data, timeout)
File "C:\Users\natlun\AppData\Local\Continuum\Anaconda3\lib\urllib\request.py", line 466, in open
response = self._open(req, data)
File "C:\Users\natlun\AppData\Local\Continuum\Anaconda3\lib\urllib\request.py", line 484, in _open
'_open', req)
File "C:\Users\natlun\AppData\Local\Continuum\Anaconda3\lib\urllib\request.py", line 444, in _call_chain
result = func(*args)
File "C:\Users\natlun\AppData\Local\Continuum\Anaconda3\lib\urllib\request.py", line 1282, in http_open
return self.do_open(http.client.HTTPConnection, req)
File "C:\Users\natlun\AppData\Local\Continuum\Anaconda3\lib\urllib\request.py", line 1256, in do_open
raise URLError(err)
urllib.error.URLError: <urlopen error [WinError 10060]>