cuDNN 6 incompatible with Tensorflow 1.3 error

Any help is greatly appreciated! I've spent way too much time on this.
System information


Have I written custom code (as opposed to using a stock example script provided in TensorFlow):
In tensorflow/stream_executor/cuda/cuda_gpu_executor.cc in function "static int TryToReadNumaNode(conststring &pci_bus_id,intdevice_ordinal)" added the following lines at the beginning of the function:
LOG(INFO) << "ARM has no NUMA node, hardcoding to return zero";
return 0;
modified workspace.bzl: set eigen_archive to use http://mirror.bazel.build/bitbucket.org/eigen/eigen/get/d781c1de9834.tar.gz because of an error that kept coming up related to the current version of eigen.


OS Platform and Distribution (e.g., Linux Ubuntu 16.04):
Linux Ubuntu 16.04


TensorFlow installed from (source or binary):
source


TensorFlow version (use command below):
1.3.0
command used: git checkout v1.3.0


Python version:
2.7


Bazel version (if compiling from source):
0.4.5


CUDA/cuDNN version:
CUDA version 8.0, CUDNN version 6.0.21
cudnn was downloaded from the NVIDIA website using the cuDNN v6.0 Library for Linux version


GPU model and memory:
NVIDIA Pascal GPU on the TX2


Exact command to reproduce:
sudo bazel build -c opt --local_resources 3072,4.0,1.0 --verbose_failures --config=cuda //tensorflow/tools/pip_package:build_pip_package


Other:
Using an 8GB swapfile
CUDA install path: usr/local/cuda/
CUDNN install paths:
include: /usr/include/
libs: /usr/lib/aarch64-linux-gnu/
I used the following command on the libs: sudo chmod a+r /usr/lib/aarch64-linux-gnu/libcudnn


Describe the problem
When I try to install tensorflow 1.3.0 I get the error listed below. It goes through pretty much the entire build and fails at the very end. Tensorflow 1.0 installs just fine on the TX2 using cuda 8 and cudnn 5.1(these lib are no longer on my machine so its not an issue with having 5.1 installed). I would use Tensoflow 1.0, but the network I am working with has a reliance on 1.3.
Source code / logs
IERROR: /home/nvidia/tensorflow/tensorflow/python/BUILD:2762:1: Linking of rule '//tensorflow/python:_pywrap_tensorflow_internal.so' failed: link_dynamic_library.sh failed: error executing command
(cd /home/nvidia/.cache/bazel/_bazel_root/d2751a49dacf4cb14a513ec663770624/execroot/tensorflow && 
exec env - 
CUDA_TOOLKIT_PATH=/usr/local/cuda 
CUDNN_INSTALL_PATH=/usr/local/cuda-8.0 
GCC_HOST_COMPILER_PATH=/usr/bin/gcc 
PATH=/usr/local/sbin:/usr/local/bin:/usr/sbin:/usr/bin:/sbin:/bin:/snap/bin 
PYTHON_BIN_PATH=/usr/bin/python 
PYTHON_LIB_PATH=/usr/local/lib/python2.7/dist-packages 
TF_CUDA_CLANG=0 
TF_CUDA_COMPUTE_CAPABILITIES=6.2 
TF_CUDA_VERSION=8.0 
TF_CUDNN_VERSION=6.0.21 
TF_NEED_CUDA=1 
TF_NEED_OPENCL=0 
external/bazel_tools/tools/cpp/link_dynamic_library.sh no ignored ignored ignored external/local_config_cuda/crosstool/clang/bin/crosstool_wrapper_driver_is_not_gcc -shared -o bazel-out/local_linux-opt/bin/tensorflow/python/_pywrap_tensorflow_internal.so -Lbazel-out/local_linux-opt/bin/_solib_local/_U@local_Uconfig_Ucuda_S_Scuda_Ccusolver___Uexternal_Slocal_Uconfig_Ucuda_Scuda_Scuda_Slib -Lbazel-out/local_linux-opt/bin/_solib_local/_U@local_Uconfig_Ucuda_S_Scuda_Ccublas___Uexternal_Slocal_Uconfig_Ucuda_Scuda_Scuda_Slib -Lbazel-out/local_linux-opt/bin/_solib_local/_U@local_Uconfig_Ucuda_S_Scuda_Ccuda_Udriver___Uexternal_Slocal_Uconfig_Ucuda_Scuda_Scuda_Slib -Lbazel-out/local_linux-opt/bin/_solib_local/_U@local_Uconfig_Ucuda_S_Scuda_Ccudnn___Uexternal_Slocal_Uconfig_Ucuda_Scuda_Scuda_Slib -Lbazel-out/local_linux-opt/bin/_solib_local/_U@local_Uconfig_Ucuda_S_Scuda_Ccufft___Uexternal_Slocal_Uconfig_Ucuda_Scuda_Scuda_Slib -Lbazel-out/local_linux-opt/bin/_solib_local/_U@local_Uconfig_Ucuda_S_Scuda_Ccurand___Uexternal_Slocal_Uconfig_Ucuda_Scuda_Scuda_Slib -Lbazel-out/local_linux-opt/bin/_solib_local/_U@local_Uconfig_Ucuda_S_Scuda_Ccudart___Uexternal_Slocal_Uconfig_Ucuda_Scuda_Scuda_Slib '-Wl,-rpath,$ORIGIN/../../_solib_local/_U@local_Uconfig_Ucuda_S_Scuda_Ccusolver___Uexternal_Slocal_Uconfig_Ucuda_Scuda_Scuda_Slib' '-Wl,-rpath,$ORIGIN/../../_solib_local/_U@local_Uconfig_Ucuda_S_Scuda_Ccublas___Uexternal_Slocal_Uconfig_Ucuda_Scuda_Scuda_Slib' '-Wl,-rpath,$ORIGIN/../../_solib_local/_U@local_Uconfig_Ucuda_S_Scuda_Ccuda_Udriver___Uexternal_Slocal_Uconfig_Ucuda_Scuda_Scuda_Slib' '-Wl,-rpath,$ORIGIN/../../_solib_local/_U@local_Uconfig_Ucuda_S_Scuda_Ccudnn___Uexternal_Slocal_Uconfig_Ucuda_Scuda_Scuda_Slib' '-Wl,-rpath,$ORIGIN/../../_solib_local/_U@local_Uconfig_Ucuda_S_Scuda_Ccufft___Uexternal_Slocal_Uconfig_Ucuda_Scuda_Scuda_Slib' '-Wl,-rpath,$ORIGIN/../../_solib_local/_U@local_Uconfig_Ucuda_S_Scuda_Ccurand___Uexternal_Slocal_Uconfig_Ucuda_Scuda_Scuda_Slib' '-Wl,-rpath,$ORIGIN/../../_solib_local/_U@local_Uconfig_Ucuda_S_Scuda_Ccudart___Uexternal_Slocal_Uconfig_Ucuda_Scuda_Scuda_Slib' -Wl,--version-script tensorflow/tf_version_script.lds -Wl,-z,muldefs -Wl,-rpath,../local_config_cuda/cuda/lib64 -Wl,-rpath,../local_config_cuda/cuda/extras/CUPTI/lib64 -pthread -Wl,-no-as-needed -B/usr/bin/ -Wl,-z,relro,-z,now -no-canonical-prefixes -pass-exit-codes '-Wl,--build-id=md5' '-Wl,--hash-style=gnu' -Wl,--gc-sections -Wl,/bin/tensorflow/python/_pywrap_tensorflow_internal.so-2.params): com.google.devtools.build.lib.shell.BadExitStatusException: Process exited with status 1.
/usr/bin/ld: skipping incompatible bazel-out/local_linux-opt/bin/_solib_local/_U@local_Uconfig_Ucuda_S_Scuda_Ccudnn___Uexternal_Slocal_Uconfig_Ucuda_Scuda_Scuda_Slib/libcudnn.so.6 when searching for -l:libcudnn.so.6
/usr/bin/ld: skipping incompatible bazel-out/local_linux-opt/bin/_solib_local/_U@local_Uconfig_Ucuda_S_Scuda_Ccudnn___Uexternal_Slocal_Uconfig_Ucuda_Scuda_Scuda_Slib/libcudnn.so.6 when searching for -l:libcudnn.so.6
/usr/bin/ld: skipping incompatible /usr/lib/gcc/aarch64-linux-gnu/5/../../../aarch64-linux-gnu/libcudnn.so.6 when searching for -l:libcudnn.so.6
/usr/bin/ld: skipping incompatible /usr/lib/gcc/aarch64-linux-gnu/5/../../../aarch64-linux-gnu/libcudnn.so.6 when searching for -l:libcudnn.so.6
/usr/bin/ld: skipping incompatible /usr/lib/aarch64-linux-gnu/libcudnn.so.6 when searching for -l:libcudnn.so.6
/usr/bin/ld: skipping incompatible /usr/lib/aarch64-linux-gnu/libcudnn.so.6 when searching for -l:libcudnn.so.6
/usr/bin/ld: skipping incompatible //usr/lib/aarch64-linux-gnu/libcudnn.so.6 when searching for -l:libcudnn.so.6
/usr/bin/ld: skipping incompatible //usr/lib/aarch64-linux-gnu/libcudnn.so.6 when searching for -l:libcudnn.so.6
/usr/bin/ld: cannot find -l:libcudnn.so.6
collect2: error: ld returned 1 exit status
Target //tensorflow/tools/pip_package:build_pip_package failed to build
INFO: Elapsed time: 5.977s, Critical Path: 4.15s