Error importing tensorflow on windows 10 ( Tensorflow 0.12.0 RC0, python3.5 )

Was excited to try out 0.12.0 RC0 for windows
Followed Tensorflow 0.12.0 RC0 Installation guide for Windows, on Windows 10.
Ran into following error.
Python 3.5.2 (v3.5.2:4def2a2901a5, Jun 25 2016, 22:18:55) [MSC v.1900 64 bit (AMD64)] on win32
Type "copyright", "credits" or "license()" for more information.



import tensorflow
Traceback (most recent call last):
File "C:\Users\hp\AppData\Local\Programs\Python\Python35\lib\site-packages\tensorflow\python\pywrap_tensorflow.py", line 18, in swig_import_helper
return importlib.import_module(mname)
File "C:\Users\hp\AppData\Local\Programs\Python\Python35\lib\importlib_init_.py", line 126, in import_module
return _bootstrap._gcd_import(name[level:], package, level)
File "", line 986, in _gcd_import
File "", line 969, in _find_and_load
File "", line 958, in _find_and_load_unlocked
File "", line 666, in _load_unlocked
File "", line 577, in module_from_spec
File "", line 906, in create_module
File "", line 222, in _call_with_frames_removed
ImportError: DLL load failed: The specified module could not be found.



During handling of the above exception, another exception occurred:
Traceback (most recent call last):
File "C:\Users\hp\AppData\Local\Programs\Python\Python35\lib\site-packages\tensorflow\python_init_.py", line 54, in 
from tensorflow.python import pywrap_tensorflow
File "C:\Users\hp\AppData\Local\Programs\Python\Python35\lib\site-packages\tensorflow\python\pywrap_tensorflow.py", line 21, in 
_pywrap_tensorflow = swig_import_helper()
File "C:\Users\hp\AppData\Local\Programs\Python\Python35\lib\site-packages\tensorflow\python\pywrap_tensorflow.py", line 20, in swig_import_helper
return importlib.import_module('pywrap_tensorflow')
File "C:\Users\hp\AppData\Local\Programs\Python\Python35\lib\importlib_init.py", line 126, in import_module
return _bootstrap._gcd_import(name[level:], package, level)
ImportError: No module named '_pywrap_tensorflow'
During handling of the above exception, another exception occurred:
Traceback (most recent call last):
File "<pyshell#0>", line 1, in 
import tensorflow
File "C:\Users\hp\AppData\Local\Programs\Python\Python35\lib\site-packages\tensorflow_init_.py", line 24, in 
from tensorflow.python import *
File "C:\Users\hp\AppData\Local\Programs\Python\Python35\lib\site-packages\tensorflow\python_init_.py", line 60, in 
raise ImportError(msg)
ImportError: Traceback (most recent call last):
File "C:\Users\hp\AppData\Local\Programs\Python\Python35\lib\site-packages\tensorflow\python\pywrap_tensorflow.py", line 18, in swig_import_helper
return importlib.import_module(mname)
File "C:\Users\hp\AppData\Local\Programs\Python\Python35\lib\importlib_init_.py", line 126, in import_module
return _bootstrap._gcd_import(name[level:], package, level)
File "", line 986, in _gcd_import
File "", line 969, in _find_and_load
File "", line 958, in _find_and_load_unlocked
File "", line 666, in _load_unlocked
File "", line 577, in module_from_spec
File "", line 906, in create_module
File "", line 222, in _call_with_frames_removed
ImportError: DLL load failed: The specified module could not be found.
During handling of the above exception, another exception occurred:
Traceback (most recent call last):
File "C:\Users\hp\AppData\Local\Programs\Python\Python35\lib\site-packages\tensorflow\python_init_.py", line 54, in 
from tensorflow.python import pywrap_tensorflow
File "C:\Users\hp\AppData\Local\Programs\Python\Python35\lib\site-packages\tensorflow\python\pywrap_tensorflow.py", line 21, in 
_pywrap_tensorflow = swig_import_helper()
File "C:\Users\hp\AppData\Local\Programs\Python\Python35\lib\site-packages\tensorflow\python\pywrap_tensorflow.py", line 20, in swig_import_helper
return importlib.import_module('pywrap_tensorflow')
File "C:\Users\hp\AppData\Local\Programs\Python\Python35\lib\importlib_init.py", line 126, in import_module
return _bootstrap._gcd_import(name[level:], package, level)
ImportError: No module named '_pywrap_tensorflow'
Error importing tensorflow.  Unless you are using bazel,
you should not try to import tensorflow from its source directory;
please exit the tensorflow source tree, and relaunch your python interpreter
from there.