Build fails with Visual Studio 2017

System information

Have I written custom code (as opposed to using a stock example script provided in TensorFlow):
No
OS Platform and Distribution (e.g., Linux Ubuntu 16.04):
Windows 10
TensorFlow installed from (source or binary):
Source
TensorFlow version (use command below):
1.5.0-dev20180103
25d2752
Python version:
3.5.4
Bazel version (if compiling from source):
GCC/Compiler version (if compiling from source):
CUDA/cuDNN version:
9.0 with cuDNN 7
GPU model and memory:
GeForce GTX 1060 6GB
Exact command to reproduce:
Open Visual Studio x64 Native Tools Command Prompt with admin rights.
using MSBuild 15.5.180.51428,

cmake .. -A x64 -DCMAKE_BUILD_TYPE=Release ^
-DSWIG_EXECUTABLE=C:/tools/swigwin-3.0.12/swig.exe ^
-DPYTHON_EXECUTABLE=C:\Users\csemp\AppData\Local\Programs\Python\Python35\python.exe ^
-DPYTHON_LIBRARIES=C:\Users\csemp\AppData\Local\Programs\Python\Python35\libs\python35.lib ^
-Dtensorflow_ENABLE_GPU=ON ^
-DCUDNN_HOME="C:\Program Files\NVIDIA GPU Computing Toolkit\CUDA\v9.0" ^
-Dtensorflow_WIN_CPU_SIMD_OPTIONS=/arch:AVX ^
-Dtensorflow_BUILD_CC_EXAMPLE=OFF

set PreferredToolArchitecture=x64
"C:\Program Files (x86)\Microsoft Visual Studio\2017\Community\MSBuild\15.0\Bin\amd64\MSBuild.exe" /m:2 /p:Configuration=Release tf_python_build_pip_package.vcxproj /v:diag > diag.log

Describe the problem
The build fails with the error
 133>CustomBuild: (TargetId:8893)
                     CMake Error at tf_core_gpu_kernels_generated_adjust_contrast_op_gpu.cu.cc.obj.Release.cmake:222 (message): (TaskId:3323)
                       Error generating (TaskId:3323)
                       C:/Users/csemp/dev/tensorflowbuild/tensorflow/tensorflow/contrib/cmake/build/CMakeFiles/tf_core_gpu_kernels.dir/__/__/core/kernels/Release/tf_core_gpu_kernels_generated_adjust_contrast_op_gpu.cu.cc.obj (TaskId:3323)
                      (TaskId:3323)
                      (TaskId:3323)

It also has the error
(ClCompile target) -> 
  C:\Program Files (x86)\Microsoft Visual Studio\2017\Community\VC\Tools\MSVC\14.12.25827\include\algorithm(2417): error C2678: binary '*': no operator found which takes a left-hand operand of type 'const tensorflow::boosted_trees::utils::`anonymous-namespace'::IndicesRowIterator' (or there is no acceptable conversion) (compiling source file C:\Users\csemp\dev\tensorflowbuild2\tensorflow\tensorflow\contrib\boosted_trees\lib\utils\sparse_column_iterable.cc) [C:\Users\csemp\dev\tensorflowbuild2\tensorflow\tensorflow\contrib\cmake\build\tf_core_kernels.vcxproj]
  C:\Program Files (x86)\Microsoft Visual Studio\2017\Community\VC\Tools\MSVC\14.12.25827\include\algorithm(2417): error C2100: illegal indirection (compiling source file C:\Users\csemp\dev\tensorflowbuild2\tensorflow\tensorflow\contrib\boosted_trees\lib\utils\sparse_column_iterable.cc) [C:\Users\csemp\dev\tensorflowbuild2\tensorflow\tensorflow\contrib\cmake\build\tf_core_kernels.vcxproj]

the latter of which can be fixed by a simple change, as noted in #15925 (comment) .
Creating this new issue per @gunan's request
#14691 (comment)
Source code / logs
The log file is way too big to post apparently. I'm open to suggestions