ImportError: No module named '_pywrap_tensorflow_internal'

Hi all,
Using windows 7 and have made tensorflow work in the cpu version. But keep getting this error in the gpu version.
Installed it using pip install tensorflow-gpu. Have cuda 8.0 and cudnn 5.1. Have the dll file and cudnn files copied over. GPU model is K610M.
Thanks in advance for the assistance.
Capture of the screen:
(C:\Users\KiraYamato\Anaconda3) C:\Users\KiraYamato>activate tensorflow-gpu
(tensorflow-gpu) C:\Users\KiraYamato>python
Python 3.5.3 |Continuum Analytics, Inc.| (default, Feb 22 2017, 21:28:42) [MSC v
.1900 64 bit (AMD64)] on win32
Type "help", "copyright", "credits" or "license" for more information.



import tensorflow as tf
Traceback (most recent call last):
File "C:\Users\KiraYamato\Anaconda3\envs\tensorflow-gpu\lib\site-packages\tens
orflow\python\pywrap_tensorflow_internal.py", line 18, in swig_import_helper
return importlib.import_module(mname)
File "C:\Users\KiraYamato\Anaconda3\envs\tensorflow-gpu\lib\importlib_init_
.py", line 126, in import_module
return _bootstrap._gcd_import(name[level:], package, level)
File "", line 986, in _gcd_import
File "", line 969, in _find_and_load
File "", line 958, in _find_and_load_unlocked
File "", line 666, in _load_unlocked
File "", line 577, in module_from_spec
File "", line 914, in create_module
File "", line 222, in _call_with_frames_removed
ImportError: DLL load failed: The specified procedure could not be found.



During handling of the above exception, another exception occurred:
Traceback (most recent call last):
File "C:\Users\KiraYamato\Anaconda3\envs\tensorflow-gpu\lib\site-packages\tens
orflow\python\pywrap_tensorflow.py", line 41, in 
from tensorflow.python.pywrap_tensorflow_internal import *
File "C:\Users\KiraYamato\Anaconda3\envs\tensorflow-gpu\lib\site-packages\tens
orflow\python\pywrap_tensorflow_internal.py", line 21, in 
_pywrap_tensorflow_internal = swig_import_helper()
File "C:\Users\KiraYamato\Anaconda3\envs\tensorflow-gpu\lib\site-packages\tens
orflow\python\pywrap_tensorflow_internal.py", line 20, in swig_import_helper
return importlib.import_module('pywrap_tensorflow_internal')
File "C:\Users\KiraYamato\Anaconda3\envs\tensorflow-gpu\lib\importlib_init
.py", line 126, in import_module
return _bootstrap._gcd_import(name[level:], package, level)
ImportError: No module named '_pywrap_tensorflow_internal'
During handling of the above exception, another exception occurred:
Traceback (most recent call last):
File "", line 1, in 
File "C:\Users\KiraYamato\Anaconda3\envs\tensorflow-gpu\lib\site-packages\tens
orflow_init_.py", line 24, in 
from tensorflow.python import *
File "C:\Users\KiraYamato\Anaconda3\envs\tensorflow-gpu\lib\site-packages\tens
orflow\python_init_.py", line 51, in 
from tensorflow.python import pywrap_tensorflow
File "C:\Users\KiraYamato\Anaconda3\envs\tensorflow-gpu\lib\site-packages\tens
orflow\python\pywrap_tensorflow.py", line 52, in 
raise ImportError(msg)
ImportError: Traceback (most recent call last):
File "C:\Users\KiraYamato\Anaconda3\envs\tensorflow-gpu\lib\site-packages\tens
orflow\python\pywrap_tensorflow_internal.py", line 18, in swig_import_helper
return importlib.import_module(mname)
File "C:\Users\KiraYamato\Anaconda3\envs\tensorflow-gpu\lib\importlib_init_
.py", line 126, in import_module
return _bootstrap._gcd_import(name[level:], package, level)
File "", line 986, in _gcd_import
File "", line 969, in _find_and_load
File "", line 958, in _find_and_load_unlocked
File "", line 666, in _load_unlocked
File "", line 577, in module_from_spec
File "", line 914, in create_module
File "", line 222, in _call_with_frames_removed
ImportError: DLL load failed: The specified procedure could not be found.
During handling of the above exception, another exception occurred:
Traceback (most recent call last):
File "C:\Users\KiraYamato\Anaconda3\envs\tensorflow-gpu\lib\site-packages\tens
orflow\python\pywrap_tensorflow.py", line 41, in 
from tensorflow.python.pywrap_tensorflow_internal import *
File "C:\Users\KiraYamato\Anaconda3\envs\tensorflow-gpu\lib\site-packages\tens
orflow\python\pywrap_tensorflow_internal.py", line 21, in 
_pywrap_tensorflow_internal = swig_import_helper()
File "C:\Users\KiraYamato\Anaconda3\envs\tensorflow-gpu\lib\site-packages\tens
orflow\python\pywrap_tensorflow_internal.py", line 20, in swig_import_helper
return importlib.import_module('pywrap_tensorflow_internal')
File "C:\Users\KiraYamato\Anaconda3\envs\tensorflow-gpu\lib\importlib_init
.py", line 126, in import_module
return _bootstrap._gcd_import(name[level:], package, level)
ImportError: No module named '_pywrap_tensorflow_internal'
Failed to load the native TensorFlow runtime.
See https://www.tensorflow.org/install/install_sources#common_installation_probl
ems
for some common reasons and solutions.  Include the entire stack trace
above this error message when asking for help.