ImportError: No module named '_pywrap_tensorflow'

When I try to run a simple test to see if Tensorflow works I get the following error. I already tried to upgrade tensorflow with: $pip tensorflow -- upgrade and with: pip install -- upgrade https://storage.googleapis.com/tensorflow/windows/gpu/tensorflow_gpu-1.0.0rc2-cp35m-win-amd64.whl
But I  keep on getting the response in my Command Line that everything is up to date, yet this is my error:
File "C:\Users\Gebruiker\AppData\Local\Programs\Python\Python35\lib\site-packages\tensorflow\python\pywrap_tensorflow.py", line 18, in swig_import_helper
  return importlib.import_module(mname)
File "C:\Users\Gebruiker\AppData\Local\Programs\Python\Python35\lib\importlib\__init__.py", line 126, in import_module
  return _bootstrap._gcd_import(name[level:], package, level)
File "<frozen importlib._bootstrap>", line 986, in _gcd_import
File "<frozen importlib._bootstrap>", line 969, in _find_and_load
File "<frozen importlib._bootstrap>", line 958, in _find_and_load_unlocked
File "<frozen importlib._bootstrap>", line 666, in _load_unlocked
File "<frozen importlib._bootstrap>", line 577, in module_from_spec
File "<frozen importlib._bootstrap_external>", line 903, in create_module
File "<frozen importlib._bootstrap>", line 222, in _call_with_frames_removed
ImportError: DLL load failed: Kan opgegeven module niet vinden.

During handling of the above exception, another exception occurred:

Traceback (most recent call last):
File "C:\Users\Gebruiker\AppData\Local\Programs\Python\Python35\lib\site-packages\tensorflow\python\__init__.py", line 66, in <module>
  from tensorflow.python import pywrap_tensorflow
File "C:\Users\Gebruiker\AppData\Local\Programs\Python\Python35\lib\site-packages\tensorflow\python\pywrap_tensorflow.py", line 21, in <module>
  _pywrap_tensorflow = swig_import_helper()
File "C:\Users\Gebruiker\AppData\Local\Programs\Python\Python35\lib\site-packages\tensorflow\python\pywrap_tensorflow.py", line 20, in swig_import_helper
  return importlib.import_module('_pywrap_tensorflow')
File "C:\Users\Gebruiker\AppData\Local\Programs\Python\Python35\lib\importlib\__init__.py", line 126, in import_module
  return _bootstrap._gcd_import(name[level:], package, level)
ImportError: No module named '_pywrap_tensorflow'

During handling of the above exception, another exception occurred:

Traceback (most recent call last):
File "C:\Users\Gebruiker\Desktop\Sentiment.py", line 1, in <module>
  import tensorflow as tf
File "C:\Users\Gebruiker\AppData\Local\Programs\Python\Python35\lib\site-packages\tensorflow\__init__.py", line 24, in <module>
  from tensorflow.python import *
File "C:\Users\Gebruiker\AppData\Local\Programs\Python\Python35\lib\site-packages\tensorflow\python\__init__.py", line 72, in <module>
  raise ImportError(msg)
ImportError: Traceback (most recent call last):
File "C:\Users\Gebruiker\AppData\Local\Programs\Python\Python35\lib\site-packages\tensorflow\python\pywrap_tensorflow.py", line 18, in swig_import_helper
  return importlib.import_module(mname)
File "C:\Users\Gebruiker\AppData\Local\Programs\Python\Python35\lib\importlib\__init__.py", line 126, in import_module
  return _bootstrap._gcd_import(name[level:], package, level)
File "<frozen importlib._bootstrap>", line 986, in _gcd_import
File "<frozen importlib._bootstrap>", line 969, in _find_and_load
File "<frozen importlib._bootstrap>", line 958, in _find_and_load_unlocked
File "<frozen importlib._bootstrap>", line 666, in _load_unlocked
File "<frozen importlib._bootstrap>", line 577, in module_from_spec
File "<frozen importlib._bootstrap_external>", line 903, in create_module
File "<frozen importlib._bootstrap>", line 222, in _call_with_frames_removed
ImportError: DLL load failed: Kan opgegeven module niet vinden.

During handling of the above exception, another exception occurred:

Traceback (most recent call last):
File "C:\Users\Gebruiker\AppData\Local\Programs\Python\Python35\lib\site-packages\tensorflow\python\__init__.py", line 66, in <module>
  from tensorflow.python import pywrap_tensorflow
File "C:\Users\Gebruiker\AppData\Local\Programs\Python\Python35\lib\site-packages\tensorflow\python\pywrap_tensorflow.py", line 21, in <module>
  _pywrap_tensorflow = swig_import_helper()
File "C:\Users\Gebruiker\AppData\Local\Programs\Python\Python35\lib\site-packages\tensorflow\python\pywrap_tensorflow.py", line 20, in swig_import_helper
  return importlib.import_module('_pywrap_tensorflow')
File "C:\Users\Gebruiker\AppData\Local\Programs\Python\Python35\lib\importlib\__init__.py", line 126, in import_module
  return _bootstrap._gcd_import(name[level:], package, level)
ImportError: No module named '_pywrap_tensorflow'