ImportError: libnvidia-fatbinaryloader.so.375.51: cannot open shared object file

OS: Ubuntu 17.04
*TensorFlow installed from: source
TensorFlow version: 1.1.0rc1
Bazel version (if compiling from source): 0.4.5
CUDA/cuDNN version: 8.0/5.1
GPU Model and Memory: NVIDIA GTX 1060, 6 GB RAM
Exact command to reproduce:

import tensorflow as tf
Describe the problem clearly
I installed Tensorflow from source in order to have all CPU instructions supported.
(tensorflow) stefano@stefano-PC:~$ python3
Python 3.5.3 (default, Jan 19 2017, 14:11:04) 
[GCC 6.3.0 20170118] on linux
Type "help", "copyright", "credits" or "license" for more information.
>>> import tensorflow as tf
Traceback (most recent call last):
  File "/usr/local/lib/python3.5/dist-packages/tensorflow/python/pywrap_tensorflow.py", line 41, in <module>
    from tensorflow.python.pywrap_tensorflow_internal import *
  File "/usr/local/lib/python3.5/dist-packages/tensorflow/python/pywrap_tensorflow_internal.py", line 28, in <module>
    _pywrap_tensorflow_internal = swig_import_helper()
  File "/usr/local/lib/python3.5/dist-packages/tensorflow/python/pywrap_tensorflow_internal.py", line 24, in swig_import_helper
    _mod = imp.load_module('_pywrap_tensorflow_internal', fp, pathname, description)
  File "/home/stefano/tensorflow/lib/python3.5/imp.py", line 242, in load_module
    return load_dynamic(name, filename, file)
  File "/home/stefano/tensorflow/lib/python3.5/imp.py", line 342, in load_dynamic
    return _load(spec)
ImportError: libnvidia-fatbinaryloader.so.375.51: cannot open shared object file: No such file or directory

During handling of the above exception, another exception occurred:

Traceback (most recent call last):
  File "<stdin>", line 1, in <module>
  File "/usr/local/lib/python3.5/dist-packages/tensorflow/__init__.py", line 24, in <module>
    from tensorflow.python import *
  File "/usr/local/lib/python3.5/dist-packages/tensorflow/python/__init__.py", line 51, in <module>
    from tensorflow.python import pywrap_tensorflow
  File "/usr/local/lib/python3.5/dist-packages/tensorflow/python/pywrap_tensorflow.py", line 52, in <module>
    raise ImportError(msg)
ImportError: Traceback (most recent call last):
  File "/usr/local/lib/python3.5/dist-packages/tensorflow/python/pywrap_tensorflow.py", line 41, in <module>
    from tensorflow.python.pywrap_tensorflow_internal import *
  File "/usr/local/lib/python3.5/dist-packages/tensorflow/python/pywrap_tensorflow_internal.py", line 28, in <module>
    _pywrap_tensorflow_internal = swig_import_helper()
  File "/usr/local/lib/python3.5/dist-packages/tensorflow/python/pywrap_tensorflow_internal.py", line 24, in swig_import_helper
    _mod = imp.load_module('_pywrap_tensorflow_internal', fp, pathname, description)
  File "/home/stefano/tensorflow/lib/python3.5/imp.py", line 242, in load_module
    return load_dynamic(name, filename, file)
  File "/home/stefano/tensorflow/lib/python3.5/imp.py", line 342, in load_dynamic
    return _load(spec)
ImportError: libnvidia-fatbinaryloader.so.375.51: cannot open shared object file: No such file or directory


Failed to load the native TensorFlow runtime.

See https://www.tensorflow.org/install/install_sources#common_installation_problems

for some common reasons and solutions.  Include the entire stack trace
above this error message when asking for help.
>>> 

My bashrc:
export LD_LIBRARY_PATH=${LD_LIBRARY_PATH}:/usr/local/lib:/usr/local/cuda/lib64:/usr/lib/x86_64-linux-gnu:/usr/lib/nvidia-375
export LIBRARY_PATH=${LIBRARY_PATH}:/usr/local/cuda/lib64:/usr/lib/x86_64-linux-gnu:/usr/lib/nvidia-375

Problem is, that Tensorflow tries to load libnvidia-fatbinaryloader.so.375.51, but it exists only libnvidia-fatbinaryloader.so.375.38. I'm puzzled why TF tries to load a newer version, because right now, version 375.38 is the latest driver available!