Unable to compile HEAD on Windows with Bazel

I'm unable to successfully build the current HEAD (or versions 1.0 or 0.12) with Windows and Bazel.
Environment info


Operating System: Windows 10


Installed version of CUDA and cuDNN: None


Bazel version: 0.4.3 (Build time: Thu Dec 22 12:31:31 2016 (1482409891))
I have done the following


install prerequisites for Bazel on Windows (https://bazel.build/versions/master/docs/windows.html)


checked out TF head (I also tried this with release 1.0, and release 0.12)


run exe C:\tools\msys64\msys2.exe


set these env variables
** export JAVA_HOME="$(ls -d C:/Program\ Files/Java/jdk* | sort | tail -n 1)"
** export TMPDIR="C:/tmp"
** export BAZEL_SH=c:/tools/msys64/usr/bin/bash.exe
** export BAZEL_VS="C:/Program Files (x86)/Microsoft Visual Studio 14.0"
** export BAZEL_PYTHON="C:/Users/.../Anaconda3/python.exe"
** export PYTHON_BIN_PATH="C:/Users/.../Anaconda3/python.exe"
** export PATH=/c/Users/.../Anaconda3/:$PATH
** export PATH=/c/tools/bazel/:$PATH
** export PATH=/c/Program\ Files/CMake/bin/:$PATH


./configure
** no GPU, etc, just default options and path to Anaconda


bazel build -c opt --cpu=x64_windows_msvc //tensorflow/tools/pip_package:build_pip_package


However I get errors after a few minutes of building.
This is reproducible and happens every time. I am following all the default options for the basic build. I would be interested to know if anyone is currently managing to compile on Windows?
I can find a few tutorials using Docker or Cmake, however I'm trying to use the newest method described on TF's website.
INFO: From Linking external/protobuf/pyext/_message.so:
   Creating library bazel-out/vc_14_0_x64-py3-opt/bin/external/protobuf/pyext/_m  essage.lib and object bazel-out/vc_14_0_x64-py3-opt/bin/external/protobuf/pyext/  _message.exp
ERROR: C:/Users/user/Clones/tensorflow/tensorflow/core/BUILD:1013:  1: null failed: protoc.exe failed: error executing command bazel-out/host/bin/ex  ternal/protobuf/protoc.exe --cpp_out=bazel-out/vc_14_0_x64-py3-opt/genfiles/ -I.   -I. -Iexternal/protobuf/src -Ibazel-out/vc_14_0_x64-py3-opt/genfiles/external/p  rotobuf/src ... (remaining 3 argument(s) skipped): com.google.devtools.build.lib  .shell.BadExitStatusException: Process exited with status -1073741515.
ERROR: C:/Users/user/Clones/tensorflow/tensorflow/python/BUILD:208  8:1: output 'tensorflow/python/framework/cpp_shape_inference_pb2.py' was not cre  ated.
ERROR: C:/Users/user/Clones/tensorflow/tensorflow/core/BUILD:163:1  : output 'tensorflow/core/example/example.pb.cc' was not created.
ERROR: C:/Users/user/Clones/tensorflow/tensorflow/core/BUILD:163:1  : output 'tensorflow/core/example/feature.pb.cc' was not created.
ERROR: C:/Users/user/Clones/tensorflow/tensorflow/core/BUILD:163:1  : output 'tensorflow/core/framework/allocation_description.pb.cc' was not create  d.
ERROR: C:/Users/user/Clones/tensorflow/tensorflow/core/BUILD:163:1  : output 'tensorflow/core/framework/attr_value.pb.cc' was not created.
ERROR: C:/Users/user/Clones/tensorflow/tensorflow/core/BUILD:163:1  : output 'tensorflow/core/framework/cost_graph.pb.cc' was not created.
ERROR: C:/Users/user/Clones/tensorflow/tensorflow/core/BUILD:163:1  : output 'tensorflow/core/framework/device_attributes.pb.cc' was not created.
ERROR: C:/Users/user/Clones/tensorflow/tensorflow/core/BUILD:163:1  : output 'tensorflow/core/framework/function.pb.cc' was not created.
ERROR: C:/Users/user/Clones/tensorflow/tensorflow/core/BUILD:163:1  : output 'tensorflow/core/framework/graph.pb.cc' was not created.
ERROR: C:/Users/user/Clones/tensorflow/tensorflow/core/BUILD:163:1  : output 'tensorflow/core/framework/kernel_def.pb.cc' was not created.
ERROR: C:/Users/user/Clones/tensorflow/tensorflow/core/BUILD:163:1  : output 'tensorflow/core/framework/log_memory.pb.cc' was not created.
ERROR: C:/Users/user/Clones/tensorflow/tensorflow/core/BUILD:163:1  : output 'tensorflow/core/framework/node_def.pb.cc' was not created.
ERROR: C:/Users/user/Clones/tensorflow/tensorflow/core/BUILD:163:1  : output 'tensorflow/core/framework/op_def.pb.cc' was not created.
ERROR: C:/Users/user/Clones/tensorflow/tensorflow/core/BUILD:163:1  : output 'tensorflow/core/framework/resource_handle.pb.cc' was not created.
ERROR: C:/Users/user/Clones/tensorflow/tensorflow/core/BUILD:163:1  : output 'tensorflow/core/framework/step_stats.pb.cc' was not created.
ERROR: C:/Users/user/Clones/tensorflow/tensorflow/core/BUILD:163:1  : output 'tensorflow/core/framework/summary.pb.cc' was not created.
ERROR: C:/Users/user/Clones/tensorflow/tensorflow/core/BUILD:163:1  : output 'tensorflow/core/framework/tensor.pb.cc' was not created.
ERROR: C:/Users/user/Clones/tensorflow/tensorflow/core/BUILD:163:1  : output 'tensorflow/core/framework/tensor_description.pb.cc' was not created.
ERROR: C:/Users/user/Clones/tensorflow/tensorflow/core/BUILD:163:1  : output 'tensorflow/core/framework/tensor_shape.pb.cc' was not created.
ERROR: C:/Users/user/Clones/tensorflow/tensorflow/core/BUILD:163:1  : output 'tensorflow/core/framework/tensor_slice.pb.cc' was not created.
ERROR: C:/Users/user/Clones/tensorflow/tensorflow/core/BUILD:163:1  : output 'tensorflow/core/framework/types.pb.cc' was not created.
ERROR: C:/Users/user/Clones/tensorflow/tensorflow/core/BUILD:163:1  : output 'tensorflow/core/framework/versions.pb.cc' was not created.
ERROR: C:/Users/user/Clones/tensorflow/tensorflow/core/BUILD:163:1  : output 'tensorflow/core/lib/core/error_codes.pb.cc' was not created.
ERROR: C:/Users/user/Clones/tensorflow/tensorflow/core/BUILD:163:1  : output 'tensorflow/core/protobuf/config.pb.cc' was not created.
ERROR: C:/Users/user/Clones/tensorflow/tensorflow/core/BUILD:163:1  : output 'tensorflow/core/protobuf/debug.pb.cc' was not created.
ERROR: C:/Users/user/Clones/tensorflow/tensorflow/core/BUILD:163:1  : output 'tensorflow/core/protobuf/tensor_bundle.pb.cc' was not created.
ERROR: C:/Users/user/Clones/tensorflow/tensorflow/core/BUILD:163:1  : output 'tensorflow/core/protobuf/saver.pb.cc' was not created.
ERROR: C:/Users/user/Clones/tensorflow/tensorflow/core/BUILD:163:1  : output 'tensorflow/core/util/memmapped_file_system.pb.cc' was not created.
ERROR: C:/Users/user/Clones/tensorflow/tensorflow/core/BUILD:163:1  : output 'tensorflow/core/util/saved_tensor_slice.pb.cc' was not created.
ERROR: C:/Users/user/Clones/tensorflow/tensorflow/core/BUILD:163:1  : output 'tensorflow/core/example/example_parser_configuration.pb.cc' was not cr  eated.
ERROR: C:/Users/user/Clones/tensorflow/tensorflow/core/BUILD:163:1  : output 'tensorflow/core/framework/variable.pb.cc' was not created.
ERROR: C:/Users/user/Clones/tensorflow/tensorflow/core/BUILD:163:1  : output 'tensorflow/core/protobuf/control_flow.pb.cc' was not created.
ERROR: C:/Users/user/Clones/tensorflow/tensorflow/core/BUILD:163:1  : output 'tensorflow/core/protobuf/meta_graph.pb.cc' was not created.
ERROR: C:/Users/user/Clones/tensorflow/tensorflow/core/BUILD:163:1  : output 'tensorflow/core/protobuf/named_tensor.pb.cc' was not created.
ERROR: C:/Users/user/Clones/tensorflow/tensorflow/core/BUILD:163:1  : output 'tensorflow/core/protobuf/queue_runner.pb.cc' was not created.
ERROR: C:/Users/user/Clones/tensorflow/tensorflow/core/BUILD:163:1  : output 'tensorflow/core/protobuf/saved_model.pb.cc' was not created.
ERROR: C:/Users/user/Clones/tensorflow/tensorflow/core/BUILD:163:1  : output 'tensorflow/core/protobuf/tensorflow_server.pb.cc' was not created.
ERROR: C:/Users/user/Clones/tensorflow/tensorflow/core/BUILD:163:1  : output 'tensorflow/core/util/event.pb.cc' was not created.
ERROR: C:/Users/user/Clones/tensorflow/tensorflow/core/BUILD:163:1  : output 'tensorflow/core/util/test_log.pb.cc' was not created.
ERROR: C:/Users/user/Clones/tensorflow/tensorflow/core/BUILD:163:1  : output 'tensorflow/core/example/example.pb.h' was not created.
ERROR: C:/Users/user/Clones/tensorflow/tensorflow/core/BUILD:163:1  : output 'tensorflow/core/example/feature.pb.h' was not created.
ERROR: C:/Users/user/Clones/tensorflow/tensorflow/core/BUILD:163:1  : output 'tensorflow/core/framework/allocation_description.pb.h' was not created  .
ERROR: C:/Users/user/Clones/tensorflow/tensorflow/core/BUILD:163:1  : output 'tensorflow/core/framework/attr_value.pb.h' was not created.
ERROR: C:/Users/user/Clones/tensorflow/tensorflow/core/BUILD:163:1  : output 'tensorflow/core/framework/cost_graph.pb.h' was not created.
ERROR: C:/Users/user/Clones/tensorflow/tensorflow/core/BUILD:163:1  : output 'tensorflow/core/framework/device_attributes.pb.h' was not created.
ERROR: C:/Users/user/Clones/tensorflow/tensorflow/core/BUILD:163:1  : output 'tensorflow/core/framework/function.pb.h' was not created.
ERROR: C:/Users/user/Clones/tensorflow/tensorflow/core/BUILD:163:1  : output 'tensorflow/core/framework/graph.pb.h' was not created.
ERROR: C:/Users/user/Clones/tensorflow/tensorflow/core/BUILD:163:1  : output 'tensorflow/core/framework/kernel_def.pb.h' was not created.
ERROR: C:/Users/user/Clones/tensorflow/tensorflow/core/BUILD:163:1  : output 'tensorflow/core/framework/log_memory.pb.h' was not created.
ERROR: C:/Users/user/Clones/tensorflow/tensorflow/core/BUILD:163:1  : output 'tensorflow/core/framework/node_def.pb.h' was not created.
ERROR: C:/Users/user/Clones/tensorflow/tensorflow/core/BUILD:163:1  : output 'tensorflow/core/framework/op_def.pb.h' was not created.
ERROR: C:/Users/user/Clones/tensorflow/tensorflow/core/BUILD:163:1  : output 'tensorflow/core/framework/resource_handle.pb.h' was not created.
ERROR: C:/Users/user/Clones/tensorflow/tensorflow/core/BUILD:163:1  : output 'tensorflow/core/framework/step_stats.pb.h' was not created.
ERROR: C:/Users/user/Clones/tensorflow/tensorflow/core/BUILD:163:1  : output 'tensorflow/core/framework/summary.pb.h' was not created.
ERROR: C:/Users/user/Clones/tensorflow/tensorflow/core/BUILD:163:1  : output 'tensorflow/core/framework/tensor.pb.h' was not created.
ERROR: C:/Users/user/Clones/tensorflow/tensorflow/core/BUILD:163:1  : output 'tensorflow/core/framework/tensor_description.pb.h' was not created.
ERROR: C:/Users/user/Clones/tensorflow/tensorflow/core/BUILD:163:1  : output 'tensorflow/core/framework/tensor_shape.pb.h' was not created.
ERROR: C:/Users/user/Clones/tensorflow/tensorflow/core/BUILD:163:1  : output 'tensorflow/core/framework/tensor_slice.pb.h' was not created.
ERROR: C:/Users/user/Clones/tensorflow/tensorflow/core/BUILD:163:1  : output 'tensorflow/core/framework/types.pb.h' was not created.
ERROR: C:/Users/user/Clones/tensorflow/tensorflow/core/BUILD:163:1  : output 'tensorflow/core/framework/versions.pb.h' was not created.
ERROR: C:/Users/user/Clones/tensorflow/tensorflow/core/BUILD:163:1  : output 'tensorflow/core/lib/core/error_codes.pb.h' was not created.
ERROR: C:/Users/user/Clones/tensorflow/tensorflow/core/BUILD:163:1  : output 'tensorflow/core/protobuf/config.pb.h' was not created.
ERROR: C:/Users/user/Clones/tensorflow/tensorflow/core/BUILD:163:1  : output 'tensorflow/core/protobuf/debug.pb.h' was not created.
ERROR: C:/Users/user/Clones/tensorflow/tensorflow/core/BUILD:163:1  : output 'tensorflow/core/protobuf/tensor_bundle.pb.h' was not created.
ERROR: C:/Users/user/Clones/tensorflow/tensorflow/core/BUILD:163:1  : output 'tensorflow/core/protobuf/saver.pb.h' was not created.
ERROR: C:/Users/user/Clones/tensorflow/tensorflow/core/BUILD:163:1  : output 'tensorflow/core/util/memmapped_file_system.pb.h' was not created.
ERROR: C:/Users/user/Clones/tensorflow/tensorflow/core/BUILD:163:1  : output 'tensorflow/core/util/saved_tensor_slice.pb.h' was not created.
ERROR: C:/Users/user/Clones/tensorflow/tensorflow/core/BUILD:163:1  : output 'tensorflow/core/example/example_parser_configuration.pb.h' was not cre  ated.
ERROR: C:/Users/user/Clones/tensorflow/tensorflow/core/BUILD:163:1  : output 'tensorflow/core/framework/variable.pb.h' was not created.
ERROR: C:/Users/user/Clones/tensorflow/tensorflow/core/BUILD:163:1  : output 'tensorflow/core/protobuf/control_flow.pb.h' was not created.
ERROR: C:/Users/user/Clones/tensorflow/tensorflow/core/BUILD:163:1  : output 'tensorflow/core/protobuf/meta_graph.pb.h' was not created.
ERROR: C:/Users/user/Clones/tensorflow/tensorflow/core/BUILD:163:1  : output 'tensorflow/core/protobuf/named_tensor.pb.h' was not created.
ERROR: C:/Users/user/Clones/tensorflow/tensorflow/core/BUILD:163:1  : output 'tensorflow/core/protobuf/queue_runner.pb.h' was not created.
ERROR: C:/Users/user/Clones/tensorflow/tensorflow/core/BUILD:163:1  : output 'tensorflow/core/protobuf/saved_model.pb.h' was not created.
ERROR: C:/Users/user/Clones/tensorflow/tensorflow/core/BUILD:163:1  : output 'tensorflow/core/protobuf/tensorflow_server.pb.h' was not created.
ERROR: C:/Users/user/Clones/tensorflow/tensorflow/core/BUILD:163:1  : output 'tensorflow/core/util/event.pb.h' was not created.
ERROR: C:/Users/user/Clones/tensorflow/tensorflow/core/BUILD:163:1  : output 'tensorflow/core/util/test_log.pb.h' was not created.
Target //tensorflow/tools/pip_package:build_pip_package failed to build
Use --verbose_failures to see the command lines of failed build steps.
INFO: Elapsed time: 187.905s, Critical Path: 171.65s