build fail (looser throw specifier in EnvWrapper)

System information

Have I written custom code (as opposed to using a stock example script provided in TensorFlow):

No.

OS Platform and Distribution (e.g., Linux Ubuntu 16.04):

Linux Fedora 17

TensorFlow installed from (source or binary):

Trying to build from source.

TensorFlow version (use command below):

1.3

Python version:

2.7

Bazel version (if compiling from source):

0.5.4

CUDA/cuDNN version:

Disabled.

GPU model and memory:

Disabled.

Exact command to reproduce:

bazel build
Describe the problem
I'm trying to compile tensorflow from source, don't modify anything, simply following the instructions on the webpage:
built bazel 0.5.4 from source
git clone
git checkout origin/1.3
./configure     # all answers are the defaults
bazel build --verbose_failures --config=opt //tensorflow/tools/pip_package:build_pip_package
The above fails with with a looser throw specifier error in core/platform/env.h
The versions of the various tools involved:
openjdk 1.8.0
bazel 0.5.4
python 2.7
gcc 4.7.2
libstdc++ 4.7.2
The problem is reproducible on my box.
Source code / logs
The precise failure from the bazel build is this:
> 
> 
> ERROR: /home/fetch/tensorflow/tensorflow/core/BUILD:1244:1: C++ compilation of rule '//tensorflow/core:lib_internal' failed (Exit 1): gcc failed: error executing command 
>   (cd /home/fetch/.cache/bazel/_bazel_fetch/7ef242de6c5f89b75c729448096cd3bb/execroot/org_tensorflow && \
>   exec env - \
>     LD_LIBRARY_PATH=/usr/lib64:/usr/lib64/openmpi/lib \
>     PATH=/opt/obuildfactory/jdk-1.8.0-openjdk-x86_64/bin:/usr/lib/jvm/java-1.7.0-openjdk-1.7.0.25.x86_64/bin:/usr/lib64/openmpi/bin:/home/fetch/opt/bin:/home/fetch/bin:/usr/lib64/openmpi/bin:/home/fetch/opt/bin:/home/fetch/bin:/usr/lib64/qt-3.3/bin:/usr/local/bin:/bin:/usr/bin:/usr/local/sbin:/usr/sbin \
>     PWD=/proc/self/cwd \
>     PYTHON_BIN_PATH=/bin/python \
>     PYTHON_LIB_PATH=/usr/lib/python2.7/site-packages \
>     TF_NEED_CUDA=0 \
>     TF_NEED_OPENCL=0 \
>   /bin/gcc -U_FORTIFY_SOURCE -fstack-protector -Wall -B/bin -B/usr/bin -Wunused-but-set-parameter -Wno-free-nonheap-object -fno-omit-frame-pointer -g0 -O2 '-D_FORTIFY_SOURCE=1' -DNDEBUG -ffunction-sections -fdata-sections '-march=native' '-std=c++0x' '-march=native' -MD -MF bazel-out/local-opt/bin/tensorflow/core/_objs/lib_internal/tensorflow/core/platform/default/tracing.pic.d '-frandom-seed=bazel-out/local-opt/bin/tensorflow/core/_objs/lib_internal/tensorflow/core/platform/default/tracing.pic.o' -fPIC -DEIGEN_MPL2_ONLY -DSNAPPY -iquote . -iquote bazel-out/local-opt/genfiles -iquote external/bazel_tools -iquote bazel-out/local-opt/genfiles/external/bazel_tools -iquote external/protobuf -iquote bazel-out/local-opt/genfiles/external/protobuf -iquote external/eigen_archive -iquote bazel-out/local-opt/genfiles/external/eigen_archive -iquote external/local_config_sycl -iquote bazel-out/local-opt/genfiles/external/local_config_sycl -iquote external/gif_archive -iquote bazel-out/local-opt/genfiles/external/gif_archive -iquote external/jpeg -iquote bazel-out/local-opt/genfiles/external/jpeg -iquote external/com_googlesource_code_re2 -iquote bazel-out/local-opt/genfiles/external/com_googlesource_code_re2 -iquote external/farmhash_archive -iquote bazel-out/local-opt/genfiles/external/farmhash_archive -iquote external/fft2d -iquote bazel-out/local-opt/genfiles/external/fft2d -iquote external/highwayhash -iquote bazel-out/local-opt/genfiles/external/highwayhash -iquote external/png_archive -iquote bazel-out/local-opt/genfiles/external/png_archive -iquote external/zlib_archive -iquote bazel-out/local-opt/genfiles/external/zlib_archive -iquote external/snappy -iquote bazel-out/local-opt/genfiles/external/snappy -isystem external/bazel_tools/tools/cpp/gcc3 -isystem external/protobuf/src -isystem bazel-out/local-opt/genfiles/external/protobuf/src -isystem external/eigen_archive -isystem bazel-out/local-opt/genfiles/external/eigen_archive -isystem external/gif_archive/lib -isystem bazel-out/local-opt/genfiles/external/gif_archive/lib -isystem external/farmhash_archive/src -isystem bazel-out/local-opt/genfiles/external/farmhash_archive/src -isystem external/png_archive -isystem bazel-out/local-opt/genfiles/external/png_archive -isystem external/zlib_archive -isystem bazel-out/local-opt/genfiles/external/zlib_archive -DEIGEN_AVOID_STL_ARRAY -Iexternal/gemmlowp -Wno-sign-compare -fno-exceptions -msse3 -pthread -Wno-builtin-macro-redefined '-D__DATE__="redacted"' '-D__TIMESTAMP__="redacted"' '-D__TIME__="redacted"' -c tensorflow/core/platform/default/tracing.cc -o bazel-out/local-opt/bin/tensorflow/core/_objs/lib_internal/tensorflow/core/platform/default/tracing.pic.o).
> In file included from ./tensorflow/core/lib/core/threadpool.h:21:0,
>                  from ./tensorflow/core/platform/default/tracing_impl.h:25,
>                  from ./tensorflow/core/platform/tracing.h:266,
>                  from tensorflow/core/platform/default/tracing.cc:16:
> ./tensorflow/core/platform/env.h:295:11: error: looser throw specifier for 'virtual tensorflow::EnvWrapper::~EnvWrapper()'
> ./tensorflow/core/platform/env.h:50:11: error:   overriding 'virtual tensorflow::Env::~Env() noexcept (true)'
> tensorflow/core/platform/default/tracing.cc:32:19: warning: 'tensorflow::port::dummy' defined but not used [-Wunused-variable]
> Target //tensorflow/tools/pip_package:build_pip_package failed to build
> INFO: Elapsed time: 418.721s, Critical Path: 19.37s
>