Build fails at patch command - different line endings

System information

Have I written custom code (as opposed to using a stock example script provided in TensorFlow):
No
OS Platform and Distribution (e.g., Linux Ubuntu 16.04):
Windows 8.1 64bit
TensorFlow installed from (source or binary):
I'm trying to build from source to use CPU optimizations
TensorFlow version (use command below):
1.3 cloned from master
Python version:
3.6.1
Bazel version (if compiling from source):
0.5.4
CUDA/cuDNN version:
CPU only

Describe the problem
I'm trying to build TensorFlow from source to use CPU optimizations. I was getting patch error exactly as in Issue #10435 so I used the recommended solution by adding --binary to patch call at workspace.bzl function _apply_patch(). The tensorflow/core is now loaded, bur I get another error with tensorflow/contrib/session_bundle - see log.
Source code / logs
$ ./configure
You have bazel 0.5.4 installed.
Found possible Python library paths:
  D:\anaconda\lib\site-packages
Please input the desired Python library path to use.  Default is [D:\anaconda\lib\site-packages]
Do you wish to build TensorFlow with XLA JIT support? [y/N]: n
No XLA JIT support will be enabled for TensorFlow.
Do you wish to build TensorFlow with GDR support? [y/N]: n
No GDR support will be enabled for TensorFlow.
Do you wish to build TensorFlow with VERBS support? [y/N]: n
No VERBS support will be enabled for TensorFlow.
Do you wish to build TensorFlow with CUDA support? [y/N]: n
No CUDA support will be enabled for TensorFlow.
Do you wish to build TensorFlow with MPI support? [y/N]: n
No MPI support will be enabled for TensorFlow.
Please specify optimization flags to use during compilation when bazel option "--config=opt" is specified [Default is -march=native]:
Add "--config=mkl" to your bazel command to build with MKL support.
Please note that MKL on MacOS or windows is still not supported.
If you would like to use a local MKL instead of downloading, please set the environment variable "TF_MKL_ROOT" every time before build.
Configuration finished

$ ./bazel build --config=opt --cpu=x64_windows_msvc --host_cpu=x64_windows_msvc --copt=-w --host_copt=-w //tensorflow/tools/pip_package:build_pip_package
.............
____Loading package: tensorflow/tools/pip_package
____Loading package: @bazel_tools//tools/cpp
____Loading package: @bazel_tools//tools/jdk
____Loading package: @local_config_xcode//
____Loading package: @local_config_cc//
____Loading package: @local_jdk//
____Loading complete.  Analyzing...
____Loading package: @bazel_tools//tools/launcher
____Loading package: tensorflow/contrib/nn
____Loading package: tensorflow/python/tools
____Loading package: tensorflow/python/eager
____Downloading http://mirror.bazel.build/github.com/google/protobuf/archive/0b059a3d8a8f8aa40dde7bea55edca4ec5dfea66.tar.gz: 1,500,767 bytes
____Downloading http://mirror.bazel.build/github.com/google/protobuf/archive/0b059a3d8a8f8aa40dde7bea55edca4ec5dfea66.tar.gz: 3,866,533 bytes
____Downloading http://mirror.bazel.build/github.com/google/protobuf/archive/0b059a3d8a8f8aa40dde7bea55edca4ec5dfea66.tar.gz: 1,351,924 bytes
____Downloading http://mirror.bazel.build/github.com/google/protobuf/archive/0b059a3d8a8f8aa40dde7bea55edca4ec5dfea66.tar.gz: 3,602,866 bytes
____Downloading http://mirror.bazel.build/github.com/google/protobuf/archive/0b059a3d8a8f8aa40dde7bea55edca4ec5dfea66.tar.gz: 1,223,337 bytes
____Downloading http://mirror.bazel.build/github.com/google/protobuf/archive/0b059a3d8a8f8aa40dde7bea55edca4ec5dfea66.tar.gz: 3,589,997 bytes
ERROR: D:/tensorflow/tensorflow/tools/pip_package/BUILD:70:1: error loading package 'tensorflow/contrib/session_bundle': Encountered error while reading extension file 'protobuf.bzl': no such package '@protobuf_archive//': Traceback (most recent call last):
        File "D:/tensorflow/tensorflow/workspace.bzl", line 123
                _apply_patch(repo_ctx, repo_ctx.attr.patch_file)
        File "D:/tensorflow/tensorflow/workspace.bzl", line 114, in _apply_patch
                _execute_and_check_ret_code(repo_ctx, cmd)
        File "D:/tensorflow/tensorflow/workspace.bzl", line 94, in _execute_and_check_ret_code
                fail("Non-zero return code({1}) when ...))
Non-zero return code(1) when executing 'D:\msys\usr\bin\bash.exe -c patch --binary -p1 -d D:/msys/tmp/_bazel_admin/aeorbm85/external/protobuf_archive -i D:/tensorflow/third_party/protobuf/add_noinlines.patch':
Stdout: patching file src/google/protobuf/compiler/cpp/cpp_file.cc
Hunk #1 FAILED at 557 (different line endings).
Hunk #2 FAILED at 656 (different line endings).
Hunk #3 FAILED at 737 (different line endings).
3 out of 3 hunks FAILED -- saving rejects to file src/google/protobuf/compiler/cpp/cpp_file.cc.rej

Stderr:  and referenced by '//tensorflow/tools/pip_package:simple_console_for_windows'.
ERROR: Analysis of target '//tensorflow/tools/pip_package:build_pip_package' failed; build aborted.
____Elapsed time: 34,135s