there is a error when i run 'bazel build --config opt //tensorflow/tools/pip_package:build_pip_package'

INFO: Found 1 target...
ERROR: /home/ben/.cache/bazel/_bazel_ben/a552231fe7b7da49217bcb6530531abd/external/protobuf/BUILD:73:1: C++ compilation of rule '@protobuf//:protobuf_lite' failed: gcc failed: error executing command /usr/bin/gcc -U_FORTIFY_SOURCE -fstack-protector -Wall -B/usr/bin -B/usr/bin -Wunused-but-set-parameter -Wno-free-nonheap-object -fno-omit-frame-pointer -g0 -O2 '-D_FORTIFY_SOURCE=1' -DNDEBUG ... (remaining 38 argument(s) skipped): com.google.devtools.build.lib.shell.BadExitStatusException: Process exited with status 1.
gcc: error: cuda: No such file or directory
gcc: error: cuda: No such file or directory
Target //tensorflow/tools/pip_package:build_pip_package failed to build
Use --verbose_failures to see the command lines of failed build steps.
INFO: Elapsed time: 5.769s, Critical Path: 1.60s