Error while install tensorflow via recommended method on Getting Started guide

I'm having trouble install the Tensorflow engine via  conda and pip3. I'm pasting the information regarding the python toolchain and the system I'm trying to install on.
❯ conda install -c conda-forge tensorflow
Fetching package metadata .........
Solving package specifications: ..........

Package plan for installation in environment /Users/eklavya/anaconda:

The following packages will be downloaded:

    package                    |            build
    ---------------------------|-----------------
    tensorflow-1.0.0           |           py35_0        32.7 MB  conda-forge

The following NEW packages will be INSTALLED:

    mock:       2.0.0-py35_0  conda-forge
    pbr:        1.10.0-py35_0 conda-forge
    protobuf:   3.2.0-py35_0  conda-forge
    tensorflow: 1.0.0-py35_0  conda-forge

The following packages will be SUPERCEDED by a higher-priority channel:

    conda:      4.2.13-py35_0             --> 4.2.13-py35_0 conda-forge
    conda-env:  2.6.0-0                   --> 2.6.0-0       conda-forge

Proceed ([y]/n)? y

Fetching packages ...
An unexpected error has occurred.#####################################################                 | ETA:  0:02:21  50.21 kB/s
Please consider posting the following information to the
conda GitHub issue tracker at:

    https://github.com/conda/conda/issues



Current conda install:

               platform : osx-64
          conda version : 4.2.13
       conda is private : False
      conda-env version : 4.2.13
    conda-build version : 1.21.3
         python version : 3.5.2.final.0
       requests version : 2.10.0
       root environment : /Users/eklavya/anaconda  (writable)
    default environment : /Users/eklavya/anaconda
       envs directories : /Users/eklavya/anaconda/envs
          package cache : /Users/eklavya/anaconda/pkgs
           channel URLs : https://repo.continuum.io/pkgs/free/osx-64
                          https://repo.continuum.io/pkgs/free/noarch
                          https://repo.continuum.io/pkgs/pro/osx-64
                          https://repo.continuum.io/pkgs/pro/noarch
            config file : None
           offline mode : False



`$ /Users/eklavya/anaconda/bin/conda install -c conda-forge tensorflow`




    Traceback (most recent call last):
      File "/Users/eklavya/anaconda/lib/python3.5/site-packages/requests/packages/urllib3/response.py", line 228, in _error_catcher
        yield
      File "/Users/eklavya/anaconda/lib/python3.5/site-packages/requests/packages/urllib3/response.py", line 310, in read
        data = self._fp.read(amt)
      File "/Users/eklavya/anaconda/lib/python3.5/http/client.py", line 448, in read
        n = self.readinto(b)
      File "/Users/eklavya/anaconda/lib/python3.5/http/client.py", line 488, in readinto
        n = self.fp.readinto(b)
      File "/Users/eklavya/anaconda/lib/python3.5/socket.py", line 575, in readinto
        return self._sock.recv_into(b)
      File "/Users/eklavya/anaconda/lib/python3.5/ssl.py", line 929, in recv_into
        return self.read(nbytes, buffer)
      File "/Users/eklavya/anaconda/lib/python3.5/ssl.py", line 791, in read
        return self._sslobj.read(len, buffer)
      File "/Users/eklavya/anaconda/lib/python3.5/ssl.py", line 575, in read
        v = self._sslobj.read(len, buffer)
    socket.timeout: The read operation timed out
    
    During handling of the above exception, another exception occurred:
    
    Traceback (most recent call last):
      File "/Users/eklavya/anaconda/lib/python3.5/site-packages/requests/models.py", line 664, in generate
        for chunk in self.raw.stream(chunk_size, decode_content=True):
      File "/Users/eklavya/anaconda/lib/python3.5/site-packages/requests/packages/urllib3/response.py", line 353, in stream
        data = self.read(amt=amt, decode_content=decode_content)
      File "/Users/eklavya/anaconda/lib/python3.5/site-packages/requests/packages/urllib3/response.py", line 320, in read
        flush_decoder = True
      File "/Users/eklavya/anaconda/lib/python3.5/contextlib.py", line 77, in __exit__
        self.gen.throw(type, value, traceback)
      File "/Users/eklavya/anaconda/lib/python3.5/site-packages/requests/packages/urllib3/response.py", line 233, in _error_catcher
        raise ReadTimeoutError(self._pool, None, 'Read timed out.')
    requests.packages.urllib3.exceptions.ReadTimeoutError: HTTPSConnectionPool(host='binstar-cio-packages-prod.s3.amazonaws.com', port=443): Read timed out.
    
    During handling of the above exception, another exception occurred:
    
    Traceback (most recent call last):
      File "/Users/eklavya/anaconda/lib/python3.5/site-packages/conda/fetch.py", line 421, in download
        for chunk in resp.iter_content(2**14):
      File "/Users/eklavya/anaconda/lib/python3.5/site-packages/requests/models.py", line 671, in generate
        raise ConnectionError(e)
    requests.exceptions.ConnectionError: HTTPSConnectionPool(host='binstar-cio-packages-prod.s3.amazonaws.com', port=443): Read timed out.
    
    During handling of the above exception, another exception occurred:
    
    Traceback (most recent call last):
      File "/Users/eklavya/anaconda/lib/python3.5/site-packages/conda/cli/install.py", line 405, in install
        execute_actions(actions, index, verbose=not context.quiet)
      File "/Users/eklavya/anaconda/lib/python3.5/site-packages/conda/plan.py", line 643, in execute_actions
        inst.execute_instructions(plan, index, verbose)
      File "/Users/eklavya/anaconda/lib/python3.5/site-packages/conda/instructions.py", line 135, in execute_instructions
        cmd(state, arg)
      File "/Users/eklavya/anaconda/lib/python3.5/site-packages/conda/instructions.py", line 47, in FETCH_CMD
        fetch_pkg(state['index'][arg + '.tar.bz2'])
      File "/Users/eklavya/anaconda/lib/python3.5/site-packages/conda/fetch.py", line 353, in fetch_pkg
        download(url, path, session=session, md5=info['md5'], urlstxt=True)
      File "/Users/eklavya/anaconda/lib/python3.5/site-packages/conda/fetch.py", line 440, in download
        raise CondaRuntimeError("Could not open %r for writing (%s)." % (pp, e))
    conda.exceptions.CondaRuntimeError: Runtime error: Could not open '/Users/eklavya/anaconda/pkgs/tensorflow-1.0.0-py35_0.tar.bz2.part' for writing (HTTPSConnectionPool(host='binstar-cio-packages-prod.s3.amazonaws.com', port=443): Read timed out.).
    
    During handling of the above exception, another exception occurred:
    
    Traceback (most recent call last):
      File "/Users/eklavya/anaconda/lib/python3.5/site-packages/conda/exceptions.py", line 479, in conda_exception_handler
        return_value = func(*args, **kwargs)
      File "/Users/eklavya/anaconda/lib/python3.5/site-packages/conda/cli/main.py", line 145, in _main
        exit_code = args.func(args, p)
      File "/Users/eklavya/anaconda/lib/python3.5/site-packages/conda/cli/main_install.py", line 80, in execute
        install(args, parser, 'install')
      File "/Users/eklavya/anaconda/lib/python3.5/site-packages/conda/cli/install.py", line 422, in install
        raise CondaSystemExit('Exiting', e)
      File "/Users/eklavya/anaconda/lib/python3.5/contextlib.py", line 77, in __exit__
        self.gen.throw(type, value, traceback)
      File "/Users/eklavya/anaconda/lib/python3.5/site-packages/conda/cli/common.py", line 573, in json_progress_bars
        yield
      File "/Users/eklavya/anaconda/lib/python3.5/site-packages/conda/cli/install.py", line 420, in install
        raise CondaRuntimeError('RuntimeError: %s' % e)
    conda.exceptions.CondaRuntimeError: Runtime error: RuntimeError: Runtime error: Could not open '/Users/eklavya/anaconda/pkgs/tensorflow-1.0.0-py35_0.tar.bz2.part' for writing (HTTPSConnectionPool(host='binstar-cio-packages-prod.s3.amazonaws.com', port=443): Read timed out.).

Environment info
Operating System:
❯ uname -a
Darwin abhinavs-MBP.Home 14.5.0 Darwin Kernel Version 14.5.0: Wed Jul 29 02:26:53 PDT 2015; root:xnu-2782.40.9~1/RELEASE_X86_64 x86_64
                                                                                                                                  
Other attempts
I've also tried installing via the pip3 package
❯ pip3 install tensorflow    
Collecting tensorflow
  Could not find a version that satisfies the requirement tensorflow (from versions: )
No matching distribution found for tensorflow
                                                                                                                                  
~   
❯ pip3 install tensorflow-gpu
Collecting tensorflow-gpu
  Could not find a version that satisfies the requirement tensorflow-gpu (from versions: )
No matching distribution found for tensorflow-gpu