Tensorflow build error: not able to find ar in the compiler

I'm trying to build Tensorflow from source, and I follow the instruction here:
https://gist.github.com/taylorpaul/3e4e405ffad1be8355bf742fa24b41f0#file-buildtf-sh-L118
But I fail to build it, and below are the command and error info. Could any one help me out?
$ bazel build -c opt --config=cuda --genrule_strategy=standalone --spawn_strategy=standalone //tensorflow/tools/pip_package:build_pip_package

WARNING: Output base '/home/xruan/.cache/bazel/_bazel_xruan/b83ca1b6fcc10c08548ef5b8ff5c75d2' is on NFS. This may lead to surprising failures and undetermined behavior.
WARNING: Sandboxed execution is not supported on your system and thus hermeticity of actions cannot be guaranteed. See http://bazel.build/docs/bazel-user-manual.html#sandboxing for more information. You can turn off this warning via --ignore_unsupported_sandboxing.
WARNING: /home/xruan/tmp/tensorflow/tensorflow/contrib/learn/BUILD:15:1: in py_library rule //tensorflow/contrib/learn:learn: target '//tensorflow/contrib/learn:learn' depends on deprecated target '//tensorflow/contrib/session_bundle:exporter': Use SavedModel Builder instead.
WARNING: /home/xruan/tmp/tensorflow/tensorflow/contrib/learn/BUILD:15:1: in py_library rule //tensorflow/contrib/learn:learn: target '//tensorflow/contrib/learn:learn' depends on deprecated target '//tensorflow/contrib/session_bundle:gc': Use SavedModel instead.
INFO: Found 1 target...
ERROR: /home/xruan/tmp/tensorflow/tensorflow/core/BUILD:1268:1: Linking of rule '//tensorflow/core:lib_hash_crc32c_accelerate_internal' failed: ar failed: error executing command /opt/gcc/4.9.2/bin/ar @bazel-out/host/bin/tensorflow/core/liblib_hash_crc32c_accelerate_internal.a-2.params: com.google.devtools.build.lib.shell.BadExitStatusException: Process exited with status 1.
process-wrapper: execvp("/opt/gcc/4.9.2/bin/ar", ...): No such file or directory
Target //tensorflow/tools/pip_package:build_pip_package failed to build
Use --verbose_failures to see the command lines of failed build steps.
INFO: Elapsed time: 2.925s, Critical Path: 0.25s


System Information

Have I written custom code (as opposed to using a stock example script provided in TensorFlow)?:No
OS Platform and Distribution (i.e. Linux Ubuntu 16.0):Centos 6.5 Cluster
TensorFlow installed from (source or binary)?:source
TensorFlow version (use command below):r1.1
Bazel version (if compiling from source):0.4.5
CUDA/cuDNN version:8.0
GPU Model and Memory:GTX1080