gcc failed: error executing command

$ bazel build tensorflow/tools/graph_transforms:transform_graph:
ERROR: /home/osboxes/tensorflow/tensorflow/core/kernels/BUILD:2083:1: C++ compilation of rule '//tensorflow/core/kernels:svd_op' failed: gcc failed: error executing command /usr/bin/gcc -U_FORTIFY_SOURCE -fstack-protector -Wall -B/usr/bin -B/usr/bin -Wunused-but-set-parameter -Wno-free-nonheap-object -fno-omit-frame-pointer -g0 -O2 '-D_FORTIFY_SOURCE=1' -DNDEBUG ... (remaining 115 argument(s) skipped): com.google.devtools.build.lib.shell.BadExitStatusException: Process exited with status 4.
gcc: internal compiler error: Killed (program cc1plus)
Please submit a full bug report,
with preprocessed source if appropriate.
See <file:///usr/share/doc/gcc-6/README.Bugs> for instructions.
Slow read: a 607144-byte read from /home/osboxes/.cache/bazel/_bazel_osboxes/a2c72928f8ca1d272e54d2254eb1b173/execroot/tensorflow/bazel-out/local-py3-opt/bin/tensorflow/core/kernels/_objs/strided_slice_op/tensorflow/core/kernels/strided_slice_op.o took 96724ms.
Target //tensorflow/tools/graph_transforms:transform_graph failed to build
Use --verbose_failures to see the command lines of failed build steps.


gccFailed.txt
Ubuntu 17.04