AssertionError: Items are not equal: ACTUAL: 2147483647 DESIRED: -2147483648

System information

OS Platform and Distribution (e.g., Linux Ubuntu 16.04):
Ubuntu 16.04 (ppc64le)
TensorFlow installed from (source or binary):
Installed from source (v1.0.1)
TensorFlow version (use command below):
('v1.0.1-0-ge895d5c-dirty', '1.0.1')
Bazel version (if compiling from source):
bazel release 0.4.4-2017-04-10 (@80a07b5)
CUDA/cuDNN version:
In disable mode
Exact command to reproduce:
bazel test //tensorflow/python/kernel_tests:cast_op_test

Describe the problem
Built TF successfully , however I am getting Items are not equal error while running the cast_op_test
To cross verify the test results , I ran this test on X86 vm and that passed successfully. This test is failing only on ppc64le platform . Here I would like to know your suggestions and comments.
Source code / logs
$ bazel test //tensorflow/python/kernel_tests:cast_op_test


exec ${PAGER:-/usr/bin/less} "$0" || exit 1
-----------------------------------------------------------------------------
I tensorflow/compiler/xla/service/platform_util.cc:58] platform Host present with 16 visible devices
I tensorflow/compiler/xla/service/service.cc:180] XLA service executing computations on platform Host. Devices:
I tensorflow/compiler/xla/service/service.cc:187]   StreamExecutor device (0): <undefined>, <undefined>
/root/.cache/bazel/_bazel_root/68a62076e91007a7908bc42a32e4cff9/execroot/tensorflow/bazel-out/local-opt/bin/tensorflow/python/kernel_tests/cast_op_test.runfiles/org_tensorflow/tensorflow/python/kernel_tests/cast_op_test.py:62: ComplexWarning: Casting complex values to real discards the imaginary part
  np_ans = x.astype(dtype)
....F.W tensorflow/core/framework/op_kernel.cc:983] Unimplemented: Cast int64 to string is not supported
E tensorflow/core/common_runtime/executor.cc:594] Executor failed to create kernel. Unimplemented: Cast int64 to string is not supported
         [[Node: Cast = Cast[DstT=DT_STRING, SrcT=DT_INT64, _device="/job:localhost/replica:0/task:0/cpu:0"](Cast/x)]]
........
======================================================================
FAIL: testInfNan (__main__.CastOpTest)
----------------------------------------------------------------------
Traceback (most recent call last):
  File "/root/.cache/bazel/_bazel_root/68a62076e91007a7908bc42a32e4cff9/execroot/tensorflow/bazel-out/local-opt/bin/tensorflow/python/kernel_tests/cast_op_test.runfiles/org_tensorflow/tensorflow/python/kernel_tests/cast_op_test.py", line 150, in testInfNan
    self._compare(np.inf, np.int32, i4.min, False)
  File "/root/.cache/bazel/_bazel_root/68a62076e91007a7908bc42a32e4cff9/execroot/tensorflow/bazel-out/local-opt/bin/tensorflow/python/kernel_tests/cast_op_test.runfiles/org_tensorflow/tensorflow/python/kernel_tests/cast_op_test.py", line 124, in _compare
    x, dst_dtype, use_gpu=use_gpu), dst_dtype(expected))
  File "/usr/lib64/python2.7/site-packages/numpy/testing/utils.py", line 425, in assert_equal
    raise AssertionError(msg)
AssertionError:
Items are not equal:
 ACTUAL: 2147483647
 DESIRED: -2147483648

----------------------------------------------------------------------
Ran 14 tests in 2.485s

FAILED (failures=1)
`

```