array_elementwise_ops_test_cpu_parallel test failure on ppc64le

Please go to Stack Overflow for help and support:
https://stackoverflow.com/questions/tagged/tensorflow
If you open a GitHub issue, here is our policy:

It must be a bug or a feature request.
The form below must be filled out.
It shouldn't be a TensorBoard issue. Those go here.

Here's why we have that policy: TensorFlow developers respond to issues. We want to focus on work that benefits the whole community, e.g., fixing bugs and adding features. Support only helps individuals. GitHub also notifies thousands of people when issues are filed. We want them to see you communicating an interesting problem, rather than being redirected to Stack Overflow.

System information

Have I written custom code (as opposed to using a stock example script provided in TensorFlow):
OS Platform and Distribution (e.g., Linux Ubuntu 16.04): Linux Rhel 7.3/ SLES 12 ppc64le
TensorFlow installed from (source or binary): source
TensorFlow version (use command below): master
Python version: 2.7.4
Bazel version (if compiling from source): 0.4.6
CUDA/cuDNN version:
GPU model and memory:
Exact command to reproduce:
bazel test --test_output=errors //tensorflow/compiler/xla/tests:array_elementwise_ops_test_cpu_parallel

You can collect some of this information using our environment capture script:
https://github.com/tensorflow/tensorflow/tree/master/tools/tf_env_collect.sh
You can obtain the TensorFlow version with
python -c "import tensorflow as tf; print(tf.GIT_VERSION, tf.VERSION)"
Describe the problem
Describe the problem clearly here. Be sure to convey here why it's a bug in TensorFlow or a feature request.
Test gives failure log as below. Root causing the issue, error lines are these:
ComputationBuilder builder(client_, TestName());
auto result = builder.IsFinite(builder.ConstantR0(NAN));
ComputeAndCompareR0(&builder, false, {});
IsFinite(..) on ppc64le incorrectly returning True instead of False when passed a NaN. Tracing the implemnetaion of IsFinite leads to code under XLA, from here: https://www.tensorflow.org/performance/xla/ seems like XLA does not support ppc64le as a backend.
Need some insight to help with further debugging, is this analysis correct that this test failure is due to XLA not supporting ppc64le? Any other pointers for this will help!
Source code / logs
Include any logs or source code that would be helpful to diagnose the problem. If including tracebacks, please include the full traceback. Large logs and files should be attached. Try to provide a reproducible test case that is the bare minimum necessary to generate the problem.
==================== Test output for //tensorflow/compiler/xla/tests:array_elementwise_ops_test_cpu_parallel:
Note: This is test shard 5 of 25.
[==========] Running 5 tests from 1 test case.
[----------] Global test environment set-up.
[----------] 5 tests from ArrayElementwiseOpTest
[ RUN      ] ArrayElementwiseOpTest.IsFiniteScalarF32
2017-07-28 10:35:17.159242: I tensorflow/compiler/xla/service/platform_util.cc:58] platform Host present with 8 visible devices
2017-07-28 10:35:17.160204: I tensorflow/compiler/xla/service/platform_util.cc:58] platform Host present with 8 visible devices
2017-07-28 10:35:17.161041: I tensorflow/compiler/xla/service/service.cc:198] XLA service 0x1002d5b4cb0 executing computations on platform Host. Devices:
2017-07-28 10:35:17.161051: I tensorflow/compiler/xla/service/service.cc:206]   StreamExecutor device (0): , 
tensorflow/compiler/xla/tests/literal_test_util.cc:151: Failure
Value of: Equal(expected, actual)
Actual: false (expected: false
actual:   true)
Expected: true
expected:
false
vs actual:
true
tensorflow/compiler/xla/tests/literal_test_util.cc:151: Failure
Value of: Equal(expected, actual)
Actual: false (expected: false
actual:   true)
Expected: true
expected: false vs actual: true
[  FAILED  ] ArrayElementwiseOpTest.IsFiniteScalarF32 (41 ms)
[ RUN      ] ArrayElementwiseOpTest.CompareEqZeroElementF32s
2017-07-28 10:35:17.199474: I tensorflow/compiler/xla/service/platform_util.cc:58] platform Host present with 8 visible devices
[       OK ] ArrayElementwiseOpTest.CompareEqZeroElementF32s (6 ms)
[ RUN      ] ArrayElementwiseOpTest.MinZeroElementF32s
2017-07-28 10:35:17.205103: I tensorflow/compiler/xla/service/platform_util.cc:58] platform Host present with 8 visible devices
[       OK ] ArrayElementwiseOpTest.MinZeroElementF32s (5 ms)
[ RUN      ] ArrayElementwiseOpTest.ClampF32ScalarVector
2017-07-28 10:35:17.210559: I tensorflow/compiler/xla/service/platform_util.cc:58] platform Host present with 8 visible devices
[       OK ] ArrayElementwiseOpTest.ClampF32ScalarVector (15 ms)
[ RUN      ] ArrayElementwiseOpTest.3DBinaryOpF32s
2017-07-28 10:35:17.225124: I tensorflow/compiler/xla/service/platform_util.cc:58] platform Host present with 8 visible devices
[       OK ] ArrayElementwiseOpTest.3DBinaryOpF32s (12 ms)
[----------] 5 tests from ArrayElementwiseOpTest (79 ms total)
[----------] Global test environment tear-down
[==========] 5 tests from 1 test case ran. (79 ms total)
[  PASSED  ] 4 tests.
[  FAILED  ] 1 test, listed below:
[  FAILED  ] ArrayElementwiseOpTest.IsFiniteScalarF32
1 FAILED TEST
==================== Test output for //tensorflow/compiler/xla/tests:array_elementwise_ops_test_cpu_parallel:
Note: This is test shard 6 of 25.
[==========] Running 5 tests from 1 test case.
[----------] Global test environment set-up.
[----------] 5 tests from ArrayElementwiseOpTest
[ RUN      ] ArrayElementwiseOpTest.IsFiniteR1F32s
2017-07-28 10:35:17.180614: I tensorflow/compiler/xla/service/platform_util.cc:58] platform Host present with 8 visible devices
2017-07-28 10:35:17.181740: I tensorflow/compiler/xla/service/platform_util.cc:58] platform Host present with 8 visible devices
2017-07-28 10:35:17.182605: I tensorflow/compiler/xla/service/service.cc:198] XLA service 0x100337e4cb0 executing computations on platform Host. Devices:
2017-07-28 10:35:17.182614: I tensorflow/compiler/xla/service/service.cc:206]   StreamExecutor device (0): , 
tensorflow/compiler/xla/tests/literal_test_util.cc:151: Failure
Value of: Equal(expected, actual)
Actual: false (expected: {010100}
actual:   {111100})
Expected: true
expected: {010100}   vs actual: {111100}
[  FAILED  ] ArrayElementwiseOpTest.IsFiniteR1F32s (15 ms)
[ RUN      ] ArrayElementwiseOpTest.CompareGeF32s
2017-07-28 10:35:17.195704: I tensorflow/compiler/xla/service/platform_util.cc:58] platform Host present with 8 visible devices
[       OK ] ArrayElementwiseOpTest.CompareGeF32s (10 ms)
[ RUN      ] ArrayElementwiseOpTest.MinF64s
2017-07-28 10:35:17.205905: I tensorflow/compiler/xla/service/platform_util.cc:58] platform Host present with 8 visible devices
[       OK ] ArrayElementwiseOpTest.MinF64s (10 ms)
[ RUN      ] ArrayElementwiseOpTest.AddTwoParametersF32s
2017-07-28 10:35:17.215280: I tensorflow/compiler/xla/service/platform_util.cc:58] platform Host present with 8 visible devices
[       OK ] ArrayElementwiseOpTest.AddTwoParametersF32s (8 ms)
[ RUN      ] ArrayElementwiseOpTest.Add1DTo3DTwoWaysOver2
2017-07-28 10:35:17.223646: I tensorflow/compiler/xla/service/platform_util.cc:58] platform Host present with 8 visible devices
[       OK ] ArrayElementwiseOpTest.Add1DTo3DTwoWaysOver2 (20 ms)
[----------] 5 tests from ArrayElementwiseOpTest (63 ms total)
[----------] Global test environment tear-down
[==========] 5 tests from 1 test case ran. (63 ms total)
[  PASSED  ] 4 tests.
[  FAILED  ] 1 test, listed below:
[  FAILED  ] ArrayElementwiseOpTest.IsFiniteR1F32s
1 FAILED TEST
//tensorflow/compiler/xla/tests:array_elementwise_ops_test_cpu_parallel (23/25 cached) FAILED in 2