Error building on Windows

(Copied from @laudney's comment on #17)

I've tried to follow your instructions. All seem to work flawlessly (for about 45min) until it failed with:
The target "BeforeGenerateProjectPriFile" listed in a BeforeTargets attribute at "C:\Program Files (x86)\MSBuild\Microsoft\NuGet\Microsoft.NuGet.targets (186,61)" does not exist in the project, and will be ignored.
Done Building Project "H:\PycharmProjects\tensorflow\tensorflow\contrib\cmake\build\tf_python_build_pip_package.vcxproj" (default targets) -- FAILED.

"H:\PycharmProjects\tensorflow\tensorflow\contrib\cmake\build\tf_python_build_pip_package.vcxproj" (default target) (1) ->
"H:\PycharmProjects\tensorflow\tensorflow\contrib\cmake\build\pywrap_tensorflow.vcxproj" (default target) (3) ->
"H:\PycharmProjects\tensorflow\tensorflow\contrib\cmake\build\tf_core_cpu.vcxproj" (default target) (4) ->
"H:\PycharmProjects\tensorflow\tensorflow\contrib\cmake\build\tf_core_framework.vcxproj" (default target) (5) ->
(CustomBuild target) ->
  C:\Program Files (x86)\MSBuild\Microsoft.Cpp\v4.0\V140\Microsoft.CppCommon.targets(171,5): error MSB6006: "cmd.exe" exited with code 1. [H:\PycharmProjects\t
ensorflow\tensorflow\contrib\cmake\build\tf_core_framework.vcxproj]

    30 Warning(s)
    1 Error(s)