Cant start work with tensorflow, import error

System information
Windows 7 64.
Installed CUDA, cuDNN 8.0.
Installed TensorFlow gpu from pip.
Pyrhon 3.5 by anaconda.
Try inpute import tensorflow and get this
ImportError                               Traceback (most recent call last)
C:\Anaconda3\lib\site-packages\tensorflow\python\pywrap_tensorflow_internal.py in swig_import_helper()
17         try:
---> 18             return importlib.import_module(mname)
19         except ImportError:
C:\Anaconda3\lib\importlib_init_.py in import_module(name, package)
125             level += 1
--> 126     return _bootstrap._gcd_import(name[level:], package, level)
127
C:\Anaconda3\lib\importlib_bootstrap.py in _gcd_import(name, package, level)
C:\Anaconda3\lib\importlib_bootstrap.py in find_and_load(name, import)
C:\Anaconda3\lib\importlib_bootstrap.py in find_and_load_unlocked(name, import)
C:\Anaconda3\lib\importlib_bootstrap.py in _load_unlocked(spec)
C:\Anaconda3\lib\importlib_bootstrap.py in module_from_spec(spec)
C:\Anaconda3\lib\importlib_bootstrap_external.py in create_module(self, spec)
C:\Anaconda3\lib\importlib_bootstrap.py in _call_with_frames_removed(f, *args, **kwds)
ImportError: DLL load failed: Specified module not found.
During handling of the above exception, another exception occurred:
ImportError                               Traceback (most recent call last)
C:\Anaconda3\lib\site-packages\tensorflow\python\pywrap_tensorflow.py in ()
40     sys.setdlopenflags(_default_dlopen_flags | ctypes.RTLD_GLOBAL)
---> 41   from tensorflow.python.pywrap_tensorflow_internal import *
42   from tensorflow.python.pywrap_tensorflow_internal import version
C:\Anaconda3\lib\site-packages\tensorflow\python\pywrap_tensorflow_internal.py in ()
20             return importlib.import_module('_pywrap_tensorflow_internal')
---> 21     _pywrap_tensorflow_internal = swig_import_helper()
22     del swig_import_helper
C:\Anaconda3\lib\site-packages\tensorflow\python\pywrap_tensorflow_internal.py in swig_import_helper()
19         except ImportError:
---> 20             return importlib.import_module('_pywrap_tensorflow_internal')
21     _pywrap_tensorflow_internal = swig_import_helper()
C:\Anaconda3\lib\importlib_init_.py in import_module(name, package)
125             level += 1
--> 126     return _bootstrap._gcd_import(name[level:], package, level)
127
ImportError: No module named '_pywrap_tensorflow_internal'
During handling of the above exception, another exception occurred:
ImportError                               Traceback (most recent call last)
 in ()
----> 1 import tensorflow
C:\Anaconda3\lib\site-packages\tensorflow_init_.py in ()
22
23 # pylint: disable=wildcard-import
---> 24 from tensorflow.python import *
25 # pylint: enable=wildcard-import
26
C:\Anaconda3\lib\site-packages\tensorflow\python_init_.py in ()
49 import numpy as np
50
---> 51 from tensorflow.python import pywrap_tensorflow
52
53 # Protocol buffers
C:\Anaconda3\lib\site-packages\tensorflow\python\pywrap_tensorflow.py in ()
50 for some common reasons and solutions.  Include the entire stack trace
51 above this error message when asking for help.""" % traceback.format_exc()
---> 52   raise ImportError(msg)
53
54 # pylint: enable=wildcard-import,g-import-not-at-top,unused-import,line-too-long
ImportError: Traceback (most recent call last):
File "C:\Anaconda3\lib\site-packages\tensorflow\python\pywrap_tensorflow_internal.py", line 18, in swig_import_helper
return importlib.import_module(mname)
File "C:\Anaconda3\lib\importlib_init_.py", line 126, in import_module
return _bootstrap._gcd_import(name[level:], package, level)
File "", line 986, in _gcd_import
File "", line 969, in _find_and_load
File "", line 958, in _find_and_load_unlocked
File "", line 666, in _load_unlocked
File "", line 577, in module_from_spec
File "", line 919, in create_module
File "", line 222, in _call_with_frames_removed
ImportError: DLL load failed: Не найден указанный модуль.
During handling of the above exception, another exception occurred:
Traceback (most recent call last):
File "C:\Anaconda3\lib\site-packages\tensorflow\python\pywrap_tensorflow.py", line 41, in 
from tensorflow.python.pywrap_tensorflow_internal import *
File "C:\Anaconda3\lib\site-packages\tensorflow\python\pywrap_tensorflow_internal.py", line 21, in 
_pywrap_tensorflow_internal = swig_import_helper()
File "C:\Anaconda3\lib\site-packages\tensorflow\python\pywrap_tensorflow_internal.py", line 20, in swig_import_helper
return importlib.import_module('pywrap_tensorflow_internal')
File "C:\Anaconda3\lib\importlib_init.py", line 126, in import_module
return _bootstrap._gcd_import(name[level:], package, level)
ImportError: No module named '_pywrap_tensorflow_internal'
Failed to load the native TensorFlow runtime.
See https://www.tensorflow.org/install/install_sources#common_installation_problems
for some common reasons and solutions.  Include the entire stack trace
above this error message when asking for help.