InvalidArgumentError mobilenet

im getting the following error while training my own dataset with mobilenet
Caused by op 'MobilenetV1/MobilenetV1/Conv2d_1_depthwise/depthwise', defined at:
  File "tensorflow/examples/image_retraining/retrain.py", line 1326, in <module>
    tf.app.run(main=main, argv=[sys.argv[0]] + unparsed)
  File "/Users/zumbala/anaconda/lib/python3.5/site-packages/tensorflow/python/platform/app.py", line 44, in run
    _sys.exit(main(_sys.argv[:1] + flags_passthrough))
  File "tensorflow/examples/image_retraining/retrain.py", line 984, in main
    create_model_graph(model_info))
  File "tensorflow/examples/image_retraining/retrain.py", line 282, in create_model_graph
    model_info['resized_input_tensor_name'],
  File "/Users/zumbala/anaconda/lib/python3.5/site-packages/tensorflow/python/framework/importer.py", line 287, in import_graph_def
    op_def=op_def)
  File "/Users/zumbala/anaconda/lib/python3.5/site-packages/tensorflow/python/framework/ops.py", line 2395, in create_op
    original_op=self._default_original_op, op_def=op_def)
  File "/Users/zumbala/anaconda/lib/python3.5/site-packages/tensorflow/python/framework/ops.py", line 1264, in __init__
    self._traceback = _extract_stack()

InvalidArgumentError (see above for traceback): NodeDef mentions attr 'data_format' not in Op<name=DepthwiseConv2dNative; signature=input:T, filter:T -> output:T; attr=T:type,allowed=[DT_FLOAT, DT_DOUBLE]; attr=strides:list(int); attr=padding:string,allowed=["SAME", "VALID"]>; NodeDef: MobilenetV1/MobilenetV1/Conv2d_1_depthwise/depthwise = DepthwiseConv2dNative[T=DT_FLOAT, data_format="NHWC", padding="SAME", strides=[1, 1, 1, 1], _device="/job:localhost/replica:0/task:0/cpu:0"](MobilenetV1/MobilenetV1/Conv2d_0/Relu6, MobilenetV1/Conv2d_1_depthwise/depthwise_weights/read)
	 [[Node: MobilenetV1/MobilenetV1/Conv2d_1_depthwise/depthwise = DepthwiseConv2dNative[T=DT_FLOAT, data_format="NHWC", padding="SAME", strides=[1, 1, 1, 1], _device="/job:localhost/replica:0/task:0/cpu:0"](MobilenetV1/MobilenetV1/Conv2d_0/Relu6, MobilenetV1/Conv2d_1_depthwise/depthwise_weights/read)]]


During handling of the above exception, another exception occurred:

Traceback (most recent call last):
  File "tensorflow/examples/image_retraining/retrain.py", line 1326, in <module>
    tf.app.run(main=main, argv=[sys.argv[0]] + unparsed)
  File "/Users/zumbala/anaconda/lib/python3.5/site-packages/tensorflow/python/platform/app.py", line 44, in run
    _sys.exit(main(_sys.argv[:1] + flags_passthrough))
  File "tensorflow/examples/image_retraining/retrain.py", line 1025, in main
    bottleneck_tensor, FLAGS.architecture)
  File "tensorflow/examples/image_retraining/retrain.py", line 476, in cache_bottlenecks
    resized_input_tensor, bottleneck_tensor, architecture)
  File "tensorflow/examples/image_retraining/retrain.py", line 418, in get_or_create_bottleneck
    bottleneck_tensor)
  File "tensorflow/examples/image_retraining/retrain.py", line 373, in create_bottleneck_file
    str(e)))
RuntimeError: Error during processing file tensorflow/examples/image_retraining/dataset/female/2Q== (1).jpg (NodeDef mentions attr 'data_format' not in Op<name=DepthwiseConv2dNative; signature=input:T, filter:T -> output:T; attr=T:type,allowed=[DT_FLOAT, DT_DOUBLE]; attr=strides:list(int); attr=padding:string,allowed=["SAME", "VALID"]>; NodeDef: MobilenetV1/MobilenetV1/Conv2d_1_depthwise/depthwise = DepthwiseConv2dNative[T=DT_FLOAT, data_format="NHWC", padding="SAME", strides=[1, 1, 1, 1], _device="/job:localhost/replica:0/task:0/cpu:0"](MobilenetV1/MobilenetV1/Conv2d_0/Relu6, MobilenetV1/Conv2d_1_depthwise/depthwise_weights/read)
	 [[Node: MobilenetV1/MobilenetV1/Conv2d_1_depthwise/depthwise = DepthwiseConv2dNative[T=DT_FLOAT, data_format="NHWC", padding="SAME", strides=[1, 1, 1, 1], _device="/job:localhost/replica:0/task:0/cpu:0"](MobilenetV1/MobilenetV1/Conv2d_0/Relu6, MobilenetV1/Conv2d_1_depthwise/depthwise_weights/read)]]

Caused by op 'MobilenetV1/MobilenetV1/Conv2d_1_depthwise/depthwise', defined at:
  File "tensorflow/examples/image_retraining/retrain.py", line 1326, in <module>
    tf.app.run(main=main, argv=[sys.argv[0]] + unparsed)
  File "/Users/zumbala/anaconda/lib/python3.5/site-packages/tensorflow/python/platform/app.py", line 44, in run
    _sys.exit(main(_sys.argv[:1] + flags_passthrough))
  File "tensorflow/examples/image_retraining/retrain.py", line 984, in main
    create_model_graph(model_info))
  File "tensorflow/examples/image_retraining/retrain.py", line 282, in create_model_graph
    model_info['resized_input_tensor_name'],
  File "/Users/zumbala/anaconda/lib/python3.5/site-packages/tensorflow/python/framework/importer.py", line 287, in import_graph_def
    op_def=op_def)
  File "/Users/zumbala/anaconda/lib/python3.5/site-packages/tensorflow/python/framework/ops.py", line 2395, in create_op
    original_op=self._default_original_op, op_def=op_def)
  File "/Users/zumbala/anaconda/lib/python3.5/site-packages/tensorflow/python/framework/ops.py", line 1264, in __init__
    self._traceback = _extract_stack()

InvalidArgumentError (see above for traceback): NodeDef mentions attr 'data_format' not in Op<name=DepthwiseConv2dNative; signature=input:T, filter:T -> output:T; attr=T:type,allowed=[DT_FLOAT, DT_DOUBLE]; attr=strides:list(int); attr=padding:string,allowed=["SAME", "VALID"]>; NodeDef: MobilenetV1/MobilenetV1/Conv2d_1_depthwise/depthwise = DepthwiseConv2dNative[T=DT_FLOAT, data_format="NHWC", padding="SAME", strides=[1, 1, 1, 1], _device="/job:localhost/replica:0/task:0/cpu:0"](MobilenetV1/MobilenetV1/Conv2d_0/Relu6, MobilenetV1/Conv2d_1_depthwise/depthwise_weights/read)
	 [[Node: MobilenetV1/MobilenetV1/Conv2d_1_depthwise/depthwise = DepthwiseConv2dNative[T=DT_FLOAT, data_format="NHWC", padding="SAME", strides=[1, 1, 1, 1], _device="/job:localhost/replica:0/task:0/cpu:0"](MobilenetV1/MobilenetV1/Conv2d_0/Relu6, MobilenetV1/Conv2d_1_depthwise/depthwise_weights/read)]]
)