Contrib support on Windows

step to reproduce:
attached file (https://www.dropbox.com/s/7yglwzjx4tyoguz/save_restore_model.zip?dl=0)
is my source code
I am testing saver.save and saver.restore function under windows.
working envirment : Windows R2 Server 2012 x64,
python 3.5 x64, TF 1.0 and master daily build, working with virtualenv
I also tested TF 0.12

download source code save into C:\work\tensorflow001 ,
create folder mnist
download files
(t10k-images-idx3-ubyte.gz,
t10k-labels-idx1-ubyte.gz,
train-images-idx3-ubyte.gz,
train-labels-idx1-ubyte.gz) from http://yann.lecun.com/exdb/mnist/
and save into mist folder(why not using input_data from examples? because that is another bug...I think.)
create folder "model" for saving values
python save_restore_model.py
output as fallow

(venv643) C:\work\tensorflow001>python save_restore_model.py
Extracting mnist\train-images-idx3-ubyte.gz
Extracting mnist\train-labels-idx1-ubyte.gz
Extracting mnist\t10k-images-idx3-ubyte.gz
Extracting mnist\t10k-labels-idx1-ubyte.gz
E c:\tf_jenkins\home\workspace\release-win\device\cpu\os\windows\tensorflow\core\framework\op_kernel.cc:943] OpKernel ('op: "BestSplits" device_type: "CPU"') for unknown op: BestSplits
E c:\tf_jenkins\home\workspace\release-win\device\cpu\os\windows\tensorflow\core\framework\op_kernel.cc:943] OpKernel ('op: "CountExtremelyRandomStats" device_type: "CPU"') for unknown op: CountExtrem
elyRandomStats
E c:\tf_jenkins\home\workspace\release-win\device\cpu\os\windows\tensorflow\core\framework\op_kernel.cc:943] OpKernel ('op: "FinishedNodes" device_type: "CPU"') for unknown op: FinishedNodes
E c:\tf_jenkins\home\workspace\release-win\device\cpu\os\windows\tensorflow\core\framework\op_kernel.cc:943] OpKernel ('op: "GrowTree" device_type: "CPU"') for unknown op: GrowTree
E c:\tf_jenkins\home\workspace\release-


win\device\cpu\os\windows\tensorflow\core\framework\op_kernel.cc:943] OpKernel ('op: "SampleInputs" device_type: "CPU"') for unknown op: SampleInputs
E c:\tf_jenkins\home\workspace\release-win\device\cpu\os\windows\tensorflow\core\framework\op_kernel.cc:943] OpKernel ('op: "ScatterAddNdim" device_type: "CPU"') for unknown op: ScatterAddNdim
E c:\tf_jenkins\home\workspace\release-win\device\cpu\os\windows\tensorflow\core\framework\op_kernel.cc:943] OpKernel ('op: "TopNInsert" device_type: "CPU"') for unknown op: TopNInsert
E c:\tf_jenkins\home\workspace\release-win\device\cpu\os\windows\tensorflow\core\framework\op_kernel.cc:943] OpKernel ('op: "TopNRemove" device_type: "CPU"') for unknown op: TopNRemove
E c:\tf_jenkins\home\workspace\release-win\device\cpu\os\windows\tensorflow\core\framework\op_kernel.cc:943] OpKernel ('op: "TreePredictions" device_type: "CPU"') for unknown op: TreePredictions
E c:\tf_jenkins\home\workspace\release-win\device\cpu\os\windows\tensorflow\core\framework\op_kernel.cc:943] OpKernel ('op: "UpdateFertileSlots" device_type: "CPU"') for unknown op: UpdateFertileSlots

E c:\tf_jenkins\home\workspace\release-win\device\cpu\os\windows\tensorflow\core\framework\op_kernel.cc:943] OpKernel ('op: "ReinterpretStringToFloat" device_type: "CPU"') for unknown op: ReinterpretS
tringToFloat
WARNING:tensorflow:From save_restore_model.py:66: initialize_all_variables (from tensorflow.python.ops.variables) is deprecated and will be removed after 2017-03-02.
Instructions for updating:
Use `tf.global_variables_initializer` instead.
Starting 1st session...
Epoch: 0001 cost= 171.464307973
Epoch: 0002 cost= 43.585798355
Epoch: 0003 cost= 27.564399517
First Optimization Finished!
Accuracy: 0.9124
Model saved in file: C:\work\tensorflow001\model\result
Starting 2nd session...
W c:\tf_jenkins\home\workspace\release-win\device\cpu\os\windows\tensorflow\core\framework\op_kernel.cc:993] Out of range: Read fewer bytes than requested
W c:\tf_jenkins\home\workspace\release-win\device\cpu\os\windows\tensorflow\core\framework\op_kernel.cc:993] Out of range: Read fewer bytes than requested
W c:\tf_jenkins\home\workspace\release-win\device\cpu\os\windows\tensorflow\core\framework\op_kernel.cc:993] Out of range: Read fewer bytes than requested
W c:\tf_jenkins\home\workspace\release-win\device\cpu\os\windows\tensorflow\core\framework\op_kernel.cc:993] Out of range: Read fewer bytes than requested
W c:\tf_jenkins\home\workspace\release-win\device\cpu\os\windows\tensorflow\core\framework\op_kernel.cc:993] Out of range: Read fewer bytes than requested
W c:\tf_jenkins\home\workspace\release-win\device\cpu\os\windows\tensorflow\core\framework\op_kernel.cc:993] Out of range: Read fewer bytes than requested
W c:\tf_jenkins\home\workspace\release-win\device\cpu\os\windows\tensorflow\core\framework\op_kernel.cc:993] Out of range: Read fewer bytes than requested
W c:\tf_jenkins\home\workspace\release-win\device\cpu\os\windows\tensorflow\core\framework\op_kernel.cc:993] Out of range: Read fewer bytes than requested
W c:\tf_jenkins\home\workspace\release-win\device\cpu\os\windows\tensorflow\core\framework\op_kernel.cc:993] Out of range: Read fewer bytes than requested
W c:\tf_jenkins\home\workspace\release-win\device\cpu\os\windows\tensorflow\core\framework\op_kernel.cc:993] Out of range: Read fewer bytes than requested
W c:\tf_jenkins\home\workspace\release-win\device\cpu\os\windows\tensorflow\core\framework\op_kernel.cc:993] Out of range: Read fewer bytes than requested
W c:\tf_jenkins\home\workspace\release-win\device\cpu\os\windows\tensorflow\core\framework\op_kernel.cc:993] Out of range: Read fewer bytes than requested


W c:\tf_jenkins\home\workspace\release-win\device\cpu\os\windows\tensorflow\core\framework\op_kernel.cc:993] Out of range: Read fewer bytes than requested
W c:\tf_jenkins\home\workspace\release-win\device\cpu\os\windows\tensorflow\core\framework\op_kernel.cc:993] Out of range: Read fewer bytes than requested
W c:\tf_jenkins\home\workspace\release-win\device\cpu\os\windows\tensorflow\core\framework\op_kernel.cc:993] Out of range: Read fewer bytes than requested
W c:\tf_jenkins\home\workspace\release-win\device\cpu\os\windows\tensorflow\core\framework\op_kernel.cc:993] Out of range: Read fewer bytes than requested
W c:\tf_jenkins\home\workspace\release-win\device\cpu\os\windows\tensorflow\core\framework\op_kernel.cc:993] Out of range: Read fewer bytes than requested
W c:\tf_jenkins\home\workspace\release-win\device\cpu\os\windows\tensorflow\core\framework\op_kernel.cc:993] Out of range: Read fewer bytes than requested
W c:\tf_jenkins\home\workspace\release-win\device\cpu\os\windows\tensorflow\core\framework\op_kernel.cc:993] Out of range: Read fewer bytes than requested
W c:\tf_jenkins\home\workspace\release-win\device\cpu\os\windows\tensorflow\core\framework\op_kernel.cc:993] Out of range: Read fewer bytes than requested
Traceback (most recent call last):  File "C:\work\tensorflow001\venv643\lib\site-packages\tensorflow\python\client\session.py", line 1
022, in _do_call
    return fn(*args)
  File "C:\work\tensorflow001\venv643\lib\site-packages\tensorflow\python\client\session.py", line 1
004, in _run_fn
    status, run_metadata)
  File "c:\python35\Lib\contextlib.py", line 66, in __exit__
    next(self.gen)
  File "C:\work\tensorflow001\venv643\lib\site-packages\tensorflow\python\framework\errors_impl.py",
 line 469, in raise_exception_on_not_ok_status
    pywrap_tensorflow.TF_GetCode(status))
tensorflow.python.framework.errors_impl.OutOfRangeError: Read fewer bytes than requested
         [[Node: save/RestoreV2_3 = RestoreV2[dtypes=[DT_FLOAT], _device="/job:localhost/replica:0/t
ask:0/cpu:0"](_recv_save/Const_0, save/RestoreV2_3/tensor_names, save/RestoreV2_3/shape_and_slices)]]

During handling of the above exception, another exception occurred:

Traceback (most recent call last):
  File "save_restore_model.py", line 113, in <module>
    saver.restore(sess, model_path)
  File "C:\work\tensorflow001\venv643\lib\site-packages\tensorflow\python\training\saver.py", line 1
439, in restore
    {self.saver_def.filename_tensor_name: save_path})
  File "C:\work\tensorflow001\venv643\lib\site-packages\tensorflow\python\client\session.py", line 7
67, in run
    run_metadata_ptr)
  File "C:\work\tensorflow001\venv643\lib\site-packages\tensorflow\python\client\session.py", line 9
65, in _run
    feed_dict_string, options, run_metadata)
  File "C:\work\tensorflow001\venv643\lib\site-packages\tensorflow\python\client\session.py", line 1
015, in _do_run
    target_list, options, run_metadata)
  File "C:\work\tensorflow001\venv643\lib\site-packages\tensorflow\python\client\session.py", line 1
035, in _do_call
    raise type(e)(node_def, op, message)
tensorflow.python.framework.errors_impl.OutOfRangeError: Read fewer bytes than requested
         [[Node: save/RestoreV2_3 = RestoreV2[dtypes=[DT_FLOAT], _device="/job:localhost/replica:0/t
ask:0/cpu:0"](_recv_save/Const_0, save/RestoreV2_3/tensor_names, save/RestoreV2_3/shape_and_slices)]
]

Caused by op 'save/RestoreV2_3', defined at:
  File "save_restore_model.py", line 69, in <module>
    saver = tf.train.Saver()
  File "C:\work\tensorflow001\venv643\lib\site-packages\tensorflow\python\training\saver.py", line 1
051, in __init__
    self.build()
  File "C:\work\tensorflow001\venv643\lib\site-packages\tensorflow\python\training\saver.py", line 1
081, in build
    restore_sequentially=self._restore_sequentially)
  File "C:\work\tensorflow001\venv643\lib\site-packages\tensorflow\python\training\saver.py", line 6
75, in build
    restore_sequentially, reshape)
  File "C:\work\tensorflow001\venv643\lib\site-packages\tensorflow\python\training\saver.py", line 4
02, in _AddRestoreOps
    tensors = self.restore_op(filename_tensor, saveable, preferred_shard)
  File "C:\work\tensorflow001\venv643\lib\site-packages\tensorflow\python\training\saver.py", line 2
42, in restore_op
    [spec.tensor.dtype])[0])
  File "C:\work\tensorflow001\venv643\lib\site-packages\tensorflow\python\ops\gen_io_ops.py", line 6
68, in restore_v2
    dtypes=dtypes, name=name)
  File "C:\work\tensorflow001\venv643\lib\site-packages\tensorflow\python\framework\op_def_library.p
y", line 763, in apply_op
    op_def=op_def)
  File "C:\work\tensorflow001\venv643\lib\site-packages\tensorflow\python\framework\ops.py", line 23
92, in create_op
    original_op=self._default_original_op, op_def=op_def)
  File "C:\work\tensorflow001\venv643\lib\site-packages\tensorflow\python\framework\ops.py", line 12
64, in __init__
    self._traceback = _extract_stack()

OutOfRangeError (see above for traceback): Read fewer bytes than requested
         [[Node: save/RestoreV2_3 = RestoreV2[dtypes=[DT_FLOAT], _device="/job:localhost/replica:0/t
ask:0/cpu:0"](_recv_save/Const_0, save/RestoreV2_3/tensor_names, save/RestoreV2_3/shape_and_slices)]


expect result
why fallow message shows up ?
E c:\tf_jenkins\home\workspace\release-win\device\cpu\os\windows\tensorflow\core\framework\op_kernel.cc:943] OpKernel ('op: "BestSplits" device_type: "CPU"') for unknown op:
most import is when I using saver.restore, it  always show fallowing error message
OutOfRangeError (see above for traceback): Read fewer bytes than requested
         [[Node: save/RestoreV2_3 = RestoreV2[dtypes=[DT_FLOAT], _device="/job:localhost/replica:0/t
ask:0/cpu:0"](_recv_save/Const_0, save/RestoreV2_3/tensor_names, save/RestoreV2_3/shape_and_slices)]


why I cannot download example automatic by using
from tensorflow.examples.tutorials.mnist import input_data
mnist = input_data.read_data_sets("mnist", one_hot=True)