Internal compiler error using 1.0.0-devel docker image

First pull the Docker image:
docker pull tensorflow/tensorflow:1.0.0-devel
docker run -it tensorflow/tensorflow:1.0.0-devel /bin/bash

Then in the docker session,
cd /tensorflow
bazel build -c opt //tensorflow:libtensorflow_c.so

This succeeds for a while, but eventually outputs
ERROR: /tensorflow/tensorflow/core/kernels/BUILD:1921:1: C++ compilation of rule '//tensorflow/core/kernels:svd_op' failed: gcc failed: error executing command /usr/bin/gcc -U_FORTIFY_SOURCE '-D_FORTIFY_SOURCE=1' -fstack-protector -Wall -Wl,-z,-relro,-z,now -B/usr/bin -B/usr/bin -Wunused-but-set-parameter -Wno-free-nonheap-object -fno-canonical-system-headers ... (remaining 114 argument(s) skipped): com.google.devtools.build.lib.shell.BadExitStatusException: Process exited with status 4.
gcc: internal compiler error: Killed (program cc1plus)
Please submit a full bug report,
with preprocessed source if appropriate.
See <file:///usr/share/doc/gcc-4.8/README.Bugs> for instructions.
Target //tensorflow:libtensorflow_c.so failed to build

This is Docker 1.13.0 on OS X 10.12.3, if that makes a difference.